-0.87
-1.01
-0.81
-0.71
-0.71
-0.46
0.79
2.42
2.93
3.01
3.41
3.59
3.88
4.16
4.63
5.28
5.74
clear
6.20
6.31
6.22
6.22
6.12
6.06
6.04
6.02
5.92
5.83
5.83
5.74
5.80
5.74
5.74
5.57
5.65
5.65
5.69
5.78
5.72
5.64
5.59
5.50
power
2
0.16
0.09
-0.03
0.10
0.05
-0.11
-0.35
-0.40
-0.43
-0.49
-0.45
-0.50
-0.42
-0.40
-0.43
-0.57
-0.57
-0.55
-0.54
-0.64
-0.71
-0.71
-0.48
-0.54
clear
-0.55
-0.63
-0.69
-0.84
-0.86
-0.99
-1.10
-1.06
-0.99
-1.07
-1.12
-1.12
-1.21
-1.23
-1.18
-1.13
-1.05
-1.12
-1.15
-1.32
-1.36
-1.36
-1.48
-1.51
power
4
-0.12
-0.07
-0.18
-0.25
-0.39
-0.50
-0.60
-0.61
-0.68
-0.81
-1.01
-0.96
-1.07
-1.19
-1.40
-1.47
-1.53
-1.65
-1.61
-1.69
-1.79
-1.86
-1.81
-1.92
clear
-1.97
-2.13
-2.13
-2.17
-2.33
-2.33
-2.28
-2.29
-2.38
-2.37
-2.40
-2.42
-2.59
-2.79
-2.84
-3.04
-3.27
-3.36
-3.39
-3.45
-3.55
-3.47
-3.46
-3.40
power
6
-0.06
0.01
-0.15
-0.23
-0.33
-0.43
-0.41
-0.55
-0.53
-0.62
-0.64
-0.72
-0.70
-0.65
-0.89
-0.99
-1.06
-1.10
-1.18
-1.25
-1.46
-1.61
-1.69
-1.75
clear
-1.87
-2.06
-2.25
-2.55
-2.68
-3.01
-3.35
-3.46
-3.65
-3.90
-4.28
-5.02
-5.45
-6.09
-6.96
-7.36
-8.50
-10.13
-15.72
-18.88
-16.68
-15.63
-17.68
-15.56
power
8
0.28
0.27
1.11
2.22
2.95
1.38
3.71
2.68
3.12
3.15
5.67
3.38
3.35
3.48
5.72
4.12
4.26
4.43
4.50
4.56
7.08
4.61
4.58
4.63
clear
4.85
4.67
4.96
5.23
5.70
5.91
5.74
5.54
5.49
6.05
7.43
7.44
7.65
7.71
7.32
7.14
7.15
7.03
6.88
6.97
7.10
7.18
7.25
7.02
power
10
0.04
-0.34
-0.64
-0.76
-1.06
-1.31
-1.57
-1.29
-1.71
-2.02
-2.09
-2.23
-2.35
-2.50
-2.66
-3.08
-3.26
-1.98
-1.63
-1.62
0.18
3.80
6.00
6.13
clear
6.83
6.89
6.71
6.64
7.40
7.68
7.52
7.02
6.55
6.25
6.62
6.92
6.93
6.77
7.03
7.06
6.97
8.01
11.59
8.75
2.33
1.39
6.86
9.74
power
12
0.52
1.44
1.80
11.98
17.97
20.86
21.83
22.37
23.03
23.57
24.06
24.36
24.54
24.84
24.99
25.06
25.19
25.39
25.44
25.46
25.52
25.71
25.77
25.84
clear
25.15
24.60
24.67
24.73
24.88
24.97
25.03
25.12
25.10
25.26
25.19
25.24
25.24
25.24
25.17
25.13
25.01
25.08
25.00
24.98
24.89
24.95
24.96
24.91
power
14
1.02
1.87
1.47
1.44
1.44
1.44
1.49
1.50
1.58
1.61
1.58
1.53
1.44
1.47
1.40
1.43
1.43
1.48
-1.10
-1.77
-1.72
-1.77
-1.71
-1.72
clear
-3.33
-4.40
-4.36
-4.33
-4.35
-4.35
-4.41
-4.42
-4.39
-5.01
-5.90
-5.95
-6.01
-6.04
-6.05
-5.99
-6.10
-6.08
-6.08
-6.08
-6.07
-6.09
-6.09
-6.21
power
16
1.76
4.11
4.18
4.27
4.16
4.03
3.83
3.87
3.95
4.05
4.04
4.10
4.09
4.06
4.16
4.17
4.22
4.19
4.04
4.10
4.08
4.07
4.02
4.03
clear
1.52
-0.24
-0.22
-0.19
-0.19
-0.12
-0.10
-0.12
-0.15
-0.14
-0.13
-0.14
-0.12
-0.13
-0.08
-0.19
-0.15
-0.20
-0.13
-0.18
-0.29
-0.23
-0.27
-0.23
power
18
2.92
6.27
6.13
6.14
6.01
6.09
6.12
6.19
6.20
6.14
6.11
6.27
6.22
6.21
6.15
6.23
6.19
6.40
6.51
6.48
6.47
6.79
6.72
6.79
clear
3.12
2.52
2.94
3.08
3.21
3.38
3.51
3.53
3.58
3.62
3.58
3.72
3.76
3.85
3.81
3.81
3.79
3.80
3.89
4.03
3.95
3.92
5.71
6.43
power
20
3.96
8.69
8.85
8.85
8.82
8.76
8.85
8.94
9.06
9.25
9.14
9.15
9.17
9.16
9.03
9.06
9.22
9.13
9.14
9.29
9.08
9.17
9.32
9.38
clear
4.40
1.01
1.01
1.06
1.12
1.15
1.16
1.17
1.20
1.16
1.20
1.23
1.21
1.16
1.21
1.12
1.13
1.14
1.14
1.16
1.18
1.22
1.19
1.18
power
22
5.53
11.93
12.13
16.77
17.87
18.14
17.88
18.15
18.39
18.51
18.53
18.51
18.50
18.72
18.67
18.79
18.91
18.81
18.92
19.04
18.95
18.89
18.87
18.73
clear
11.80
7.52
7.50
7.55
7.41
7.38
7.32
7.43
7.43
7.48
7.49
7.46
7.45
7.52
7.47
7.47
7.47
7.50
7.52
7.53
7.59
7.65
7.64
7.62
power
24
6.72
15.14
15.00
14.86
15.28
15.08
14.89
14.88
12.79
11.82
11.79
11.67
11.58
11.72
11.51
11.48
11.71
11.49
11.51
11.40
11.32
11.23
10.72
10.48
clear
1.35
-4.38
-4.34
-4.35
-4.35
-4.88
-5.29
-5.33
-5.41
-5.43
-5.46
-5.85
-6.05
-6.03
-5.29
3.87
4.30
2.12
1.97
2.19
2.31
2.34
2.42
2.53
power
26
7.53
19.09
19.10
18.71
19.17
19.08
19.14
19.09
19.17
18.97
18.84
18.92
18.72
19.27
19.29
19.29
19.14
19.46
19.66
19.95
19.75
19.74
19.68
19.56
clear
8.43
1.00
1.12
1.01
1.08
0.63
-1.69
-1.59
-1.60
-1.56
-1.87
-1.89
-1.85
-1.78
-1.76
-1.69
-3.06
-3.36
-3.30
-3.23
-3.16
-3.21
-3.22
-3.28
power
28
7.24
19.91
20.02
20.00
20.13
20.07
20.12
18.77
18.72
18.80
18.94
18.55
18.63
18.71
18.70
18.91
18.94
19.03
19.46
17.66
14.40
14.60
14.75
15.37
clear
1.77
-7.73
-7.67
-7.67
-7.69
-7.69
-7.63
-7.64
-7.64
-7.53
-7.54
-7.55
-7.52
-7.49
-7.48
-7.46
-7.53
-7.44
-7.48
-7.53
-7.55
-7.53
-7.50
-7.45
power
30
8.55
27.56
27.52
27.48
27.46
27.57
27.40
26.85
27.44
27.70
27.28
28.00
27.60
27.02
26.36
26.44
26.81
26.57
26.71
26.95
27.25
27.25
27.31
27.33
clear
11.61
0.06
0.03
0.03
0.09
0.07
0.06
0.11
0.11
0.10
0.06
0.07
0.00
0.06
1.26
0.65
-2.95
-3.59
-4.60
-4.77
-4.69
-4.64
-4.62
-4.56
power
32
10.30
31.40
31.55
32.05
32.61
31.93
30.47
30.06
30.07
30.06
30.38
30.56
30.30
30.50
31.74
31.45
31.70
31.78
32.04
32.30
32.20
32.18
32.06
31.76
clear
12.54
-1.14
-1.17
-1.11
-1.10
-1.10
-1.13
-1.04
-1.09
-1.06
-1.07
-1.03
-1.02
-1.05
-1.01
-1.10
-1.02
-0.85
-0.75
-0.80
-0.81
-0.79
-0.79
-0.81
power
34
12.31
37.29
36.44
36.21
36.89
37.41
38.47
38.34
38.72
39.08
39.51
39.82
39.83
39.45
39.20
38.55
39.01
38.52
38.25
38.14
38.02
38.41
38.20
38.20
clear
15.59
-0.27
-0.28
-0.25
-0.17
-0.20
-0.16
-0.14
-0.15
-0.07
-0.08
-0.05
-0.08
-0.22
-0.30
-0.39
-0.32
-0.40
-0.37
-0.37
-0.38
-0.43
-0.40
-0.39
power
36
13.02
41.85
42.82
43.04
42.30
43.07
43.34
43.17
43.99
43.90
43.17
43.78
43.39
43.88
43.43
44.12
44.17
44.47
44.64
44.39
43.92
42.76
42.92
42.95
clear
15.47
-1.29
-1.85
-1.90
-1.90
-1.87
-1.87
-1.83
-1.78
-1.83
-1.90
-1.86
-1.81
-1.86
-1.83
-1.75
-1.79
-1.79
-1.83
-1.83
-1.77
-1.74
-1.71
-1.73
power
38
13.75
48.29
48.37
49.11
49.83
49.50
49.73
50.09
49.92
50.48
50.64
51.11
50.91
50.86
50.48
50.42
50.53
49.58
49.61
49.84
50.45
50.33
49.93
49.82
clear
18.74
0.21
0.16
0.16
0.21
0.19
0.16
0.35
-0.23
-0.55
-0.72
-0.41
0.51
0.48
0.52
0.54
0.63
1.15
1.06
0.99
0.88
0.92
0.97
1.03
power
40
14.95
55.08
55.70
55.75
55.96
55.89
56.28
56.85
57.58
57.32
64.25
67.50
66.87
66.37
67.07
67.44
66.84
66.24
66.60
66.09
64.89
65.06
64.73
64.32
clear
29.39
8.08
8.01
7.94
7.94
7.86
7.85
8.46
10.15
10.03
10.19
10.09
10.04
10.03
10.02
10.08
10.10
10.11
10.07
10.00
10.01
9.69
9.79
7.58
power
42
13.64
60.62
61.83
61.78
59.21
61.53
57.64
59.83
60.71
56.53
62.87
64.71
65.44
66.96
65.71
65.36
64.70
61.79
65.26
64.94
65.03
64.30
64.61
64.96
clear
26.64
2.74
2.86
2.95
3.51
7.62
5.56
5.41
5.44
5.46
5.51
5.55
5.62
5.70
5.70
5.79
5.80
5.82
5.22
4.40
4.42
4.48
4.44
4.42
power
44
14.25
64.94
66.89
73.44
74.01
74.88
75.19
75.07
75.05
75.43
76.02
76.21
75.15
73.90
74.91
76.27
75.52
74.76
74.93
75.03
75.13
73.12
73.59
74.19
clear
31.29
5.49
5.55
5.57
5.53
5.53
5.52
5.51
5.48
5.48
5.52
5.50
5.51
5.50
5.48
5.48
5.49
5.52
5.56
5.53
5.57
5.50
5.55
5.56
power
46
20.58
76.27
78.31
82.48
83.59
83.91
84.83
84.67
85.61
84.51
84.18
83.45
84.05
83.69
83.80
83.47
83.16
83.24
83.59
84.09
83.61
83.44
83.25
82.86
clear
35.63
6.94
6.93
6.97
7.02
6.92
6.98
6.96
6.97
6.96
6.96
6.92
6.91
6.92
6.91
6.94
6.94
6.95
6.92
6.90
6.88
6.88
6.87
6.90
power
48
22.21
84.43
84.80
84.65
84.05
84.65
85.75
85.41
85.34
84.52
84.97
85.73
84.82
85.78
85.24
84.54
81.72
83.42
82.75
83.35
82.91
83.15
83.40
83.43
clear
31.51
-0.23
-0.20
-0.15
-0.23
-0.24
-0.20
-0.16
-0.16
-0.23
-0.24
-0.27
-0.21
-0.05
0.45
0.44
0.46
0.43
0.40
0.36
0.28
0.27
0.29
0.30
power
50
23.06
89.89
92.24
91.84
91.04
91.27
90.98
91.30
91.93
91.39
90.60
91.02
91.59
89.61
89.92
89.78
89.89
89.74
90.01
90.85
91.24
92.31
92.82
92.64
clear
35.04
-0.90
-0.83
-0.87
-0.87
-0.84
-0.82
-0.93
-0.87
-0.90
-0.89
-0.94
-0.94
-0.98
-0.99
-0.99
-0.97
-1.05
-0.99
-1.01
-0.98
-1.01
-0.99
-1.05
power
52
24.62
96.91
98.55
98.18
98.38
99.62
98.77
99.58
98.23
97.62
99.97
98.98
97.60
96.90
97.70
97.30
97.53
98.17
97.95
96.55
96.03
95.38
95.31
94.94
clear
35.69
-3.57
-4.27
-4.24
-4.33
-4.66
-4.51
-4.47
-4.46
-4.72
-4.35
2.88
4.01
3.91
3.86
3.95
3.84
3.79
3.85
3.85
3.81
3.85
3.92
3.83
power
54
21.62
103.09
105.20
106.77
107.62
106.91
106.84
106.46
107.24
106.38
106.23
106.54
105.60
105.44
105.82
105.37
105.04
105.86
106.28
105.20
105.74
106.15
106.48
106.42
clear
41.48
-0.18
-0.15
-0.22
-0.14
-0.18
-0.13
-0.16
-0.14
-0.15
-0.15
-0.20
-0.24
-0.20
-0.20
-0.20
-0.26
-0.21
-0.21
-0.21
-0.24
-0.26
-0.26
-0.27
power
56
22.72
111.97
112.77
113.48
115.51
116.26
116.62
115.79
117.54
117.86
115.53
115.28
114.24
114.00
115.77
117.11
115.63
115.64
114.68
114.32
115.91
117.29
115.96
116.47
clear
45.59
0.01
-0.06
-0.02
-0.08
-0.68
-1.03
-0.94
-1.01
-1.01
-1.02
-1.03
-1.02
-1.03
-1.04
-1.00
-1.02
-0.98
-1.02
-1.02
-2.10
-7.53
-8.03
-8.09
power
58
28.44
121.51
122.67
123.89
125.16
122.80
123.27
124.20
124.39
122.91
122.54
123.74
125.15
125.67
125.71
125.05
126.22
125.97
125.37
125.49
124.27
123.63
122.86
122.28
clear
48.20
0.40
0.41
0.42
0.45
0.38
0.44
0.41
0.41
0.44
0.43
0.38
0.45
0.50
0.51
0.52
0.53
0.44
0.49
0.47
0.50
0.49
0.48
0.59
power
60
30.01
128.23
130.46
130.94
132.90
134.07
131.68
131.66
131.18
132.09
128.64
127.81
130.48
131.56
131.47
131.03
130.80
132.24
131.23
131.15
132.25
131.22
130.12
129.88
clear
51.20
0.08
0.08
0.11
0.09
0.04
0.03
0.03
0.06
-0.64
-1.58
-1.57
-1.76
-1.88
-1.87
-1.86
-1.90
-1.91
-1.85
-1.79
-1.69
-1.72
-1.85
-1.85
power
62
31.60
138.00
138.13
136.91
135.56
134.22
136.02
136.74
137.58
137.50
139.11
139.52
140.85
140.42
140.70
142.62
143.08
142.37
142.76
142.60
142.42
140.54
139.68
138.51
clear
53.76
0.09
0.03
-0.02
0.03
0.04
-0.00
0.02
0.03
0.09
0.08
0.04
0.03
0.03
0.01
-0.02
-0.02
0.02
-0.07
-0.01
-0.04
-0.03
0.09
-0.01
power
64
32.78
145.59
144.65
145.99
147.53
148.45
148.61
148.50
146.47
146.68
147.12
147.77
147.73
148.83
149.00
148.26
147.51
150.28
149.59
150.72
148.73
148.94
149.19
147.29
clear
57.80
0.01
0.02
0.04
-0.03
0.02
0.08
0.08
0.10
0.12
0.06
0.08
0.03
0.10
0.06
-0.02
0.01
0.06
0.11
0.18
0.09
0.14
0.14
0.11
power
66
34.63
156.20
156.28
156.37
155.87
157.42
158.81
158.70
157.52
160.10
159.98
160.41
160.14
157.40
158.90
158.01
157.67
158.32
158.28
159.43
158.58
157.62
157.85
157.01
clear
61.60
-0.03
-0.08
-0.03
-0.09
-0.11
-0.07
-0.07
-0.11
-0.10
-0.09
-0.00
-0.03
-0.02
-0.04
-0.04
-0.01
-0.02
-0.07
0.01
-0.08
0.04
-0.04
-0.06
power
68
34.92
165.68
168.57
168.78
169.36
170.40
168.33
165.59
165.37
167.41
164.97
164.68
161.33
160.23
161.40
161.55
165.21
165.31
165.38
165.11
165.42
164.54
165.83
166.63
clear
64.87
0.12
0.15
0.13
0.11
0.07
0.09
0.10
0.11
0.09
0.07
0.10
0.07
-0.01
-0.02
-0.01
0.02
-0.01
0.04
0.06
0.11
0.09
0.01
0.09
power
70
17.04
168.44
175.67
176.00
170.94
170.17
167.26
169.17
170.28
170.15
168.76
168.03
168.31
170.37
170.64
169.47
168.67
168.33
169.23
170.09
170.56
169.90
168.50
169.93
clear
64.31
-0.94
-0.90
-0.95
-0.90
-0.97
-0.98
-0.99
-1.02
-0.95
-0.97
-0.98
-0.99
-0.99
-0.96
-1.00
-1.02
-1.04
-1.01
-1.06
-1.04
-1.05
-1.07
-1.04
power
72
38.11
179.21
182.33
181.49
187.54
193.34
111.23
25.43
14.71
12.51
12.21
