1.13
1.16
1.14
1.11
1.06
1.06
1.02
1.04
1.04
1.04
1.08
1.04
1.05
clear
1.03
1.05
0.99
0.93
0.98
1.05
0.99
1.04
1.04
0.92
0.98
0.92
0.94
0.94
1.00
0.87
0.97
0.90
0.86
0.90
0.95
0.95
0.87
0.87
power
2
0.01
-0.03
-0.06
-0.04
-0.07
-0.03
0.03
0.10
0.03
0.03
0.03
-0.00
0.05
-0.02
-0.02
0.02
-0.04
-0.05
-0.04
-0.05
-0.01
-0.05
-0.08
-0.05
clear
-0.04
-0.02
-0.01
-0.07
-0.01
-0.06
-0.15
-0.04
-0.10
-0.08
-0.07
-0.08
-0.13
-0.12
-0.16
-0.14
-0.16
-0.12
-0.11
-0.11
-0.14
-0.16
-0.15
-0.20
power
4
-0.08
-0.09
-0.07
-0.09
-0.08
-0.06
-0.10
-0.14
-0.10
-0.05
-0.13
-0.07
-0.08
-0.09
-0.09
-0.11
-0.12
-0.12
-0.06
-0.09
-0.05
-0.13
-0.09
-0.06
clear
-0.10
-0.16
-0.18
-0.15
-0.09
-0.05
-0.09
-0.08
-0.09
-0.10
-0.13
-0.12
-0.16
-0.14
-0.14
-0.16
-0.22
-0.16
-0.24
-0.24
-0.22
-0.22
-0.27
-0.27
power
6
0.01
-0.05
-0.02
-0.04
-0.03
-0.00
-0.00
-0.01
0.00
-0.07
0.00
0.04
0.03
0.04
0.02
0.00
0.05
0.08
0.01
-0.02
-0.02
-0.02
-0.08
-0.02
clear
-0.03
-0.03
-0.01
-0.01
-0.03
-0.07
-0.08
-0.06
-0.04
-0.08
-0.10
-0.12
-0.13
-0.11
-0.17
-0.16
-0.18
-0.15
-0.13
-0.14
-0.09
-0.18
-0.17
-0.19
power
8
0.19
0.28
1.01
1.73
1.99
0.15
1.98
0.87
0.13
0.18
2.68
0.10
0.17
0.15
2.36
0.54
0.12
0.17
0.14
0.08
2.93
0.24
0.18
0.15
clear
0.12
0.13
0.13
0.11
0.12
0.16
0.11
0.12
0.17
0.12
0.14
0.12
0.15
0.08
0.08
0.12
0.09
0.10
0.02
0.08
0.12
0.10
0.07
0.07
power
10
0.21
0.44
0.20
0.21
0.22
0.25
0.18
0.15
0.27
0.21
0.19
0.23
0.26
0.27
0.28
0.19
0.24
0.21
0.25
0.22
0.25
0.22
0.25
0.22
clear
0.15
0.05
0.01
0.05
0.00
0.02
-0.02
0.03
0.05
-0.07
-0.02
0.03
-0.03
-0.03
-0.01
-0.08
-0.03
-0.06
-0.01
0.00
-0.05
-0.06
-0.01
-0.03
power
12
0.29
0.99
1.10
1.08
1.10
1.04
1.00
1.03
1.08
1.09
1.12
1.02
1.04
1.05
1.10
1.11
1.14
1.16
1.14
1.07
1.06
1.06
1.09
1.06
clear
0.46
0.02
0.06
0.05
0.08
0.00
0.01
0.01
0.00
0.01
0.06
0.05
-0.01
-0.02
-0.10
-0.01
-0.03
0.00
-0.02
-0.09
-0.02
-0.05
-0.07
-0.11
power
14
0.82
2.38
2.32
2.13
2.34
2.42
2.44
2.45
2.49
2.53
2.43
2.33
2.37
2.32
2.35
2.25
2.34
2.37
2.31
2.37
2.39
2.39
2.38
2.35
clear
0.95
-0.00
-0.00
-0.06
0.00
0.03
0.01
0.04
0.02
0.03
0.04
0.03
0.01
0.04
-0.01
-0.07
0.02
0.05
-0.02
0.06
-0.01
-0.06
-0.02
-0.07
power
16
1.57
4.14
4.07
4.15
4.09
4.06
4.12
4.07
4.14
4.06
4.09
4.11
4.18
4.24
4.13
4.19
4.18
4.15
4.04
4.03
4.12
4.11
4.01
4.08
clear
1.74
0.09
0.12
0.01
0.08
0.11
0.19
0.10
0.05
0.07
0.08
0.06
0.06
0.04
0.11
0.14
0.08
0.13
0.13
0.07
0.05
0.06
0.00
0.03
power
18
2.66
6.07
6.04
6.11
6.05
6.18
6.13
5.92
6.05
6.17
6.05
6.26
6.20
5.85
5.90
6.05
5.99
5.94
6.11
5.97
5.86
6.08
6.00
6.33
clear
2.52
-0.18
-0.18
-0.19
-0.13
-0.11
-0.08
-0.12
-0.12
-0.08
-0.15
-0.14
-0.16
-0.19
-0.20
-0.19
-0.21
-0.17
-0.23
-0.22
-0.24
-0.20
-0.13
-0.16
power
20
3.70
8.46
8.62
8.62
8.70
8.44
8.38
8.51
8.59
8.58
8.67
8.81
8.93
8.84
8.82
8.80
8.79
8.71
8.75
8.83
8.64
8.49
8.50
8.34
clear
3.07
-0.01
-0.01
0.04
0.05
0.05
0.02
0.08
0.13
0.13
0.14
0.06
0.03
0.05
0.07
0.05
-0.01
0.02
-0.02
0.02
0.07
0.05
0.01
0.02
power
22
4.79
11.05
11.28
11.28
11.43
11.42
11.25
11.30
11.36
11.17
11.25
11.43
11.54
11.56
11.71
11.43
11.45
11.47
11.51
11.39
11.22
11.61
11.57
11.57
clear
4.41
-0.14
-0.16
-0.12
-0.12
-0.11
-0.05
0.03
0.04
0.06
-0.02
-0.02
-0.08
-0.05
-0.11
-0.06
-0.04
-0.06
-0.03
-0.00
-0.02
-0.12
-0.10
-0.16
power
24
6.37
14.19
14.28
14.31
14.88
14.22
14.25
14.34
14.58
14.75
14.73
14.43
14.74
14.69
14.66
14.72
14.43
14.63
14.48
14.49
14.50
14.27
14.29
14.39
clear
5.88
0.10
0.14
0.16
0.16
0.22
0.24
0.27
0.23
0.23
0.18
0.17
0.16
0.17
0.12
0.15
0.18
0.09
0.14
0.15
0.17
0.16
0.14
0.04
power
26
7.10
17.57
17.32
17.46
17.90
17.93
17.94
18.03
18.36
18.05
17.78
18.06
18.06
18.07
18.36
18.59
18.44
18.24
18.18
17.92
18.08
18.47
18.16
18.22
clear
7.75
0.16
0.19
0.15
0.17
0.18
0.22
0.22
0.21
0.22
0.21
0.19
0.19
0.21
0.21
0.23
0.18
0.21
0.14
0.20
0.14
0.14
0.16
0.17
power
28
8.67
21.22
21.91
22.01
22.08
21.14
21.73
22.06
22.04
22.04
22.13
21.87
21.83
21.83
21.75
21.78
21.79
21.77
21.97
21.65
21.74
21.86
21.62
21.75
clear
8.49
0.05
0.11
0.09
0.17
0.15
0.16
0.15
0.20
0.18
0.23
0.23
0.21
0.22
0.22
0.21
0.16
0.18
0.18
0.13
0.15
0.16
0.11
0.16
power
30
9.31
25.74
26.11
26.14
26.27
26.49
26.59
26.62
26.38
26.79
26.87
26.28
26.57
26.86
26.75
26.72
26.78
27.04
27.28
26.97
26.37
26.80
26.78
26.68
clear
10.54
0.09
0.12
0.12
0.18
0.29
0.26
0.27
0.31
0.26
0.22
0.24
0.21
0.13
0.16
0.22
0.24
0.23
0.24
0.25
0.16
0.18
0.16
0.19
power
32
9.96
29.69
29.96
30.30
30.24
30.40
30.75
31.27
31.14
30.64
30.47
30.92
30.67
31.08
30.86
30.98
31.10
31.04
30.92
30.96
30.79
30.60
30.37
30.11
clear
12.28
-0.02
-0.01
-0.05
-0.05
0.04
-0.02
-0.03
-0.01
-0.02
-0.02
-0.04
-0.02
0.02
-0.03
0.04
0.01
0.05
-0.02
-0.05
0.00
-0.06
-0.03
-0.02
power
34
10.74
35.07
35.68
35.88
35.92
35.73
35.88
35.95
35.97
35.76
36.07
36.23
36.35
35.37
35.47
35.87
35.96
35.92
36.11
36.18
35.92
36.07
35.95
35.64
clear
15.15
0.12
0.08
0.05
0.09
0.10
0.13
0.11
0.14
0.13
0.11
0.13
0.18
0.13
0.12
0.07
0.06
0.10
0.07
0.10
0.07
0.04
0.14
0.06
power
36
11.54
39.27
39.70
39.81
40.59
41.53
41.51
41.60
41.48
40.98
40.12
40.70
40.91
41.10
41.05
41.33
41.23
41.42
41.29
41.21
40.88
40.76
40.73
41.06
clear
16.13
0.19
0.12
0.19
0.16
0.14
0.16
0.19
0.18
0.18
0.22
0.25
0.30
0.19
0.30
0.29
0.31
0.28
0.33
0.23
0.31
0.31
0.35
0.38
power
38
13.53
45.41
45.95
46.55
46.73
46.87
46.62
47.03
46.84
47.13
46.44
46.39
46.49
46.45
46.03
46.25
46.05
46.59
46.73
46.36
46.64
46.87
46.65
46.57
clear
18.61
0.13
0.12
0.10
0.21
0.29
0.30
0.26
0.27
0.26
0.28
0.32
0.30
0.32
0.32
0.30
0.32
0.27
0.26
0.28
0.23
0.27
0.30
0.22
power
40
14.93
50.68
51.53
52.07
52.56
52.39
52.26
52.32
51.93
52.50
52.26
52.20
51.83
52.16
52.14
52.22
51.88
52.19
52.12
52.37
52.25
52.23
52.21
51.47
clear
20.97
-0.20
-0.21
-0.25
-0.28
-0.32
-0.31
-0.34
-0.33
-0.26
-0.32
-0.23
-0.23
-0.20
-0.19
-0.15
-0.20
-0.19
-0.15
-0.20
-0.15
-0.19
-0.14
-0.11
power
42
15.97
57.34
57.95
57.94
58.18
58.55
58.48
59.72
58.70
58.26
58.29
57.88
57.82
57.56
57.14
57.40
57.48
57.66
59.00
59.37
58.61
58.15
58.16
58.34
clear
24.37
0.12
0.09
0.06
0.15
0.16
0.19
0.17
0.15
0.08
0.21
0.14
0.14
0.18
0.21
0.18
0.13
0.13
0.15
0.22
0.17
0.12
0.11
0.22
power
44
14.42
63.17
64.11
64.33
65.28
65.36
65.11
65.54
65.12
64.98
65.70
65.42
65.48
64.57
64.60
65.12
65.14
65.22
65.34
65.43
65.27
65.18
65.18
65.84
clear
27.54
0.03
-0.04
-0.05
-0.04
-0.00
-0.00
-0.06
-0.04
-0.04
0.00
0.02
0.02
0.05
-0.00
0.05
0.07
0.07
0.02
0.05
0.03
0.06
0.03
0.06
power
46
17.63
69.87
71.33
72.98
72.00
71.96
71.98
72.15
71.62
71.57
71.69
71.39
71.38
71.66
71.83
72.12
72.45
72.96
72.41
71.59
72.19
71.15
71.86
72.27
clear
27.33
0.13
0.08
-0.03
-0.01
-0.03
-0.01
0.03
0.01
0.01
-0.03
-0.04
0.01
0.01
0.02
-0.02
-0.01
0.05
0.09
0.05
0.07
0.05
0.04
0.09
power
48
16.03
77.20
79.07
79.32
79.78
78.94
78.70
78.60
78.91
79.16
79.39
79.15
79.23
78.60
78.13
78.54
78.75
78.79
79.48
78.34
78.79
78.83
78.45
78.89
clear
30.57
0.14
0.06
0.04
0.08
0.08
0.08
0.14
0.13
0.09
0.12
0.13
0.17
0.20
0.12
0.15
0.14
0.10
0.20
0.22
0.12
0.15
0.15
0.12
power
50
19.75
84.57
85.71
86.02
85.94
85.57
85.85
86.05
86.24
86.42
86.84
86.22
86.88
86.68
86.40
86.37
86.78
86.32
86.55
85.54
85.33
85.41
85.45
85.04
clear
33.51
-0.06
-0.09
-0.03
-0.18
-0.18
-0.20
-0.11
-0.13
-0.05
-0.09
-0.05
-0.09
-0.05
-0.08
-0.02
-0.06
-0.04
0.02
0.04
0.04
0.07
0.02
0.09
power
52
10.30
88.58
92.68
94.83
93.87
93.98
93.42
92.58
93.16
93.71
93.25
92.58
93.21
92.83
92.54
93.01
92.74
92.70
93.07
92.59
92.56
92.97
92.95
92.58
clear
37.29
-0.02
-0.11
-0.16
-0.22
-0.17
-0.19
-0.20
-0.18
-0.10
-0.09
-0.15
-0.10
-0.09
-0.08
-0.05
-0.03
-0.01
-0.02
-0.01
-0.05
-0.00
-0.01
0.03
power
54
24.13
98.92
100.62
101.44
101.75
101.23
101.12
100.99
101.94
102.25
102.33
101.36
101.94
101.39
100.64
100.83
100.68
100.91
100.57
99.84
99.97
100.88
99.75
99.65
clear
40.80
0.03
0.07
0.06
0.03
0.03
0.06
0.03
0.05
0.07
0.07
0.04
0.05
0.07
0.02
0.04
0.01
-0.02
0.10
0.10
0.05
0.10
0.06
0.04
power
56
23.72
106.62
108.69
108.06
108.75
109.92
109.39
109.39
109.44
109.47
108.93
110.19
109.26
109.01
108.85
108.92
109.47
109.05
108.28
109.58
110.19
109.27
108.24
108.60
clear
45.23
-0.06
-0.05
-0.06
-0.06
-0.01
-0.10
-0.09
-0.05
-0.06
-0.02
-0.01
-0.05
-0.03
-0.04
-0.02
-0.01
-0.04
-0.02
-0.03
-0.11
-0.05
-0.03
-0.08
power
58
21.24
113.84
115.49
116.29
115.60
116.43
117.04
116.78
116.51
116.77
116.25
116.12
116.05
116.36
117.16
115.96
116.11
115.81
115.64
115.68
116.09
115.48
115.04
115.95
clear
48.49
0.09
0.10
0.08
0.05
0.03
0.05
0.02
0.03
0.06
0.03
0.08
0.11
0.13
0.17
0.13
0.09
0.07
0.10
0.11
0.13
0.04
0.07
0.09
power
60
25.88
122.47
124.32
124.40
125.08
124.51
124.89
125.16
125.10
124.77
123.31
123.53
124.01
124.92
125.23
124.56
124.86
123.60
123.85
124.00
123.36
124.04
123.16
123.37
clear
47.99
0.11
0.10
0.12
0.08
0.04
0.05
-0.00
-0.00
-0.00
-0.07
-0.03
-0.05
-0.08
-0.09
-0.02
-0.10
-0.08
-0.06
-0.06
-0.03
-0.02
-0.01
-0.01
power
62
25.61
129.65
131.97
131.59
133.38
133.21
133.82
134.86
133.70
134.34
134.08
131.89
133.19
132.50
132.51
132.42
132.22
132.31
132.44
132.67
132.51
132.54
133.24
131.64
clear
52.71
0.18
0.17
0.14
0.16
0.14
0.21
0.19
0.19
0.15
0.20
0.20
0.22
0.16
0.20
0.19
0.20
0.20
0.16
0.19
0.17
0.17
0.23
0.27
power
64
29.32
138.75
141.50
141.45
141.85
141.87
141.28
141.12
141.22
141.13
141.07
140.78
141.11
139.90
139.51
140.54
139.89
139.30
140.22
140.26
139.62
139.64
140.73
141.21
clear
57.01
-0.18
-0.12
-0.12
-0.10
-0.12
-0.06
-0.04
0.01
-0.02
0.04
0.03
0.07
0.05
0.05
0.06
0.02
0.00
0.09
0.06
0.03
0.03
0.04
0.01
power
66
29.52
147.45
149.41
150.47
149.98
149.86
149.74
149.85
149.19
150.00
149.52
149.50
149.94
148.30
148.59
148.35
148.42
147.49
147.74
148.19
148.28
148.39
148.74
148.88
clear
61.77
-0.14
-0.17
-0.15
-0.14
-0.12
-0.14
-0.11
-0.15
-0.08
-0.08
-0.04
-0.15
-0.08
-0.12
-0.12
-0.10
-0.08
-0.06
-0.07
-0.03
-0.09
-0.05
-0.05
power
68
32.39
155.32
158.63
157.75
158.27
157.91
158.15
158.90
159.12
159.02
157.67
156.76
156.15
156.81
157.27
157.21
156.70
156.15
157.96
158.05
157.66
156.90
156.38
157.00
clear
60.31
0.07
0.07
0.00
0.07
0.00
-0.01
0.06
0.01
0.05
0.01
0.03
0.07
0.08
0.06
0.05
0.10
0.10
0.08
0.11
0.11
0.14
0.14
0.08
power
70
28.41
163.46
166.34
166.73
166.88
166.56
166.76
167.13
167.34
166.67
166.44
166.59
166.06
165.22
166.34
165.51
165.04
166.31
166.39
164.95
164.82
164.63
165.33
166.29
clear
65.74
-0.08
-0.09
-0.03
-0.06
-0.01
-0.06
-0.11
-0.07
-0.10
-0.09
-0.05
-0.08
-0.09
-0.08
-0.11
-0.06
-0.07
-0.02
-0.10
-0.06
-0.07
-0.07
-0.07
power
72
25.67
170.53
176.22
177.01
177.06
176.87
177.02
176.39
176.66
176.73
176.39
175.71
176.01
175.64
174.34
174.17
174.81
174.44
175.06
173.34
173.85
174.30
173.67
174.21
clear
70.23
-0.08
-0.10
-0.15
-0.08
-0.08
-0.16
-0.08
-0.04
-0.03
-0.02
-0.00
0.05
0.01
0.03
0.02
0.02
0.05
0.06
0.06
0.10
0.05
0.10
0.13
power
74
