0.31
0.21
0.23
0.27
0.28
0.36
0.50
0.59
clear
0.68
0.78
0.80
0.68
0.67
0.61
0.62
0.61
0.66
0.63
0.69
0.67
0.61
0.70
0.70
0.70
0.63
0.58
0.51
0.51
0.57
0.51
0.52
0.59
power
2
0.10
0.04
0.06
0.09
0.08
0.09
0.07
0.24
0.39
0.38
0.49
0.41
0.28
0.21
0.19
0.11
0.05
0.02
0.20
0.25
0.34
0.39
0.30
0.37
clear
0.37
0.30
0.27
0.22
0.12
0.25
0.31
0.34
0.22
0.13
0.06
-0.02
-0.07
-0.05
0.04
0.08
0.06
-0.02
-0.08
-0.02
-0.10
-0.08
0.06
0.01
power
4
0.20
0.02
-0.07
-0.18
-0.11
-0.05
-0.01
0.18
0.26
0.15
0.16
0.04
0.06
-0.04
-0.04
0.01
0.08
0.14
0.15
0.24
0.20
0.23
0.28
0.33
clear
0.33
0.28
0.35
0.38
0.31
0.24
0.27
0.36
0.41
0.47
0.37
0.47
0.52
0.56
0.41
0.52
0.58
0.65
0.66
0.62
0.49
0.32
0.30
0.26
power
6
0.04
0.02
-0.13
-0.08
-0.18
-0.15
-0.10
-0.07
-0.06
0.04
0.01
-0.11
-0.07
-0.15
-0.28
-0.25
-0.26
-0.23
-0.08
-0.18
-0.16
0.03
0.14
-0.00
clear
-0.12
-0.14
-0.16
-0.43
-0.44
-0.36
-0.27
-0.31
-0.36
-0.48
-0.52
-0.56
-0.49
-0.46
-0.39
-0.34
-0.34
-0.21
-0.01
0.13
0.35
0.29
0.27
0.17
power
8
0.44
0.60
1.25
1.37
-0.14
0.71
-1.14
1.60
-1.26
-1.29
0.69
-0.37
-1.32
-1.52
-1.54
1.54
-1.60
-1.43
-1.31
-1.35
-1.16
2.07
-1.38
-1.14
clear
-1.22
-1.14
-1.18
-1.19
-1.22
-1.25
-1.15
-1.05
-0.97
-1.01
-0.96
-0.87
-0.95
-0.90
-1.01
-1.00
-0.97
-1.04
-0.89
-0.78
-0.74
-0.76
-0.73
-0.66
power
10
0.48
0.92
0.85
0.89
0.81
0.60
0.59
0.88
0.94
1.06
1.08
1.02
1.02
0.97
0.85
0.78
0.82
1.18
1.15
1.20
1.07
0.89
0.67
0.65
clear
0.43
0.19
0.22
0.22
0.12
0.13
0.08
0.05
0.06
-0.09
-0.02
-0.01
-0.00
0.02
-0.04
-0.19
-0.21
-0.53
-0.47
-0.47
-0.41
-0.35
-0.26
-0.27
power
12
0.57
1.43
1.36
1.40
1.37
1.24
1.22
1.16
1.20
1.17
1.07
1.14
1.16
1.12
1.12
1.04
0.96
1.01
1.02
1.01
1.15
1.10
1.10
1.01
clear
0.16
-0.23
-0.24
-0.14
0.06
0.32
0.60
0.83
0.83
0.96
1.07
1.08
1.09
0.91
0.80
0.68
0.63
0.67
0.60
0.56
0.38
0.29
0.24
0.33
power
14
1.30
2.82
2.61
2.64
2.54
2.38
2.37
2.20
2.06
2.09
2.06
2.11
1.95
1.94
1.94
1.89
1.90
1.84
1.87
1.88
1.85
1.82
1.84
1.81
clear
-0.09
-1.40
-1.30
-0.96
-0.80
-0.63
-0.58
-0.67
-0.74
-0.64
-0.59
-0.63
-0.71
-0.85
-0.79
-0.66
-0.50
-0.55
-0.47
-0.30
-0.20
-0.08
0.11
0.01
power
16
2.10
5.00
4.88
4.74
4.56
4.48
4.30
4.26
4.23
4.09
4.14
3.96
3.96
3.93
3.81
3.86
3.75
3.88
3.66
3.70
3.77
3.74
3.59
3.57
clear
0.54
-1.47
-1.50
-1.63
-1.31
-0.99
-1.02
-1.05
-1.19
-1.15
-1.08
-0.98
-0.79
-0.86
-0.79
-0.60
-0.60
-0.41
-0.24
-0.22
-0.12
0.13
0.16
0.08
power
18
2.94
7.05
7.07
6.47
6.37
6.39
6.21
6.29
6.07
6.00
6.11
5.99
5.78
5.64
5.78
5.74
5.94
5.81
5.89
5.78
5.58
5.53
5.58
5.53
clear
1.12
-1.80
-1.57
-1.29
-1.20
-1.11
-1.09
-1.08
-1.13
-1.12
-1.24
-1.11
-1.09
-1.13
-1.10
-1.18
-1.29
-1.31
-1.39
-1.39
-1.43
-1.28
-1.27
-1.31
power
20
4.67
9.90
9.91
9.92
9.67
9.73
9.65
9.54
9.28
9.11
9.42
9.48
8.98
9.00
8.96
8.87
8.91
9.19
9.44
9.60
9.54
9.41
9.21
9.22
clear
3.45
-0.85
-0.85
-0.89
-0.75
-0.32
-0.20
-0.15
-0.10
-0.17
-0.23
-0.23
-0.18
0.05
0.26
0.35
0.39
0.42
0.35
0.34
0.40
0.22
0.26
0.23
power
22
6.46
13.00
12.75
13.09
12.74
12.52
12.18
12.11
11.97
12.17
12.45
12.59
12.71
12.45
12.66
12.27
12.22
12.19
12.40
12.17
12.42
12.50
12.31
12.42
clear
4.18
-0.93
-0.91
-0.93
-0.83
-0.98
-1.12
-1.06
-1.04
-1.14
-1.10
-0.98
-0.87
-0.86
-0.76
-0.81
-0.87
-0.84
-1.05
-0.65
-0.64
-0.70
-0.69
-0.65
power
24
7.04
16.47
16.44
16.33
16.34
16.34
16.25
16.00
16.21
16.05
16.34
16.26
15.86
15.81
15.87
16.02
16.13
15.94
15.66
16.06
15.82
15.86
15.69
15.78
clear
5.65
-0.30
-0.27
-0.28
-0.29
-0.34
-0.19
0.05
0.08
-0.13
-0.22
-0.24
-0.22
-0.18
-0.18
-0.23
-0.24
-0.19
-0.15
-0.12
-0.47
-0.44
-0.43
-0.43
power
26
8.05
19.93
20.02
20.40
20.18
20.11
19.81
20.18
20.31
20.29
19.78
19.79
19.32
19.25
19.39
19.75
20.15
20.19
19.69
19.74
19.49
19.53
20.38
20.24
clear
8.26
-0.29
-0.24
-0.17
-0.26
-0.69
-0.59
-0.57
-0.48
-0.44
-0.45
-0.43
-0.39
-0.40
-0.44
-0.29
-0.34
-0.36
-0.23
-0.22
-0.37
-0.35
-0.38
-0.29
power
28
10.61
24.89
24.79
24.61
24.69
24.94
24.83
24.66
24.74
24.48
24.27
25.04
25.53
25.16
25.21
25.01
24.88
24.85
25.13
24.79
25.29
24.67
24.72
24.90
clear
9.79
-0.15
-0.05
0.02
-0.04
-0.07
-0.09
-0.11
0.02
-0.04
-0.02
-0.03
-0.00
0.09
-0.03
-0.03
0.01
0.01
-0.04
-0.00
-0.00
0.03
0.06
0.08
power
30
10.09
29.45
29.06
28.44
28.57
28.58
29.03
28.81
28.56
28.26
28.15
28.22
28.46
29.10
29.53
29.01
28.50
28.92
29.02
28.19
28.22
28.15
28.16
27.82
clear
11.14
-0.16
-0.13
-0.15
-0.21
-0.15
-0.19
-0.17
-0.24
-0.32
-0.30
-0.32
-0.22
-0.38
-0.45
-0.52
-0.48
-0.40
-0.40
-0.34
-0.34
-0.38
-0.41
-0.52
power
32
11.57
33.53
33.42
33.24
33.52
33.51
33.47
33.05
32.75
33.46
33.75
33.83
33.52
32.91
33.02
33.96
34.36
34.37
33.99
33.83
34.02
34.05
33.85
33.68
clear
12.74
0.21
0.19
0.23
0.34
0.40
0.43
0.40
0.41
0.47
0.40
0.42
0.43
0.34
0.32
0.41
0.45
0.43
0.40
0.47
0.55
0.48
0.41
0.38
power
34
13.96
39.32
38.67
38.52
38.82
38.57
39.24
39.16
38.61
38.08
38.51
38.46
38.59
38.94
39.34
39.49
39.21
39.47
39.56
39.90
39.69
39.40
39.34
39.78
clear
16.26
0.09
0.04
0.01
0.02
0.02
0.12
0.07
0.10
0.08
0.09
0.19
0.28
0.32
0.28
0.19
-0.24
-0.09
-0.10
-0.01
0.03
0.06
0.03
0.07
power
36
15.60
45.31
45.81
45.45
45.02
44.52
44.08
44.00
45.10
44.72
43.83
43.60
43.28
43.91
44.73
44.99
45.05
44.82
44.95
44.91
44.80
44.66
44.81
45.48
clear
17.75
-0.10
0.03
0.05
-0.02
0.09
0.11
0.09
0.08
0.30
0.38
0.39
0.41
0.37
0.46
0.46
0.47
0.57
0.52
0.43
0.37
0.33
0.26
0.13
power
38
14.31
50.95
50.73
50.91
51.50
51.04
50.02
49.83
50.17
49.98
49.67
49.55
49.40
49.21
49.11
50.08
49.97
50.01
50.28
50.44
50.40
50.22
50.22
49.73
clear
18.90
-0.15
-0.22
-0.17
-0.17
-0.16
-0.15
-0.16
-0.23
-0.19
-0.18
-0.20
-0.18
-0.32
-0.59
-0.64
-0.50
-0.27
-0.13
-0.09
-0.19
-0.22
-0.16
-0.11
power
40
15.58
57.04
57.36
57.19
57.36
56.99
57.14
57.07
56.88
56.87
56.56
56.45
55.76
55.14
55.87
56.20
55.64
55.78
55.42
54.74
54.96
55.10
55.28
55.71
clear
20.74
-0.17
-0.14
-0.15
-0.17
-0.16
-0.04
0.01
0.05
0.13
0.26
0.32
0.25
0.18
0.09
0.04
0.03
-0.03
-0.02
-0.07
-0.03
0.08
0.21
0.23
power
42
15.82
62.63
63.25
62.79
63.34
63.35
63.49
63.08
62.89
62.35
61.97
61.75
61.60
61.42
61.11
61.14
60.69
60.63
61.01
60.93
60.69
60.72
61.00
61.46
clear
24.45
-0.52
-0.49
-0.42
-0.38
-0.32
-0.30
-0.30
-0.15
-0.10
-0.04
0.04
0.03
0.07
0.07
0.01
-0.02
-0.05
-0.10
-0.16
-0.18
-0.22
-0.19
-0.32
power
44
19.12
70.83
70.85
71.09
71.53
71.28
71.06
71.19
72.06
71.56
70.90
69.82
69.50
69.81
69.88
70.24
70.08
70.34
69.73
69.02
68.54
68.66
68.69
68.61
clear
26.71
0.03
0.04
0.13
0.09
0.14
0.10
0.16
0.27
0.28
0.24
0.27
0.24
0.15
0.07
0.02
0.02
-0.07
0.03
-0.08
0.24
0.53
0.56
0.63
power
46
18.53
77.38
77.80
78.09
78.38
79.10
78.98
78.31
77.34
76.67
76.92
76.30
76.07
75.87
75.99
75.70
75.40
75.23
75.19
75.62
75.88
75.82
75.83
75.06
clear
28.11
-0.54
-0.53
-0.61
-0.63
-0.59
-0.59
-0.68
-0.61
-0.67
-0.73
-0.73
-0.65
-0.63
-0.75
-0.65
-0.62
-0.66
-0.64
-0.66
-0.78
-0.74
-0.79
-0.81
power
48
19.32
85.98
86.54
86.54
86.78
86.54
86.28
86.19
85.50
85.16
84.90
84.61
84.00
83.87
83.81
84.80
85.05
84.52
85.25
83.98
84.21
84.37
84.86
84.65
clear
34.41
0.01
0.11
0.06
0.03
0.05
0.08
0.14
0.12
0.15
0.17
0.19
0.23
0.20
0.22
0.19
0.05
0.00
0.13
-0.08
-0.04
0.03
0.17
0.30
power
50
25.45
94.22
94.08
93.59
93.48
93.25
92.26
91.22
90.82
90.34
90.85
90.76
90.97
90.40
90.52
90.83
91.36
91.59
91.97
91.90
91.43
91.29
91.75
93.10
clear
36.60
-0.46
-0.33
-0.33
-0.34
-0.32
-0.27
-0.24
-0.16
-0.18
-0.14
-0.13
-0.10
-0.06
-0.01
-0.01
-0.03
-0.09
-0.35
-0.27
-0.26
-0.25
-0.19
-0.20
power
52
23.25
101.19
101.99
102.02
101.78
101.62
101.91
102.43
102.81
102.53
102.05
101.38
101.40
101.10
100.40
100.56
100.05
100.05
100.03
100.01
99.14
100.36
100.95
100.49
clear
38.39
-0.18
-0.18
-0.21
-0.17
-0.11
-0.12
-0.15
-0.18
-0.19
-0.12
-0.08
-0.12
-0.04
-0.09
-0.15
-0.51
-0.53
-0.50
-0.59
-0.49
-0.37
-0.35
-0.29
power
54
25.60
111.14
111.26
111.04
110.87
110.56
109.84
109.61
108.99
107.95
107.79
107.11
107.54
107.62
107.60
107.28
107.56
107.93
108.01
108.36
108.17
107.76
107.42
107.38
clear
44.28
-0.08
-0.06
-0.01
0.07
0.16
0.14
0.14
0.21
0.19
0.18
0.13
0.06
0.05
0.15
0.07
0.14
0.21
0.13
0.21
0.24
0.22
0.25
0.30
power
56
13.30
115.40
118.82
119.71
117.62
118.15
117.18
116.87
117.26
116.96
116.73
116.63
116.47
116.34
116.06
116.13
116.40
115.23
115.31
115.70
115.81
115.84
115.82
116.33
clear
46.32
-0.15
-0.04
-0.10
-0.10
-0.13
-0.10
-0.06
-0.10
-0.07
-0.02
-0.03
-0.06
-0.08
-0.03
0.01
-0.00
0.07
0.04
0.03
0.01
-0.02
-0.11
-0.04
power
58
30.49
123.59
124.49
123.22
121.62
121.30
120.31
120.25
120.29
120.00
120.29
120.84
121.25
121.96
122.37
121.86
121.54
121.75
122.31
121.73
121.72
121.40
121.48
121.83
clear
48.31
0.11
0.20
0.22
0.29
0.23
0.26
0.21
0.22
0.26
0.28
0.23
0.32
0.33
0.30
0.36
0.29
0.29
0.26
0.21
0.18
-0.09
-0.01
-0.02
power
60
21.78
129.73
130.90
130.22
131.06
130.65
130.42
130.72
130.62
129.66
129.76
130.50
130.38
129.44
129.95
130.05
130.06
129.85
130.20
130.22
130.68
129.89
130.00
129.95
clear
50.24
-0.19
-0.23
-0.21
-0.17
-0.24
-0.28
-0.27
-0.26
-0.27
-0.26
-0.29
-0.27
-0.26
-0.23
-0.21
-0.20
-0.28
-0.25
-0.23
-0.19
-0.14
-0.21
-0.11
power
62
32.25
140.34
138.85
138.66
138.60
139.20
140.36
141.51
140.80
140.91
142.05
139.35
139.16
141.08
141.77
138.97
138.75
139.17
138.97
139.43
139.87
139.94
139.05
139.18
clear
57.78
-0.25
-0.14
-0.14
-0.14
-0.08
-0.05
-0.01
-0.06
-0.01
-0.06
-0.04
-0.13
-0.09
-0.08
-0.08
-0.09
-0.08
-0.10
-0.05
-0.09
-0.09
-0.02
0.02
power
64
34.72
148.10
147.67
148.41
148.30
147.41
147.59
147.60
148.29
148.56
148.39
148.78
147.41
147.61
146.61
146.45
146.75
146.86
147.52
146.23
146.00
146.52
147.42
146.93
clear
58.72
-0.15
-0.12
-0.13
-0.11
-0.15
-0.09
-0.10
-0.12
-0.10
-0.05
0.05
0.03
0.07
0.07
0.02
0.04
0.10
0.12
0.05
0.12
0.02
0.08
0.12
power
66
32.04
158.52
157.56
157.20
156.93
155.84
156.58
155.64
156.17
156.31
156.30
156.37
156.56
156.79
157.56
157.77
158.14
158.76
157.52
157.30
157.05
157.33
157.27
156.36
clear
60.72
-0.38
-0.30
-0.28
-0.23
-0.31
-0.26
-0.18
-0.23
-0.26
-0.29
-0.28
-0.29
-0.34
-0.27
-0.29
-0.25
-0.16
-0.19
-0.15
-0.12
-0.12
-0.08
-0.11
power
68
35.62
168.41
170.18
170.19
170.87
169.77
170.01
168.97
168.24
167.84
168.33
167.77
166.91
167.41
166.89
165.28
165.64
165.45
165.36
165.20
166.28
166.34
165.48
165.33
clear
68.69
-0.37
-0.23
-0.21
-0.15
-0.21
-0.16
-0.15
-0.17
-0.17
-0.16
-0.25
-0.21
-0.17
-0.20
-0.18
-0.08
0.68
0.57
0.63
0.55
0.50
0.55
0.61
power
70
29.80
176.77
178.44
177.28
176.89
175.67
176.44
177.62
178.34
177.99
178.16
178.42
179.06
178.42
176.67
176.14
175.93
175.67
176.46
176.08
176.27
176.29
176.36
176.78
clear
69.13
-0.98
-1.04
-0.99
-0.94
-0.95
-0.94
-0.92
-0.90
-0.92
-0.88
-0.89
-0.85
-0.92
-0.90
-0.78
-0.92
-0.92
-0.94
-0.97
-1.02
-0.91
-0.85
-0.93
power
72
28.02
185.43
188.32
187.08
185.49
186.66
185.92
184.84
184.94
185.59
185.75
186.54
188.14
187.75
187.46
188.00
188.10
186.71
186.52
185.91
184.81
184.17
185.18
186.11
clear
77.62
-0.60
-0.59
-0.47
-0.49
-0.47
-0.47
-0.48
-0.52
-0.45
-0.56
-0.58
-0.52
-0.61
-0.58
-0.49
-0.48
-0.43
-0.49
-0.46
-0.46
-0.40
-0.39
-0.21
power
74
36.46
196.02
197.98
197.43
197.63
197.04
196.24
195.07
193.76
193.90
193.62
193.70
194.66
195.23
195.27
195.29
196.02
195.65
195.17
195.78
196.32
197.18
197.88
196.52
clear
78.36
-0.48
-0.47
