-0.03
-0.02
0.02
-0.04
-0.01
0.03
0.02
0.06
0.09
-0.01
-0.00
0.03
0.06
0.03
0.11
0.06
0.03
0.04
0.08
0.11
0.12
0.07
0.06
0.13
clear
0.02
0.09
0.06
0.02
0.04
0.01
-0.02
0.04
0.09
-0.02
-0.02
-0.05
-0.01
-0.01
0.02
0.02
-0.03
-0.02
-0.01
-0.05
-0.02
0.01
-0.01
-0.02
power
4
0.04
-0.00
0.04
0.01
-0.08
-1.75
-7.16
-11.98
-2.73
0.12
0.11
0.01
-0.09
-0.04
0.00
-0.03
0.02
-0.01
0.06
0.01
0.00
0.08
0.12
0.20
clear
0.13
0.06
0.10
0.03
0.04
0.00
-0.04
-0.07
0.07
0.08
0.10
0.00
-0.01
0.09
-0.07
-0.17
-0.06
-0.17
-0.11
-0.08
-0.09
-0.04
0.02
0.01
power
6
-0.05
-0.03
-0.08
-0.05
-0.10
-0.13
-0.13
-0.06
-0.10
-0.12
-0.11
0.06
-0.01
-0.02
-0.06
-0.03
-0.13
-0.07
-0.05
-0.16
-0.12
-0.10
-0.15
-0.18
clear
-0.16
-0.23
-0.21
-0.16
-0.23
-0.20
-0.20
-0.23
-0.26
-0.31
-0.28
-0.27
-0.25
-0.26
-0.21
-0.22
-0.33
-0.21
-0.22
-0.27
-0.25
-0.29
-0.29
-0.31
power
8
0.34
0.14
1.10
1.53
1.47
0.74
0.08
2.30
-0.04
-0.06
2.96
-0.00
-0.09
-0.11
0.26
2.33
-0.11
-0.16
-0.20
-0.10
2.64
-0.25
-0.16
-0.08
clear
-0.20
-0.19
-0.22
-0.18
-0.15
-0.04
-0.11
-0.14
-0.09
-0.07
-0.14
-0.13
-0.20
-0.19
-0.24
-0.19
-0.18
-0.15
-0.14
-0.08
-0.14
-0.14
-0.09
-0.15
power
10
0.41
0.58
0.25
0.25
0.23
0.21
0.23
0.18
0.20
0.24
0.15
0.16
0.16
0.21
0.36
0.41
0.41
0.42
0.34
0.29
0.26
0.20
0.22
0.26
clear
0.07
-0.06
-0.06
-0.06
-0.12
-0.07
-0.10
-0.14
-0.15
-0.05
-0.06
-0.11
-0.05
-0.17
-0.24
-0.16
-0.21
-0.33
-0.25
-0.21
-0.27
-0.16
-0.21
-0.15
power
12
0.54
1.32
1.30
1.24
1.18
1.06
1.10
1.10
1.00
1.13
1.12
0.93
0.81
0.81
1.03
0.94
1.03
1.02
1.03
0.90
0.95
1.00
0.97
1.02
clear
0.36
-0.10
-0.10
-0.02
-0.02
-0.12
-0.05
-0.06
-0.09
-0.10
-0.05
-0.09
-0.06
-0.17
-0.15
-0.15
-0.07
-0.11
-0.06
-0.07
-0.10
-0.09
-0.05
-0.12
power
14
1.35
2.43
2.47
2.34
2.41
2.03
2.04
2.47
2.32
2.37
2.47
2.37
2.54
2.27
2.54
2.67
2.40
2.27
2.14
2.43
2.20
2.25
2.51
2.74
clear
1.31
-0.08
-0.05
-0.03
0.00
-0.10
-0.21
-0.04
-0.08
-0.12
-0.16
-0.17
-0.09
-0.03
-0.06
-0.08
-0.00
0.02
-0.01
-0.10
-0.11
-0.07
-0.13
-0.10
power
16
1.32
4.17
4.21
4.22
4.03
3.71
3.79
3.71
3.48
3.37
3.92
4.16
3.99
3.74
3.39
3.84
4.08
3.68
3.61
3.83
3.62
4.05
4.17
4.01
clear
1.69
0.07
0.13
0.08
0.23
0.11
0.08
0.03
0.02
0.08
-0.02
0.00
-0.03
-0.05
0.02
0.03
-0.02
0.02
-0.02
0.07
-0.02
0.05
0.03
-0.02
power
18
3.38
6.26
5.98
5.85
5.94
6.28
5.82
5.69
5.79
6.12
6.52
6.27
6.01
6.32
5.76
5.77
5.58
5.62
5.92
5.89
5.91
6.27
6.07
5.32
clear
1.99
0.08
0.10
0.08
0.06
0.05
-0.09
-0.04
0.06
0.02
0.00
-0.03
-0.04
-0.11
-0.08
-0.11
-0.15
-0.13
-0.15
-0.12
-0.06
-0.04
-0.05
-0.06
power
20
4.14
9.25
8.96
8.63
8.13
8.02
8.48
8.69
8.54
7.88
7.70
8.17
8.72
8.37
8.40
8.28
8.02
8.07
8.22
8.21
8.53
8.60
8.58
8.42
clear
3.42
0.28
0.25
0.23
0.19
0.19
0.14
0.19
0.21
0.21
0.14
0.12
0.11
0.13
0.15
0.13
0.11
0.10
0.15
0.12
0.14
0.13
0.16
0.16
power
22
5.98
12.12
12.93
12.97
12.58
12.82
12.56
13.06
13.02
11.47
11.51
11.96
11.43
11.42
11.30
11.13
10.70
10.73
10.72
10.55
10.78
11.26
11.40
11.76
clear
4.22
0.03
0.04
-0.01
0.12
0.09
0.06
0.06
0.10
0.01
-0.03
0.06
0.07
0.15
-0.01
-0.03
-0.02
-0.09
-0.09
-0.09
0.02
0.07
0.00
-0.08
power
24
7.11
14.97
14.25
14.68
14.70
14.46
14.77
14.91
15.36
14.90
15.46
15.30
15.42
15.88
15.96
16.21
16.49
17.09
17.36
17.01
16.39
16.32
16.63
16.35
clear
6.38
0.13
0.16
0.10
0.11
0.10
0.02
0.06
0.01
-0.02
0.03
0.01
-0.02
-0.15
-0.12
-0.16
-0.13
-0.06
-0.04
0.02
0.05
0.00
0.01
0.03
power
26
5.27
18.49
19.06
18.39
18.10
18.41
18.92
19.69
18.16
18.49
19.35
20.02
19.70
19.72
19.50
19.03
18.64
18.94
18.93
18.84
19.14
19.25
19.12
18.67
clear
7.51
0.05
0.06
0.06
0.12
0.10
0.05
0.12
0.16
0.10
0.09
0.04
0.05
0.11
0.05
0.11
0.08
0.14
0.15
0.12
0.08
0.05
0.09
0.08
power
28
8.78
23.63
23.34
23.11
22.88
22.72
22.34
22.15
22.47
22.54
23.27
22.82
22.80
23.22
23.37
23.45
23.01
23.44
23.17
23.25
22.97
22.61
22.35
22.84
clear
8.79
-0.23
-0.21
-0.19
-0.12
-0.22
-0.20
-0.17
-0.19
-0.21
-0.21
-0.14
-0.18
-0.16
-0.13
-0.15
-0.19
-0.22
-0.14
-0.04
-0.07
-0.03
-0.10
-0.08
power
30
10.71
28.38
28.01
27.66
26.44
26.85
27.19
27.48
27.50
27.78
27.98
27.74
26.66
26.98
26.98
28.11
28.59
28.05
27.98
27.62
27.62
27.30
27.40
27.43
clear
10.89
-0.10
-0.10
-0.11
-0.15
-0.10
-0.12
-0.18
-0.27
-0.22
-0.30
-0.19
-0.16
-0.10
-0.15
-0.10
-0.05
-0.08
-0.17
-0.08
-0.07
-0.11
-0.02
-0.03
power
32
10.55
32.54
32.08
32.74
32.35
31.71
32.65
31.57
31.38
31.27
31.20
31.05
32.09
32.17
31.46
31.77
31.24
31.71
32.33
32.37
32.65
31.79
32.14
31.72
clear
13.07
0.04
0.03
-0.01
-0.03
0.01
0.04
-0.11
-0.06
-0.01
-0.10
0.00
-0.03
-0.07
0.03
-0.05
-0.06
-0.08
0.02
-0.00
-0.00
-0.10
-0.12
-0.06
power
34
12.58
37.57
37.75
36.77
36.26
36.24
37.12
36.36
35.83
36.34
36.48
36.74
36.41
37.12
37.77
37.47
36.65
37.08
37.38
37.32
37.84
37.92
38.96
39.30
clear
15.93
-0.01
-0.09
-0.03
-0.02
-0.05
-0.03
-0.02
-0.03
-0.06
-0.10
-0.10
-0.05
-0.15
-0.09
-0.10
-0.14
-0.06
-0.10
-0.04
-0.00
0.03
-0.02
-0.04
power
36
12.83
42.98
42.74
42.53
42.84
43.33
42.45
42.78
43.15
42.24
42.55
42.91
43.93
43.13
42.03
43.41
42.94
42.67
42.48
41.86
41.52
42.50
42.62
42.79
clear
18.31
0.10
0.12
0.15
0.04
-0.05
-0.04
0.03
0.02
-0.03
0.07
0.03
0.00
0.09
0.13
0.13
0.15
0.16
0.15
0.19
0.13
0.15
0.14
0.06
power
38
16.26
49.89
50.59
48.87
48.90
48.39
48.71
49.32
47.73
46.26
48.94
49.69
49.39
48.94
48.38
47.54
47.85
47.55
47.64
47.31
47.40
48.32
48.29
48.18
clear
19.34
-0.04
-0.02
-0.10
-0.07
-0.14
-0.08
-0.09
-0.13
-0.17
-0.17
-0.16
-0.12
-0.18
-0.17
-0.08
-0.18
-0.12
-0.16
-0.21
-0.11
-0.10
-0.11
-0.27
power
40
16.58
54.05
54.59
55.44
55.13
54.32
55.36
55.80
56.23
56.84
53.46
54.56
54.30
54.44
53.92
55.27
55.96
56.72
57.27
56.81
56.23
56.24
55.74
55.74
clear
23.16
0.08
0.08
0.13
0.09
0.04
0.16
0.11
0.11
0.10
0.09
0.06
0.01
0.03
0.04
0.12
0.06
-0.06
0.02
-0.13
-0.05
-0.08
-0.09
-0.16
power
42
17.43
64.45
61.07
61.40
63.19
61.51
61.24
61.08
60.88
60.96
61.15
61.62
62.46
61.80
61.66
63.69
62.56
62.06
62.75
63.11
60.61
60.97
60.50
62.18
clear
24.85
0.03
0.09
0.13
0.14
0.14
0.18
0.19
0.22
0.23
0.26
0.24
0.19
0.11
0.18
0.17
0.09
0.20
0.17
0.14
0.21
0.11
0.11
0.13
power
44
11.74
69.17
66.95
67.33
69.29
68.45
68.22
69.08
67.70
67.74
67.92
68.91
68.29
67.58
68.27
69.02
68.52
69.50
68.32
68.69
68.61
68.31
68.61
69.05
clear
27.41
-0.13
-0.09
-0.15
-0.09
-0.13
-0.13
-0.12
-0.11
-0.09
-0.10
-0.08
-0.13
-0.08
-0.11
-0.05
-0.11
-0.13
-0.07
-0.01
-0.04
-0.07
-0.01
-0.08
power
46
17.66
76.00
75.98
75.92
74.99
75.63
75.74
75.18
74.37
72.27
72.54
73.30
73.19
73.38
73.32
73.93
74.09
74.22
73.66
74.36
73.93
72.18
72.07
72.45
clear
30.05
-0.07
-0.08
-0.03
-0.13
-0.08
-0.10
-0.09
-0.08
-0.07
-0.16
-0.08
-0.09
-0.06
0.02
-0.12
-0.03
-0.15
-0.11
-0.14
-0.12
-0.12
-0.07
-0.19
power
48
24.09
83.18
81.58
80.33
82.35
83.39
82.85
82.34
82.46
82.51
83.48
82.08
81.46
82.33
82.37
82.86
82.04
80.31
82.15
82.11
80.59
80.57
80.55
81.23
clear
32.38
0.09
0.07
0.07
0.11
0.18
0.19
0.19
0.16
0.07
0.10
0.13
0.11
0.14
0.11
0.19
0.15
0.04
0.12
0.12
0.19
0.09
0.11
0.07
power
50
24.49
91.04
89.93
88.87
87.21
88.41
88.95
87.05
85.81
86.57
86.95
88.47
89.60
89.90
88.97
87.14
86.07
87.28
87.37
88.32
87.80
89.27
89.19
87.32
clear
36.09
0.10
0.05
-0.03
-0.11
-0.04
-0.04
-0.08
-0.00
0.02
-0.02
0.01
-0.09
0.02
-0.06
-0.03
-0.09
-0.02
0.01
0.01
-0.08
-0.12
-0.15
-0.14
power
52
18.71
98.19
99.28
99.24
100.10
99.03
98.49
97.84
97.56
96.78
95.66
96.07
96.12
94.44
94.81
95.91
96.86
96.59
96.50
95.77
92.68
92.99
93.96
94.93
clear
37.39
-0.01
-0.04
-0.04
-0.02
0.03
-0.02
0.00
0.09
0.05
0.09
0.09
0.05
0.13
0.13
0.11
0.14
0.07
0.07
0.14
0.11
0.15
0.07
0.00
power
54
26.94
103.94
104.32
103.10
102.37
103.18
102.94
102.24
101.73
101.88
101.43
102.63
102.74
102.12
101.35
101.17
101.26
101.48
102.32
102.69
101.61
101.76
100.96
101.51
clear
41.17
-0.00
0.04
0.07
-0.07
-0.04
-0.07
-0.08
-0.04
-0.03
-0.18
-0.05
-0.07
-0.16
-0.15
-0.16
-0.14
-0.07
-0.12
-0.07
-0.08
-0.10
-0.10
-0.09
power
56
27.01
111.57
112.92
111.48
111.55
111.12
108.97
109.48
110.37
110.39
110.39
110.05
110.18
110.74
110.34
111.28
112.40
111.04
110.47
110.87
110.68
111.55
110.43
111.02
clear
46.43
0.10
0.01
0.03
0.01
0.01
0.04
-0.03
0.01
0.01
0.03
-0.02
0.04
0.04
-0.06
-0.00
-0.01
0.02
0.04
0.06
0.03
0.03
-0.05
-0.01
power
58
30.51
121.33
117.25
116.82
118.01
118.86
118.29
117.89
121.61
120.14
119.86
119.43
119.60
119.21
117.60
117.78
117.62
118.55
117.62
116.78
117.57
116.49
119.05
120.54
clear
47.82
-0.05
-0.02
0.00
0.03
-0.07
-0.09
-0.06
-0.06
-0.12
-0.10
-0.11
-0.04
-0.08
-0.09
-0.04
-0.09
-0.01
0.02
-0.01
0.03
0.03
0.10
0.07
power
60
30.87
129.09
126.55
127.76
129.13
126.19
125.79
125.46
128.10
128.31
125.86
124.98
122.86
124.81
124.70
122.96
124.30
122.76
125.40
124.94
126.45
124.67
122.59
125.42
clear
51.65
0.07
-0.01
-0.02
-0.04
-0.05
-0.06
-0.08
-0.01
-0.03
-0.01
0.00
0.04
0.00
0.00
0.02
0.02
-0.05
0.03
-0.03
-0.07
-0.01
-0.04
-0.05
power
62
28.99
134.93
136.41
138.41
138.56
137.53
138.31
139.16
137.76
137.51
137.47
137.09
137.62
138.18
137.69
137.82
136.33
139.39
137.46
135.59
136.66
137.52
137.40
136.00
clear
52.55
0.07
0.00
0.04
0.03
0.05
0.12
0.12
0.10
0.09
0.02
0.07
0.08
0.05
0.06
0.06
0.05
0.08
0.02
0.04
0.06
0.07
0.00
0.00
power
64
34.23
144.50
147.77
147.85
148.84
151.01
149.03
146.32
147.38
147.18
146.12
147.89
146.72
148.37
148.50
147.74
145.32
147.70
147.79
145.83
145.97
144.39
144.52
145.35
clear
58.84
0.06
-0.07
-0.03
-0.02
-0.07
-0.06
-0.07
-0.00
-0.06
-0.04
0.05
-0.10
-0.08
-0.03
-0.02
-0.10
-0.09
-0.15
-0.05
-0.02
-0.03
-0.02
-0.04
power
66
32.55
151.85
155.92
157.37
159.27
157.39
154.57
152.29
151.55
152.93
154.84
154.97
154.59
154.98
155.05
155.19
155.30
154.57
154.47
154.50
154.56
155.95
156.13
156.92
clear
66.23
0.02
0.04
0.08
0.03
0.00
0.02
0.01
-0.03
-0.01
-0.03
-0.02
-0.01
0.05
0.03
0.05
0.00
0.01
0.00
0.04
-0.02
-0.09
-0.01
-0.08
power
68
38.82
165.98
166.01
163.59
163.05
164.65
162.45
162.43
162.14
162.85
161.72
162.48
163.18
161.23
157.12
160.02
161.36
161.75
162.89
162.67
164.63
163.35
162.76
160.40
clear
64.57
0.08
0.13
0.09
-0.02
-0.01
0.06
0.10
0.04
-0.00
-0.03
0.01
0.04
0.03
0.02
0.04
-0.10
-0.09
0.08
-0.01
-0.01
-0.03
0.03
-0.04
power
70
30.29
169.79
172.86
171.36
171.50
171.39
169.46
168.32
167.05
170.02
170.30
170.75
169.50
167.71
170.34
172.15
172.27
172.94
172.04
172.39
170.35
168.39
167.14
166.63
clear
68.71
0.02
0.01
0.03
0.01
0.00
0.01
-0.01
-0.01
0.02
