power
0
-0.02
-0.07
0.01
-0.15
-0.18
-0.09
-0.24
-0.47
-0.63
-0.66
-0.77
-0.84
-0.93
-0.95
0.61
-0.46
-0.62
-0.24
-0.72
-0.93
-0.84
1.87
11.15
15.58
clear
5.35
-0.57
-16.42
-21.63
-4.17
-12.38
-15.85
-4.16
-4.19
-4.18
-4.31
-4.52
-4.36
-4.37
-4.37
-4.41
-4.26
-4.07
-4.06
-4.06
-3.99
-4.13
-4.24
-4.38
power
2
-0.11
-0.25
-0.29
-0.25
-0.34
-0.43
-0.42
-0.40
-0.39
-0.35
-0.36
-0.34
-0.15
-0.05
-0.10
-0.15
-0.08
0.00
0.13
-0.05
-0.08
-0.07
0.04
0.13
clear
0.19
0.34
0.37
0.47
0.45
0.35
0.32
0.25
0.17
0.30
0.40
0.44
0.37
0.23
0.24
0.20
0.20
0.30
0.37
0.36
0.60
0.65
0.77
0.68
power
4
-0.11
-0.12
-0.08
-0.06
0.06
-0.06
-0.05
0.05
-0.07
-0.09
-0.15
-0.10
-0.07
-0.15
-0.11
-0.11
-0.11
-0.09
-0.10
-0.00
0.00
-0.06
0.01
-0.11
clear
-0.10
-0.14
-0.11
-0.03
-0.01
-0.15
-0.02
-0.01
0.12
0.13
0.08
0.09
0.17
0.14
0.19
0.14
0.16
0.20
0.16
0.13
0.02
0.06
0.10
0.19
power
6
0.01
0.01
-0.01
-0.02
-0.10
0.03
0.04
0.12
0.22
0.24
0.35
0.29
0.27
0.35
0.26
0.16
0.13
0.09
0.14
0.08
0.09
0.16
0.18
0.18
clear
0.15
0.20
0.24
0.31
0.24
0.29
0.30
0.34
0.36
0.38
0.31
0.21
0.20
0.20
0.20
0.16
0.15
0.19
0.07
0.12
0.20
0.15
0.18
0.22
power
8
0.40
0.30
0.98
1.08
1.14
-0.06
2.39
0.08
0.12
0.87
1.72
0.38
0.39
0.46
3.14
0.41
0.59
0.58
0.59
1.11
2.88
0.63
0.75
0.69
clear
0.51
0.44
0.32
0.22
0.12
0.01
0.12
0.12
0.13
0.24
0.23
0.25
0.39
0.44
0.43
0.42
0.41
0.50
0.43
0.31
0.29
0.36
0.32
0.26
power
10
0.27
0.39
0.28
0.24
0.30
0.37
0.29
0.31
0.23
0.33
0.30
0.15
0.20
0.21
0.25
0.25
0.25
0.25
0.26
0.27
0.20
0.22
0.21
0.18
clear
-0.04
-0.21
-0.18
-0.22
-0.12
-0.07
-0.04
-0.09
-0.11
-0.20
-0.09
-0.13
-0.19
-0.22
-0.23
-0.23
-0.20
-0.17
-0.20
-0.17
-0.16
-0.15
-0.07
-0.03
power
12
0.30
1.10
1.24
0.81
0.87
0.78
0.76
0.72
0.71
0.65
0.68
0.60
0.56
0.58
0.65
0.78
0.78
0.68
0.62
0.53
0.51
0.42
0.45
0.58
clear
-0.15
-0.53
-0.59
-0.59
-0.58
-0.53
-0.52
-0.55
-0.54
-0.40
-0.37
-0.22
-0.28
-0.27
-0.31
-0.30
-0.21
-0.26
-0.20
-0.17
-0.27
-0.41
-0.46
-0.39
power
14
0.90
2.11
2.16
2.55
2.66
2.74
2.88
2.99
2.86
2.91
2.97
2.83
2.89
2.81
2.88
2.93
2.93
2.86
2.84
2.86
2.86
2.86
2.79
2.82
clear
1.44
0.77
0.70
0.65
0.68
0.58
0.72
0.62
0.69
0.67
0.65
0.52
0.47
0.51
0.54
0.55
0.50
0.50
0.45
0.24
0.40
0.48
0.49
0.46
power
16
1.75
3.59
3.43
3.36
3.56
3.68
3.67
3.99
3.89
3.82
3.91
3.91
3.83
3.68
3.81
3.72
3.78
3.89
3.97
4.01
3.75
3.68
3.76
3.76
clear
1.72
0.26
0.21
0.18
0.17
0.17
0.20
0.09
0.07
0.17
0.10
0.13
0.02
-0.02
-0.08
-0.11
-0.19
-0.14
-0.16
-0.19
-0.24
-0.25
-0.27
-0.20
power
18
2.50
5.31
5.59
5.61
5.57
5.57
5.69
5.57
5.56
5.68
5.67
5.69
5.77
5.73
5.59
5.63
5.57
5.48
5.46
5.38
5.48
5.72
5.71
5.67
clear
2.18
0.28
0.43
0.45
0.46
0.46
0.42
0.42
0.34
0.39
0.35
0.21
0.12
0.07
-0.10
-0.12
-0.17
-0.22
-0.23
-0.32
-0.25
-0.32
-0.35
-0.34
power
20
3.81
7.37
7.70
7.95
7.79
7.74
7.74
7.53
7.72
7.62
7.65
8.03
7.87
8.05
7.79
7.59
8.01
7.81
7.72
7.71
7.88
8.00
7.99
8.14
clear
3.80
0.74
0.63
0.62
0.51
0.38
0.42
0.41
0.56
0.54
0.57
0.47
0.46
0.35
0.35
0.36
0.39
0.30
0.39
0.18
0.18
0.21
0.20
0.25
power
22
5.06
9.48
9.68
9.72
9.82
9.37
9.83
9.91
9.74
9.84
10.13
10.20
9.84
9.95
10.19
9.93
10.02
9.94
9.86
9.86
9.82
9.95
10.00
10.16
clear
4.19
0.38
0.41
0.43
0.51
0.40
0.41
0.39
0.42
0.37
0.34
0.40
0.33
0.28
0.31
0.23
0.20
0.16
0.10
0.06
0.03
-0.02
0.10
0.13
power
24
5.89
12.46
12.50
12.47
12.75
12.69
12.70
12.78
12.80
12.86
12.89
12.88
13.01
13.01
12.84
13.28
13.20
12.74
13.09
12.86
12.92
12.91
12.85
12.52
clear
4.81
0.16
0.24
0.26
0.26
0.28
0.26
0.25
0.20
0.08
0.08
0.11
0.08
0.05
-0.02
-0.06
-0.10
-0.14
-0.19
-0.27
-0.36
-0.30
-0.31
-0.40
power
26
6.88
15.23
15.11
15.13
15.78
16.15
16.21
16.17
16.49
16.38
16.64
16.52
16.20
15.62
15.74
16.34
16.55
16.68
16.23
16.23
16.41
16.62
16.68
16.81
clear
6.98
0.53
0.40
0.43
0.49
0.59
0.64
0.53
0.53
0.59
0.71
0.74
0.72
0.58
0.36
0.38
0.37
0.37
0.36
0.35
0.34
0.29
0.37
0.35
power
28
7.62
18.80
18.88
18.66
18.97
18.94
18.59
19.77
19.47
19.65
19.06
19.35
19.02
19.24
19.41
19.14
19.09
19.15
18.91
18.49
18.88
19.15
19.40
19.50
clear
7.58
0.41
0.38
0.36
0.38
0.42
0.44
0.39
0.36
0.26
0.17
0.17
0.12
0.14
0.04
0.08
-0.00
0.07
0.08
0.03
0.00
0.07
0.14
0.12
power
30
9.07
22.28
22.10
22.51
22.47
22.53
22.35
22.64
23.24
23.24
23.18
23.24
24.32
23.44
22.96
22.93
23.28
22.99
23.25
23.34
22.63
22.76
23.05
23.18
clear
9.48
0.18
0.19
0.23
0.16
0.19
0.20
0.14
0.16
0.06
-0.01
0.02
-0.02
0.01
-0.07
-0.10
-0.14
-0.25
-0.21
-0.14
-0.21
-0.14
-0.12
-0.15
power
32
9.08
25.86
25.87
25.79
26.10
26.43
26.11
26.37
26.18
26.56
27.08
27.31
27.03
27.58
27.61
27.36
27.54
28.17
27.77
27.09
26.81
26.94
26.80
27.58
clear
11.95
0.37
0.29
0.30
0.31
0.35
0.29
0.20
0.24
0.31
0.29
0.36
0.37
0.36
0.20
0.18
0.31
0.23
0.25
0.24
0.33
0.50
0.43
0.47
power
34
10.75
30.28
30.63
31.09
30.73
31.00
30.61
30.65
31.17
31.31
31.49
31.33
31.50
31.43
30.83
30.88
30.47
30.29
30.45
31.07
31.21
30.32
30.30
30.75
clear
12.43
0.04
0.06
-0.11
-0.08
-0.01
-0.04
-0.04
-0.07
-0.03
0.02
0.08
-0.02
-0.01
-0.02
0.03
0.04
-0.03
-0.06
-0.08
-0.14
-0.10
-0.12
-0.12
power
36
10.10
35.32
35.75
35.73
35.63
35.31
35.24
35.89
36.38
36.67
36.49
36.41
36.07
35.77
35.87
35.71
36.17
35.84
35.86
36.17
35.80
36.49
37.83
36.50
clear
15.64
0.11
0.16
0.10
0.06
0.03
0.02
-0.04
-0.02
0.02
0.07
0.08
0.05
0.03
0.13
0.09
0.02
0.05
0.03
0.05
-0.02
0.03
0.08
0.02
power
38
13.07
40.29
40.35
40.20
41.14
41.27
41.12
41.24
41.02
41.97
42.06
41.72
41.79
41.90
41.70
41.27
41.94
42.36
42.17
41.69
41.75
42.59
41.91
41.53
clear
17.19
0.25
0.29
0.29
0.33
0.31
0.37
0.32
0.17
0.10
0.03
0.13
0.05
0.04
0.07
0.01
0.10
0.07
0.09
0.10
0.05
0.08
0.02
0.01
power
40
13.22
44.77
44.72
44.72
44.63
45.00
44.95
45.46
46.29
46.68
46.72
46.03
44.89
46.08
46.23
45.84
46.67
46.52
46.36
46.08
46.71
46.57
46.70
46.87
clear
18.82
0.25
0.22
0.15
0.20
0.24
0.24
0.23
0.34
0.53
0.56
0.50
0.53
0.65
0.59
0.63
0.63
0.52
0.47
0.50
0.39
0.35
0.30
0.38
power
42
12.98
50.21
50.11
50.25
50.31
50.24
50.96
50.82
50.45
51.91
50.87
50.60
51.38
51.06
50.93
50.51
51.86
51.65
51.01
51.27
50.71
50.98
49.95
50.07
clear
20.89
0.23
0.15
0.19
0.20
0.27
0.35
0.36
0.39
0.40
0.39
0.44
0.45
0.45
0.41
0.39
0.36
0.31
0.35
0.37
0.41
0.39
0.38
0.35
power
44
12.33
55.62
56.60
57.01
56.47
56.99
56.93
57.17
57.79
57.23
57.17
56.70
56.06
56.48
56.25
56.12
56.55
56.52
56.71
56.07
56.23
55.42
55.78
56.25
clear
22.36
-0.09
-0.06
-0.13
-0.08
-0.12
-0.20
-0.27
-0.24
-0.25
-0.27
-0.22
-0.13
-0.15
-0.14
-0.18
-0.18
-0.12
-0.07
-0.05
-0.20
-0.22
-0.26
-0.33
power
46
13.88
60.97
61.18
62.17
61.93
61.75
61.89
62.21
62.74
63.18
63.41
63.83
63.69
64.57
63.56
64.09
63.73
62.51
62.81
63.32
62.52
63.05
62.46
62.87
clear
24.89
0.50
0.58
0.62
0.61
0.65
0.59
0.53
0.49
0.49
0.42
0.32
0.29
0.34
0.20
0.20
0.21
0.27
0.27
0.32
0.29
0.35
0.36
0.36
power
48
18.20
68.05
68.69
68.86
68.80
68.59
68.51
68.43
68.96
69.03
69.32
69.62
69.06
69.57
69.57
69.90
69.98
70.17
69.28
69.04
68.93
69.28
69.33
70.25
clear
29.68
0.42
0.33
0.29
0.28
0.28
0.27
0.13
0.12
0.05
0.10
-0.00
0.06
0.02
-0.07
-0.03
0.11
0.03
-0.01
-0.02
-0.06
0.02
0.01
0.10
power
50
14.49
73.01
74.72
74.72
74.64
74.93
74.94
75.43
75.95
75.24
75.58
76.34
76.75
76.36
76.28
75.36
76.36
77.19
77.05
77.12
76.38
75.87
75.27
75.45
clear
30.81
0.31
0.36
0.34
0.34
0.29
0.27
0.26
0.19
0.08
0.10
0.12
0.11
0.04
0.05
0.09
0.07
0.03
0.04
0.07
0.02
0.02
0.05
0.15
power
52
19.08
79.86
80.91
80.39
80.63
81.44
81.92
82.09
82.26
81.56
82.76
82.74
81.75
80.89
80.69
80.86
81.33
81.79
83.14
83.09
81.86
81.45
80.69
81.41
clear
31.62
0.42
0.36
0.24
0.19
0.20
0.21
0.17
0.20
0.19
0.15
0.05
0.11
0.06
0.09
0.05
0.10
0.06
0.15
0.10
0.17
0.12
0.07
0.12
power
54
21.86
86.17
87.51
87.79
87.74
87.27
86.33
86.34
88.04
90.32
88.75
86.97
86.69
88.25
87.04
87.28
88.70
88.42
86.87
87.41
87.22
88.33
89.00
88.73
clear
37.58
0.26
0.26
0.23
0.18
0.15
0.15
0.14
0.08
0.13
0.13
0.06
0.10
0.03
0.07
0.07
0.09
0.13
0.04
0.02
0.10
0.08
-0.03
-0.05
power
56
25.01
93.50
93.77
93.70
93.79
94.74
94.64
94.38
94.31
93.83
93.16
95.14
94.59
93.62
93.60
95.00
96.43
96.06
93.56
93.90
96.11
95.06
94.51
95.37
clear
38.78
0.30
0.34
0.31
0.31
0.18
0.23
0.26
0.19
0.16
0.24
0.27
0.19
0.26
0.14
0.16
0.29
0.24
0.16
0.20
0.30
0.30
0.31
0.32
power
58
22.75
99.13
101.03
100.84
100.98
101.21
100.35
100.54
101.96
102.51
100.61
101.99
101.19
101.60
101.62
102.24
101.31
100.56
99.69
99.94
99.34
98.70
98.73
98.71
clear
38.60
-0.00
0.06
0.07
0.06
-0.07
0.08
0.03
0.02
-0.07
-0.19
-0.17
-0.16
-0.19
-0.15
-0.20
-0.33
-0.31
-0.20
-0.23
-0.30
-0.25
-0.27
-0.28
power
60
25.41
105.68
108.17
107.59
107.48
106.84
106.93
107.68
108.37
107.03
107.49
107.87
107.22
106.06
105.74
105.68
105.49
106.44
106.42
106.30
106.09
107.90
106.89
106.78
clear
45.56
0.34
0.41
0.48
0.53
0.41
0.37
0.33
0.28
0.23
0.18
0.36
0.25
0.34
0.37
0.35
0.42
0.28
0.34
0.36
0.28
0.34
0.22
0.29
power
62
27.92
113.71
114.34
112.24
113.25
112.91
115.55
115.53
114.62
113.24
112.37
112.48
113.29
112.86
113.26
113.19
113.58
112.22
111.90
111.69
111.44
111.61
112.29
112.97
clear
46.52
0.24
0.17
0.08
0.02
-0.02
-0.09
-0.18
-0.16
-0.17
-0.18
-0.11
-0.20
-0.17
-0.12
-0.15
-0.15
-0.12
-0.14
-0.34
-0.32
-0.32
-0.40
-0.44
power
64
24.77
118.34
120.38
119.61
119.62
121.38
120.10
120.00
119.97
119.70
120.05
120.81
122.56
121.65
120.43
119.59
120.14
120.81
121.31
121.75
122.07
121.47
120.72
120.43
clear
48.53
0.71
0.71
0.70
0.65
0.61
0.62
0.58
0.53
0.59
0.48
0.57
0.61
0.59
0.52
0.46
0.44
0.50
0.64
0.69
0.65
0.67
0.62
0.59
power
66
26.82
127.03
128.94
127.64
127.72
128.27
129.52
130.02
128.66
129.85
130.10
130.71
130.61
129.84
128.74
127.15
126.89
127.65
126.63
127.00
126.71
126.82
127.52
127.58
clear
49.77
-0.02
-0.01
0.05
0.01
-0.07
-0.08
-0.09
-0.16
-0.17
-0.22
-0.17
-0.13
-0.05
-0.01
-0.04
-0.06
-0.09
-0.08
-0.23
-0.12
-0.11
-0.14
-0.19
power
68
27.04
132.63
134.38
134.69
133.94
133.91
134.34
134.95
135.69
135.03
136.33
137.80
136.81
137.15
137.81
135.27
134.14
135.66
134.84
134.05
134.59
134.52
134.64
133.76
clear
56.32
0.15
0.29
0.30
0.33
0.35
0.35
0.33
0.45
0.31
0.16
0.10
0.17
0.24
0.21
0.25
0.18
0.29
0.29
0.31
0.25
0.26
0.26
0.31
power
70
28.23
141.09
142.79
141.97
141.84
141.75
142.40
142.03
141.76
141.42
141.93
141.32
141.34
141.06
141.59
142.12
141.06
141.00
141.13
141.51
141.16
140.69
140.38
139.85
clear
56.72
-0.08
0.03
0.09
0.08
0.05
0.08
0.02
-0.09
-0.06
-0.08
-0.14
-0.11
-0.13
-0.09
-0.03
-0.04
-0.08
-0.01
-0.04
-0.07
-0.01
-0.03
0.02
power
72
24.87
148.12
152.09
151.36
151.02
150.25
148.81
148.70
150.29
149.96
148.31
149.11
149.76
149.49
148.83
149.34
149.00
151.04
149.64
148.84
149.69
149.79
149.66
150.95
clear
64.78
-0.12
-0.01
-0.08
-0.10
-0.12
-0.09
-0.15
-0.20
-0.13
-0.22
-0.17
-0.32
-0.23
-0.28
-0.28
-0.20
-0.06
0.00
-0.14
-0.05
-0.01
-0.06
-0.15
power
74
34.15
156.63
160.04
159.47
158.67
157.99
156.94
157.35
158.00
157.25
157.10
157.32
157.01
157.00
157.13
157.52
157.09
157.47
156.37
155.77
156.15
155.92
154.98
155.81
clear
64.87
-0.00
0.02
0.06
0.05
0.10
0.17
0.14
0.15
0.08
0.16
0.09
0.10
0.12
0.11
-0.00
0.03
0.05
0.06
0.05
-0.01
0.01
0.06
0.09
power
76
28.31
163.59
167.25
167.51
166.82
165.67
165.05
165.97
165.66
165.01
164.84
164.25
163.66
163.38
163.72
164.10
163.99
163.91
163.86
164.44
164.86
164.63
163.93
164.21
clear
65.49
-0.07
-0.03
0.07
0.08
0.02
0.05
-0.01
-0.08
-0.12
-0.08
-0.07
-0.06
-0.11
-0.20
-0.18
-0.27
-0.26
-0.29
-0.19
-0.14
-0.15
-0.16
-0.27
power
78
22.74
171.01
177.31
176.16
175.83
177.58
178.33
177.10
176.77
175.29
175.40
174.65
174.57
175.02
174.73
174.94
173.83
172.52
174.56
174.84
175.55
174.28
174.71
173.51
clear
74.29
0.41
0.41
0.38
0.30
0.37
0.47
0.41
0.36
0.39
0.30
0.31
0.31
0.30
0.32
0.32
0.43
0.32
0.28
0.13
0.17
0.10
0.11
0.06
power
80
31.35
180.61
185.15
183.84
184.22
183.97
183.94
184.94
185.54
185.16
185.68
183.25
183.21
183.99
183.94
185.12
186.56
184.55
184.13
183.90
184.18
185.32
187.18
185.39
clear
75.03
0.21
0.22
0.36
0.35
