-0.03
-0.06
-0.04
-0.10
-0.01
-0.03
-0.08
-0.06
-0.10
power
6.92
0.01
0.02
0.07
0.01
0.01
0.02
0.04
0.04
0.03
0.02
-0.00
0.02
0.00
-0.01
0.02
-0.02
0.00
0.02
0.09
-0.00
-0.06
-0.01
-0.01
0.01
clear
-0.03
0.05
0.03
-0.01
0.02
-0.03
0.00
-0.00
0.02
0.07
-0.02
-0.02
-0.05
0.01
0.02
0.02
-0.02
-0.00
-0.01
0.01
-0.04
-0.03
0.01
-0.03
power
17.78
2.88
6.18
6.15
5.95
6.08
6.12
5.90
5.80
5.86
5.99
6.02
5.82
5.91
5.84
5.69
5.82
5.88
5.78
5.69
5.71
5.93
5.95
5.91
5.87
clear
2.34
-0.12
-0.12
-0.12
-0.16
-0.01
-0.03
0.01
-0.01
0.02
0.03
0.01
-0.01
0.06
0.03
0.00
0.03
0.04
0.03
-0.00
0.09
0.11
0.12
0.15
power
22.88
5.88
13.13
12.63
12.81
13.14
12.74
12.51
12.49
12.64
12.90
12.72
12.57
12.97
12.89
12.47
12.61
12.71
12.69
12.36
12.99
12.62
12.67
12.94
12.76
clear
4.79
0.06
0.04
0.09
0.08
0.06
0.09
0.11
0.17
0.19
0.16
0.22
0.19
0.20
0.22
0.25
0.25
0.29
0.24
0.21
0.18
0.18
0.14
0.19
power
27.59
8.55
22.51
22.26
22.33
21.91
22.83
22.83
22.45
22.88
22.44
22.69
22.50
22.21
22.74
21.89
22.43
22.22
22.10
21.90
22.49
22.57
22.43
22.82
22.10
clear
9.20
-0.00
0.05
0.07
0.10
0.10
0.09
0.14
0.14
0.13
0.18
0.23
0.26
0.29
0.28
0.24
0.25
0.27
0.26
0.27
0.24
0.25
0.25
0.28
power
30.74
8.67
28.70
28.36
29.66
28.70
28.55
28.23
28.32
28.21
28.49
28.21
28.64
29.30
29.57
28.45
29.11
28.59
28.75
29.78
29.20
28.14
28.69
28.60
27.92
clear
10.58
-0.13
-0.09
-0.05
-0.06
-0.07
-0.04
-0.02
0.02
0.02
0.07
0.00
0.06
-0.00
0.08
0.06
0.04
0.07
0.02
0.03
0.10
0.05
0.08
0.13
power
33.87
10.94
36.52
36.89
36.06
36.74
36.42
37.00
36.54
36.80
36.22
35.09
36.13
36.17
36.07
36.45
36.86
36.74
36.81
37.08
36.37
37.60
37.73
36.84
36.70
clear
14.98
-0.19
-0.15
-0.12
-0.14
-0.11
-0.03
-0.13
-0.07
-0.07
-0.07
-0.08
-0.03
-0.01
0.02
-0.01
-0.04
0.06
0.09
0.07
0.09
0.13
0.11
0.05
power
36.54
12.78
45.26
45.46
46.03
45.92
44.85
46.44
45.59
46.43
46.36
46.54
45.46
45.74
45.46
44.96
45.61
45.74
45.82
45.70
45.24
45.87
44.83
45.66
44.59
clear
17.23
-0.22
-0.14
-0.14
-0.10
-0.13
-0.10
-0.07
-0.06
-0.06
-0.05
-0.03
-0.05
0.00
0.00
0.04
0.10
0.03
-0.01
0.01
0.03
0.11
0.11
0.10
power
38.95
14.26
51.39
52.63
51.94
51.33
52.84
50.99
52.47
51.24
51.97
52.60
51.86
51.70
51.81
51.89
51.02
51.12
51.31
50.51
51.28
51.25
51.20
50.42
50.14
clear
19.50
-0.24
-0.27
-0.24
-0.21
-0.24
-0.21
-0.18
-0.18
-0.16
-0.12
-0.07
-0.08
-0.05
-0.06
-0.01
-0.01
0.04
0.02
0.05
0.02
0.02
0.13
0.12
power
41.37
9.55
60.78
62.57
62.64
61.66
61.41
60.73
60.86
61.85
61.38
61.07
60.92
61.19
60.95
60.37
60.73
60.37
60.17
60.02
60.39
59.28
60.31
59.65
59.41
clear
22.18
-0.36
-0.28
-0.26
-0.24
-0.22
-0.19
-0.16
-0.16
-0.12
-0.07
-0.04
0.00
-0.00
0.04
0.04
-0.00
0.08
0.07
0.06
0.09
0.08
0.16
0.14
power
43.53
17.33
68.63
68.27
68.91
68.30
68.53
68.21
68.02
67.76
68.51
68.33
66.94
67.48
66.67
68.06
67.30
67.60
66.02
67.15
66.50
67.83
65.96
67.86
66.69
clear
26.48
-0.21
-0.16
-0.15
-0.18
-0.14
-0.09
-0.07
0.00
-0.04
0.04
0.04
-0.02
0.07
0.05
0.13
0.18
0.14
0.23
0.23
0.23
0.14
0.19
0.23
power
45.37
11.22
74.83
75.23
75.07
74.61
75.38
74.20
73.52
74.06
73.95
74.31
74.03
74.72
74.92
75.33
75.51
75.60
75.23
74.83
74.67
74.21
75.68
75.19
74.23
clear
27.83
-0.19
-0.18
-0.18
-0.15
-0.09
-0.10
-0.04
-0.04
-0.05
0.07
0.06
0.08
0.10
0.13
0.12
0.11
0.14
0.15
0.16
0.16
0.24
0.24
0.20
power
47.23
24.26
83.71
83.91
82.20
82.64
82.29
81.38
81.61
79.87
81.20
81.14
80.79
81.24
83.19
80.98
82.38
82.21
82.45
82.68
82.22
81.92
82.05
79.91
80.02
clear
31.34
-0.36
-0.35
-0.33
-0.31
-0.29
-0.26
-0.26
-0.20
-0.10
-0.13
-0.07
-0.09
-0.08
-0.02
-0.03
-0.03
0.01
0.08
0.05
0.08
0.07
0.09
0.10
power
49.10
24.42
90.83
90.77
91.32
90.81
90.48
91.08
90.73
90.29
89.99
90.00
89.52
89.42
89.09
88.22
88.75
88.33
88.95
89.65
87.88
90.02
88.92
89.54
90.55
clear
36.36
-0.43
-0.41
-0.43
-0.40
-0.37
-0.34
-0.33
-0.28
-0.21
-0.28
-0.14
-0.15
-0.04
-0.10
-0.04
-0.01
-0.03
-0.03
-0.01
0.02
0.03
0.07
0.06
power
50.97
26.96
95.08
94.21
93.76
94.30
93.99
93.01
93.66
91.78
92.98
92.84
92.99
92.40
92.40
93.21
92.20
92.36
90.76
91.85
93.02
93.12
95.42
93.33
93.76
clear
36.43
-0.35
-0.26
-0.24
-0.16
-0.14
-0.12
-0.10
-0.08
-0.05
-0.07
-0.02
-0.01
0.00
-0.01
-0.00
0.06
0.07
0.07
0.07
0.09
0.15
0.16
0.19
power
52.70
27.88
102.32
104.05
102.98
102.19
101.14
100.92
101.31
100.02
100.00
100.97
101.55
102.37
102.93
101.05
100.88
100.93
99.21
100.33
99.03
99.62
101.79
101.58
101.18
clear
40.18
-0.40
-0.39
-0.32
-0.31
-0.29
-0.25
-0.20
-0.24
-0.25
-0.21
-0.11
-0.07
-0.04
-0.09
-0.06
-0.07
-0.05
-0.03
-0.02
0.03
0.04
0.06
0.00
power
54.17
27.18
111.02
111.10
110.41
110.48
111.62
110.85
109.89
110.31
109.65
110.69
109.60
109.51
110.53
109.68
109.71
109.99
110.74
108.60
109.75
110.65
109.78
110.79
109.11
clear
40.75
-0.37
-0.35
-0.35
-0.33
-0.34
-0.30
-0.19
-0.24
-0.23
-0.21
-0.19
-0.16
-0.10
-0.02
-0.05
-0.04
0.02
0.06
0.03
-0.03
-0.01
0.08
0.06
power
55.63
30.73
115.67
115.73
113.95
114.20
113.75
113.61
113.62
113.93
113.99
113.65
114.52
113.67
114.24
112.87
111.83
110.14
111.88
111.69
111.08
112.09
112.10
112.93
112.83
clear
45.36
-0.45
-0.45
-0.44
-0.31
-0.33
-0.30
-0.26
-0.20
-0.25
-0.17
-0.18
-0.11
-0.08
-0.08
-0.07
-0.03
-0.04
0.02
0.03
-0.06
-0.01
0.05
0.05
power
57.10
30.01
123.09
123.66
121.26
121.23
121.87
121.63
121.93
121.38
122.33
121.39
122.61
121.43
121.87
122.13
121.94
121.53
122.20
121.14
122.91
123.50
123.32
123.16
122.83
clear
45.93
-0.51
-0.48
-0.49
-0.40
-0.37
-0.35
-0.35
-0.27
-0.25
-0.19
-0.22
-0.13
-0.10
-0.12
-0.09
-0.12
-0.04
-0.05
-0.00
-0.01
-0.04
0.00
0.04
power
58.57
30.34
127.38
127.96
128.65
127.59
129.45
129.60
130.34
129.18
129.25
127.37
127.89
126.49
126.97
126.67
126.95
127.09
126.93
127.35
126.18
126.32
127.00
126.22
126.74
clear
49.30
-0.65
-0.50
-0.52
-0.49
-0.47
-0.45
-0.38
-0.34
-0.37
-0.36
-0.30
-0.31
-0.22
-0.27
-0.24
-0.26
-0.17
-0.14
-0.10
-0.08
-0.05
-0.02
-0.03
power
60.03
32.45
136.52
136.93
136.63
136.44
136.94
136.74
137.98
136.15
135.95
135.36
135.52
135.27
133.86
134.21
134.87
133.46
133.79
134.30
133.75
134.44
134.91
135.13
134.85
clear
49.94
-0.71
-0.60
-0.52
-0.60
-0.57
-0.53
-0.45
-0.46
-0.35
-0.33
-0.28
-0.29
-0.28
-0.22
-0.26
-0.14
-0.09
-0.15
-0.05
-0.07
-0.08
-0.05
0.02
power
61.35
27.32
140.64
139.75
139.36
140.84
140.47
140.16
140.55
140.49
140.60
140.55
139.31
138.04
138.64
137.56
138.32
136.86
137.21
138.15
136.87
136.28
137.78
136.23
138.51
clear
55.12
-0.71
-0.70
-0.59
-0.55
-0.56
-0.50
-0.47
-0.43
-0.42
-0.40
-0.35
-0.29
-0.32
-0.21
-0.26
-0.23
-0.17
-0.16
-0.15
-0.12
-0.14
-0.05
-0.15
power
62.58
33.98
143.37
146.30
144.14
145.51
145.32
143.18
142.87
143.04
143.67
142.41
142.43
141.91
140.86
141.89
143.71
142.62
142.10
142.38
141.96
141.01
141.30
142.13
140.90
clear
58.34
-0.64
-0.60
-0.56
-0.49
-0.53
-0.43
-0.38
-0.42
-0.36
-0.32
-0.26
-0.25
-0.23
-0.21
-0.14
-0.11
-0.09
-0.07
-0.08
-0.03
-0.04
-0.06
0.00
power
63.80
38.32
149.22
149.09
147.19
147.21
147.21
146.25
145.53
146.54
146.36
145.54
145.93
146.43
146.11
145.27
146.34
147.20
146.93
147.51
146.49
146.99
146.23
146.69
145.85
clear
57.36
-0.57
-0.55
-0.47
-0.46
-0.40
-0.39
-0.31
-0.28
-0.29
-0.17
-0.18
-0.24
-0.19
-0.08
-0.12
0.03
-0.03
-0.03
0.05
0.03
0.05
0.11
0.08
power
64.98
29.65
150.56
150.86
151.16
151.79
151.31
151.61
151.44
151.09
149.90
150.59
151.07
150.20
149.97
149.54
150.10
148.32
150.32
150.50
150.72
149.81
149.92
150.41
149.51
clear
61.34
-0.70
-0.61
-0.54
-0.56
-0.53
-0.47
-0.42
-0.45
-0.40
-0.41
-0.35
-0.24
-0.26
-0.18
-0.18
-0.15
-0.12
-0.04
-0.04
-0.05
-0.03
0.01
0.09
power
66.12
31.51
161.10
160.30
160.73
159.61
159.26
159.87
159.73
159.61
160.63
159.05
159.41
158.85
157.05
158.88
159.69
159.04
157.44
158.27
157.61
157.04
158.05
159.42
157.84
clear
60.36
-0.72
-0.62
-0.56
-0.61
-0.48
-0.46
-0.47
-0.36
-0.30
-0.32
-0.27
-0.24
-0.20
-0.15
-0.16
-0.16
-0.11
-0.12
-0.14
-0.03
0.04
-0.02
0.04
power
67.26
32.56
165.32
164.92
165.88
164.07
163.72
164.11
164.95
164.13
164.05
162.73
162.27
162.50
162.74
161.81
160.63
160.83
160.65
160.48
161.75
161.44
160.82
163.17
163.50
clear
65.22
-0.73
-0.65
-0.60
-0.57
-0.54
-0.49
-0.46
-0.44
-0.39
-0.39
-0.34
-0.30
-0.31
-0.25
-0.22
-0.18
-0.16
-0.13
-0.09
-0.00
-0.02
0.00
-0.05
power
68.47
15.10
163.05
167.73
167.51
168.07
168.40
169.13
166.71
167.45
167.21
164.82
165.33
163.64
162.51
162.59
165.42
166.66
167.08
165.34
166.62
164.55
165.27
165.96
167.72
clear
63.77
-0.66
-0.58
-0.52
-0.47
-0.41
-0.38
-0.39
-0.30
-0.37
-0.28
-0.25
-0.16
-0.17
-0.11
-0.11
-0.07
-0.06
-0.06
0.01
-0.01
0.04
0.05
0.09
power
69.99
40.17
172.56
172.88
172.23
172.28
172.85
172.56
172.24
171.96
170.78
170.33
170.78
171.30
172.40
172.64
172.15
172.01
170.38
170.12
169.91
169.83
171.39
170.45
170.67
clear
68.94
-0.74
-0.64
-0.62
-0.58
-0.62
-0.57
-0.54
-0.49
-0.46
-0.38
-0.41
-0.34
-0.36
-0.32
-0.30
-0.22
-0.24
-0.16
-0.13
-0.12
-0.10
-0.09
-0.03
power
71.50
38.52
181.17
182.13
182.02
182.04
180.36
180.17
179.65
180.28
179.74
179.92
178.23
178.50
177.89
180.60
180.08
180.42
178.19
178.50
179.14
179.21
178.86
181.35
178.91
clear
66.12
-0.80
-0.76
-0.74
-0.67
-0.69
-0.61
-0.56
-0.55
-0.52
-0.50
-0.40
-0.49
-0.33
-0.39
-0.30
-0.35
-0.27
-0.23
-0.24
-0.28
-0.22
-0.22
-0.18
power
73.02
44.44
189.92
190.85
190.36
191.10
189.02
188.72
189.05
188.76
186.64
185.40
185.48
185.23
186.52
187.24
184.80
185.26
184.51
184.61
184.30
186.48
186.89
187.51
189.30
clear
73.83
-0.58
-0.51
-0.50
-0.44
-0.43
-0.33
-0.28
-0.26
-0.25
-0.19
-0.12
-0.07
0.02
0.02
0.02
0.03
0.10
0.10
0.18
0.14
0.21
0.21
0.18
power
0.00
0.03
0.39
