0.01
0.08
0.09
0.09
0.11
0.18
0.07
-0.08
-0.28
-0.33
-0.09
-0.11
-0.20
-0.23
-0.53
-0.71
-0.84
-0.91
-1.00
-1.09
-1.05
-1.11
clear
-0.99
-0.80
-0.70
-0.46
-0.36
-0.20
-0.06
-0.04
0.00
0.06
0.48
0.58
0.56
0.63
0.75
0.81
0.88
0.93
0.87
0.88
0.96
0.73
0.58
0.25
power
3
-0.31
-0.49
-0.69
-0.82
-0.96
-0.99
-1.01
-1.02
-0.92
-1.00
-1.04
-1.11
-1.17
-1.20
-1.19
-1.23
-1.19
-1.14
-1.21
-1.26
-1.27
-1.28
-1.28
-1.38
clear
-1.52
-1.55
-1.61
-1.64
-1.72
-1.83
-1.86
-1.88
-1.90
-1.88
-1.86
-1.86
-1.96
-1.94
-1.93
-1.93
-2.02
-1.97
-2.01
-2.22
-2.32
-2.30
-2.24
-2.21
power
6
0.04
0.11
0.14
0.32
0.36
0.45
0.47
0.66
0.64
0.66
0.76
0.75
0.87
1.03
1.10
0.97
1.04
1.11
1.28
1.38
1.30
1.18
0.96
0.78
clear
0.75
0.75
0.70
0.77
0.58
0.54
0.54
0.52
0.48
0.40
0.37
0.50
0.49
0.63
0.59
0.43
0.29
0.24
0.14
0.15
0.03
-0.08
-0.17
-0.36
power
9
-0.01
-0.11
0.02
0.19
0.42
1.05
1.47
1.91
2.53
2.61
2.66
2.69
2.73
2.57
2.46
2.39
2.31
2.25
2.35
2.18
2.25
2.29
2.19
2.09
clear
2.04
1.95
1.75
1.63
1.55
1.56
1.59
1.60
1.66
1.52
1.47
1.45
1.66
1.71
1.80
1.95
1.87
1.61
1.39
1.22
1.14
1.12
1.11
0.96
power
12
-0.05
-0.23
-0.38
-0.36
-0.41
-0.41
-0.50
-0.57
-0.55
-0.56
-0.62
-0.61
-0.61
-0.74
-0.75
-0.69
-0.65
-0.79
-0.73
-0.69
-0.75
-0.79
-0.82
-0.85
clear
-0.91
-0.99
-0.99
-1.04
-1.10
-1.11
-1.22
-1.34
-1.36
-1.33
-1.35
-1.43
-1.42
-1.44
-1.44
-1.44
-1.37
-1.36
-1.27
-1.25
-1.19
-1.14
-1.15
-1.25
power
15
-0.05
0.09
0.27
0.38
0.70
0.67
0.45
0.42
0.56
0.58
0.66
0.58
0.74
0.77
0.83
0.87
0.92
0.86
0.69
0.44
0.53
0.39
0.26
0.11
clear
0.08
-0.12
-0.13
-0.12
-0.13
-0.21
-0.30
-0.32
-0.40
-0.45
-0.39
-0.31
-0.36
-0.43
-0.46
-0.65
-0.68
-0.62
-0.73
-0.68
-0.67
-0.71
-0.72
-0.54
power
18
0.32
0.66
0.83
0.76
0.91
0.98
0.96
1.03
1.03
1.07
1.00
1.00
1.03
1.15
1.15
1.10
1.23
1.38
1.51
1.42
1.43
1.60
1.74
1.86
clear
1.29
0.94
1.11
1.44
1.50
1.46
1.60
1.61
1.63
1.61
1.52
1.48
1.34
1.37
1.25
1.23
1.28
1.34
1.46
1.26
1.29
1.32
1.34
1.34
power
21
-0.26
-0.82
-0.75
-0.59
-0.49
-0.51
-0.71
-0.83
-1.00
-1.24
-1.20
-1.16
-1.08
-0.99
-0.88
-0.95
-1.06
-1.23
-1.23
-1.00
-1.11
-1.02
-1.05
-1.01
clear
-1.32
-1.43
-1.37
-1.41
-1.53
-1.46
-1.40
-1.53
-1.38
-1.40
-1.47
-1.39
-1.50
-1.40
-1.39
-1.58
-1.55
-1.51
-1.77
-1.63
-1.68
-1.57
-1.70
-1.77
power
24
-0.12
-0.36
-0.04
0.02
0.08
0.09
-0.09
-0.66
-0.64
-0.31
-0.47
-0.30
-0.49
-0.35
-0.23
-0.38
-0.31
-0.04
0.06
-0.02
-0.20
-0.12
-0.10
-0.14
clear
-0.44
-0.50
-0.36
-0.29
-0.13
-0.17
-0.02
-0.02
0.11
0.12
0.30
0.53
0.72
0.44
0.36
0.52
0.66
0.69
0.69
0.76
0.75
0.74
0.58
0.66
power
27
-0.09
-0.42
-0.10
0.53
0.25
-0.18
-0.22
-0.18
-0.44
-0.22
-0.25
-0.24
-0.23
-0.35
-0.26
-0.02
-0.18
-0.46
-0.64
-0.31
-0.06
-0.16
-0.45
-0.55
clear
0.39
1.22
1.25
1.30
1.26
1.26
1.17
1.10
1.12
1.11
1.12
1.12
1.12
1.13
1.04
0.98
0.90
0.66
0.56
0.54
0.54
0.46
0.54
0.60
power
30
0.13
1.26
1.67
1.91
1.74
1.78
1.79
1.50
1.62
1.70
2.20
1.86
1.73
1.80
1.81
1.73
2.06
2.06
1.72
1.89
2.15
2.12
2.21
2.07
clear
2.36
2.64
2.59
2.68
2.64
2.82
2.66
2.63
2.59
2.62
2.50
2.43
2.40
2.34
2.26
2.35
2.29
2.55
2.53
2.73
2.87
3.03
2.97
2.95
power
33
-0.70
2.20
2.94
2.94
2.96
2.91
2.72
2.10
2.50
1.78
1.94
2.12
2.24
2.27
2.37
2.20
2.25
2.32
2.38
2.32
2.28
2.64
3.04
2.92
clear
1.57
0.79
0.73
0.68
0.55
0.47
0.38
0.39
0.38
0.35
0.36
0.39
0.32
0.32
0.27
0.13
0.08
-0.13
-0.17
-0.26
-0.26
-0.35
-0.46
-0.38
power
36
0.52
3.86
4.63
4.84
4.98
4.67
4.72
5.25
5.45
5.02
5.34
5.51
5.35
4.91
5.08
5.45
5.83
5.83
6.04
6.23
5.81
5.69
5.57
5.68
clear
4.13
3.45
3.49
3.40
3.52
3.49
3.33
3.32
3.29
3.30
3.23
3.22
3.14
3.10
3.02
3.08
3.01
2.97
2.81
3.00
2.84
2.77
2.78
2.76
power
39
0.71
5.21
5.15
5.30
5.69
5.07
4.66
4.39
4.28
4.74
4.77
4.03
4.97
5.16
4.66
5.04
5.01
5.17
5.47
5.41
5.45
5.24
5.60
5.56
clear
3.84
2.31
2.25
2.23
2.21
2.17
2.11
2.21
2.11
2.14
2.14
2.11
2.11
2.01
2.30
2.29
2.19
2.09
1.89
1.71
1.65
1.53
1.44
1.44
power
42
0.28
4.69
5.92
6.54
6.88
6.87
6.93
6.57
6.20
6.68
4.94
5.71
6.78
7.90
7.84
7.08
6.90
6.17
6.70
7.16
6.65
6.86
6.02
6.22
clear
3.93
2.33
2.22
2.18
2.18
2.16
2.10
2.13
2.10
2.06
2.03
1.98
1.91
1.87
1.70
1.81
1.78
1.69
1.73
1.62
1.60
1.51
1.35
1.22
power
45
2.20
10.21
11.85
11.66
11.05
10.39
9.82
9.50
8.73
10.36
10.49
8.63
9.17
9.28
9.14
8.73
9.36
9.52
9.22
9.48
10.22
9.72
9.47
10.47
clear
5.40
1.65
1.52
1.49
1.39
1.47
1.41
1.34
1.36
1.33
1.27
1.13
1.11
1.00
1.10
1.03
0.92
0.87
0.79
0.83
0.81
0.73
0.73
0.71
power
48
2.93
12.32
12.56
13.65
13.36
13.24
14.06
13.45
13.48
14.32
14.32
12.57
14.11
13.67
13.30
13.01
12.29
12.60
13.58
13.81
13.83
14.24
14.58
14.51
clear
7.44
3.05
2.83
2.62
2.51
2.49
2.37
2.26
2.22
2.18
2.15
2.10
2.06
2.03
1.92
2.10
2.05
2.03
1.91
1.84
1.76
1.73
1.62
1.47
power
51
2.07
16.15
16.77
16.65
17.15
17.59
16.66
17.26
16.86
16.63
17.27
17.02
16.74
16.12
17.00
16.57
16.17
17.64
17.12
17.94
17.29
16.94
17.36
17.75
clear
9.20
2.90
2.61
2.56
2.44
2.39
2.30
2.25
2.08
2.04
1.95
1.89
1.82
1.79
1.60
1.54
1.52
1.46
1.49
1.41
1.32
1.35
1.32
1.32
power
54
2.24
19.45
20.21
20.88
20.80
19.02
18.11
18.72
19.93
19.80
18.47
20.33
22.28
21.77
22.20
22.19
21.98
21.56
21.02
20.69
21.65
22.24
21.04
22.16
clear
9.71
2.40
2.27
2.23
2.20
2.10
2.09
2.01
1.92
1.81
1.78
1.71
1.61
1.55
1.53
1.46
1.46
1.37
1.33
1.30
1.12
1.19
1.28
1.37
power
57
3.11
23.30
25.73
26.46
27.14
26.70
26.10
27.25
26.87
27.76
26.41
25.32
25.80
26.85
25.70
26.64
24.61
25.77
25.22
25.87
26.89
26.38
27.56
27.39
clear
13.57
2.73
2.59
2.44
2.31
2.21
2.08
1.86
1.78
1.67
1.62
1.53
1.53
1.47
1.36
1.34
1.27
1.22
1.19
1.15
1.18
1.08
1.11
1.10
power
60
1.68
30.89
32.43
32.10
33.85
32.82
31.58
32.12
33.85
33.88
32.99
32.59
33.14
32.93
32.66
32.72
33.44
33.10
35.74
35.22
33.37
31.11
30.36
33.31
clear
16.69
3.11
2.79
2.64
2.57
2.46
2.38
2.34
2.28
2.25
2.24
2.24
2.16
2.17
2.15
2.13
2.11
2.15
2.12
2.08
2.04
2.02
1.94
1.81
power
63
6.71
38.52
40.44
40.15
42.24
41.77
41.34
41.89
41.57
42.42
44.14
43.47
43.17
43.14
44.18
42.97
42.11
41.08
41.47
42.39
41.30
40.49
41.63
40.62
clear
18.21
3.91
3.70
3.60
3.49
3.48
3.37
3.37
3.35
3.26
3.21
3.23
3.10
3.17
3.12
3.14
3.08
3.07
3.10
3.13
3.18
3.00
2.94
2.89
power
66
4.49
47.01
53.28
50.20
48.36
48.87
48.69
49.67
52.28
51.20
50.55
48.87
49.98
52.31
52.07
50.21
49.68
49.91
50.41
49.43
50.27
49.03
48.73
51.39
clear
19.01
1.02
0.98
1.11
1.18
1.20
1.17
1.22
1.17
1.25
1.14
1.26
1.23
1.27
1.28
1.31
1.37
1.28
1.35
1.33
1.32
1.26
1.32
1.30
power
69
8.01
51.01
56.16
57.42
59.98
58.81
57.19
57.57
58.06
57.82
58.66
58.93
56.77
57.69
58.38
57.59
58.57
59.06
60.30
58.15
59.28
58.51
59.33
56.91
clear
22.70
-0.47
-0.30
-0.16
-0.15
-0.11
-0.10
-0.02
0.00
-0.06
-0.00
-0.00
0.10
0.06
0.14
0.30
0.40
0.45
0.53
0.69
0.67
0.71
0.70
0.72
power
72
10.26
62.90
66.74
67.20
65.87
68.92
67.15
71.54
69.85
69.00
67.12
68.22
67.29
65.65
69.16
70.31
69.25
66.88
61.56
62.45
61.19
63.25
64.83
64.89
clear
8.96
-31.71
-30.78
-30.24
-29.83
-29.50
-29.06
-28.89
-28.66
-28.59
-25.49
-19.06
-16.16
-16.62
-17.00
-17.44
-17.83
-17.61
-17.81
-19.92
-21.54
-23.47
-23.87
-24.15
