-6.13
-6.13
-6.24
-6.19
-6.24
clear
-6.24
-6.23
-6.16
-6.14
-6.11
-6.16
-6.15
-6.20
-6.19
-6.28
-6.25
-6.27
-6.27
-6.21
-6.29
-6.25
-6.21
-6.18
-6.23
-6.26
-6.30
-6.35
-6.43
-6.34
power
2
0.03
-0.03
0.03
-0.03
0.00
0.05
0.07
0.05
0.15
0.16
0.29
0.22
0.29
0.34
0.32
0.22
0.24
0.26
0.21
0.28
0.25
0.30
0.23
0.26
clear
0.16
0.10
0.12
0.07
0.23
0.26
0.21
0.20
0.24
0.16
0.18
0.15
0.11
0.13
0.10
0.09
0.15
0.15
0.23
0.26
0.29
0.31
0.33
0.29
power
4
0.18
0.16
0.12
0.09
0.09
0.06
0.07
0.11
0.17
0.12
0.09
0.05
0.05
-0.00
-0.04
-0.11
-0.12
-0.23
-0.24
-0.23
-0.27
-0.25
-0.14
-0.19
clear
-0.29
-0.26
-0.21
-0.35
-0.36
-0.35
-0.47
-0.53
-0.63
-0.72
-0.71
-0.70
-0.69
-0.70
-0.80
-0.81
-0.64
-0.61
-0.49
-0.56
-0.58
-0.59
-0.62
-0.66
power
6
0.01
0.04
0.04
-0.14
-0.12
-0.19
-0.22
-0.27
-0.29
-0.25
-0.31
-0.31
-0.32
-0.16
-0.19
-0.22
-0.20
-0.10
-0.05
-0.12
-0.16
-0.14
-0.07
0.02
clear
-0.03
0.09
0.19
0.23
0.18
0.23
0.09
0.11
0.08
0.18
0.24
0.22
0.24
0.18
0.15
0.18
0.18
0.15
0.07
0.10
0.13
0.11
0.13
0.10
power
8
-0.21
-0.12
-0.01
-0.15
-0.34
-0.79
-0.47
0.43
0.37
0.24
1.24
1.50
1.61
1.59
1.60
2.87
2.81
2.88
2.81
2.93
2.90
3.18
3.15
3.01
clear
3.06
3.15
3.09
3.20
3.17
3.08
3.10
2.99
3.12
3.15
3.24
3.18
3.22
3.11
3.08
3.04
3.00
3.04
3.04
3.06
3.11
3.19
3.20
3.06
power
10
0.08
0.13
-0.13
-0.25
-0.44
-0.43
-0.48
-0.58
-0.62
-0.64
-0.66
-0.63
-0.59
-0.60
-0.44
-0.41
-0.40
-0.47
-0.49
-0.54
-0.53
-0.49
-0.47
-0.47
clear
-0.33
-0.31
-0.36
-0.39
-0.45
-0.49
-0.55
-0.56
-0.40
-0.39
-0.36
-0.36
-0.31
-0.36
-0.24
-0.21
-0.31
-0.39
-0.35
-0.39
-0.36
-0.33
-0.38
-0.29
power
12
0.06
0.08
0.09
0.07
0.03
0.16
0.21
0.33
0.36
0.43
0.57
0.56
0.49
0.57
0.53
0.60
0.61
0.60
0.58
0.49
0.52
0.47
0.54
0.60
clear
0.65
0.55
0.63
0.61
0.58
0.57
0.64
0.51
0.49
0.43
0.45
0.31
0.29
0.32
0.18
0.19
0.15
0.15
0.16
0.04
0.02
-0.01
-0.00
0.06
power
14
-0.01
0.22
0.22
0.26
0.28
0.41
0.35
0.33
0.46
0.57
0.62
0.64
0.63
0.55
0.48
0.52
0.39
0.33
0.34
0.30
0.24
0.25
0.28
0.28
clear
0.28
0.05
0.02
-0.01
0.06
0.10
0.06
-0.03
0.01
-0.01
-0.12
-0.12
-0.13
-0.14
-0.14
-0.17
-0.29
-0.21
-0.19
-0.26
-0.28
-0.23
-0.14
0.00
power
16
0.05
0.22
0.21
0.29
0.15
0.16
0.22
0.43
0.35
0.36
0.38
0.35
0.22
0.23
0.29
0.20
0.22
0.20
0.23
0.36
0.42
0.33
0.42
0.46
clear
0.36
0.15
0.16
0.23
0.26
0.24
0.12
0.03
0.02
-0.10
-0.13
-0.15
-0.19
-0.25
-0.37
-0.27
-0.25
-0.26
-0.19
-0.12
-0.21
-0.26
-0.23
-0.26
power
18
0.18
0.54
0.55
0.70
0.83
0.75
0.74
0.74
0.67
0.68
0.56
0.78
0.92
1.00
1.13
0.97
1.09
1.09
1.08
1.09
1.00
1.01
1.12
1.18
clear
1.25
1.03
1.03
0.99
1.06
0.99
1.01
1.01
1.01
1.02
0.90
0.80
0.71
0.69
0.67
0.70
0.60
0.57
0.56
0.55
0.52
0.64
0.63
0.58
power
20
0.39
0.81
0.72
0.87
0.85
0.83
0.79
0.76
0.82
0.83
0.68
0.52
0.63
0.60
0.72
0.60
0.74
0.65
0.59
0.60
0.69
0.78
0.84
0.79
clear
0.82
0.67
0.65
0.67
0.64
0.58
0.63
0.64
0.65
0.74
0.63
0.51
0.51
0.40
0.27
0.34
0.42
0.49
0.49
0.46
0.47
0.49
0.43
0.40
power
22
0.25
0.26
0.39
0.42
0.32
0.28
0.40
0.25
0.22
0.30
0.16
0.09
0.12
0.18
0.21
0.32
0.39
0.49
0.42
0.36
0.37
0.33
0.36
0.23
clear
1.08
1.20
1.30
1.32
1.37
1.38
1.53
1.70
1.64
1.63
1.50
1.52
1.44
1.41
1.41
1.29
1.24
1.23
1.32
1.38
1.18
1.21
1.30
1.24
power
24
-0.56
-0.85
-0.92
-0.91
-0.96
-0.91
-1.01
-1.08
-1.08
-1.06
-1.01
-1.09
-0.98
-0.97
-1.04
-1.01
-1.00
-0.85
-0.89
-0.75
-0.92
-0.80
-0.82
-0.83
clear
-0.43
-0.37
-0.42
-0.35
-0.43
-0.51
-0.57
-0.70
-0.79
-0.84
-0.94
-0.97
-1.00
-0.98
-0.96
-0.93
-0.91
-0.87
-0.78
-0.71
-0.60
-0.49
-0.51
-0.59
power
26
0.15
1.13
1.13
0.97
0.96
0.72
0.77
0.62
0.56
0.40
0.41
0.51
0.41
0.39
0.22
0.10
0.15
0.09
0.00
-0.09
0.12
0.30
0.07
0.10
clear
0.68
0.83
0.75
0.65
0.59
0.65
0.66
0.60
0.69
0.72
0.65
0.61
0.55
0.53
0.46
0.45
0.39
0.27
0.23
0.16
0.14
0.25
0.32
0.44
power
28
0.46
1.67
1.58
1.52
1.47
1.28
1.28
1.22
1.22
1.18
1.25
1.27
1.27
1.15
1.20
1.36
1.36
1.18
1.12
1.30
1.44
1.39
1.34
1.55
clear
2.39
2.89
2.86
2.74
2.68
2.71
2.82
2.72
2.67
2.50
2.46
2.38
2.30
2.22
2.16
2.24
2.35
2.40
2.37
2.28
2.29
2.12
1.96
1.93
power
30
-1.20
-1.08
-1.14
-1.09
-1.01
-1.07
-1.04
-1.00
-1.00
-1.14
-1.27
-0.88
-1.14
-1.04
-0.87
-0.86
-0.62
-0.62
-0.47
-0.41
-0.54
-0.66
-0.70
-0.62
clear
1.05
2.23
2.13
2.01
1.94
1.94
1.92
1.94
1.95
1.93
1.80
1.78
1.78
1.76
1.67
1.80
1.79
1.63
1.71
1.72
1.68
1.66
1.62
1.62
power
32
-2.37
-3.93
-3.93
-3.80
-3.79
-3.97
-4.07
-3.88
-3.75
-3.80
-3.68
-3.84
-3.83
-3.69
-3.77
-3.75
-3.67
-3.46
-3.72
-4.11
-4.04
-4.01
-3.62
-3.57
clear
-0.26
1.59
1.36
1.25
1.21
1.19
1.30
1.33
1.06
1.08
1.20
1.23
1.34
1.46
1.51
1.66
1.85
1.94
2.03
1.95
1.95
1.90
1.86
1.79
power
34
-1.21
-0.91
-0.70
-0.66
-0.74
-0.67
-0.62
-0.64
-0.76
-0.65
-0.91
-0.90
-0.65
-0.64
-0.56
-0.53
-0.66
-0.53
-0.48
-0.60
-0.96
-0.91
-0.84
-1.05
clear
0.82
2.06
2.13
1.96
1.78
1.73
1.64
1.50
1.49
1.46
1.47
1.61
1.64
1.62
1.64
1.53
1.61
1.62
1.62
1.59
1.46
1.36
1.38
1.30
power
36
-3.94
-31.80
-34.59
-34.60
-34.34
-34.20
-34.50
-34.66
-34.58
-34.67
-34.82
-34.73
-34.71
-34.68
-34.69
-34.88
-34.86
-34.66
-34.58
-34.28
-34.66
-34.54
-34.60
-34.45
clear
-29.14
-24.08
-24.53
-25.26
-25.45
-25.73
-25.26
-26.55
-25.51
-26.27
-26.15
-27.24
-27.30
-26.65
-26.80
-26.91
-27.35
-28.08
-28.58
-29.17
-30.07
-30.43
-30.45
-30.46
power
38
-0.01
22.30
0.62
-2.19
-1.98
-2.21
-2.41
-2.50
-2.47
-2.25
-1.99
-2.05
-2.25
-2.00
-2.28
-2.52
-2.79
-2.73
-2.50
-2.72
-2.43
-2.34
-2.45
-2.58
clear
1.89
4.04
3.76
3.65
3.68
3.49
3.08
3.21
3.36
3.74
3.67
4.15
5.13
4.60
3.92
3.81
3.69
4.24
4.66
4.78
3.86
3.45
3.10
3.90
power
40
-0.03
22.03
22.40
22.29
22.45
21.98
14.32
-4.92
-6.27
-6.19
-6.34
-6.75
-6.16
-5.90
-5.01
-4.40
-4.73
-4.47
-4.44
-4.57
-4.39
-4.56
-4.23
-5.09
clear
0.95
3.38
5.45
5.33
5.99
4.40
4.25
3.76
3.87
4.33
6.47
4.19
5.87
6.61
4.97
4.65
4.39
4.16
4.50
5.34
5.23
5.03
4.91
6.01
power
42
-1.45
-9.26
-11.91
-13.54
-17.59
-80.67
-134.53
-124.39
-124.99
-121.32
-116.52
-109.56
-105.26
-105.04
-55.42
14.97
15.17
15.15
15.23
14.88
14.24
14.36
14.23
14.24
clear
-34.08
-100.58
-110.19
-112.62
-97.91
-104.87
-88.86
-81.31
-77.59
-70.76
-64.61
-41.91
-65.30
-67.80
-82.04
-75.72
-75.42
-72.17
-56.11
-60.15
-62.28
-62.34
-45.02
-49.43
power
44
-8.36
-59.96
-39.28
50.06
63.18
63.17
63.04
63.25
63.26
62.85
63.02
63.09
63.07
63.60
63.44
63.27
63.77
63.46
63.23
63.33
63.49
63.31
63.36
62.18
clear
54.43
69.31
69.26
69.05
69.01
68.94
68.85
68.81
68.81
68.75
68.62
68.59
68.67
68.85
69.16
69.19
69.13
69.11
69.01
68.92
68.91
68.89
68.94
68.92
power
46
-1.56
-4.11
-3.99
-3.99
-4.21
-4.19
-4.39
-4.31
-4.90
-8.07
-10.42
-11.41
-11.14
-10.93
-10.84
-11.13
-11.04
-11.36
-11.30
-11.31
-11.76
-11.93
-11.41
-11.25
clear
-14.76
-5.86
-3.98
-4.46
-6.39
-8.58
-9.61
-10.85
-11.58
-11.61
-11.74
-11.86
-11.70
-11.54
-11.50
-11.46
-11.41
-11.41
-11.18
-11.21
-11.06
-11.15
-11.11
-11.27
power
48
-0.93
9.69
10.05
9.87
9.81
10.13
10.10
10.02
9.85
9.35
8.87
9.35
9.12
9.23
9.25
9.33
9.49
9.35
9.24
8.92
7.95
8.25
8.28
8.59
clear
9.31
10.52
10.35
10.24
10.20
10.23
10.17
10.23
10.30
10.29
10.21
10.21
10.20
10.26
10.32
10.46
10.56
10.67
10.68
10.62
10.60
10.60
10.68
10.60
power
50
-0.56
2.17
3.77
3.73
3.69
3.62
2.84
2.91
2.40
2.59
1.57
2.77
2.96
2.64
3.03
3.14
2.87
2.58
2.57
2.56
2.21
2.12
2.60
2.61
clear
0.79
-0.36
-8.36
-121.04
-143.23
-137.46
-131.97
-121.26
-114.88
-122.49
-126.57
-128.21
-126.32
-122.30
-123.35
-120.25
-118.66
-119.70
-120.81
-122.77
-119.56
-114.54
-117.69
-106.78
power
52
16.33
110.54
110.83
111.40
111.38
111.29
111.36
111.54
111.43
111.30
110.34
110.00
110.23
109.50
110.18
110.73
110.61
110.00
109.21
109.22
108.74
108.96
108.84
109.18
clear
106.87
107.08
107.03
106.90
106.78
106.81
106.79
106.74
106.66
106.60
106.60
106.57
106.52
106.50
106.56
106.56
106.54
106.55
106.68
106.74
106.82
106.84
106.81
106.76
power
54
1.19
7.75
8.76
8.74
8.89
8.46
8.43
8.95
8.96
8.93
8.13
8.19
7.93
9.29
9.15
8.46
8.56
8.08
8.11
9.41
9.63
9.16
9.23
9.43
clear
3.86
2.38
2.22
2.13
2.08
2.00
1.84
1.83
1.75
1.68
1.65
1.64
1.64
1.67
1.72
1.72
1.66
1.60
1.65
1.57
1.61
1.72
1.75
1.75
power
56
-0.91
9.76
10.76
11.04
10.93
11.25
10.58
10.59
10.45
9.73
9.82
9.88
9.59
9.65
10.17
10.58
9.94
10.01
10.24
10.46
11.07
11.30
11.28
11.35
clear
4.22
3.39
3.24
3.05
2.95
2.87
2.77
2.55
2.39
2.28
2.21
2.06
2.06
1.95
2.02
2.07
2.12
2.22
2.28
2.31
2.26
2.35
2.53
2.43
power
58
2.08
11.55
12.13
12.47
11.95
12.09
12.28
12.16
12.13
12.25
13.30
13.28
12.73
11.70
11.71
11.73
12.02
12.97
13.58
13.32
13.54
13.50
13.12
12.89
clear
3.22
-0.50
-0.89
-1.07
-1.17
-1.44
-1.57
-1.60
-1.67
-1.69
-1.74
-1.81
-1.86
-1.87
-1.88
-1.94
-1.90
-1.87
-1.82
-1.88
-1.81
-1.79
-1.77
-1.79
power
60
2.52
16.14
16.97
16.99
16.82
16.26
16.29
16.50
15.75
17.15
17.43
17.04
16.37
16.84
17.82
18.14
17.59
18.10
17.09
16.57
16.87
16.10
16.51
17.44
clear
6.46
2.18
1.75
1.40
1.28
1.14
0.95
-0.43
-4.74
-5.69
-5.72
-5.81
-5.88
-5.99
-6.03
-6.13
-6.19
-6.27
-5.29
-3.41
-3.55
-2.67
-1.36
-3.24
power
62
4.12
43.80
46.19
47.44
47.40
47.10
45.88
45.91
46.18
45.73
45.81
46.45
47.20
47.08
46.49
45.87
45.15
44.86
45.72
47.08
47.70
45.75
45.17
45.75
clear
20.82
2.75
2.94
2.75
2.29
2.24
2.21
-2.11
-6.70
-7.22
-7.35
-7.37
-7.16
-7.40
-10.01
-10.97
-10.86
-11.04
-10.58
-8.34
-5.00
-3.12
-2.65
-2.95
power
64
9.13
50.01
51.10
52.25
51.27
49.75
49.00
48.61
47.60
49.29
48.60
47.94
47.64
47.97
48.14
48.88
48.03
48.15
50.11
50.06
50.13
49.67
49.55
50.65
clear
24.35
2.40
2.69
3.21
2.78
2.26
1.89
2.02
2.10
2.13
2.17
2.57
3.00
3.09
2.30
1.30
2.29
2.90
2.94
2.79
2.54
3.29
3.54
3.40
power
66
6.48
52.39
54.04
54.53
54.25
53.76
53.30
53.37
53.02
52.19
54.92
53.83
54.84
55.41
54.52
55.34
54.46
53.59
54.24
54.12
53.44
53.20
53.71
53.20
clear
22.13
1.50
-0.75
-0.16
-0.13
-1.68
-2.11
-2.65
-0.60
-8.40
-8.31
-7.91
-8.63
-9.53
-9.49
-10.25
-10.98
-11.59
-11.06
-10.78
-11.47
-9.35
-7.68
-7.52
power
68
8.01
54.76
56.37
56.88
56.76
55.07
54.85
53.95
53.21
55.03
53.10
53.51
52.94
52.51
52.44
53.24
53.52
54.53
54.98
56.27
54.11
54.61
55.28
53.64
clear
29.64
16.60
16.43
16.27
16.16
16.04
15.96
15.83
15.76
15.76
14.88
5.86
2.43
2.63
2.67
2.93
3.21
4.53
3.48
4.50
4.94
6.44
7.04
6.49
power
70
9.09
58.48
58.43
58.00
58.06
58.50
57.53
56.98
56.53
56.61
55.66
55.88
56.47
58.11
57.30
57.45
57.44
58.18
57.67
56.20
56.27
57.03
55.88
56.26
clear
27.08
1.15
-0.28
-0.36
-0.28
-0.30
0.29
1.98
1.81
1.05
0.69
0.86
0.89
-0.05
-0.84
-1.46
-1.85
-1.96
-2.18
-2.19
-2.30
-2.44
-2.06
-2.03
power
72
8.41
62.37
64.63
65.68
65.06
64.55
64.15
63.81
62.06
62.64
61.93
