-0.65
-0.75
-0.65
-0.67
-0.57
-0.50
-0.64
-0.51
-0.61
-0.41
-0.52
clear
-0.54
-0.51
-0.20
-0.29
-0.27
-0.13
-0.21
-0.16
-0.10
-0.03
0.37
0.55
0.45
0.00
0.05
0.19
0.22
0.73
1.02
0.95
0.69
0.61
0.68
0.56
power
2
0.16
0.25
-0.01
-0.22
-0.19
-0.04
-0.00
-0.19
-0.17
-0.09
-0.11
-0.04
0.22
0.17
0.14
0.07
0.20
0.23
0.08
-0.04
-0.01
-0.01
0.09
0.10
clear
0.04
0.07
0.42
0.52
0.23
0.03
-0.04
0.08
0.10
0.20
0.24
0.13
0.08
0.23
0.57
0.48
0.16
0.20
0.16
0.07
-0.00
0.22
0.23
0.28
power
4
0.10
0.06
0.08
-0.16
-0.17
-0.01
-0.02
-0.12
-0.06
0.26
0.17
-0.06
-0.29
-0.27
-0.13
-0.13
-0.03
-0.10
0.01
0.01
0.05
-0.00
-0.07
0.05
clear
0.04
-0.11
-0.02
-0.03
0.05
0.06
0.26
0.29
0.27
0.10
0.01
-0.05
0.03
0.14
0.15
0.03
0.03
-0.16
-0.19
-0.25
-0.26
-0.22
-0.12
0.02
power
6
-0.03
-0.00
0.02
-0.01
-0.08
-0.14
-0.08
-0.12
-0.16
-0.09
-0.05
-0.09
0.05
0.36
0.07
-0.03
0.25
0.19
-0.02
0.23
0.19
0.21
0.09
0.01
clear
-0.07
-0.14
-0.16
-0.17
0.14
0.21
-0.09
-0.09
0.07
0.17
0.20
0.13
0.23
0.14
0.25
0.17
0.11
0.08
0.10
0.07
0.16
0.23
0.21
0.20
power
8
0.15
0.25
0.88
1.34
1.44
-0.41
1.08
0.26
-0.35
-0.11
2.00
-0.48
-0.43
-0.09
2.03
-0.15
-0.51
-0.30
-0.20
-0.10
1.94
-0.42
-0.34
-0.25
clear
-0.25
-0.14
-0.19
-0.12
-0.27
-0.23
-0.15
-0.09
-0.22
-0.28
-0.16
-0.05
-0.06
-0.08
0.20
0.22
-0.16
-0.31
-0.43
-0.47
-0.44
-0.34
-0.37
-0.32
power
10
0.18
0.30
0.38
0.28
0.12
-0.13
-0.19
0.08
0.20
0.08
0.10
-0.07
-0.05
0.20
0.11
0.07
0.20
0.04
-0.09
-0.07
-0.00
-0.02
-0.05
0.21
clear
0.00
-0.17
0.01
-0.01
-0.18
-0.16
-0.32
-0.46
-0.23
-0.03
0.09
0.02
-0.06
-0.16
-0.03
-0.05
-0.14
-0.12
-0.25
-0.37
-0.29
-0.11
-0.17
-0.07
power
12
0.62
0.98
0.84
0.82
0.92
0.68
0.36
0.34
0.19
0.32
0.57
0.46
0.27
0.12
0.23
0.25
0.41
0.50
0.60
0.71
0.58
0.64
0.53
0.40
clear
-0.24
-0.61
-0.41
-0.17
-0.20
-0.27
-0.51
-0.35
-0.43
-0.54
-0.61
-0.47
-0.35
-0.26
-0.33
-0.54
-0.61
-0.67
-0.72
-0.55
-0.54
-0.51
-0.52
-0.55
power
14
1.23
2.92
2.79
2.51
2.55
2.53
2.56
2.70
2.65
2.67
2.71
2.98
3.04
3.00
2.94
2.84
3.08
3.23
3.15
3.17
2.98
2.91
3.15
3.07
clear
1.79
1.04
1.31
1.22
1.26
1.10
1.04
0.98
0.83
0.80
0.67
0.72
0.83
0.89
0.78
0.56
0.52
0.62
0.54
0.52
0.63
0.59
0.49
0.51
power
16
1.22
3.64
3.67
3.60
3.60
3.57
3.91
4.21
4.50
4.71
4.88
5.02
4.90
4.85
4.97
4.85
4.80
4.91
4.94
4.87
4.81
4.90
5.09
5.05
clear
2.62
1.02
0.98
1.01
0.85
0.78
0.74
0.47
0.38
0.34
0.50
0.10
0.03
-0.10
-0.14
-0.10
-0.19
0.03
0.14
0.05
-0.08
-0.09
0.09
0.13
power
18
2.14
5.22
5.43
5.48
5.61
5.72
5.57
5.51
5.47
5.63
5.57
5.70
5.71
5.82
5.78
5.79
5.82
5.93
6.09
6.12
6.09
5.86
5.90
5.92
clear
2.47
0.23
0.26
0.46
0.33
-0.02
-0.02
0.12
0.02
0.35
0.38
0.07
0.10
-0.01
-0.07
-0.23
-0.27
-0.30
-0.53
-0.55
-0.36
-0.25
-0.29
-0.43
power
20
3.07
7.46
7.86
7.97
7.78
7.64
7.66
7.90
8.60
8.55
8.36
8.51
8.66
8.46
8.52
8.86
9.25
9.30
9.31
9.28
9.16
8.84
8.70
8.70
clear
4.00
0.88
1.00
0.85
0.91
0.67
0.64
0.43
0.73
0.76
0.61
0.59
0.43
0.44
0.19
0.24
0.20
0.03
-0.02
0.10
0.13
0.09
0.29
0.38
power
22
3.82
9.13
8.92
9.12
8.99
9.17
9.57
9.93
10.62
10.62
10.59
10.49
10.24
9.73
9.66
9.82
9.75
10.67
10.51
10.43
10.33
10.49
10.70
10.44
clear
4.38
0.40
0.45
0.37
0.34
0.35
0.37
0.51
0.68
0.49
0.14
0.16
0.25
0.01
-0.14
-0.18
-0.16
-0.00
-0.11
-0.13
-0.07
-0.26
-0.13
-0.14
power
24
5.86
12.65
12.00
11.69
12.04
12.58
12.58
12.32
12.55
12.81
13.25
13.06
12.95
12.84
12.94
13.33
14.21
14.17
13.49
13.09
13.09
13.39
13.65
13.77
clear
5.49
0.81
0.95
0.71
0.64
0.80
0.73
0.71
0.68
0.55
0.46
0.50
0.43
0.37
0.38
0.14
0.12
0.22
0.27
0.26
0.43
0.34
0.31
0.38
power
26
4.87
14.85
14.67
14.61
14.66
14.55
14.53
14.71
15.11
15.69
15.65
15.21
14.94
14.78
14.89
14.46
14.85
15.47
16.16
15.97
15.97
16.32
15.90
15.50
clear
5.88
0.48
0.60
0.24
0.18
0.27
0.37
0.10
-0.17
-0.19
-0.25
-0.09
-0.18
-0.51
-0.56
-0.46
-0.58
-0.64
-0.62
-0.52
-0.60
-0.61
-0.53
-0.41
power
28
5.39
18.49
18.07
18.11
19.24
19.56
19.30
19.37
18.81
18.87
19.48
19.60
19.07
18.64
18.43
18.62
18.49
18.85
19.35
19.79
19.76
19.62
19.35
19.10
clear
7.70
0.27
0.35
0.50
0.62
0.70
0.59
0.28
0.23
0.03
-0.02
-0.07
-0.29
-0.23
-0.35
-0.28
-0.18
-0.13
-0.02
-0.14
-0.17
-0.16
-0.14
-0.11
power
30
7.72
22.38
22.15
21.54
21.74
22.12
21.75
21.29
21.62
22.40
22.20
22.35
22.37
22.31
22.29
22.61
22.61
22.69
22.66
22.22
22.37
22.44
23.35
23.55
clear
9.92
0.97
1.15
1.08
0.97
1.13
0.92
0.72
0.69
0.43
0.27
0.26
0.14
-0.14
0.13
0.17
0.10
0.23
0.14
0.15
0.09
-0.15
-0.11
0.02
power
32
6.37
25.42
24.61
24.33
24.84
25.40
26.09
26.32
25.65
25.34
24.97
25.15
25.55
26.03
26.15
26.43
26.99
26.93
25.78
25.33
25.45
25.62
25.91
25.53
clear
10.38
0.17
0.22
0.45
0.47
0.21
0.08
0.27
0.11
-0.11
-0.10
-0.11
-0.14
-0.14
-0.32
-0.34
-0.30
-0.05
-0.05
-0.15
-0.17
-0.47
-0.43
-0.27
power
34
10.30
29.68
29.47
29.81
30.48
30.50
30.16
29.76
29.76
30.27
30.62
30.60
30.98
31.32
30.91
30.23
30.37
30.59
30.52
30.71
31.39
31.47
31.30
31.19
clear
13.00
0.73
0.94
0.94
0.87
1.02
0.85
0.87
0.55
0.42
0.51
0.48
0.53
0.42
0.41
0.06
-0.05
-0.03
0.12
0.30
0.67
0.72
0.70
0.70
power
36
6.39
33.42
33.61
34.13
34.71
34.76
34.86
34.66
34.57
34.26
33.70
33.62
34.28
34.29
34.24
33.54
33.27
34.23
35.10
35.10
35.69
36.12
35.17
34.79
clear
14.59
0.32
0.31
0.37
0.50
0.66
0.68
0.70
0.48
0.20
0.05
-0.02
-0.11
0.01
-0.03
-0.18
-0.33
-0.35
-0.33
-0.24
-0.35
-0.34
-0.15
-0.23
power
38
11.93
39.22
39.14
39.26
39.68
39.27
39.24
39.36
39.42
39.73
39.94
39.75
40.49
41.01
40.58
39.87
39.59
40.14
40.74
40.40
39.80
39.40
39.82
40.81
clear
17.18
0.92
0.92
0.76
0.88
0.97
0.83
0.64
0.52
0.24
0.20
0.27
0.16
0.08
0.10
0.12
0.09
0.10
0.08
0.07
0.01
-0.00
0.07
-0.03
power
40
11.16
43.62
43.38
42.96
43.54
43.61
44.83
44.90
43.93
44.35
44.68
44.87
44.41
44.63
44.38
44.16
44.28
43.90
43.97
44.43
44.36
44.48
45.00
45.24
clear
18.93
0.79
0.71
0.67
0.56
0.77
0.78
0.69
0.55
0.44
0.56
0.54
0.38
0.23
0.25
0.33
0.32
0.13
0.04
0.01
0.17
0.17
0.15
0.05
power
42
14.45
49.65
49.94
49.66
49.84
50.87
50.46
50.14
49.53
49.44
49.22
49.28
49.73
49.85
49.59
49.19
48.34
48.73
49.04
49.59
49.89
49.84
49.33
49.12
clear
20.03
0.35
0.45
0.45
0.44
0.48
0.42
0.50
0.60
0.64
0.45
0.38
0.35
0.49
0.48
0.33
0.33
0.35
0.14
-0.04
-0.01
-0.02
-0.04
-0.15
power
44
14.97
54.84
55.72
55.93
55.78
55.06
55.03
55.51
55.29
55.37
55.39
55.49
55.23
55.00
55.36
55.29
55.18
55.02
54.72
54.36
53.84
54.42
54.97
54.67
clear
22.53
0.75
0.92
0.81
0.72
0.73
0.72
0.76
0.82
0.91
0.96
0.92
0.87
0.75
0.72
0.71
0.64
0.67
0.65
0.51
0.32
0.23
0.28
0.14
power
46
13.76
60.83
60.98
61.38
61.89
61.94
61.46
60.71
60.78
61.27
60.61
60.41
60.73
60.72
60.21
60.80
61.07
61.76
61.17
60.86
60.96
61.15
61.08
60.69
clear
24.67
0.58
0.58
0.59
0.65
0.68
0.69
0.85
0.79
0.75
0.80
0.70
0.61
0.49
0.29
0.08
0.01
0.05
0.05
-0.02
0.05
0.14
0.01
0.02
power
48
13.93
69.01
69.25
69.27
68.47
68.28
68.24
68.19
68.15
67.08
67.89
68.17
68.00
68.37
68.23
68.02
68.98
69.08
69.00
68.19
67.84
68.11
67.63
67.24
clear
27.31
0.69
0.70
0.69
0.72
0.87
0.78
0.71
0.77
0.70
0.55
0.42
0.49
0.44
0.41
0.23
0.19
0.30
0.24
0.29
0.19
0.14
0.01
0.01
power
50
16.96
75.00
74.93
73.86
74.07
73.79
73.81
73.33
73.96
74.39
74.97
75.28
74.81
75.13
75.60
75.22
75.45
75.16
75.25
75.11
74.86
75.22
74.65
74.93
clear
29.69
0.89
0.82
0.77
0.68
0.57
0.65
0.65
0.70
0.71
0.56
0.54
0.34
0.29
0.16
0.23
0.23
0.17
0.13
0.21
0.22
0.17
0.18
0.14
power
52
13.80
79.68
80.25
80.53
80.75
80.49
80.50
80.14
81.00
81.05
81.55
81.54
80.96
80.54
80.56
80.57
80.90
81.21
81.00
81.30
81.10
81.63
80.88
82.14
clear
32.76
0.87
1.04
0.83
0.73
0.82
0.76
0.63
0.55
0.60
0.63
0.53
0.37
0.28
0.15
0.23
0.33
0.34
0.21
0.17
0.21
0.21
0.22
0.10
power
54
20.38
87.04
86.76
87.16
86.65
86.34
86.34
86.45
87.03
87.00
87.22
87.46
88.04
87.76
87.37
87.89
87.65
87.18
86.94
86.84
87.53
87.37
87.91
87.93
clear
37.23
0.89
0.86
0.94
0.79
0.76
0.75
0.82
0.67
0.57
0.44
0.42
0.59
0.53
0.38
0.36
0.31
0.28
0.30
0.47
0.31
0.28
0.24
0.28
power
56
23.56
94.76
95.89
95.52
94.87
94.47
94.93
95.52
95.43
95.73
96.48
97.54
96.89
96.26
96.32
96.39
94.76
95.31
94.57
94.49
94.22
94.23
94.24
94.56
clear
38.98
0.84
1.01
1.00
0.74
0.81
0.74
0.46
0.42
0.29
0.04
0.18
0.22
0.07
-0.16
-0.21
-0.16
-0.35
-0.55
-0.48
-0.36
-0.44
-0.41
-0.50
power
58
22.06
100.40
100.52
100.57
101.51
101.36
100.62
100.48
100.39
101.04
101.88
102.65
102.19
102.67
103.29
103.69
103.85
103.44
102.80
103.25
102.03
102.39
101.79
102.07
clear
41.57
1.32
1.40
1.45
1.35
1.32
1.26
1.16
1.28
1.03
0.81
0.74
0.60
0.64
0.50
0.57
0.49
0.43
0.43
0.42
0.29
0.41
0.41
0.50
power
60
10.68
103.14
105.73
106.49
107.34
107.37
107.58
107.73
107.79
108.26
108.73
107.98
108.19
107.79
107.49
108.12
108.48
108.44
108.70
108.45
107.87
107.58
107.17
107.00
clear
42.61
0.94
0.94
1.06
1.09
1.06
1.00
0.87
0.74
0.70
0.68
0.72
0.47
0.24
0.48
0.66
0.56
0.14
0.12
0.15
0.24
0.45
0.54
0.42
power
62
17.51
110.41
112.34
111.50
111.85
111.80
111.42
111.82
111.93
111.53
111.59
111.26
111.44
111.23
111.07
111.85
111.50
111.72
111.96
111.91
111.56
112.47
111.96
111.67
clear
48.32
0.88
0.89
0.83
0.77
0.96
1.03
0.78
0.37
0.00
-0.32
-0.49
-0.67
-0.74
-0.68
-0.61
-0.44
-0.36
-0.35
-0.37
-0.35
-0.26
-0.39
-0.27
power
64
27.03
115.64
116.11
116.89
117.70
118.64
118.51
119.48
119.82
119.58
118.97
118.46
117.59
118.54
118.57
118.83
119.13
118.89
118.72
118.04
117.93
118.23
118.04
117.76
clear
50.55
0.82
0.99
1.15
1.02
0.99
0.81
0.65
0.43
0.42
0.43
0.44
0.26
0.17
0.23
0.14
0.14
0.24
0.20
0.13
-0.06
-0.19
-0.12
-0.18
power
66
26.63
122.95
123.98
124.24
125.56
126.60
126.73
126.40
127.00
126.98
128.22
126.52
126.00
126.34
125.41
125.41
125.50
125.64
126.17
125.32
125.53
125.61
126.07
125.90
clear
53.26
1.33
1.37
1.27
1.17
1.01
1.16
1.08
1.01
1.00
0.85
1.03
1.00
0.85
0.53
0.50
0.46
0.40
0.27
0.31
0.48
0.15
0.09
0.10
power
68
28.69
130.66
132.15
131.81
132.20
132.57
132.39
132.15
131.26
131.41
132.08
133.60
134.43
134.49
134.38
134.25
134.06
133.67
133.54
132.45
132.62
132.58
132.38
133.52
clear
55.05
0.91
1.12
1.17
1.33
1.38
1.41
1.38
1.25
1.09
0.99
0.91
0.82
0.59
0.60
0.43
0.45
0.35
0.38
0.40
0.61
0.44
0.24
0.25
power
70
24.37
137.03
137.76
137.85
138.85
139.52
139.62
140.11
140.14
139.90
139.73
139.23
138.58
138.67
138.87
137.99
138.25
139.09
139.02
139.04
139.09
138.71
139.10
139.55
clear
57.15
0.40
0.39
0.41
0.38
0.39
0.46
0.44
0.30
0.23
0.07
-0.28
-0.36
-0.52
-0.59
-0.78
-0.76
-0.53
-0.38
-0.62
-0.74
-0.83
-0.65
-0.73
power
72
22.85
144.00
155.28
151.38
68.87
12.99
4.48
6.66
13.63
16.76
22.00
25.40
20.83
5.00
2.05
2.11
1.84
