2.58
2.63
2.58
2.61
2.64
2.64
2.64
2.65
2.58
2.61
2.53
2.50
2.42
2.40
2.47
2.40
2.43
2.50
2.51
2.50
2.53
2.52
power
2
0.85
0.09
0.15
0.17
0.11
0.20
0.19
0.21
0.35
8.11
0.26
0.30
0.32
0.42
0.28
0.22
0.26
0.35
0.33
0.35
0.34
0.36
0.39
0.39
clear
0.40
0.33
0.40
0.39
0.33
0.30
0.29
0.29
0.30
0.32
0.32
0.27
0.32
0.32
0.28
0.28
0.34
0.36
0.44
0.46
0.51
0.48
0.38
0.38
power
4
0.01
-0.00
-0.05
-0.14
-0.05
-0.00
0.02
0.07
-0.02
-0.05
-0.07
-0.05
0.04
0.08
0.13
0.14
0.10
0.11
0.09
0.10
0.05
-0.01
0.01
0.02
clear
0.01
0.02
-0.07
0.02
0.06
0.12
0.07
0.15
0.19
0.10
0.19
0.15
0.26
0.21
0.19
0.21
0.21
0.23
0.20
0.23
0.19
0.14
0.14
0.17
power
6
-0.01
-0.00
0.05
0.08
0.10
0.10
0.08
0.07
0.03
0.04
0.04
0.09
0.03
0.08
0.01
0.02
0.05
0.08
0.11
0.03
0.11
0.06
0.05
0.00
clear
0.06
0.20
0.15
0.15
0.12
0.17
0.25
0.26
0.34
0.26
0.35
0.33
0.34
0.35
0.33
0.28
0.31
0.38
0.31
0.32
0.37
0.33
0.30
0.37
power
8
0.41
0.40
1.02
1.48
1.90
0.14
1.63
0.48
-0.06
-0.00
2.25
0.01
0.15
0.13
2.21
0.11
0.05
0.06
0.11
0.10
2.54
-0.01
0.03
0.05
clear
0.08
0.08
0.10
0.07
0.04
-0.01
0.01
-0.00
0.10
-0.01
-0.00
0.09
0.04
0.03
0.01
0.07
0.03
0.08
0.07
0.05
0.02
-0.05
-0.03
-0.06
power
10
0.28
0.36
0.31
0.33
0.31
0.32
0.31
0.33
0.31
0.36
0.38
0.42
0.37
0.36
0.40
0.42
0.39
0.45
0.34
0.36
0.36
0.38
0.41
0.29
clear
0.16
0.08
0.12
0.12
0.11
0.20
0.14
0.19
0.14
0.26
0.23
0.19
0.22
0.28
0.28
0.39
0.36
0.37
0.33
0.29
0.33
0.39
0.35
0.34
power
12
0.35
1.23
1.32
1.30
1.39
1.24
1.38
1.31
1.35
1.27
1.30
1.27
1.26
1.32
1.25
1.35
1.34
1.33
1.37
1.37
1.38
1.36
1.33
1.26
clear
0.77
0.21
0.15
0.13
0.12
0.06
0.11
0.03
0.02
0.10
0.08
0.05
0.06
0.05
-0.03
0.03
0.00
0.04
0.04
0.11
0.10
0.20
0.15
0.18
power
14
1.11
2.59
2.65
2.60
2.67
2.65
2.70
2.75
2.76
2.77
2.82
2.90
2.95
2.95
2.97
2.95
2.94
3.02
3.00
2.94
2.99
3.00
3.12
3.03
clear
1.53
0.44
0.39
0.46
0.34
0.32
0.33
0.33
0.28
0.26
0.20
0.23
0.20
0.21
0.19
0.11
0.14
0.21
0.18
0.28
0.26
0.30
0.35
0.23
power
16
1.52
4.15
4.29
4.29
4.44
4.36
4.41
4.51
4.72
4.61
4.58
4.54
4.64
4.64
4.64
4.70
4.60
4.67
4.71
4.86
4.83
4.84
4.79
4.84
clear
2.28
0.47
0.47
0.41
0.33
0.35
0.29
0.28
0.31
0.32
0.29
0.30
0.34
0.25
0.22
0.20
0.22
0.17
0.14
0.23
0.30
0.29
0.31
0.22
power
18
2.45
6.32
6.54
6.59
6.38
6.35
6.38
6.61
6.78
6.78
6.62
6.65
6.62
6.64
6.65
6.62
6.40
6.68
6.75
6.70
6.79
6.75
6.70
6.72
clear
3.07
0.53
0.49
0.41
0.38
0.43
0.41
0.38
0.40
0.36
0.31
0.25
0.29
0.36
0.36
0.34
0.38
0.35
0.23
0.26
0.21
0.22
0.19
0.22
power
20
3.52
8.69
8.88
9.03
8.81
8.87
8.86
8.98
9.18
9.22
9.07
9.13
9.23
9.17
9.26
9.27
9.43
9.33
9.48
9.50
9.66
9.56
9.29
9.10
clear
4.20
0.50
0.46
0.42
0.42
0.34
0.25
0.30
0.32
0.26
0.27
0.25
0.23
0.22
0.27
0.33
0.25
0.29
0.29
0.21
0.24
0.27
0.27
0.26
power
22
4.67
11.80
11.98
11.95
11.89
11.98
12.19
12.23
12.04
12.17
12.19
12.31
12.34
12.26
12.25
12.54
12.76
12.25
12.27
12.30
12.53
12.37
12.55
12.48
clear
5.65
0.68
0.61
0.49
0.47
0.38
0.42
0.42
0.42
0.29
0.34
0.37
0.44
0.48
0.39
0.32
0.45
0.35
0.31
0.34
0.29
0.38
0.37
0.35
power
24
6.27
15.22
15.38
15.60
15.64
15.43
15.55
15.57
15.37
15.60
15.47
15.66
15.68
15.58
15.73
15.68
15.91
15.84
15.70
15.50
15.59
15.63
15.82
15.85
clear
7.03
0.54
0.47
0.46
0.45
0.47
0.41
0.42
0.48
0.53
0.45
0.45
0.45
0.50
0.49
0.46
0.48
0.44
0.42
0.45
0.37
0.34
0.33
0.34
power
26
6.67
18.93
19.09
19.27
19.26
19.29
19.36
19.28
19.45
19.48
19.22
19.65
19.77
19.63
19.51
19.15
19.28
19.57
19.74
19.69
19.54
19.77
19.55
19.67
clear
8.54
0.35
0.36
0.25
0.21
0.16
0.18
0.16
0.15
0.07
0.04
0.11
0.12
0.12
0.10
0.11
0.07
0.09
0.05
0.06
0.05
0.02
0.09
0.10
power
28
6.98
23.63
23.81
23.72
23.53
23.30
23.51
22.95
23.30
23.24
23.43
23.70
23.50
23.32
23.43
23.67
23.89
23.66
23.62
23.62
23.49
23.76
23.90
23.94
clear
10.51
0.56
0.58
0.47
0.47
0.44
0.41
0.48
0.40
0.37
0.38
0.40
0.35
0.34
0.36
0.36
0.29
0.33
0.31
0.24
0.29
0.28
0.29
0.33
power
30
9.70
27.72
28.17
28.61
28.20
28.38
28.38
27.84
27.91
28.00
27.67
28.00
28.00
27.72
28.48
28.08
28.41
28.30
27.92
28.12
27.82
27.54
27.59
27.89
clear
10.79
0.52
0.43
0.38
0.37
0.31
0.30
0.32
0.26
0.28
0.28
0.25
0.26
0.31
0.33
0.27
0.31
0.34
0.31
0.35
0.30
0.27
0.30
0.25
power
32
10.04
32.62
33.03
33.02
33.27
33.15
33.52
33.48
33.21
33.47
32.89
32.70
33.11
33.23
33.16
33.06
32.95
33.00
32.90
33.22
33.03
32.89
33.09
33.25
clear
13.01
0.58
0.40
0.34
0.32
0.35
0.30
0.31
0.39
0.31
0.33
0.33
0.34
0.31
0.32
0.31
0.28
0.29
0.32
0.32
0.29
0.22
0.23
0.28
power
34
12.26
38.06
38.23
37.92
37.67
37.41
37.29
37.68
38.28
38.75
38.88
39.11
38.38
38.72
38.58
38.37
37.98
38.12
38.58
37.74
37.51
37.79
38.17
37.86
clear
14.53
0.50
0.41
0.37
0.34
0.34
0.32
0.33
0.38
0.33
0.26
0.31
0.22
0.30
0.27
0.31
0.34
0.31
0.33
0.32
0.29
0.22
0.30
0.22
power
36
10.45
43.52
43.58
43.41
43.18
43.03
43.29
43.17
43.60
44.20
43.72
44.25
44.50
43.35
44.21
44.12
44.16
44.02
44.47
44.23
43.61
44.24
44.42
44.44
clear
17.06
0.31
0.34
0.35
0.34
0.32
0.47
0.29
0.21
0.21
0.15
0.22
0.23
0.23
0.26
0.28
0.25
0.18
0.16
0.13
0.09
0.14
0.15
0.12
power
38
12.51
50.70
51.20
49.56
49.27
48.98
48.47
48.36
49.14
49.89
50.15
49.98
49.24
49.14
49.19
49.21
49.20
49.23
49.50
49.25
49.09
49.47
49.78
49.72
clear
20.86
0.35
0.25
0.26
0.20
0.23
0.21
0.16
0.19
0.10
0.16
0.17
0.18
0.17
0.12
0.13
0.17
0.18
0.08
0.07
0.05
0.03
0.08
0.10
power
40
14.79
56.44
57.00
57.11
57.21
56.57
56.73
55.71
55.21
55.73
56.99
57.03
55.62
55.91
55.32
54.93
55.66
55.60
55.60
55.86
55.78
55.33
55.38
55.21
clear
23.12
0.36
0.39
0.36
0.32
0.33
0.32
0.33
0.30
0.31
0.24
0.24
0.25
0.32
0.31
0.32
0.26
0.24
0.23
0.32
0.30
0.29
0.22
0.17
power
42
8.93
61.00
62.27
63.06
62.88
62.47
61.83
62.12
62.52
62.17
62.59
63.48
62.60
62.12
61.69
61.26
60.92
61.14
61.52
61.82
62.30
62.29
62.72
63.52
clear
26.60
0.39
0.37
0.33
0.34
0.38
0.34
0.32
0.33
0.30
0.27
0.28
0.32
0.29
0.25
0.26
0.29
0.32
0.30
0.26
0.26
0.22
0.27
0.19
power
44
17.69
68.17
68.12
68.44
68.63
67.92
68.33
68.12
69.25
69.38
68.75
68.55
67.87
69.25
69.92
70.36
68.87
68.81
68.79
68.57
69.36
69.21
69.71
70.02
clear
28.97
0.44
0.37
0.29
0.30
0.28
0.35
0.31
0.24
0.20
0.21
0.29
0.26
0.30
0.21
0.21
0.22
0.14
0.17
0.10
0.12
0.15
0.11
0.20
power
46
19.46
76.39
75.45
76.36
75.94
75.40
76.06
75.95
75.90
76.14
75.82
76.20
77.06
76.27
75.61
75.89
76.03
75.71
75.52
75.61
75.43
76.18
75.81
75.51
clear
30.81
0.14
0.20
0.19
0.13
0.15
0.15
0.09
0.10
0.10
0.03
0.08
-0.02
-0.03
0.02
0.05
0.04
0.01
-0.03
-0.03
-0.09
-0.03
-0.04
-0.04
power
48
21.15
83.49
84.03
84.53
83.50
83.64
85.27
83.94
83.29
82.79
82.42
84.33
84.51
84.41
83.85
84.34
84.16
83.92
83.38
82.86
83.15
82.83
83.76
82.87
clear
34.27
0.39
0.47
0.34
0.30
0.36
0.30
0.36
0.36
0.32
0.38
0.36
0.40
0.39
0.34
0.35
0.35
0.34
0.27
0.29
0.27
0.22
0.24
0.27
power
50
11.61
90.67
89.79
88.24
89.04
88.79
88.98
89.21
89.47
89.39
88.41
87.98
89.21
88.44
88.60
88.68
89.51
90.22
90.47
89.15
89.65
88.94
88.03
87.78
clear
35.33
-0.62
-0.59
-0.62
-0.57
-0.54
-0.50
-0.49
-0.53
-0.56
-0.60
-0.55
-0.58
-0.63
-0.62
-0.65
-0.70
-0.69
-0.72
-0.64
-0.64
-0.65
-0.55
-0.59
power
52
12.13
94.86
97.39
97.01
96.14
95.07
94.14
94.89
96.15
95.85
94.82
94.91
94.22
93.51
94.24
94.63
96.94
98.41
97.67
96.77
97.31
97.86
98.66
98.20
clear
40.24
0.21
0.32
0.30
0.27
0.30
0.30
0.31
0.36
0.34
0.29
0.26
0.24
0.31
0.31
0.37
0.33
0.33
0.33
0.38
0.34
0.27
0.33
0.33
power
54
20.80
106.48
108.24
107.40
107.07
105.77
104.38
103.92
105.26
104.45
105.25
104.52
104.45
104.56
104.16
104.53
103.56
103.64
102.70
102.65
102.63
102.36
102.56
103.01
clear
41.21
0.20
0.20
0.23
0.19
0.17
0.10
0.17
0.14
0.14
0.14
0.17
0.10
0.10
0.11
0.08
0.05
0.05
0.06
0.08
0.07
0.05
0.07
0.06
power
56
27.83
113.92
113.82
113.13
111.35
111.86
112.93
114.13
112.67
110.60
111.19
111.13
111.52
111.64
111.88
112.00
112.06
110.73
110.72
110.28
111.28
110.73
110.92
111.40
clear
44.32
0.19
0.19
0.15
0.18
0.09
0.08
0.07
0.11
0.05
0.06
-0.02
0.06
0.05
0.11
0.02
0.02
0.02
0.05
0.03
0.02
0.08
0.05
0.11
power
58
29.61
122.81
122.03
120.93
119.37
118.92
117.94
118.48
119.02
120.36
119.46
119.53
120.61
120.61
119.92
120.13
120.44
120.19
118.71
119.46
117.95
118.35
117.45
117.45
clear
46.98
0.05
0.03
0.02
0.01
0.01
-0.02
0.02
0.00
-0.01
-0.05
-0.03
-0.03
-0.01
-0.02
-0.04
-0.06
-0.04
-0.09
-0.13
-0.08
-0.05
-0.08
-0.06
power
60
31.24
128.56
128.47
128.86
127.89
127.61
127.46
126.01
125.50
125.02
127.54
129.00
130.60
129.32
128.19
129.44
130.31
131.72
131.87
132.75
132.08
131.48
130.99
129.93
clear
51.56
0.04
0.05
0.05
0.12
0.08
0.13
-0.02
0.05
0.06
0.06
0.06
0.01
0.03
-0.03
-0.05
-0.06
-0.06
-0.06
-0.04
-0.01
-0.03
-0.11
-0.06
power
62
32.94
138.33
137.64
137.15
136.09
136.13
136.19
135.35
136.09
135.85
137.36
137.63
137.05
136.86
135.71
136.08
135.49
134.34
135.13
137.05
136.50
134.67
134.71
135.46
clear
53.52
0.18
0.26
0.14
0.12
0.09
0.05
0.02
0.04
0.03
0.04
-0.00
0.01
0.06
0.05
0.10
0.09
0.04
0.04
0.01
0.09
0.10
0.07
0.04
power
64
34.50
146.59
145.56
145.18
144.65
144.35
144.64
144.03
143.23
143.29
144.81
148.67
147.68
146.55
146.62
146.18
146.09
145.28
144.65
144.33
144.66
146.46
147.08
149.02
clear
59.34
0.07
0.07
0.06
0.05
0.01
0.03
0.09
0.08
0.12
0.03
0.02
0.03
0.03
0.01
0.05
0.02
0.01
0.05
0.02
-0.00
0.10
0.08
0.03
power
66
36.53
155.06
155.46
154.16
153.79
153.81
152.52
151.75
152.60
151.96
150.70
149.06
150.73
152.58
152.72
151.74
151.79
153.13
152.76
153.17
153.66
151.56
150.99
151.81
clear
60.69
0.39
0.32
0.39
0.38
0.32
0.31
0.28
0.23
0.31
0.27
0.31
0.34
0.29
0.18
0.24
0.32
0.29
0.28
0.17
0.16
0.12
0.27
0.19
power
68
30.72
162.70
163.86
162.35
161.41
162.02
161.21
162.02
161.88
161.12
161.09
160.50
159.66
159.03
159.42
161.37
160.85
160.91
161.79
160.67
160.11
158.34
159.45
158.38
clear
61.34
-0.01
0.01
-0.02
-0.01
-0.06
-0.01
-0.03
-0.02
-0.05
-0.07
-0.05
-0.09
-0.07
-0.17
-0.12
-0.17
-0.13
-0.15
-0.10
-0.12
-0.06
-0.06
-0.06
power
70
19.83
167.97
171.16
169.34
167.08
168.66
168.82
168.32
167.95
167.97
169.37
168.21
169.68
170.24
169.07
169.58
169.64
168.85
166.88
167.03
167.87
167.16
167.31
168.39
clear
64.46
0.15
0.05
0.04
0.02
0.01
0.02
-0.01
-0.07
-0.10
-0.08
-0.13
-0.18
-0.17
-0.12
-0.14
-0.13
-0.20
-0.17
-0.11
-0.21
-0.21
-0.09
-0.09
power
72
40.99
177.60
178.70
178.08
178.48
177.02
177.44
177.69
176.69
174.96
175.68
176.35
176.35
176.87
177.92
175.99
176.74
175.27
174.65
175.80
174.72
172.89
173.01
174.28
clear
67.38
-0.42
-0.33
-0.35
-0.70
-4.29
-5.01
-6.00
-5.79
-5.84
-5.98
-5.95
-6.08
-6.04
-6.11
-6.16
-6.20
-6.25
-6.21
