-5.58
-5.88
-6.21
-6.47
-6.60
-6.83
-7.15
-7.28
-7.45
-7.62
-7.79
-7.96
clear
-7.91
-8.07
-8.13
-8.18
-8.15
-8.21
-8.26
-8.34
-8.36
-8.47
-8.45
-8.44
-8.48
-8.56
-8.61
-8.67
-8.65
-8.74
-8.78
-8.79
-8.68
-8.64
-8.50
-8.52
power
2
0.00
0.01
-0.00
-0.06
-0.09
-0.05
-0.09
-0.12
-0.18
-0.16
-0.25
-0.20
-0.27
-0.25
-0.25
-0.25
-0.29
-0.24
-0.19
-0.14
-0.16
-0.12
-0.20
-0.16
clear
-0.26
-0.22
-0.25
-0.25
-0.18
-0.24
-0.23
-0.15
-0.10
-0.09
-0.15
-0.16
-0.08
-0.07
-0.04
-0.07
-0.09
-0.06
-0.12
-0.13
-0.16
-0.17
-0.20
-0.24
power
4
-0.08
-0.14
-0.13
-0.14
-0.18
-0.09
-0.15
-0.23
-0.17
-0.13
-0.11
-0.10
-0.06
-0.12
-0.11
-0.15
-0.19
-0.17
-0.14
-0.14
-0.08
-0.06
-0.15
-0.12
clear
-0.14
-0.13
-0.15
-0.14
-0.13
-0.11
-0.10
-0.18
-0.27
-0.26
-0.17
-0.23
-0.27
-0.24
-0.22
-0.17
-0.24
-0.21
-0.15
-0.28
-0.17
-0.26
-0.24
-0.22
power
6
-0.07
-0.12
-0.17
-0.16
-0.22
-0.22
-0.20
-0.26
-0.22
-0.27
-0.26
-0.28
-0.33
-0.36
-0.37
-0.47
-0.52
-0.39
-0.41
-0.36
-0.38
-0.32
-0.38
-0.34
clear
-0.35
-0.32
-0.38
-0.38
-0.35
-0.42
-0.43
-0.33
-0.36
-0.31
-0.35
-0.33
-0.35
-0.37
-0.33
-0.22
-0.19
-0.18
-0.24
-0.23
-0.16
-0.15
-0.24
-0.24
power
8
0.17
0.26
1.04
1.11
0.39
1.64
-0.16
2.32
-0.33
-0.27
1.82
0.47
0.01
-0.03
-0.09
2.07
-0.30
-0.27
-0.34
-0.39
0.23
1.39
-0.38
-0.42
clear
-0.51
-0.48
-0.38
-0.41
-0.41
-0.38
-0.39
-0.29
-0.32
-0.34
-0.27
-0.26
-0.22
-0.23
-0.28
-0.32
-0.37
-0.30
-0.32
-0.34
-0.35
-0.39
-0.32
-0.44
power
10
0.19
0.49
0.12
0.22
0.18
0.13
0.22
0.23
0.12
0.18
0.24
0.25
0.29
0.25
0.27
0.26
0.23
0.25
0.28
0.34
0.23
0.24
0.24
0.25
clear
0.18
-0.01
-0.02
0.00
0.12
0.14
0.13
0.08
0.11
0.11
0.17
0.21
0.14
0.19
0.19
0.20
0.18
0.09
0.06
0.05
0.03
0.08
0.06
0.05
power
12
0.18
0.98
1.14
1.14
1.17
1.21
1.20
1.25
1.21
1.20
1.11
0.96
1.14
1.06
1.03
1.03
1.05
1.08
1.05
0.99
1.10
1.13
1.13
1.06
clear
0.47
-0.00
-0.05
-0.03
0.00
-0.08
-0.08
-0.13
-0.13
-0.12
-0.15
-0.10
-0.12
-0.12
-0.19
-0.13
-0.15
-0.08
-0.10
-0.14
-0.12
-0.11
-0.13
-0.10
power
14
0.85
2.44
2.57
2.49
2.63
2.54
2.53
2.53
2.59
2.62
2.80
2.72
2.51
2.42
2.43
2.41
2.40
2.35
2.34
2.29
2.47
2.39
2.38
2.47
clear
1.16
0.09
0.03
0.04
0.01
0.02
0.01
-0.04
0.10
0.06
0.09
0.05
0.05
0.03
0.11
-0.04
0.07
0.08
0.02
0.01
0.06
0.00
-0.12
-0.09
power
16
1.52
4.22
4.49
4.38
4.35
4.35
4.19
4.20
4.27
4.35
4.27
4.37
4.26
4.25
4.29
4.36
4.17
4.20
3.92
4.34
4.68
4.61
4.41
4.30
clear
1.79
0.07
0.13
0.08
0.06
-0.00
-0.00
-0.02
0.05
0.10
-0.03
0.03
0.03
0.00
0.02
0.02
0.04
0.08
0.11
0.01
-0.11
-0.01
-0.02
-0.03
power
18
2.82
6.29
6.56
6.91
6.74
6.55
6.35
6.34
6.51
6.15
6.05
6.15
6.21
6.29
6.41
6.26
6.34
6.32
6.29
6.37
6.52
6.36
6.03
6.24
clear
2.70
0.27
0.07
0.14
0.09
0.08
0.02
0.07
0.07
0.15
0.12
0.08
0.11
0.12
0.12
0.16
0.13
0.13
0.18
0.13
0.15
0.11
0.11
0.14
power
20
2.65
8.80
8.96
8.67
8.60
8.72
8.80
9.02
8.69
8.67
8.68
8.94
9.11
9.07
9.03
9.23
8.92
8.83
9.02
9.22
8.96
8.93
8.70
8.86
clear
3.71
0.14
0.04
0.06
0.03
0.01
-0.05
-0.10
-0.07
-0.10
-0.06
-0.11
-0.06
-0.08
-0.10
-0.12
-0.10
-0.09
-0.13
-0.07
-0.11
-0.07
-0.03
-0.10
power
22
4.83
11.77
12.22
12.21
12.18
11.98
12.24
12.22
12.03
11.83
11.61
11.74
11.62
11.52
11.47
11.63
11.61
11.55
11.30
11.57
11.75
11.63
11.57
11.68
clear
4.90
0.25
0.14
0.15
0.06
0.14
0.14
0.16
0.18
0.13
0.17
0.13
0.18
0.19
0.12
0.13
0.13
0.15
0.18
0.11
0.16
0.17
0.22
0.22
power
24
6.14
14.77
14.49
14.30
14.50
14.96
14.90
14.71
14.66
14.75
14.14
13.91
14.23
14.20
13.92
13.93
14.12
14.07
13.97
14.20
14.04
14.34
14.38
14.59
clear
6.07
0.22
0.17
0.16
0.19
0.22
0.22
0.18
0.16
0.14
0.10
0.19
0.14
0.15
0.14
0.17
0.13
0.16
0.14
0.18
0.21
0.19
0.16
0.14
power
26
4.83
18.28
18.04
17.75
17.89
18.04
17.42
17.95
17.94
18.16
17.78
17.62
17.68
17.79
17.63
17.55
17.39
17.41
17.77
16.87
16.74
17.34
17.81
18.12
clear
7.29
0.13
0.15
0.14
0.09
0.10
0.11
0.13
0.17
0.24
0.19
0.24
0.29
0.45
0.55
0.64
0.65
0.75
0.76
0.88
0.89
0.91
0.95
0.99
power
28
7.59
22.62
22.96
22.92
22.71
22.27
22.30
21.82
21.39
21.68
21.46
21.42
21.20
21.61
21.54
22.03
21.54
21.63
21.64
21.96
21.80
21.43
21.53
21.61
clear
8.17
-0.39
-0.33
-0.41
-0.44
-0.42
-0.43
-0.46
-0.46
-0.50
-0.43
-0.46
-0.51
-0.53
-0.49
-0.51
-0.56
-0.64
-0.71
-0.73
-0.66
-0.63
-0.62
-0.56
power
30
9.50
26.59
26.14
25.75
26.41
26.57
25.96
24.99
25.34
25.79
26.16
26.38
26.29
26.02
25.68
25.56
25.61
25.44
25.56
25.67
25.86
25.44
26.37
26.10
clear
10.16
0.17
0.12
0.11
0.11
0.15
0.14
0.11
0.15
0.15
0.18
0.21
0.17
0.25
0.27
0.24
0.23
0.23
0.25
0.20
0.27
0.13
0.12
0.14
power
32
11.21
31.79
30.94
30.50
30.84
30.30
29.99
30.51
30.60
30.59
31.00
30.57
30.49
29.94
29.69
29.12
29.82
30.37
30.21
30.62
30.91
30.41
30.70
30.26
clear
11.41
0.15
0.12
0.12
0.09
0.10
0.10
0.06
-0.01
-0.04
0.01
0.00
0.03
0.19
0.24
0.19
0.17
0.14
0.10
0.18
0.22
0.24
0.27
0.28
power
34
11.03
36.49
36.58
36.26
35.25
34.56
34.23
34.61
35.37
35.39
36.13
35.34
35.98
36.00
35.99
35.58
35.30
34.69
35.17
36.01
35.92
36.44
35.86
35.36
clear
14.80
-0.04
-0.01
-0.07
-0.07
0.03
0.05
-0.01
0.06
0.04
-0.00
-0.02
-0.01
-0.01
0.05
0.01
0.04
-0.07
-0.09
-0.06
-0.03
-0.08
0.02
0.06
power
36
10.02
41.87
41.19
40.08
40.79
41.09
40.97
41.84
41.42
41.37
40.93
40.91
41.47
42.06
42.26
42.24
41.85
42.02
42.02
41.78
41.59
41.16
41.03
41.52
clear
16.65
0.42
0.38
0.43
0.34
0.38
0.37
0.32
0.39
0.38
0.33
0.40
0.43
0.57
0.67
0.67
0.68
0.56
0.53
0.49
0.52
0.49
0.49
0.45
power
38
11.99
47.08
46.89
47.64
45.93
46.46
46.94
47.28
47.62
45.89
46.69
46.84
45.51
45.18
46.68
46.43
46.92
47.44
47.31
47.83
47.29
46.76
47.40
46.39
clear
18.82
0.21
0.18
0.15
0.12
0.18
0.18
0.16
0.12
0.18
0.18
0.17
0.10
0.17
0.17
0.21
0.21
0.22
0.13
0.14
0.13
0.19
0.23
0.26
power
40
13.67
52.32
51.49
51.92
52.28
53.26
52.68
52.67
52.97
52.09
52.65
52.86
53.20
53.03
52.18
52.35
53.53
53.75
53.90
52.31
51.63
52.38
53.02
53.71
clear
20.31
0.03
0.02
0.03
0.13
0.11
0.09
0.09
0.13
0.08
0.14
0.10
0.16
0.13
0.17
0.14
0.13
0.09
0.11
0.09
0.10
0.17
0.12
-0.03
power
42
13.05
58.73
58.67
58.51
57.75
58.23
59.03
58.30
57.89
56.66
55.37
56.15
57.47
57.40
58.44
58.86
58.81
58.16
58.00
57.88
58.27
57.26
57.33
57.28
clear
21.67
0.27
0.33
0.31
0.28
0.34
0.33
0.26
0.29
0.27
0.21
0.18
0.22
0.27
0.33
0.32
0.32
0.29
0.28
0.34
0.31
0.26
0.21
0.25
power
44
13.21
67.09
66.72
67.07
67.52
65.42
65.90
66.45
64.40
65.69
64.99
64.61
64.98
64.97
64.88
64.72
62.34
63.78
64.89
65.04
64.19
63.80
63.99
65.75
clear
26.36
0.11
0.10
0.15
0.09
0.10
0.09
0.16
0.20
0.20
0.22
0.26
0.20
0.25
0.25
0.26
0.28
0.34
0.27
0.33
0.29
0.30
0.17
0.19
power
46
17.18
72.21
73.02
73.20
72.17
73.31
73.15
71.96
73.61
73.43
73.04
72.91
73.40
73.37
71.80
73.08
72.70
72.89
71.74
70.83
71.29
67.98
69.83
70.94
clear
28.36
0.06
0.07
0.09
0.04
0.02
0.06
0.09
-0.01
0.08
0.04
0.06
0.11
0.08
0.09
-0.00
0.04
0.07
0.13
0.07
0.10
0.09
0.14
0.09
power
48
21.29
79.82
79.51
80.09
79.62
79.68
78.93
80.06
78.71
78.59
78.72
79.99
79.58
79.98
79.40
78.92
78.29
78.03
79.17
80.29
80.03
79.27
79.21
79.98
clear
31.53
0.18
0.21
0.21
0.30
0.40
0.42
0.40
0.47
0.40
0.39
0.48
0.50
0.52
0.57
0.58
0.63
0.70
0.66
0.69
0.75
0.72
0.74
0.68
power
50
19.04
86.88
86.98
85.82
84.94
86.86
85.95
85.58
85.16
84.84
84.11
85.42
86.35
86.72
86.38
87.34
84.29
85.42
84.68
85.75
86.06
84.21
83.37
83.36
clear
32.72
-0.20
-0.22
-0.22
-0.17
-0.20
-0.17
-0.17
-0.20
-0.15
-0.16
-0.17
-0.17
-0.23
-0.27
-0.19
-0.14
-0.15
-0.09
-0.00
0.21
0.23
0.31
0.29
power
52
22.16
96.40
95.45
93.93
94.32
94.18
91.46
91.05
93.98
91.55
95.12
94.11
93.49
91.90
90.99
92.38
91.70
89.61
91.14
94.53
92.86
95.03
93.09
91.32
clear
34.14
-0.45
-0.49
-0.49
-0.55
-0.50
-0.54
-0.47
-0.43
-0.45
-0.47
-0.43
-0.49
-0.45
-0.43
-0.44
-0.42
-0.49
-0.41
-0.44
-0.40
-0.35
-0.43
-0.38
power
54
20.27
103.67
103.00
101.50
100.95
102.56
102.95
101.83
100.60
101.32
102.80
101.94
102.37
101.19
99.70
100.44
100.95
100.59
101.12
102.02
99.94
101.47
101.38
102.86
clear
42.87
0.09
0.11
0.14
0.11
0.20
0.24
0.28
0.38
0.44
0.45
0.38
0.32
0.39
0.37
0.34
0.32
0.33
0.38
0.28
0.13
0.20
0.28
0.27
power
56
19.42
110.38
110.13
111.17
110.26
110.45
110.72
110.12
109.70
109.93
110.08
108.84
107.73
107.91
108.32
106.58
106.01
108.83
107.95
106.40
106.74
108.16
106.52
105.32
clear
42.40
0.22
0.23
0.24
0.25
0.19
0.24
0.27
0.22
0.20
0.20
0.19
0.16
0.22
0.17
0.20
0.20
0.22
0.19
0.29
0.26
0.28
0.30
0.32
power
58
23.89
117.87
119.90
116.67
114.14
114.40
113.28
115.55
116.04
114.49
114.82
114.98
113.74
114.06
112.44
114.00
112.88
112.26
112.18
113.64
114.81
117.05
114.31
113.87
clear
43.80
0.15
0.17
0.17
0.19
0.24
0.20
0.24
0.30
0.28
0.24
0.25
0.26
0.27
0.35
0.43
0.47
0.44
0.48
0.42
0.40
0.34
0.33
0.35
power
60
26.14
126.79
125.57
126.21
123.53
126.43
126.59
125.76
125.77
126.49
123.36
125.17
125.07
124.93
125.56
123.84
122.11
123.34
120.98
123.68
125.41
123.96
123.79
123.32
clear
47.69
-0.34
-0.27
-0.29
-0.28
-0.29
-0.37
-0.36
-0.38
-0.37
-0.32
-0.30
-0.27
-0.18
-0.17
-0.10
-0.11
-0.14
-0.17
-0.12
-0.18
-0.25
-0.10
-0.19
power
62
28.89
134.07
133.78
132.55
132.34
133.43
132.76
132.16
134.14
134.85
133.34
135.19
134.30
131.84
132.83
131.24
131.06
132.83
130.55
130.06
129.26
129.51
129.88
127.47
clear
47.90
0.02
0.16
0.09
0.02
0.06
0.10
0.12
0.03
0.07
-0.02
0.02
0.07
0.10
0.08
0.12
0.14
0.23
0.16
0.17
0.22
0.19
0.20
0.24
power
64
30.23
144.32
144.42
142.07
144.48
143.45
141.31
142.46
139.16
140.46
141.63
139.90
142.77
141.15
141.78
141.37
140.99
139.49
137.39
138.70
138.03
136.17
140.24
138.10
clear
56.84
-0.08
-0.15
-0.12
-0.06
-0.03
-0.07
-0.05
-0.03
-0.04
0.03
-0.02
0.05
0.05
-0.02
0.03
0.01
0.03
0.03
0.03
0.10
0.05
0.06
0.06
power
66
27.44
151.40
149.53
144.91
147.44
148.16
150.17
150.26
150.90
150.32
150.74
146.54
148.61
145.83
147.10
149.69
148.31
148.46
150.22
150.67
149.89
147.82
147.22
146.85
clear
60.87
-0.03
0.08
0.01
0.04
0.02
0.02
-0.01
0.05
0.05
0.07
0.02
0.07
0.03
-0.01
-0.00
-0.02
-0.02
0.05
0.03
0.04
0.06
0.02
0.07
power
68
28.75
159.45
159.59
158.88
160.96
159.90
159.80
158.60
159.39
159.89
158.95
160.91
159.32
160.94
160.59
158.30
158.69
158.66
158.87
158.92
161.01
158.70
159.80
160.68
clear
60.40
0.07
0.07
0.11
0.08
0.11
0.13
0.10
0.06
0.06
0.01
0.05
0.03
0.07
0.09
0.16
0.24
0.35
0.40
0.48
0.50
0.44
0.44
0.45
power
70
37.72
171.72
171.58
171.82
168.14
170.88
171.45
171.55
169.66
170.40
169.31
166.52
167.24
165.41
167.84
167.18
168.30
166.08
167.17
167.11
168.71
166.81
167.41
168.78
clear
65.98
-0.29
-0.27
-0.27
-0.32
-0.30
-0.26
-0.24
-0.21
-0.17
-0.21
-0.17
-0.15
-0.16
-0.19
-0.17
-0.09
-0.07
-0.00
0.04
0.08
0.06
0.06
-0.02
power
72
40.78
179.86
179.91
177.19
173.11
175.39
176.78
175.67
175.04
177.25
178.15
178.21
175.86
175.52
176.11
174.42
173.39
175.44
173.92
175.61
172.28
175.37
172.84
171.52
clear
65.30
-0.32
-0.24
-0.31
-0.27
-0.26
-0.28
-0.21
-0.22
