0.05
0.09
0.05
-0.05
-0.03
0.02
-0.01
0.01
-0.07
-0.04
-0.17
0.02
0.04
-0.04
-0.02
-0.05
-0.05
clear
-0.10
0.03
0.03
-0.04
-0.12
-0.17
-0.18
-0.10
-0.06
0.03
-0.01
-0.07
0.03
0.02
-0.01
-0.00
-0.04
0.00
0.07
0.11
0.08
0.04
0.05
0.03
power
2
-0.00
0.02
0.04
0.15
0.14
0.18
0.13
0.06
-0.00
0.00
0.09
0.04
0.08
0.10
0.09
0.08
0.19
0.01
-0.05
-0.05
-0.04
0.01
0.05
0.01
clear
-0.00
-0.04
-0.03
-0.00
-0.04
-0.06
0.07
0.05
0.04
0.15
0.07
0.08
-0.02
0.05
0.07
0.04
-0.07
0.02
0.04
-0.06
-0.09
-0.05
-0.00
0.00
power
4
-0.06
-0.07
0.01
-0.02
-0.03
-0.05
-0.01
-0.01
-0.05
-0.05
-0.08
-0.12
0.07
0.02
-0.04
0.08
0.02
0.03
-0.02
-0.01
0.01
0.07
0.13
0.18
clear
0.05
0.03
0.06
0.07
0.05
0.08
0.10
0.09
0.15
0.13
0.25
0.25
0.18
0.19
0.23
0.24
0.22
0.28
0.25
0.23
0.23
0.23
0.23
0.17
power
6
0.13
0.07
0.18
0.20
0.05
0.00
-0.04
0.01
-0.05
-0.06
-0.07
-0.05
-0.06
-0.11
-0.03
0.06
0.02
-0.02
-0.05
-0.07
-0.07
-0.06
-0.02
0.14
clear
0.03
-0.03
0.01
0.09
-0.05
0.00
-0.06
-0.12
-0.05
-0.12
-0.07
-0.23
-0.26
-0.31
-0.27
-0.30
-0.31
-0.28
-0.23
-0.23
-0.23
-0.18
-0.14
-0.18
power
8
0.23
0.45
3.97
4.17
4.45
0.88
0.14
5.73
-0.03
-0.20
7.59
-0.06
-0.24
-0.29
1.84
4.12
-0.03
-0.07
0.11
0.04
6.72
0.33
0.03
0.03
clear
-0.09
-0.10
-0.12
-0.06
-0.10
-0.08
-0.06
-0.08
-0.04
0.02
0.02
-0.01
-0.02
-0.06
-0.09
-0.06
-0.03
0.06
0.05
0.16
0.18
0.04
0.02
-0.05
power
10
2.98
5.40
4.92
4.78
4.80
4.83
4.68
4.75
4.51
4.54
4.57
4.33
4.43
4.41
4.41
4.46
4.34
4.27
4.31
4.25
4.20
4.20
4.20
4.19
clear
3.91
3.82
3.80
3.89
3.95
3.85
3.79
3.86
3.90
3.85
3.91
3.89
3.85
3.89
3.84
3.82
3.81
3.81
3.79
3.85
3.92
3.83
3.84
3.80
power
12
-0.04
-0.44
-0.82
-0.84
-0.58
-0.62
-0.75
-0.70
-0.70
-0.67
-0.78
-0.73
-0.84
-0.74
-0.75
-0.75
-0.85
-0.82
-0.83
-0.70
-0.75
-0.79
-0.77
-0.84
clear
-1.94
-2.60
-2.73
-2.68
-2.61
-2.61
-2.58
-2.60
-2.65
-2.86
-2.78
-2.68
-2.66
-2.78
-2.61
-2.58
-2.62
-2.52
-2.78
-2.64
-2.70
-2.61
-2.55
-2.59
power
14
3.52
5.54
5.40
5.38
5.30
5.43
5.52
5.39
2.80
1.91
1.81
1.93
1.85
1.57
1.56
1.55
1.49
1.63
1.73
1.71
1.66
1.80
1.87
1.68
clear
0.09
-1.19
-1.20
-1.14
-1.12
-1.34
-1.42
-1.31
-1.34
-1.31
-1.23
-1.27
-1.19
-1.16
-1.13
-1.13
-1.06
-1.16
-1.10
-1.17
-1.16
-1.23
-1.28
-1.22
power
16
9.01
16.03
15.94
15.02
15.10
15.00
15.05
14.94
14.71
14.47
14.67
14.71
14.94
14.69
14.49
14.42
14.59
14.61
14.42
14.52
14.41
14.48
14.68
14.70
clear
5.64
0.00
0.07
-0.07
0.06
-0.08
-0.02
0.04
-0.12
-0.01
-0.04
-0.09
-0.03
-0.05
-0.05
-0.04
-0.08
0.00
0.01
-0.02
-0.05
-0.00
0.05
0.10
power
18
8.71
12.84
12.56
12.40
12.42
12.12
12.01
11.85
11.84
11.74
11.75
11.60
11.60
11.81
11.66
11.76
11.77
11.89
11.95
11.69
11.62
11.72
11.91
12.01
clear
4.99
-0.12
-0.20
-0.21
-0.18
-0.23
-0.26
-0.26
-0.29
-0.20
-0.20
-0.14
-0.02
0.00
0.02
-0.05
-0.18
0.02
0.04
-0.03
-0.05
-0.02
0.04
0.01
power
20
8.43
14.86
14.36
14.36
14.44
14.15
14.74
13.31
8.29
8.25
8.60
8.63
8.56
8.58
7.97
8.30
8.21
8.44
8.27
8.53
8.23
8.23
8.83
8.41
clear
3.45
0.01
-0.08
-0.10
-0.14
-0.10
-0.13
-0.12
-0.00
-0.05
-0.07
-0.11
-0.08
-0.12
-0.08
-0.01
-0.07
-0.03
-0.09
0.06
0.03
-0.06
0.06
0.12
power
22
11.19
17.37
17.33
16.78
17.15
17.14
17.03
16.82
17.13
16.53
16.32
16.26
16.51
16.75
16.88
16.98
16.92
16.64
16.88
17.00
16.99
16.90
16.56
16.73
clear
6.97
-0.15
-0.13
-0.05
-0.09
-0.02
0.13
-0.13
-0.10
-0.08
-0.09
-0.09
0.01
2.21
3.93
4.09
3.95
4.06
4.03
3.94
3.86
3.86
3.84
3.81
power
24
7.61
13.24
13.36
13.95
12.58
13.33
13.73
13.78
13.47
13.12
13.13
13.40
13.14
13.04
13.35
13.33
13.16
12.93
12.86
12.82
12.72
12.21
12.98
13.06
clear
3.26
-3.74
-4.07
-3.94
-3.89
-3.90
-3.99
-4.01
-3.93
-4.03
-4.03
-3.98
-3.91
-4.00
-3.97
-3.91
-3.96
-4.13
-3.99
-3.93
-3.98
-4.13
-4.07
-3.97
power
26
11.49
21.75
21.72
21.76
22.41
22.15
22.33
21.83
22.01
22.02
21.94
22.19
22.66
22.22
22.36
22.51
22.38
21.84
21.58
21.24
21.56
22.14
22.10
21.74
clear
8.98
0.10
0.16
0.00
0.02
0.03
0.09
0.19
0.11
0.01
0.01
0.00
0.03
0.09
0.09
0.02
-0.03
-0.11
-0.03
-0.03
-0.08
-0.01
-0.02
-0.05
power
28
10.82
23.11
22.78
22.36
22.58
22.51
22.63
22.50
22.89
22.90
22.95
23.06
23.13
23.41
22.54
22.39
22.01
22.59
23.83
22.97
22.84
22.64
23.17
23.62
clear
9.74
0.08
0.03
-0.01
0.09
0.13
0.12
0.19
0.18
0.15
0.15
0.09
0.08
0.11
0.14
0.13
0.15
-0.02
-0.01
0.04
0.17
0.13
0.07
0.10
power
30
10.18
24.83
25.47
25.24
25.97
25.57
25.00
25.59
25.36
25.14
25.30
25.79
25.49
25.74
25.43
25.13
24.41
25.23
25.74
25.08
25.74
25.00
25.53
26.26
clear
12.15
2.50
2.45
2.52
2.51
2.56
2.59
2.69
2.69
2.74
2.87
2.71
2.79
2.71
2.69
2.70
2.75
2.81
2.79
2.76
2.68
2.82
2.80
2.72
power
32
8.39
26.60
27.09
26.48
25.65
25.63
25.81
25.50
24.63
25.37
25.88
25.61
25.06
25.27
26.23
27.22
27.18
26.88
26.61
26.81
26.41
26.61
26.65
26.33
clear
12.25
0.79
0.81
0.92
1.05
1.09
1.10
1.09
1.17
1.16
1.22
1.22
1.03
1.16
1.20
1.30
1.24
1.23
1.20
1.21
1.16
1.17
1.26
1.17
power
34
8.62
29.94
29.71
29.63
30.07
29.34
28.37
29.20
29.89
31.03
31.07
30.53
30.41
31.32
29.81
29.95
30.26
30.06
30.35
30.38
30.20
29.98
30.04
30.69
clear
14.41
-0.42
-0.32
-0.23
-0.22
-0.20
-0.13
0.05
0.06
-0.07
-0.08
0.07
-0.08
-0.10
-0.06
0.03
0.01
-0.07
0.04
0.06
-0.01
0.04
-0.03
0.03
power
36
11.83
34.77
33.84
34.13
35.08
34.18
35.30
34.10
35.01
35.44
35.14
35.43
35.94
35.31
35.31
35.01
34.72
33.47
34.27
34.61
35.00
34.60
34.71
35.12
clear
14.07
-0.55
-0.34
-0.18
-0.20
-0.25
-0.13
-0.03
0.08
0.11
0.11
0.03
0.02
0.08
0.12
0.14
0.19
0.20
0.17
0.16
0.15
0.26
0.31
0.33
power
38
11.79
40.41
40.53
39.33
38.49
38.57
37.85
37.36
38.04
38.79
39.11
38.94
39.21
39.33
39.31
38.71
37.87
37.90
38.79
38.81
39.10
39.53
39.34
38.99
clear
16.81
0.48
0.78
0.92
0.93
1.09
1.13
1.11
1.13
1.10
1.18
1.20
1.24
1.17
1.21
1.26
1.30
1.25
1.24
1.31
1.28
1.32
1.28
1.45
power
40
10.56
42.49
43.33
44.96
44.45
42.70
42.05
43.39
43.37
43.04
42.50
42.43
44.54
45.71
42.79
42.55
42.89
41.21
42.46
42.95
42.56
43.80
41.63
41.98
clear
17.82
-2.54
-2.32
-2.20
-2.15
-2.04
-2.03
-2.01
-2.03
-1.99
-1.95
-1.89
-1.85
-1.79
-1.82
-1.78
-1.80
-1.75
-1.75
-1.52
-1.64
-1.72
-1.69
-1.65
power
42
9.83
49.77
50.29
49.93
50.16
49.58
50.68
50.44
49.96
50.73
51.43
50.54
51.29
50.06
50.18
50.81
50.71
51.93
52.18
51.13
50.77
50.98
50.86
50.53
clear
20.40
-0.97
-1.01
-0.92
-0.72
-0.53
-0.46
-0.40
-0.41
-0.45
-0.46
-0.20
-0.17
-0.27
-0.11
-0.10
-0.12
-0.16
-0.14
-0.12
-0.21
-0.22
-0.15
-0.16
power
44
16.33
58.94
58.87
57.79
58.66
59.08
57.79
56.88
57.95
58.57
57.77
58.14
58.78
58.65
59.23
57.55
56.44
57.44
58.44
57.48
56.54
56.62
57.11
58.65
clear
24.29
0.24
0.51
0.72
0.79
0.91
0.93
0.96
0.98
1.06
1.14
1.13
1.21
1.25
1.28
1.30
1.30
1.26
1.24
1.25
1.28
1.29
1.36
1.35
power
46
14.38
62.20
61.71
62.97
61.63
60.92
60.65
62.04
62.02
61.43
60.77
61.11
61.01
59.66
61.07
60.60
61.55
61.36
61.24
62.17
62.76
62.21
63.47
62.98
clear
26.23
-1.89
-1.74
-1.64
-1.52
-1.42
-1.50
-0.42
-1.93
-1.92
-2.48
-1.18
-3.75
10.10
13.10
-3.02
30.97
19.69
19.02
19.07
19.04
18.95
18.94
18.86
power
48
3.83
48.18
45.74
45.60
46.68
46.64
46.87
47.08
47.39
48.55
48.68
48.99
48.79
47.63
48.76
48.77
48.99
50.24
47.06
47.32
50.08
49.50
48.71
47.16
clear
9.29
-20.47
-20.32
-20.10
-19.98
-19.91
-19.80
-19.73
-19.59
-19.55
-19.56
-19.52
-19.54
-19.44
-19.41
-19.39
-19.53
-19.52
-19.46
-19.53
-19.41
-19.32
-19.33
-19.48
power
50
17.88
76.35
76.90
75.73
75.40
75.16
74.53
75.63
76.16
76.52
76.39
76.68
75.43
73.69
75.28
75.06
75.45
75.34
73.20
74.83
74.77
74.04
72.68
72.20
clear
30.01
-1.16
-0.93
-0.70
-0.60
-0.47
-0.42
-0.33
-0.30
-0.17
0.10
-0.47
-0.45
-0.31
-0.36
-0.23
-0.17
-0.16
-0.13
-0.12
-0.49
-0.40
-0.41
-0.45
power
52
13.33
82.32
81.63
80.30
79.62
81.34
80.27
78.62
80.34
79.07
80.11
79.96
79.70
80.04
79.92
79.00
79.14
80.48
80.76
76.76
75.98
76.43
77.58
78.30
clear
32.74
-0.16
-0.03
0.17
0.31
0.51
0.58
0.54
0.66
0.76
0.88
1.01
0.87
0.87
1.02
1.12
1.15
1.01
0.96
0.97
1.01
1.05
1.08
1.02
power
54
17.44
84.34
85.44
83.52
84.74
87.97
86.87
86.52
86.06
85.96
85.84
85.57
87.30
87.10
87.03
87.99
87.47
85.78
87.48
86.38
85.77
86.92
86.63
86.95
clear
35.64
-0.62
-0.37
-0.13
0.02
0.03
0.08
0.23
0.25
0.34
0.39
0.44
0.55
0.55
0.69
0.68
0.67
0.80
0.87
0.85
0.76
0.73
0.85
0.79
power
56
18.82
93.64
93.73
91.47
92.92
91.17
91.16
89.44
91.36
92.19
93.66
90.93
89.32
90.63
90.34
89.46
91.63
90.34
91.15
90.36
93.49
93.76
91.53
91.74
clear
38.79
-1.65
-1.45
-1.08
-0.84
-0.72
-0.57
-0.54
-0.56
-0.51
-0.40
-0.35
-0.26
-0.28
-0.16
-0.14
-0.12
-0.09
-0.03
-0.08
0.03
0.02
-0.02
0.04
power
58
16.76
99.29
98.11
98.10
97.70
96.02
95.71
96.91
97.29
98.52
99.30
97.17
101.45
100.32
98.75
96.07
95.08
97.22
98.05
98.81
98.96
99.68
99.16
99.30
clear
38.90
-0.91
-0.55
-0.26
-0.25
-0.33
-0.19
-0.22
-0.09
0.04
0.03
0.05
0.17
0.36
0.41
0.42
0.42
0.41
0.41
0.55
0.52
0.51
0.64
0.61
power
60
19.47
103.26
106.36
104.57
103.90
103.77
103.69
104.18
103.34
104.67
105.19
105.29
105.96
103.01
101.86
103.77
103.23
103.19
103.05
105.48
104.26
105.87
100.98
99.97
clear
39.12
-1.55
-1.22
-0.96
-0.81
-0.65
-0.55
-0.39
-0.32
-0.30
-0.32
-0.32
-0.30
-0.25
-0.12
-0.08
-0.18
-0.01
0.03
0.01
-0.02
0.13
0.13
0.18
power
62
22.27
111.89
108.91
108.29
105.41
106.69
107.04
104.62
104.98
105.61
109.26
111.27
112.65
109.98
109.20
111.19
108.63
107.80
106.80
107.01
106.93
106.88
108.05
108.57
clear
44.86
0.37
1.00
1.19
1.28
1.47
1.46
1.56
1.77
1.81
2.17
2.09
2.10
2.23
2.27
0.94
0.75
-0.62
-0.43
-0.42
-0.35
-0.39
-0.32
-0.28
power
64
20.78
114.43
116.13
119.03
117.98
119.19
119.24
119.55
118.92
118.10
118.42
116.58
118.87
117.59
117.76
116.44
119.02
122.75
124.13
121.62
118.30
118.31
118.87
117.78
clear
50.33
1.49
2.05
2.37
2.55
2.76
2.85
2.93
2.89
2.95
3.10
3.22
3.27
3.32
3.38
3.37
3.40
3.48
3.54
3.55
3.64
3.65
3.64
3.57
power
66
19.91
121.91
124.80
124.84
123.35
123.95
125.08
122.40
118.33
119.23
124.84
124.49
124.01
123.55
125.16
126.22
125.82
121.57
121.13
119.51
122.23
123.07
123.33
121.43
clear
46.98
-1.01
-0.47
-0.23
0.11
0.20
0.25
0.43
0.54
0.58
0.68
0.73
0.73
0.73
0.87
0.88
0.93
0.96
1.08
1.08
1.05
1.05
0.99
1.08
power
68
23.63
132.72
137.38
135.48
132.11
130.40
130.06
130.91
129.17
124.41
127.32
129.09
127.08
130.24
130.05
130.75
132.14
133.52
135.06
131.99
131.78
131.53
131.97
129.65
clear
51.93
-2.21
-1.67
-1.36
-1.11
-0.93
-0.85
-0.66
-0.58
-0.55
-0.50
-0.41
-0.32
-0.33
-0.31
-0.16
-0.10
-0.12
-0.05
-0.13
-0.02
-0.04
0.02
0.12
power
70
26.26
138.86
139.26
139.34
135.79
137.13
142.62
142.34
136.16
138.00
136.17
137.81
136.71
134.29
133.03
134.98
136.90
136.70
137.80
135.65
135.94
132.43
136.24
133.84
clear
54.70
-2.71
-2.13
-1.70
-1.45
-1.16
-0.95
-0.74
-0.68
-0.64
-0.53
-0.46
-0.29
-0.29
-0.22
-0.16
-0.20
-0.13
-0.09
-0.06
0.07
0.10
0.13
0.17
power
72
26.31
145.55
148.66
148.50
146.62
146.23
146.85
145.51
144.86
143.56
143.46
143.85
143.89
144.29
145.17
144.39
143.65
143.99
143.62
143.53
143.97
143.99
143.87
143.09
clear
59.06
-3.04
-2.30
-1.93
-1.61
-1.39
-1.29
-1.19
-1.07
-0.92
-0.86
-0.77
-0.66
-0.63
-0.49
-0.46
-0.35
-0.39
-0.32
-0.29
-0.21
-0.21
-0.10
-0.06
power
74
20.75
152.86
154.25
