2.71
2.60
2.42
2.35
2.29
2.20
2.11
2.14
2.05
1.96
1.90
1.90
1.90
1.87
1.73
1.81
1.74
1.71
1.78
1.76
1.91
clear
1.87
2.01
1.94
1.95
1.92
1.86
1.85
1.90
1.83
1.93
1.99
1.94
2.26
2.28
2.47
2.39
2.59
2.60
2.71
2.63
2.50
2.45
2.59
2.64
power
3
0.09
0.03
0.04
0.02
0.04
-0.15
-0.20
-0.42
-0.58
-0.71
-0.79
-0.84
-0.83
-0.92
-0.91
-0.89
-0.90
-0.84
-0.81
-0.85
-0.74
-0.71
-0.63
-0.59
clear
-0.58
-0.59
-0.71
-0.69
-0.70
-0.61
-0.57
-0.68
-0.76
-0.88
-0.88
-0.88
-0.91
-0.96
-0.99
-0.96
-1.00
-1.01
-1.00
-0.90
-0.89
-0.84
-0.84
-0.69
power
6
0.07
0.13
0.28
0.30
0.27
0.20
0.12
0.10
0.01
-0.02
-0.05
0.16
0.19
0.14
0.03
-0.05
-0.05
0.00
0.03
-0.06
0.02
0.01
0.07
-0.00
clear
-0.02
0.07
0.09
0.07
0.10
0.06
-0.01
0.02
0.12
0.27
0.30
0.29
0.26
0.27
0.20
0.14
0.21
0.03
-0.08
-0.04
0.02
0.18
0.27
0.25
power
9
0.04
0.11
-0.00
-0.16
-0.08
0.04
-0.02
0.02
0.04
0.10
0.06
0.21
0.22
0.03
0.09
0.22
0.33
0.46
0.53
0.63
0.48
0.26
0.29
0.23
clear
0.23
0.14
0.12
0.10
0.04
0.01
-0.11
-0.16
-0.14
-0.22
-0.27
-0.21
-0.16
-0.21
-0.28
-0.20
-0.13
-0.06
-0.02
0.09
0.05
0.00
0.07
0.04
power
12
0.11
0.29
0.50
0.50
0.39
0.37
0.49
0.39
0.41
0.37
0.54
0.59
0.55
0.53
0.39
0.21
0.16
-0.01
-0.15
-0.24
-0.28
-0.42
-0.42
-0.38
clear
-0.38
-0.51
-0.51
-0.47
-0.43
-0.23
-0.25
-0.20
-0.25
-0.32
-0.37
-0.39
-0.37
-0.47
-0.54
-0.54
-0.64
-0.57
-0.53
-0.36
-0.34
-0.27
-0.24
-0.24
power
15
0.07
0.02
-0.02
-0.19
0.00
0.03
0.03
0.00
0.00
0.03
-0.12
-0.10
-0.09
-0.09
-0.13
-0.08
-0.12
-0.15
-0.31
-0.36
-0.55
-0.52
-0.42
-0.34
clear
-0.25
-0.44
-0.46
-0.42
-0.41
-0.35
-0.27
-0.21
-0.15
-0.15
-0.01
-0.01
-0.05
-0.11
-0.20
-0.28
-0.21
-0.30
-0.35
-0.42
-0.45
-0.40
-0.36
-0.45
power
18
-0.08
0.13
0.21
0.27
0.32
0.22
0.31
0.43
0.24
0.33
0.28
0.24
0.17
0.12
0.03
0.13
0.15
0.01
0.04
0.08
0.03
-0.08
-0.07
-0.02
clear
0.23
-0.15
-0.25
-0.28
-0.21
-0.20
-0.10
-0.04
-0.06
-0.06
-0.13
-0.15
-0.19
-0.18
-0.16
-0.08
-0.05
0.09
0.14
0.17
0.26
0.44
0.36
0.31
power
21
-0.09
0.10
0.14
0.08
0.06
0.10
0.03
-0.05
-0.29
-0.69
-0.62
-0.57
-0.44
-0.28
-0.11
-0.08
-0.09
-0.32
-0.36
-0.16
0.02
0.01
-0.07
0.05
clear
0.17
-0.21
-0.16
-0.04
0.14
0.12
0.15
0.29
0.36
0.57
0.85
1.12
1.21
1.24
1.21
1.26
1.21
1.09
1.06
1.03
0.98
0.98
0.82
0.85
power
24
0.40
0.90
0.78
0.95
1.10
1.02
0.71
0.57
0.53
0.52
0.42
0.26
0.22
0.18
0.25
0.30
0.28
0.19
0.18
0.26
0.36
0.34
0.51
0.35
clear
0.29
-0.33
-0.44
-0.42
-0.50
-0.43
-0.39
-0.36
-0.34
-0.25
-0.31
-0.41
-0.43
-0.53
-0.62
-0.50
-0.46
-0.52
-0.55
-0.65
-0.51
-0.56
-0.50
-0.49
power
27
-0.02
0.60
0.81
0.85
0.72
0.75
0.77
0.91
0.76
0.79
1.12
0.95
0.82
0.88
0.83
0.82
0.69
0.86
0.81
0.81
1.00
1.09
1.17
1.16
clear
1.01
0.34
0.29
0.27
0.24
0.27
0.22
0.29
0.34
0.38
0.41
0.37
0.36
0.28
0.13
0.02
-0.10
-0.12
-0.10
-0.19
-0.24
-0.12
-0.18
-0.17
power
30
-0.42
0.32
0.28
0.18
0.64
0.93
0.81
0.66
1.20
1.29
1.04
0.95
0.92
1.07
1.22
1.22
1.16
1.08
1.26
1.20
1.06
1.14
1.18
1.36
clear
0.70
-0.64
-0.64
-0.69
-0.69
-0.72
-0.73
-0.81
-0.79
-0.85
-0.83
-0.86
-0.87
-0.84
-0.80
-0.92
-0.96
-0.99
-1.06
-1.11
-1.21
-1.31
-1.33
-1.39
power
33
0.53
2.09
1.60
1.54
1.96
1.91
1.49
1.64
1.72
1.65
1.98
1.61
1.55
1.53
1.49
1.42
1.88
1.47
1.30
1.32
1.22
1.77
1.88
1.77
clear
2.12
1.21
1.05
1.05
1.07
1.15
1.09
1.15
1.06
1.03
1.06
1.02
0.93
0.94
0.99
0.92
0.99
1.04
0.99
0.98
0.88
0.86
0.85
0.85
power
36
0.59
2.83
2.62
2.43
2.46
2.47
2.43
2.37
2.67
2.86
3.06
2.60
2.86
2.94
3.09
3.35
3.12
2.91
2.76
3.21
3.49
3.34
3.34
3.20
clear
5.27
5.43
5.32
5.33
5.21
5.17
5.19
5.13
5.12
5.05
5.03
4.96
4.89
4.92
4.82
4.86
4.77
4.65
4.57
4.41
4.23
4.21
4.16
4.10
power
39
0.71
2.21
2.46
3.31
3.24
2.96
2.67
2.43
2.17
1.90
2.03
2.14
1.90
1.99
2.29
2.74
2.31
2.48
2.83
3.07
3.05
3.30
3.24
3.02
clear
2.92
1.31
1.07
1.10
0.97
0.99
0.99
0.94
0.94
0.84
0.80
0.81
0.69
0.70
0.57
0.49
0.48
0.47
0.43
0.41
0.27
0.27
0.26
0.10
power
42
1.34
4.26
4.67
4.73
5.07
5.40
5.43
5.27
5.37
5.69
5.69
5.94
5.72
5.99
6.20
6.02
5.83
6.19
6.05
5.81
5.76
5.72
5.78
5.94
clear
6.77
4.99
4.74
4.68
4.61
4.67
4.61
4.57
4.63
4.62
4.58
4.61
4.51
4.55
4.50
4.47
4.45
4.34
4.28
4.18
4.19
4.15
4.24
4.21
power
45
1.67
14.49
20.60
22.70
22.97
22.77
23.26
23.96
24.15
23.24
23.93
24.16
24.08
24.63
24.31
24.12
24.22
24.48
24.97
25.03
25.38
25.29
25.06
25.21
clear
16.33
8.13
7.71
7.64
7.53
7.44
7.43
7.33
7.32
7.25
7.26
7.19
7.12
7.10
7.03
7.02
7.00
7.17
7.28
7.29
7.22
7.11
7.07
7.01
power
48
1.61
24.27
27.35
28.07
28.39
28.57
28.63
29.41
29.34
29.78
29.62
29.63
29.98
29.99
30.04
30.04
30.37
30.73
30.11
30.25
30.08
30.06
30.13
30.66
clear
15.40
2.17
1.53
1.23
0.98
0.73
0.60
0.56
0.37
0.25
0.21
0.11
0.05
-0.09
-0.14
-0.20
-0.26
-0.36
-0.46
-0.56
-0.53
-0.54
-0.61
-0.69
power
51
2.60
31.65
34.21
35.08
35.03
35.18
35.70
36.17
35.89
36.28
35.83
36.21
36.38
36.80
36.83
36.70
36.48
36.87
36.82
36.74
36.82
36.70
37.03
36.98
clear
17.66
2.51
2.19
1.93
1.77
1.55
1.47
1.35
1.24
1.16
1.12
0.99
0.97
0.87
0.81
0.64
0.53
0.44
0.42
0.38
0.27
0.22
0.20
0.22
power
54
4.92
36.86
38.61
39.23
40.15
40.47
40.15
39.96
41.26
41.71
41.39
41.36
41.50
41.19
41.44
41.31
41.54
41.48
41.59
42.18
42.34
42.29
41.17
40.66
clear
18.93
3.32
2.88
2.55
2.25
2.10
1.89
1.80
1.66
1.61
1.55
1.49
1.40
1.35
1.28
1.24
1.16
1.16
1.07
1.02
0.99
0.93
1.13
1.05
power
57
7.29
42.42
42.93
43.55
43.78
43.28
43.25
43.18
44.09
44.07
43.77
44.52
43.79
44.45
44.29
44.43
43.63
43.80
43.80
43.71
43.82
43.42
43.85
44.03
clear
19.27
1.53
1.45
1.24
1.13
0.96
0.84
0.73
0.61
0.53
0.46
0.53
0.40
0.44
0.40
0.36
0.25
0.16
0.06
-0.05
-0.10
-0.20
-0.22
-0.18
power
60
6.13
47.23
48.81
49.17
49.08
49.08
48.62
50.15
49.46
49.60
50.44
49.33
49.63
48.90
49.38
48.95
48.36
49.16
49.30
48.69
49.36
49.27
50.11
49.35
clear
21.31
0.66
0.70
0.66
0.66
0.71
0.70
0.56
0.50
0.55
0.97
0.96
0.99
0.91
0.96
0.88
0.86
0.80
0.80
0.82
0.71
0.67
0.67
0.74
power
63
7.15
52.74
53.76
53.80
53.91
53.58
53.97
53.94
53.58
53.29
53.61
53.38
53.62
52.97
52.94
52.62
52.50
52.86
52.95
53.66
53.08
53.20
53.25
52.71
clear
22.92
-0.46
-0.36
-0.34
-0.27
-0.27
-0.24
-0.21
-0.18
-0.22
-0.25
-0.29
-0.28
-0.34
-0.39
-0.41
-0.37
-0.39
-0.46
-0.43
-0.47
-0.39
-0.41
-0.45
power
66
8.15
60.17
61.79
62.06
61.00
60.64
59.88
59.61
59.45
58.86
58.46
58.73
59.56
59.36
59.54
60.91
60.56
61.21
60.57
60.85
60.50
59.53
58.16
58.06
clear
23.01
-0.80
-0.87
-0.77
-0.69
-0.63
-0.61
-0.60
-0.58
-0.55
-0.56
-0.48
-0.45
-0.52
-0.41
-0.35
-0.30
-0.32
-0.33
-0.34
-0.36
-0.42
-0.39
-0.46
power
69
11.34
67.02
68.33
67.73
68.49
68.27
67.39
67.93
67.38
68.03
68.14
67.95
67.84
67.76
67.69
66.97
66.90
67.21
67.09
66.49
65.99
66.32
66.11
66.21
clear
27.45
-0.44
-0.38
-0.27
-0.15
-0.10
-0.00
0.04
-0.02
-0.10
-0.04
-0.06
-0.03
-0.11
0.12
0.19
0.31
0.34
0.40
0.39
0.35
0.36
0.36
0.30
power
72
13.32
74.72
77.10
77.09
75.53
74.91
75.84
75.70
75.37
77.19
75.76
74.77
74.40
75.28
74.97
74.38
75.04
75.09
74.09
73.83
74.18
73.13
72.69
73.79
clear
30.91
-0.11
-0.12
-0.08
-0.12
-0.10
0.02
-0.03
0.04
0.07
0.09
0.12
0.18
0.21
0.18
0.18
0.09
-0.04
-0.18
-0.21
-0.26
-0.40
-0.41
-0.46
power
75
5.41
