0.03
-0.17
-0.34
-0.25
-0.19
-0.38
-0.51
-0.44
-0.35
-0.24
-0.13
-0.20
-0.26
-0.23
-0.13
-0.20
-0.13
-0.15
-0.10
-0.18
clear
-0.16
-0.19
-0.03
0.01
-0.01
-0.03
-0.06
-0.03
0.01
-0.03
-0.03
0.07
0.00
0.03
-0.01
-0.13
0.01
-0.00
-0.07
-0.26
-0.24
-0.28
-0.36
-0.43
power
2
0.08
0.12
-0.01
-0.10
-0.04
-0.05
-0.10
0.12
0.12
0.11
0.09
0.12
-0.06
-0.04
-0.17
-0.26
-0.31
-0.32
-0.29
-0.36
-0.46
-0.56
-0.61
-0.63
clear
-0.62
-0.64
-0.68
-0.72
-0.82
-0.85
-0.76
-0.61
-0.54
-0.61
-0.66
-0.60
-0.47
-0.49
-0.32
-0.21
-0.06
0.09
0.19
0.21
0.18
0.28
0.29
0.28
power
4
0.15
0.10
-0.05
0.02
0.07
0.19
0.17
0.06
0.09
0.14
0.27
0.17
0.18
0.15
0.08
0.04
-0.07
-0.05
0.00
-0.01
-0.08
-0.11
-0.16
-0.16
clear
-0.30
-0.49
-0.58
-0.47
-0.48
-0.46
-0.55
-0.69
-0.73
-0.68
-0.46
-0.42
-0.40
-0.31
-0.24
-0.10
0.00
-0.08
-0.03
-0.03
0.06
0.13
0.11
0.03
power
6
-0.13
-0.17
-0.14
-0.16
-0.18
-0.39
-0.47
-0.41
-0.39
-0.24
-0.27
-0.24
-0.21
-0.19
-0.19
-0.07
-0.09
-0.26
-0.26
-0.32
-0.33
-0.34
-0.44
-0.43
clear
-0.38
-0.43
-0.43
-0.41
-0.38
-0.37
-0.52
-0.86
-0.86
-0.85
-0.68
-0.76
-0.63
-0.81
-0.86
-0.87
-0.88
-0.87
-0.86
-0.78
-0.78
-0.75
-0.79
-0.73
power
8
-0.13
-0.01
0.88
0.29
0.35
0.67
0.32
0.03
0.03
0.03
0.61
0.71
0.57
0.62
-0.20
-0.22
-0.29
-0.32
-0.43
-0.55
-0.07
-0.07
-0.04
-0.17
clear
-0.23
-0.18
-0.22
-0.21
-0.18
-0.15
-0.35
-0.60
-0.62
-0.64
-0.65
-0.56
-0.53
-0.38
-0.30
-0.58
-0.54
-0.58
-0.53
-0.53
-0.51
-0.47
-0.46
-0.49
power
10
-0.01
0.11
0.05
-0.03
-0.03
0.25
0.23
0.22
0.39
0.34
0.36
0.38
0.48
0.41
0.43
0.33
0.30
0.24
-0.05
-0.03
0.02
0.00
0.03
-0.04
clear
-0.09
-0.16
-0.13
-0.06
-0.18
-0.15
-0.17
-0.07
-0.02
0.05
0.05
-0.08
-0.02
0.01
0.06
0.02
-0.07
-0.19
-0.01
0.11
0.09
0.07
0.12
0.08
power
12
-0.16
-0.16
-0.16
-0.09
0.04
0.14
0.35
0.30
0.41
0.45
0.38
0.29
0.34
0.47
0.60
0.58
0.57
0.58
0.60
0.65
0.71
0.62
0.69
0.93
clear
1.04
0.83
0.74
0.81
0.88
0.86
0.79
0.68
0.57
0.50
0.43
0.47
0.44
0.43
0.38
0.42
0.50
0.55
0.44
0.32
0.21
0.29
0.33
0.38
power
14
-0.16
-0.16
-0.00
0.22
0.54
0.88
1.17
1.17
1.12
1.23
1.26
1.33
1.33
1.41
1.39
1.38
1.16
1.17
1.23
1.25
1.21
1.10
0.98
0.93
clear
0.68
0.40
0.39
0.40
0.30
0.23
0.22
0.14
-0.03
-0.11
-0.02
-0.13
-0.11
-0.08
-0.10
-0.12
-0.01
-0.02
-0.05
0.02
0.02
0.01
-0.07
-0.16
power
16
-0.12
0.19
0.22
0.34
0.51
0.71
0.76
0.51
0.30
0.33
0.45
0.56
0.69
0.71
0.85
0.87
0.93
1.07
0.95
1.13
1.08
1.08
1.00
0.98
clear
0.96
0.62
0.60
0.59
0.60
0.54
0.60
0.74
0.75
0.76
0.73
0.63
0.64
0.60
0.64
0.52
0.52
0.47
0.38
0.33
0.20
0.19
0.15
0.03
power
18
0.03
0.47
0.51
0.79
0.78
0.84
0.90
0.90
0.82
0.67
0.70
0.69
0.58
0.66
0.60
0.71
0.83
0.64
0.78
0.82
0.68
0.72
0.72
0.58
clear
0.39
0.10
0.18
0.15
0.12
0.10
0.05
-0.20
-0.34
-0.54
-0.43
-0.31
-0.34
-0.30
-0.27
-0.29
-0.14
-0.17
-0.19
-0.12
-0.08
0.02
0.06
0.05
power
20
-0.31
-0.27
0.09
0.42
0.70
0.55
0.50
0.24
0.05
0.09
0.12
0.00
-0.20
-0.11
-0.21
-0.28
-0.28
-0.26
-0.28
-0.30
-0.37
-0.36
-0.20
-0.19
clear
-0.16
-0.41
-0.45
-0.36
-0.39
-0.43
-0.41
-0.46
-0.39
-0.43
-0.44
-0.37
-0.33
-0.32
-0.40
-0.43
-0.39
-0.34
-0.33
-0.31
-0.38
-0.33
-0.26
-0.27
power
22
0.05
0.64
0.94
0.92
0.76
0.71
0.84
0.68
0.52
0.75
0.58
0.39
0.31
0.30
0.31
0.12
0.07
-0.06
-0.15
-0.05
0.11
0.05
-0.02
-0.03
clear
0.28
0.07
0.18
0.14
0.19
0.28
0.23
0.34
0.55
0.47
0.51
0.47
0.46
0.43
0.45
0.42
0.44
0.43
0.41
0.36
0.44
0.41
0.54
0.54
power
24
-0.05
0.29
0.61
0.62
0.48
0.42
0.28
0.23
0.11
0.04
-0.11
-0.11
-0.15
-0.27
-0.43
-0.32
-0.26
-0.12
-0.01
-0.17
-0.18
-0.19
-0.40
-0.18
clear
-0.18
-0.35
-0.29
-0.30
-0.23
-0.14
-0.13
-0.16
-0.06
-0.11
-0.10
-0.01
-0.03
0.01
0.06
0.17
0.22
0.11
0.17
0.22
0.25
0.28
0.25
0.29
power
26
-0.43
-0.43
-0.20
0.02
0.04
0.19
0.03
0.10
0.25
-0.31
-0.42
-0.47
-0.58
-0.48
-0.59
-0.76
-0.97
-0.89
-0.74
-0.68
-0.86
-0.13
-0.32
-0.65
clear
-0.14
-0.05
-0.01
0.05
0.13
0.16
0.16
0.27
0.20
0.24
0.18
0.17
0.02
-0.01
0.07
0.09
0.16
0.13
0.11
0.08
0.15
0.05
0.06
-0.03
power
28
-0.55
-0.34
0.33
0.65
0.59
0.56
0.62
0.37
0.38
0.06
-0.07
-0.08
0.30
0.53
0.50
0.34
0.50
0.64
0.26
0.23
0.01
-0.34
-0.17
-0.19
clear
1.30
1.47
1.34
1.33
1.36
1.41
1.42
1.32
1.33
1.28
1.32
1.36
1.28
1.38
1.20
1.03
1.12
1.22
1.28
1.39
1.41
1.39
1.38
1.38
power
30
-0.16
0.77
1.30
1.04
1.01
0.92
0.69
0.66
0.73
0.87
0.88
0.67
0.74
0.68
0.66
0.92
0.83
0.80
0.77
0.87
0.81
0.78
0.95
0.74
clear
1.76
1.80
1.65
1.66
1.58
1.58
1.56
1.61
1.56
1.55
1.44
1.39
1.35
1.51
1.51
1.52
1.66
1.63
1.46
1.39
1.49
1.40
1.38
1.33
power
32
0.19
1.46
1.86
1.63
1.68
1.70
1.68
1.87
1.69
1.58
1.69
1.69
1.69
1.87
1.84
1.80
2.09
2.28
2.40
2.28
2.48
2.25
2.03
2.37
clear
2.21
1.20
1.10
1.00
0.96
0.95
1.01
0.91
1.06
1.44
1.38
1.53
1.52
1.58
1.58
1.62
1.70
1.74
1.78
1.86
1.80
1.85
1.81
1.81
power
34
0.11
1.30
1.63
1.64
1.63
1.23
1.35
1.32
1.17
0.83
1.07
1.16
0.62
1.05
0.79
0.63
0.91
1.02
0.61
0.77
0.64
0.63
0.54
0.35
clear
1.21
0.87
0.67
0.69
0.73
0.68
0.70
0.62
0.66
0.72
0.63
0.60
0.59
0.64
0.57
0.71
0.72
0.84
0.85
0.90
0.89
0.88
0.92
0.75
power
36
-0.03
1.31
1.65
1.63
1.80
1.91
1.96
1.86
1.63
1.96
1.72
1.87
1.80
1.67
1.75
1.96
2.12
1.84
1.35
1.63
1.90
2.12
2.09
2.06
clear
2.24
1.29
0.93
0.84
0.73
0.68
0.50
0.47
0.34
0.40
0.48
0.36
0.43
0.50
0.64
0.66
0.56
0.55
0.56
0.62
0.64
0.52
0.46
0.47
power
38
-0.17
1.09
1.20
1.07
1.06
0.96
1.09
1.19
1.14
1.16
1.19
1.03
1.21
1.50
1.27
1.00
0.85
0.99
0.39
0.28
0.35
0.54
0.51
0.68
clear
2.08
2.01
2.11
2.31
1.92
2.08
1.65
1.76
1.72
1.77
1.77
1.78
1.69
1.73
1.74
1.68
1.75
1.90
2.03
2.09
2.08
2.44
2.41
2.37
power
40
-3.45
-3.78
-2.95
-3.06
-3.26
-3.41
-3.39
-3.69
-3.59
-3.35
-3.72
-3.69
-3.37
-3.59
-3.44
-3.01
-2.88
-2.60
-2.74
-2.68
-3.19
-3.11
-2.95
-2.88
clear
-0.25
0.21
0.00
-0.19
-0.28
-0.32
-0.33
-0.43
-0.43
-0.47
-0.54
-0.63
-0.56
-0.63
-0.57
-0.53
-0.42
-0.44
-0.34
-0.34
-0.21
-0.28
-0.27
-0.32
power
42
-2.63
-2.73
-1.71
-1.64
-1.89
-1.81
-2.02
-1.36
-0.88
-0.79
-1.11
-1.82
-1.88
-2.34
-1.89
-1.98
-2.39
-2.82
-2.72
-2.32
-2.48
-2.15
-2.30
-1.92
clear
0.81
1.85
1.85
1.45
1.34
1.46
1.41
1.37
1.49
1.48
1.47
1.48
1.47
1.49
1.55
1.66
1.66
1.68
1.83
1.95
2.05
2.30
2.41
2.14
power
44
-1.29
-0.69
0.38
0.70
0.43
0.48
0.79
0.75
1.01
1.36
1.35
1.34
0.45
1.00
0.61
0.28
0.60
1.10
0.88
0.74
0.69
0.88
0.62
0.79
clear
2.11
1.44
1.17
0.85
0.86
0.69
0.71
0.71
0.67
0.57
0.43
0.42
0.34
0.21
0.22
0.29
0.37
0.43
0.46
0.49
0.52
0.55
0.52
0.43
power
46
-1.17
-0.47
0.58
0.83
1.17
0.82
0.57
1.48
1.34
0.87
1.41
1.61
1.09
0.60
0.38
0.40
0.99
0.91
0.49
-0.37
-0.73
-0.75
-0.56
-0.70
clear
-0.19
-0.79
-0.36
-0.36
-0.37
-0.39
-0.38
-0.30
-0.31
-0.33
-0.37
-0.43
-0.55
-0.61
-0.75
-0.79
-0.72
-0.56
-0.48
-0.40
-0.49
-0.53
-0.43
-0.32
power
48
-4.30
-4.11
-3.71
-3.25
-3.27
-3.19
-3.23
-2.66
-2.91
-2.60
-2.66
-2.64
-2.35
-2.67
-2.58
-3.02
-3.05
-2.63
-2.57
-2.79
-2.66
-2.70
-2.66
-2.49
clear
1.00
2.37
2.37
2.16
2.10
2.16
2.14
2.09
2.06
2.09
1.99
1.97
1.92
1.79
1.75
1.75
1.64
1.64
1.66
1.79
1.84
1.70
1.64
1.67
power
50
-4.88
-4.32
-3.46
-3.36
-3.19
-3.28
-0.38
18.19
26.74
24.82
22.77
24.52
26.46
26.52
26.18
27.54
28.98
28.78
27.95
28.88
28.89
28.03
27.20
27.10
clear
30.63
29.66
30.82
31.75
32.96
34.35
34.68
35.38
37.95
38.89
40.35
41.79
41.70
41.01
40.36
40.32
42.21
42.99
43.75
44.35
45.05
45.94
46.35
43.64
power
52
-6.80
-9.15
-8.58
-10.08
-13.60
-28.03
-40.47
-42.00
-41.62
-41.58
-40.96
-41.05
-40.68
-41.54
-41.00
-40.86
-40.51
-40.62
-40.96
-40.89
-41.33
-41.35
-40.65
-41.17
clear
-38.44
-38.13
-39.25
-38.01
-34.64
-3.57
9.71
8.24
5.07
3.80
5.79
9.67
11.94
11.57
11.48
10.31
9.75
10.16
11.09
11.75
13.05
13.21
13.43
13.12
power
54
-3.10
-5.97
-3.17
-2.69
-7.88
-14.91
-28.07
-39.14
-44.56
-47.74
-47.93
-47.31
-47.97
-48.16
-47.71
-47.73
-48.33
-48.01
-47.61
-48.31
-48.13
-47.55
-46.72
-47.93
clear
-49.17
-51.14
-49.86
-49.48
-49.39
-48.67
-48.00
-49.54
-49.21
-48.97
-49.16
-49.34
-49.35
-49.56
-49.27
-49.02
-48.31
-49.31
-40.74
-36.08
-38.29
-39.90
-39.75
-40.18
power
56
-10.31
-3.56
-2.33
-2.20
-1.36
-1.64
-0.11
16.04
37.91
11.53
-1.58
-0.93
-0.10
3.92
18.24
17.09
3.87
-3.06
-3.61
-4.25
-4.27
-4.12
-3.84
-3.85
clear
-6.64
-10.97
-10.82
-10.80
-11.16
-11.22
-11.26
-11.32
-11.35
-11.43
-11.46
-11.55
-11.56
-11.58
-11.68
-11.87
-12.05
-12.02
-11.95
-11.84
-11.69
-11.72
-11.75
-11.74
power
58
-2.73
10.86
11.88
12.67
13.10
12.80
13.13
12.69
13.46
13.12
13.11
12.73
12.96
13.11
12.43
12.61
12.97
13.38
12.87
12.79
12.15
12.81
12.75
12.73
clear
5.75
-1.09
-0.76
-1.36
-1.58
-1.64
-1.70
-1.71
-1.75
-1.83
-1.80
-2.07
-2.02
-2.10
-2.24
-2.22
-2.25
-2.10
-2.06
-2.13
-1.93
-2.03
-2.04
-2.07
power
60
0.97
17.00
18.38
17.83
18.43
18.47
17.89
18.37
17.89
18.20
18.12
17.80
16.98
16.77
17.26
17.81
17.42
17.09
16.93
17.14
16.74
17.78
17.57
17.60
clear
7.12
-1.24
-0.72
-0.49
0.06
0.16
0.22
0.17
0.16
0.06
0.12
0.05
0.07
-0.14
-0.20
-0.16
0.04
0.19
0.23
0.22
0.16
0.11
0.12
0.17
power
62
1.02
19.64
20.60
20.64
20.82
21.05
21.28
21.46
21.24
21.14
20.92
20.59
21.73
21.47
20.72
20.80
19.93
20.30
19.94
20.07
20.15
20.22
20.11
20.09
clear
7.97
-1.25
-0.68
0.19
0.04
0.06
0.16
0.10
0.06
0.07
0.03
0.10
0.13
0.13
0.02
-0.01
0.00
0.02
0.05
-0.02
0.07
0.15
0.15
0.18
power
64
0.00
22.49
24.67
24.31
24.68
25.23
25.70
25.61
25.74
26.22
25.20
25.42
24.58
24.82
24.66
24.57
24.69
24.66
24.54
24.56
24.08
24.26
24.32
24.56
clear
9.61
-1.88
-1.71
-2.05
-2.07
-2.12
-2.13
-2.07
-2.09
-2.10
-2.13
-2.14
-2.10
-2.04
-2.02
-2.02
-2.07
-2.09
-1.93
-1.92
-1.98
-1.99
-2.05
-2.00
power
66
0.18
27.98
29.37
29.30
30.24
30.49
29.90
30.02
29.51
28.80
29.79
30.31
30.98
29.58
29.98
29.74
28.27
28.35
29.10
29.00
29.28
29.93
29.36
28.94
clear
12.03
-0.91
-0.86
-0.79
-0.74
-0.69
-0.74
-0.72
-0.67
-0.73
-0.76
-0.82
-0.80
-0.79
-0.70
-0.65
-0.63
-0.55
-0.50
-0.35
-0.29
-0.28
-0.21
-0.27
power
68
3.49
32.32
34.40
34.74
35.24
34.99
35.71
37.70
37.96
37.59
37.79
37.70
37.09
36.78
36.90
36.98
37.65
36.98
37.08
37.55
36.55
36.84
37.09
36.31
clear
18.06
2.37
2.25
2.09
1.98
2.02
2.01
1.82
1.79
1.82
1.80
1.76
1.71
1.63
1.62
1.57
1.57
1.49
1.51
1.46
1.51
1.59
1.58
1.61
power
70
0.74
35.98
40.63
40.71
41.52
41.55
41.33
41.98
41.85
41.29
41.84
42.39
41.23
41.11
40.28
40.48
41.03
40.72
40.13
40.08
39.68
40.04
39.34
39.87
clear
17.31
-0.82
-1.10
-1.18
-1.24
-1.17
-1.11
-1.09
-1.05
-1.06
-1.02
-0.98
-0.95
-1.01
-1.05
-1.04
-1.10
-1.03
-0.98
-0.97
-1.01
-0.98
-0.93
-0.94
power
72
4.35
44.62
47.37
47.50
46.66
46.64
47.72
47.54
47.77
46.37
46.95
46.93
46.98
46.78
46.87
46.01
45.49
46.68
46.00
46.14
46.09
46.57
46.21
46.65
clear
19.56
2.43
2.02
1.91
1.84
1.74
1.82
1.78
1.78
1.79
1.77
1.75
1.77
2.04
1.98
2.09
2.59
2.22
