0.57
0.57
0.59
0.59
0.59
clear
0.61
0.62
0.56
0.53
0.56
0.49
0.48
0.52
0.60
0.53
0.60
0.53
0.45
0.42
0.43
0.42
0.40
0.18
0.33
0.47
0.56
0.51
0.51
0.52
power
3
0.02
-0.06
-0.17
-0.22
-0.14
-0.12
-0.03
-0.08
-0.10
-0.16
-0.15
-0.36
-0.42
-0.34
-0.31
-0.31
-0.19
-0.16
-0.18
-0.18
-0.13
-0.13
-0.08
-0.13
clear
-0.07
-0.06
-0.07
-0.01
-0.03
0.00
0.01
-0.08
-0.08
-0.08
-0.07
-0.07
-0.11
-0.10
-0.16
-0.22
-0.24
-0.32
-0.30
-0.33
-0.39
-0.40
-0.43
-0.45
power
6
0.01
0.02
0.07
0.17
0.12
0.10
0.04
0.03
0.03
-0.07
0.01
-0.10
-0.14
-0.10
0.01
-0.05
0.03
0.05
0.09
0.08
0.02
-0.00
0.00
-0.07
clear
-0.08
-0.01
-0.03
-0.06
-0.08
-0.17
-0.16
-0.11
-0.17
-0.18
-0.20
-0.23
-0.25
-0.24
-0.21
-0.20
-0.19
-0.25
-0.18
-0.16
-0.20
-0.19
-0.23
-0.26
power
9
0.17
0.12
0.27
0.17
0.17
0.33
0.10
0.23
0.30
0.17
0.12
0.28
0.11
0.03
0.16
0.16
-0.01
0.17
0.11
-0.04
0.14
0.17
0.02
0.00
clear
0.03
-0.15
-0.19
-0.23
-0.13
-0.17
-0.12
-0.12
-0.19
-0.14
-0.14
-0.15
-0.14
-0.11
-0.05
-0.11
-0.15
-0.09
-0.01
-0.09
-0.10
-0.07
-0.05
-0.14
power
12
0.29
0.71
0.60
0.60
0.62
0.58
0.77
0.66
0.74
0.71
0.69
0.61
0.67
0.64
0.68
0.64
0.61
0.64
0.73
0.56
0.66
0.68
0.71
0.73
clear
0.15
-0.18
-0.22
-0.20
-0.19
-0.11
-0.12
-0.11
-0.09
-0.18
-0.20
-0.22
-0.30
-0.24
-0.23
-0.37
-0.30
-0.30
-0.29
-0.30
-0.30
-0.29
-0.26
-0.29
power
15
0.86
2.01
1.98
1.93
1.96
1.92
1.92
1.86
1.94
2.03
2.09
2.07
2.02
1.96
1.99
2.08
2.00
1.96
2.01
2.04
1.97
1.99
2.01
2.02
clear
0.62
-0.30
-0.28
-0.38
-0.48
-0.50
-0.31
-0.21
-0.13
-0.21
-0.15
-0.07
-0.10
-0.16
-0.14
-0.15
-0.11
-0.13
-0.13
-0.09
-0.16
-0.22
-0.15
-0.13
power
18
2.15
4.30
4.38
4.42
4.38
4.32
4.19
4.17
4.18
4.21
4.16
4.16
3.97
3.90
3.96
4.00
4.12
4.32
4.25
4.21
4.10
3.87
3.88
4.01
clear
1.19
-0.54
-0.50
-0.51
-0.53
-0.50
-0.42
-0.56
-0.53
-0.52
-0.52
-0.40
-0.45
-0.35
-0.37
-0.43
-0.42
-0.42
-0.48
-0.40
-0.47
-0.41
-0.33
-0.35
power
21
2.26
7.34
7.30
7.44
7.49
7.51
7.60
7.61
7.66
7.56
7.55
7.46
7.35
7.39
7.47
7.53
7.45
7.51
7.52
7.47
7.50
7.53
7.57
7.50
clear
2.90
-0.35
-0.34
-0.39
-0.38
-0.39
-0.43
-0.49
-0.43
-0.39
-0.42
-0.38
-0.38
-0.36
-0.37
-0.28
-0.36
-0.31
-0.25
-0.33
-0.35
-0.33
-0.30
-0.29
power
24
5.17
11.60
11.70
11.51
11.42
11.35
11.31
11.45
11.71
11.63
11.54
11.58
11.44
11.31
11.17
11.10
11.40
11.38
11.30
11.46
11.56
11.75
11.91
11.61
clear
4.13
-0.43
-0.46
-0.44
-0.45
-0.44
-0.42
-0.51
-0.46
-0.52
-0.53
-0.48
-0.53
-0.57
-0.48
-0.46
-0.52
-0.50
-0.44
-0.44
-0.42
-0.41
-0.47
-0.43
power
27
5.98
15.94
15.88
15.63
15.77
15.61
15.95
16.00
16.18
16.02
15.58
15.61
15.67
15.46
15.43
15.67
15.74
15.85
15.92
15.76
15.84
15.82
15.61
15.58
clear
6.13
-0.72
-0.69
-0.76
-0.76
-0.77
-0.87
-0.79
-0.79
-0.82
-0.73
-0.75
-0.78
-0.81
-0.77
-0.77
-0.77
-0.77
-0.75
-0.77
-0.70
-0.68
-0.68
-0.71
power
30
7.29
20.89
20.99
21.28
21.59
21.64
21.50
21.31
21.12
20.42
20.28
20.67
20.47
20.52
20.69
20.91
20.66
20.74
21.06
21.13
21.95
21.41
21.40
21.33
clear
8.59
0.05
0.07
-0.04
-0.01
-0.03
0.03
0.02
0.07
0.09
0.04
0.07
0.08
0.03
0.04
0.01
-0.03
0.01
0.01
0.07
0.10
0.10
0.09
0.06
power
33
8.49
26.00
25.74
25.89
25.97
25.97
26.36
26.14
25.87
26.14
26.08
25.99
25.73
25.04
25.29
24.78
25.43
26.01
26.46
26.83
26.53
26.31
25.66
25.77
clear
8.82
-1.45
-1.44
-1.52
-1.55
-1.63
-1.59
-1.62
-1.67
-1.73
-1.76
-1.74
-1.71
-1.73
-1.80
-1.72
-1.74
-1.79
-1.78
-1.70
-1.69
-1.67
-1.66
-1.64
power
36
10.92
32.14
31.53
32.19
32.61
32.75
32.94
32.91
33.23
32.89
32.89
32.53
32.45
32.17
31.17
30.25
30.69
31.60
32.30
32.47
32.39
32.54
33.10
32.85
clear
12.08
-1.64
-1.77
-1.82
-1.91
-1.89
-1.99
-2.02
-2.06
-2.14
-2.11
-2.12
-2.24
-2.29
-2.33
-2.27
-2.31
-2.24
-2.29
-2.32
-2.32
-2.30
-2.26
-2.13
power
39
12.15
40.17
40.45
40.72
40.35
40.15
40.30
39.99
39.82
40.74
40.27
40.22
40.95
40.07
40.26
40.54
40.17
40.78
40.62
39.75
39.61
39.86
39.56
39.72
clear
17.18
0.51
0.34
0.39
0.35
0.36
0.43
0.45
0.43
0.38
0.35
0.34
0.32
0.30
0.38
0.27
0.34
0.31
0.35
0.32
0.36
0.39
0.43
0.41
power
42
14.54
47.87
48.25
48.28
48.13
47.69
47.33
46.50
46.36
46.20
46.63
48.12
49.29
48.87
48.10
47.82
47.39
46.91
46.71
47.15
46.88
47.40
47.00
46.59
clear
17.85
-1.39
-1.47
-1.54
-1.54
-1.53
-1.52
-1.56
-1.55
-1.50
-1.60
-1.63
-1.65
-1.63
-1.71
-1.67
-1.65
-1.57
-1.55
-1.15
-1.49
-1.57
-1.55
-1.62
power
45
15.74
56.34
57.23
56.90
57.62
58.61
57.90
57.89
57.23
57.30
56.70
57.43
57.83
57.41
58.11
57.79
56.92
58.05
57.82
57.75
56.92
56.79
56.01
58.08
clear
24.09
-0.57
-0.68
-0.61
-0.66
-0.84
-0.98
-1.02
-1.05
-1.10
-1.06
-1.05
-1.04
-1.07
-1.07
-1.11
-1.09
-1.00
-0.95
-0.97
-1.01
-1.02
-1.07
-1.01
power
48
19.57
64.68
65.05
65.83
65.03
64.80
65.18
65.31
65.14
66.70
69.29
69.41
69.60
68.99
68.63
67.22
67.81
67.04
66.68
66.77
66.09
65.66
65.44
66.40
clear
24.60
-1.79
-2.01
-2.13
-2.21
-2.31
-2.34
-2.36
-2.43
-2.44
-2.40
-2.41
-2.46
-2.44
-2.44
-2.37
-2.42
-2.38
-2.36
-2.37
-2.47
-2.51
-2.47
-2.49
power
51
20.24
74.66
75.04
76.76
78.07
79.08
77.36
77.22
78.01
77.34
75.13
74.76
74.64
75.61
75.29
74.83
75.96
78.81
77.81
77.43
75.82
81.49
99.61
99.96
clear
59.58
34.40
32.68
31.07
30.08
29.75
30.04
30.01
30.37
29.67
29.36
28.93
28.66
28.60
28.22
28.19
28.29
28.29
28.21
28.12
28.05
27.75
27.57
27.99
power
54
16.75
67.52
68.46
69.36
69.46
69.56
69.68
70.13
70.76
68.15
68.14
68.02
68.84
68.26
68.18
68.21
68.56
68.69
68.24
68.87
69.01
69.45
70.40
70.47
clear
27.42
-3.06
-4.58
0.53
1.79
3.79
5.41
5.04
4.65
3.99
3.87
3.60
4.51
6.37
7.34
10.06
10.80
9.80
9.07
8.51
8.37
8.61
8.76
8.79
power
57
11.33
69.03
71.80
71.81
71.07
71.68
70.71
71.53
70.73
71.92
71.21
69.46
68.91
68.17
68.33
69.67
67.76
68.57
69.74
68.37
66.49
64.60
65.22
67.09
clear
20.42
-10.07
-11.26
-11.81
-11.90
-12.03
-12.37
-12.78
-12.95
-12.78
-12.67
-12.68
-13.08
-13.36
-13.37
-13.28
-13.34
-13.42
-13.49
-13.53
-12.32
-11.57
-11.90
-12.20
power
60
17.65
87.94
88.28
87.78
87.33
86.89
87.01
87.94
87.97
87.54
86.98
87.49
87.73
88.41
87.39
88.17
88.73
88.14
86.10
86.63
88.30
87.30
87.90
86.84
clear
32.80
0.75
0.70
0.14
-0.52
-0.93
-0.94
-0.93
-0.91
-0.97
-1.01
-1.02
-1.10
-1.37
-1.42
-1.26
-1.18
-1.20
-1.25
-1.48
-1.73
-1.85
-1.93
-1.48
power
63
20.79
95.96
95.73
96.33
96.65
97.08
98.11
94.23
90.31
89.43
93.02
96.87
96.90
96.49
95.03
95.75
96.89
99.31
99.29
98.97
98.01
100.54
100.20
97.87
clear
36.55
-4.50
-4.73
-5.32
-5.64
-5.54
-5.52
-5.48
-5.45
-5.44
-5.49
-5.50
-5.29
-5.43
-5.44
-5.53
-5.38
-5.38
-5.42
-5.33
-5.39
-5.46
-5.43
-5.29
power
66
19.72
114.08
116.25
115.63
116.33
115.58
114.75
113.56
113.10
113.23
113.40
113.65
112.68
113.25
113.78
116.16
116.35
114.38
113.36
114.32
112.85
112.94
114.01
114.37
clear
45.75
4.93
4.34
4.19
4.02
3.84
3.85
3.77
3.74
3.79
3.65
3.54
4.01
4.33
4.34
4.43
4.65
6.32
8.79
9.38
9.68
10.10
10.56
10.39
power
69
23.48
114.07
114.38
114.14
114.42
113.67
113.11
113.45
113.33
113.02
112.87
113.46
114.55
114.07
116.44
116.24
114.80
114.44
115.73
117.78
118.55
114.90
116.30
118.56
clear
41.78
-7.25
-9.56
-12.46
-22.46
-36.55
-44.38
-45.75
-46.46
-47.42
-47.30
-45.41
-46.64
-46.95
-46.94
-46.97
-46.71
-47.26
-47.42
-47.86
-48.10
-48.22
-48.33
-48.22
power
72
35.41
143.81
32.76
10.55
6.89
6.25
6.19
6.14
