power
0
0.06
0.43
0.49
1.19
1.07
0.96
0.89
1.00
0.96
0.88
0.89
0.81
0.77
0.78
0.74
0.77
0.80
0.81
0.73
0.76
0.72
0.68
0.64
0.64
clear
0.62
0.61
0.67
0.60
0.58
0.63
0.53
0.52
0.55
0.52
0.50
0.45
0.48
0.50
0.53
0.54
0.60
0.57
0.59
0.54
0.56
0.62
0.64
0.64
power
2
0.00
-0.06
-0.05
-0.05
-0.04
-0.03
0.03
-0.06
0.02
-0.07
-0.06
-0.08
-0.05
0.00
0.02
-0.01
-0.02
0.04
0.01
0.02
0.04
0.04
-0.01
0.05
clear
0.10
0.09
0.11
0.06
0.14
-0.03
0.01
-0.02
-0.16
-0.14
-0.09
-0.15
0.04
0.16
0.08
0.07
0.04
0.08
-0.03
-0.03
-0.00
0.02
0.04
0.03
power
4
-0.01
-0.02
-0.01
0.00
-0.05
-0.00
0.00
-0.04
-0.10
-0.17
-0.17
-0.16
-0.15
-0.20
-0.19
-0.20
-0.32
-0.25
-0.23
-0.13
-0.09
-0.15
-0.27
-0.28
clear
-0.22
-0.21
-0.28
-0.27
-0.30
-0.29
-0.34
-0.34
-0.25
-0.27
-0.26
-0.28
-0.34
-0.45
-0.48
-0.41
-0.33
-0.36
-0.29
-0.18
-0.29
-0.34
-0.35
-0.37
power
6
0.01
0.03
0.06
0.21
0.33
0.40
0.38
0.30
0.24
0.15
0.09
0.06
0.02
-0.14
-0.13
-0.11
-0.09
-0.05
-0.06
-0.01
0.05
-0.04
-0.04
-0.05
clear
-0.10
-0.09
-0.13
-0.11
-0.12
-0.02
-0.11
-0.12
-0.13
-0.18
-0.15
-0.14
-0.16
-0.09
-0.12
-0.09
-0.13
-0.05
-0.09
-0.16
-0.10
-0.01
-0.00
0.00
power
8
0.34
0.42
1.52
1.73
2.74
0.28
0.35
1.68
-0.24
-0.40
2.49
-0.51
-0.47
-0.47
0.31
1.48
-0.54
-0.50
-0.53
-0.55
2.34
-0.65
-0.64
-0.67
clear
-0.55
-0.65
-0.65
-0.59
-0.57
-0.62
-0.61
-0.63
-0.59
-0.64
-0.58
-0.58
-0.62
-0.54
-0.47
-0.35
-0.31
-0.35
-0.33
-0.38
-0.33
-0.33
-0.38
-0.51
power
10
0.48
0.70
0.36
0.36
0.42
0.24
0.30
0.37
0.31
0.40
0.39
0.48
0.50
0.45
0.46
0.58
0.59
0.57
0.57
0.51
0.55
0.49
0.42
0.41
clear
0.36
0.30
0.31
0.29
0.27
0.24
0.17
0.19
0.28
0.15
0.20
0.13
0.19
0.26
0.18
0.21
0.33
0.31
0.33
0.34
0.31
0.22
0.26
0.21
power
12
0.42
1.00
1.12
1.10
1.22
1.05
1.05
1.09
0.97
0.86
0.89
0.94
0.91
0.92
0.89
0.91
0.91
0.87
0.88
0.85
0.76
0.82
0.79
0.75
clear
0.18
-0.28
-0.26
-0.26
-0.30
-0.28
-0.27
-0.24
-0.17
-0.11
-0.06
-0.08
-0.13
-0.19
-0.14
-0.13
-0.17
-0.34
-0.61
-0.59
-0.58
-0.57
-0.54
-0.53
power
14
0.94
2.34
2.19
2.29
2.36
2.35
2.35
2.08
2.12
2.12
2.17
2.23
2.19
2.06
2.06
2.12
2.05
2.12
2.19
2.22
2.22
2.17
2.23
2.19
clear
0.63
-0.32
-0.32
-0.41
-0.35
-0.30
-0.27
-0.23
-0.21
-0.25
-0.26
-0.39
-0.30
-0.34
-0.24
-0.19
-0.19
-0.17
-0.20
-0.19
-0.09
0.06
0.11
0.11
power
16
1.18
3.90
3.76
3.87
3.87
3.87
3.86
3.71
3.67
3.70
3.79
3.80
3.70
3.77
3.71
3.86
3.73
3.63
3.73
3.70
3.77
3.64
3.78
3.65
clear
1.37
-0.37
-0.36
-0.34
-0.26
-0.30
-0.17
-0.08
-0.07
-0.11
-0.14
-0.10
-0.03
0.08
0.03
0.06
0.10
0.10
0.17
0.18
0.29
0.25
0.26
0.22
power
18
3.19
6.32
6.26
6.25
6.17
6.05
5.88
5.99
5.61
5.66
5.55
5.64
5.62
5.52
5.43
5.40
5.46
5.45
5.31
5.36
5.45
5.63
5.61
5.54
clear
2.08
-0.66
-0.64
-0.67
-0.63
-0.60
-0.60
-0.62
-0.49
-0.39
-0.26
-0.35
-0.34
-0.29
-0.15
-0.18
-0.26
-0.28
-0.24
-0.30
-0.30
-0.19
-0.23
-0.16
power
20
4.11
8.46
8.37
8.32
8.36
8.13
8.06
7.87
7.91
7.88
7.96
7.99
7.83
7.72
7.65
7.67
7.75
7.85
7.79
7.75
7.55
7.52
7.77
7.56
clear
2.80
-0.78
-0.59
-0.66
-0.59
-0.63
-0.59
-0.51
-0.55
-0.54
-0.46
-0.55
-0.46
-0.51
-0.58
-0.55
-0.62
-0.64
-0.62
-0.65
-0.64
-0.60
-0.56
-0.44
power
22
5.39
11.02
10.74
10.58
10.66
10.57
10.60
10.68
10.86
10.94
10.83
10.96
11.09
10.56
10.58
10.42
10.39
10.42
10.32
10.54
10.54
10.42
10.30
10.22
clear
4.42
-0.47
-0.62
-0.68
-0.65
-0.56
-0.43
-0.44
-0.49
-0.52
-0.57
-0.35
-0.41
-0.41
-0.41
-0.45
-0.45
-0.50
-0.48
-0.46
-0.51
-0.46
-0.49
-0.30
power
24
6.07
13.93
13.48
13.53
13.85
13.97
13.95
13.81
13.86
14.09
14.01
13.78
13.85
13.75
13.89
13.59
13.79
14.11
14.08
14.06
14.16
14.11
13.84
14.05
clear
5.92
-0.29
-0.21
-0.22
-0.24
-0.28
-0.38
-0.21
-0.21
-0.27
-0.23
-0.22
-0.23
-0.12
-0.11
-0.12
-0.13
-0.10
-0.07
-0.04
-0.02
-0.10
-0.12
-0.07
power
26
7.18
16.88
16.83
17.12
17.11
16.95
16.96
17.07
17.14
17.22
16.97
17.14
17.45
17.16
17.32
17.12
16.75
16.67
16.87
17.55
18.04
17.59
17.68
17.33
clear
7.38
-0.13
-0.09
-0.16
-0.13
-0.12
-0.21
-0.26
-0.29
-0.29
-0.22
-0.28
-0.18
-0.21
-0.18
-0.09
-0.14
-0.09
-0.10
-0.11
-0.02
0.01
0.08
0.07
power
28
7.98
20.67
20.41
20.41
20.26
20.54
20.51
20.68
21.11
20.67
20.28
20.43
20.38
20.29
20.31
20.23
20.36
20.96
20.80
20.73
20.75
20.60
20.68
20.85
clear
8.44
-0.24
-0.28
-0.26
-0.29
-0.28
-0.36
-0.33
-0.29
-0.32
-0.28
-0.58
-0.59
-0.44
-0.45
-0.40
-0.40
-0.34
-0.29
-0.19
-0.15
-0.18
-0.17
-0.19
power
30
8.82
24.65
24.33
24.26
24.04
23.97
24.22
24.26
24.52
24.67
24.75
25.10
24.89
24.36
24.54
24.17
24.00
24.57
25.16
25.32
25.19
24.83
24.47
24.00
clear
9.75
-0.04
-0.10
-0.09
-0.12
-0.10
-0.14
-0.07
-0.06
-0.04
-0.05
0.00
0.01
0.05
0.02
-0.00
0.03
0.10
-0.09
-0.08
-0.04
-0.07
-0.05
0.05
power
32
8.26
28.39
28.38
28.21
28.00
28.34
28.60
28.74
28.92
29.41
30.01
29.91
30.06
29.71
28.97
28.93
28.86
28.90
29.04
28.87
28.28
27.44
26.85
27.43
clear
11.28
-0.18
-0.15
-0.22
-0.16
-0.20
-0.26
-0.26
-0.41
-0.44
-0.33
-0.34
-0.31
-0.31
-0.20
-0.24
-0.20
-0.17
-0.18
-0.16
-0.08
-0.14
-0.09
-0.12
power
34
10.32
33.39
33.49
33.35
33.62
33.12
33.36
33.38
32.84
33.31
33.89
33.37
32.86
33.18
33.32
33.08
33.29
33.54
34.10
33.96
33.42
32.83
32.95
33.58
clear
13.43
-0.08
-0.10
-0.11
-0.07
-0.06
-0.11
-0.03
-0.08
-0.01
-0.00
-0.01
-0.02
0.01
-0.10
-0.10
-0.05
-0.13
-0.14
-0.11
-0.06
-0.10
-0.11
-0.02
power
36
11.74
38.66
38.52
38.41
38.67
38.36
38.46
38.41
38.30
38.43
38.52
38.85
38.78
38.55
38.20
37.86
37.50
37.01
37.40
37.15
37.40
37.08
37.56
37.33
clear
14.13
-0.13
-0.08
-0.08
-0.09
-0.11
-0.10
-0.12
-0.09
-0.09
-0.08
-0.07
0.00
-0.08
-0.16
-0.12
-0.09
-0.10
-0.10
-0.16
-0.12
-0.11
-0.19
-0.15
power
38
10.92
43.96
44.02
43.86
43.75
43.63
43.81
43.47
43.14
43.89
44.12
43.76
43.70
43.57
43.65
43.49
43.60
42.95
42.98
43.51
43.66
44.06
43.87
43.13
clear
18.76
1.02
0.97
0.86
0.93
0.90
0.85
0.84
0.82
0.82
0.75
0.69
0.74
0.69
0.78
0.77
0.77
0.79
0.74
0.73
0.69
0.70
0.79
0.79
power
40
11.84
49.13
49.62
49.49
49.36
48.98
49.21
49.04
48.63
48.77
48.89
48.46
48.44
49.05
48.56
47.95
48.01
48.29
48.12
48.32
48.61
47.94
48.25
48.38
clear
19.58
0.22
0.28
0.25
0.23
0.20
0.22
0.30
0.29
0.30
0.27
0.34
0.40
0.44
0.44
0.41
0.40
0.43
0.39
0.40
0.49
0.46
0.45
0.43
power
42
14.41
54.12
53.89
53.83
54.38
54.01
53.85
53.88
53.81
54.43
55.01
54.70
54.39
53.77
53.35
53.12
53.28
52.35
52.29
52.45
52.59
52.59
52.32
51.97
clear
20.75
-0.65
-0.65
-0.66
-0.62
-0.66
-0.61
-0.57
-0.62
-0.54
-0.51
-0.45
-0.52
-0.59
-0.53
-0.44
-0.45
-0.44
-0.42
-0.43
-0.43
-0.38
-0.42
-0.38
power
44
17.58
60.54
59.86
59.16
59.39
59.12
59.68
59.84
59.77
59.15
59.05
59.35
59.20
59.27
59.47
59.11
59.91
59.92
60.41
59.59
58.96
58.50
58.64
58.15
clear
24.08
-0.26
-0.09
-0.05
-0.01
0.00
0.00
0.05
0.03
0.02
0.07
0.07
0.00
0.02
-0.06
-0.03
0.03
0.00
0.04
-0.06
-0.11
-0.09
-0.05
-0.06
power
46
15.09
65.42
64.95
64.90
66.09
66.58
67.09
66.02
66.01
65.08
64.48
64.53
65.10
64.77
65.44
65.22
65.21
64.34
64.09
63.60
64.19
63.45
63.44
63.74
clear
26.35
-0.23
-0.17
-0.14
-0.13
-0.20
-0.31
-0.22
-0.29
-0.37
-0.39
-0.32
-0.42
-0.37
-0.29
-0.37
-0.26
-0.26
-0.22
-0.20
-0.27
-0.22
-0.31
-0.19
power
48
17.54
72.96
72.42
72.31
71.90
73.36
73.84
72.60
72.31
71.92
72.14
71.42
71.47
71.13
70.76
72.04
72.45
71.51
71.32
71.63
71.86
71.44
70.84
70.43
clear
27.85
-0.15
-0.03
-0.04
-0.07
-0.09
-0.09
-0.09
-0.09
-0.14
-0.10
-0.13
-0.10
-0.14
-0.08
-0.07
-0.07
-0.04
-0.05
-0.03
0.04
0.07
0.03
0.07
power
50
19.10
78.37
79.51
79.09
79.17
79.22
79.54
79.47
79.03
79.26
78.52
77.51
77.05
78.09
77.51
78.71
78.21
78.09
77.91
77.19
77.31
77.10
76.99
77.48
clear
32.88
-0.22
-0.15
-0.16
-0.12
-0.20
-0.20
-0.16
-0.13
-0.15
-0.17
-0.13
-0.09
-0.03
-0.00
0.01
0.01
0.00
0.06
0.02
0.09
-0.00
0.04
0.05
power
52
15.54
84.35
85.48
85.24
85.39
85.74
84.83
85.18
84.87
86.27
86.46
86.62
85.84
85.81
86.09
85.38
86.14
86.37
87.48
85.88
84.68
85.84
86.13
85.30
clear
35.24
0.09
0.09
0.14
0.10
0.05
0.07
0.03
0.05
0.08
0.09
0.09
0.11
0.19
0.17
0.16
0.09
0.18
0.17
0.26
0.28
0.31
0.32
0.31
power
54
20.95
92.37
92.43
92.51
92.29
92.52
92.42
91.02
91.08
91.29
90.93
91.19
91.03
90.09
90.95
91.08
92.69
92.00
90.64
90.91
90.73
90.64
90.50
90.48
clear
34.85
-0.33
-0.32
-0.29
-0.29
-0.31
-0.31
-0.31
-0.23
-0.27
-0.23
-0.24
-0.19
-0.18
-0.18
-0.16
-0.15
-0.15
-0.14
-0.24
-0.25
-0.28
-0.19
-0.26
power
56
16.29
97.86
99.54
98.35
99.42
99.77
99.79
99.56
99.32
100.16
100.26
100.47
100.90
100.00
98.58
98.92
99.68
98.96
98.60
98.04
98.96
97.97
97.39
98.95
clear
41.22
-0.10
-0.00
-0.07
-0.02
-0.03
-0.06
-0.02
-0.03
-0.02
0.01
0.04
0.06
0.06
0.06
0.09
0.07
0.12
0.11
0.16
0.28
0.38
0.35
0.37
power
58
18.19
103.52
104.60
104.09
104.73
104.54
104.92
104.49
104.95
104.36
104.46
105.45
105.06
105.13
104.87
105.69
105.68
104.90
104.19
103.93
103.71
103.13
103.33
104.63
clear
42.31
-0.02
-0.01
-0.06
-0.03
-0.07
-0.11
-0.03
-0.02
-0.02
-0.02
0.00
0.02
-0.02
-0.02
0.01
-0.03
-0.01
-0.03
-0.03
0.00
0.05
0.10
0.06
power
60
24.09
112.57
112.90
112.59
112.83
112.80
113.00
111.97
111.55
111.63
110.47
110.60
111.57
110.25
110.90
110.81
111.69
112.56
113.15
112.79
111.64
111.26
110.98
110.98
clear
47.94
-0.28
-0.34
-0.34
-0.30
-0.30
-0.30
-0.33
-0.34
-0.28
-0.33
-0.38
-0.35
-0.27
-0.30
-0.12
-0.24
-0.15
-0.18
-0.17
-0.15
-0.12
-0.13
-0.14
power
62
22.40
119.28
119.06
118.82
118.17
118.61
118.78
117.45
117.46
116.67
115.79
116.56
117.08
116.47
116.67
117.15
117.35
117.53
117.56
117.13
116.29
116.22
115.58
115.01
clear
48.00
0.14
0.15
0.11
0.16
0.14
0.11
0.08
0.16
0.14
0.12
0.14
0.12
0.10
0.07
0.06
0.20
0.10
0.12
0.12
0.14
0.20
0.21
0.21
power
64
10.35
121.27
127.52
127.38
125.79
125.89
124.41
123.90
124.35
123.74
124.30
123.77
122.66
122.57
121.76
122.29
123.22
122.78
121.42
121.63
122.16
122.71
122.00
122.33
clear
48.14
-0.23
-0.18
-0.14
-0.14
-0.08
-0.13
-0.07
-0.04
-0.07
-0.11
-0.09
-0.05
-0.07
-0.06
-0.15
-0.14
-0.17
-0.12
-0.12
-0.20
-0.16
-0.27
-0.36
power
66
26.34
130.76
131.41
132.04
131.75
130.65
130.59
130.33
128.97
128.84
128.67
129.28
127.85
129.15
129.80
127.77
128.97
129.25
128.72
126.84
126.94
127.87
129.17
127.90
clear
54.79
0.58
0.62
0.61
0.63
0.63
0.79
0.91
0.84
0.81
0.79
0.81
0.79
0.80
0.84
0.94
0.98
1.00
1.05
1.17
1.16
1.15
1.20
1.21
power
68
21.90
133.47
133.79
132.54
130.89
130.83
132.29
131.79
130.76
130.50
130.11
130.51
130.52
130.45
130.40
130.05
128.15
128.83
129.49
129.56
129.12
128.05
129.23
128.29
clear
51.63
-0.63
-0.55
-0.60
-0.57
-0.58
-0.58
-0.52
-0.51
-0.59
-0.59
-0.50
-0.52
-0.51
-0.51
-0.49
-0.51
-0.55
-0.57
-0.56
-0.62
-0.70
-0.63
-0.56
