0.03
0.02
0.01
-0.01
0.05
0.05
0.15
0.07
0.13
0.14
0.07
0.22
0.23
0.20
0.19
0.19
0.18
0.13
0.05
clear
0.02
0.10
0.24
0.22
0.25
0.26
0.28
0.20
0.32
0.33
0.36
0.41
0.45
0.45
0.49
0.54
0.60
0.56
0.55
0.56
0.54
0.45
0.36
0.34
power
2
-0.06
-0.09
-0.12
-0.25
-0.28
-0.36
-0.38
-0.41
-0.38
-0.35
-0.41
-0.47
-0.48
-0.61
-0.58
-0.59
-0.47
-0.45
-0.40
-0.33
-0.30
-0.27
-0.33
-0.34
clear
-0.34
-0.24
-0.27
-0.29
-0.32
-0.33
-0.28
-0.35
-0.38
-0.36
-0.24
-0.18
-0.15
-0.03
0.03
0.07
0.17
0.26
0.20
0.12
0.04
0.02
-0.05
-0.04
power
4
-0.06
-0.07
-0.16
-0.21
-0.20
-0.21
0.03
0.05
0.00
-0.06
0.04
0.06
0.12
0.04
0.09
0.14
0.15
-0.01
0.09
0.14
0.23
0.27
0.22
0.18
clear
0.13
0.17
0.26
0.41
0.37
0.39
0.47
0.37
0.33
0.32
0.35
0.32
0.36
0.37
0.41
0.52
0.59
0.59
0.60
0.58
0.45
0.53
0.54
0.60
power
6
0.07
0.06
-0.02
-0.12
-0.19
-0.27
-0.28
-0.17
-0.16
-0.03
-0.10
-0.05
0.09
0.02
0.09
0.10
0.14
0.23
0.23
0.26
0.23
0.21
0.17
0.10
clear
0.17
0.22
0.13
0.13
0.04
-0.10
-0.19
-0.27
-0.34
-0.38
-0.35
-0.30
-0.29
-0.14
-0.06
-0.07
-0.13
-0.15
-0.08
-0.11
-0.04
0.06
0.10
0.08
power
8
0.37
0.36
1.03
1.38
1.45
-0.11
-0.33
1.99
-0.12
-0.14
2.94
0.10
0.06
0.06
0.20
2.64
0.15
0.21
0.16
0.14
2.81
0.59
0.18
0.18
clear
0.29
0.19
0.20
0.17
0.18
0.13
0.11
0.17
0.16
0.05
0.11
0.24
0.25
0.23
0.22
0.16
0.09
0.16
0.25
0.29
0.31
0.32
0.32
0.42
power
10
0.17
0.64
0.25
0.15
0.08
0.04
0.14
0.02
-0.02
-0.02
-0.08
-0.11
-0.29
-0.28
-0.33
-0.30
-0.36
-0.34
-0.32
-0.27
-0.29
-0.28
-0.31
-0.23
clear
-0.47
-0.41
-0.32
-0.26
-0.23
-0.20
-0.24
-0.30
-0.33
-0.23
-0.25
-0.25
-0.12
-0.09
-0.21
-0.27
-0.38
-0.39
-0.41
-0.39
-0.38
-0.55
-0.55
-0.69
power
12
0.56
1.10
1.05
1.21
1.10
1.11
1.10
1.10
1.08
1.19
1.21
1.30
1.29
1.30
1.28
1.32
1.39
1.34
1.45
1.49
1.52
1.43
1.31
1.35
clear
0.66
0.12
0.37
0.39
0.54
0.60
0.74
0.77
0.83
1.03
0.94
1.01
1.09
1.02
0.95
1.01
1.09
1.04
0.99
1.01
0.84
0.81
0.76
0.67
power
14
1.04
2.52
2.65
2.59
2.35
2.42
2.38
2.55
2.44
2.37
2.33
2.28
2.40
2.47
2.35
2.29
2.19
2.30
2.35
2.42
2.40
2.40
2.47
2.50
clear
0.75
-0.29
-0.29
-0.27
-0.29
-0.28
-0.17
-0.03
0.16
0.15
0.03
-0.02
0.09
0.15
0.28
0.29
0.37
0.34
0.38
0.40
0.45
0.50
0.53
0.45
power
16
1.62
4.24
4.03
3.85
3.78
3.80
3.87
3.79
3.62
3.73
3.60
3.46
3.53
3.57
3.56
3.44
3.45
3.48
3.48
3.59
3.52
3.67
3.61
3.56
clear
0.92
-1.06
-1.06
-0.91
-0.77
-0.56
-0.48
-0.30
-0.23
-0.23
-0.30
-0.47
-0.34
-0.31
-0.20
-0.14
-0.20
-0.24
-0.23
-0.32
-0.46
-0.51
-0.52
-0.61
power
18
2.58
6.10
6.17
6.26
6.36
6.32
6.33
6.30
6.28
6.44
6.26
6.18
6.14
5.95
6.25
6.35
6.12
6.10
6.13
6.12
6.21
6.05
6.10
6.26
clear
2.28
-0.40
-0.39
-0.39
-0.45
-0.41
-0.36
-0.25
-0.28
-0.08
-0.11
-0.11
-0.19
-0.23
-0.21
-0.24
-0.32
-0.42
-0.47
-0.53
-0.52
-0.51
-0.56
-0.66
power
20
3.72
9.05
9.17
9.27
9.07
9.10
9.24
9.29
9.37
9.11
9.01
8.75
8.87
8.82
8.82
8.69
8.70
8.91
8.73
8.62
8.75
8.57
8.71
8.79
clear
3.72
-0.12
-0.28
-0.29
-0.25
-0.24
-0.12
-0.03
0.01
0.11
0.22
0.19
0.23
0.20
0.23
0.22
0.21
0.19
0.14
0.06
-0.05
-0.09
-0.12
-0.14
power
22
5.26
12.26
12.10
11.94
11.78
11.81
11.74
11.81
11.84
11.71
11.53
11.54
11.51
11.59
11.52
12.02
12.11
12.10
12.09
12.24
11.89
11.57
11.70
11.95
clear
5.29
0.07
0.06
0.12
0.09
0.04
0.17
0.21
0.25
0.27
0.32
0.38
0.44
0.46
0.47
0.42
0.42
0.36
0.27
0.20
0.12
-0.10
-0.08
-0.01
power
24
6.52
15.10
15.23
15.10
15.12
14.96
15.03
15.13
15.02
14.80
14.94
15.03
15.09
15.32
15.24
15.28
14.95
15.07
14.89
15.29
14.86
14.90
15.15
15.14
clear
6.40
-0.09
-0.03
0.04
0.06
0.02
-0.03
-0.19
-0.08
0.06
0.14
0.31
0.44
0.46
0.43
0.32
0.43
0.42
0.40
0.39
0.50
0.49
0.41
0.43
power
26
6.99
18.55
18.95
19.10
19.05
19.10
18.81
18.84
18.90
18.84
18.56
18.57
18.03
18.25
18.02
18.58
18.57
18.79
18.59
18.89
18.32
18.02
17.92
17.60
clear
6.99
-0.45
-0.36
-0.37
-0.35
-0.32
-0.30
-0.20
0.01
0.06
0.18
0.15
0.20
0.13
0.17
0.30
0.19
0.17
0.12
0.09
0.02
0.03
-0.04
-0.03
power
28
8.69
23.87
23.20
23.36
23.04
23.32
23.72
23.45
22.93
22.96
22.88
22.31
22.87
22.97
22.58
22.62
22.43
22.33
22.40
22.14
22.19
22.30
22.33
22.35
clear
9.49
-0.30
-0.33
-0.27
-0.36
-0.30
-0.20
-0.14
-0.08
-0.20
-0.09
0.05
0.16
0.17
0.15
0.22
0.24
0.27
0.33
0.31
0.33
0.22
0.32
0.29
power
30
8.95
27.03
27.13
26.80
27.61
27.26
27.00
26.86
26.86
26.93
27.40
27.74
27.60
27.44
27.14
26.99
27.02
27.63
27.87
27.89
27.45
27.22
27.27
27.55
clear
11.07
0.21
0.20
0.17
0.16
0.29
0.24
0.23
0.22
0.22
0.26
0.28
0.22
0.26
0.37
0.65
0.69
0.70
0.66
0.72
0.78
0.79
0.77
0.80
power
32
10.83
31.39
31.04
31.44
31.61
31.63
30.88
30.69
30.69
30.70
30.85
31.05
31.07
30.50
30.86
31.71
32.33
31.69
31.65
31.57
31.70
31.10
30.84
30.92
clear
11.84
-0.43
-0.50
-0.52
-0.51
-0.45
-0.42
-0.41
-0.44
-0.39
-0.43
-0.41
-0.31
-0.34
-0.36
-0.26
-0.21
-0.21
-0.17
-0.08
-0.09
-0.16
-0.29
-0.38
power
34
9.98
37.48
37.29
37.26
36.94
36.56
37.08
36.87
36.48
37.57
37.48
37.13
36.92
36.53
37.17
37.60
37.69
37.59
37.58
37.92
37.70
37.62
37.48
37.47
clear
16.26
0.04
-0.05
-0.16
-0.14
-0.09
-0.07
0.07
0.11
0.15
0.13
0.16
0.15
0.11
0.09
0.04
0.09
0.04
0.11
0.10
0.11
0.06
0.12
0.18
power
36
11.47
42.90
42.61
42.80
42.71
42.09
42.11
42.35
43.02
43.29
43.23
43.06
42.99
43.09
42.90
43.22
43.32
43.61
43.62
43.95
43.41
42.08
42.51
42.59
clear
17.50
-0.10
-0.01
-0.06
-0.06
-0.12
-0.15
-0.18
-0.08
-0.14
-0.20
-0.13
-0.03
0.01
0.06
0.12
0.09
0.06
0.09
0.09
0.09
0.06
0.06
0.05
power
38
14.48
48.92
48.77
48.55
47.71
46.80
47.92
48.42
48.46
47.81
48.16
48.41
48.30
47.67
48.41
48.34
47.61
48.23
49.14
49.55
49.64
49.34
48.32
48.79
clear
20.16
0.22
0.18
0.16
0.16
0.13
0.16
0.17
0.21
0.12
0.09
0.17
0.09
0.17
0.23
0.34
0.34
0.32
0.47
0.47
0.43
0.35
0.32
0.26
power
40
16.52
54.82
54.33
54.39
54.42
54.45
54.29
54.37
54.08
54.42
54.05
54.92
54.89
54.04
54.20
54.12
54.88
55.16
55.49
55.71
55.67
56.45
55.91
55.04
clear
21.00
0.17
0.20
0.15
0.03
-0.00
0.03
-0.06
-0.07
-0.00
0.02
-0.01
0.08
0.14
0.24
0.29
0.33
0.27
0.29
0.33
0.30
0.33
0.36
0.46
power
42
13.93
61.24
62.19
61.36
60.44
60.00
60.43
61.05
60.50
60.07
60.26
60.79
60.00
59.96
60.15
60.54
60.12
60.18
60.32
60.45
60.46
60.79
60.67
60.44
clear
25.99
0.02
0.02
0.07
0.09
0.08
0.11
0.09
0.04
0.03
0.11
0.31
0.36
0.44
0.52
0.52
0.65
0.54
0.64
0.65
0.65
0.65
0.64
0.53
power
44
15.75
67.84
67.09
66.17
66.72
66.84
66.62
67.20
67.17
67.03
67.33
67.39
67.96
68.13
67.78
68.08
66.90
66.65
67.59
65.91
66.82
66.72
66.33
66.30
clear
27.69
-0.10
-0.05
-0.12
-0.04
-0.03
-0.03
0.07
0.04
0.02
-0.05
-0.03
-0.09
-0.03
0.03
0.10
0.07
0.13
0.13
0.15
0.15
0.19
0.25
0.34
power
46
17.03
74.33
74.21
74.88
73.84
74.41
74.41
75.20
75.14
74.75
74.47
74.09
73.22
73.74
72.63
73.13
72.66
73.01
73.21
73.08
72.61
72.90
72.54
72.48
clear
29.27
-0.32
-0.23
-0.21
-0.28
-0.25
-0.28
-0.32
-0.55
-0.61
-0.61
-0.54
-0.31
-0.21
-0.10
0.05
0.13
0.22
0.20
0.31
0.25
0.29
0.33
0.25
power
48
22.00
81.26
82.39
81.91
81.68
80.78
81.34
80.76
80.79
81.33
81.14
81.27
80.37
79.32
79.32
79.78
79.48
79.57
79.43
80.98
81.28
81.36
79.98
79.36
clear
31.05
-0.31
-0.23
-0.30
-0.31
-0.45
-0.47
-0.41
-0.37
-0.38
-0.34
-0.36
-0.32
-0.32
-0.24
-0.16
-0.08
-0.02
-0.01
0.01
-0.01
0.05
0.09
0.17
power
50
20.74
90.04
88.54
88.38
88.14
88.22
88.80
88.60
89.38
89.22
87.91
88.37
89.36
87.15
86.60
85.94
86.01
87.15
85.38
86.31
87.15
86.81
86.46
86.87
clear
36.54
-1.20
-1.23
-1.17
-1.19
-1.13
-1.18
-1.11
-1.06
-1.04
-1.00
-0.92
-0.91
-0.98
-0.93
-0.99
-1.04
-1.17
-1.20
-1.13
-0.99
-1.09
-1.14
-1.07
power
52
21.14
97.04
97.91
98.04
97.92
97.32
97.62
96.20
95.66
95.24
94.99
94.68
94.53
94.26
94.20
93.93
94.82
95.28
95.69
95.41
95.98
96.37
96.41
95.70
clear
38.87
-0.70
-0.70
-0.72
-0.65
-0.60
-0.66
-0.62
-0.64
-0.65
-0.70
-0.72
-0.74
-0.70
-0.70
-0.72
-0.74
-0.70
-0.55
-0.57
-0.52
-0.40
-0.43
-0.49
power
54
26.39
104.24
104.05
103.79
103.71
103.95
103.92
104.17
103.96
103.60
103.29
103.61
102.19
101.51
101.18
102.09
103.59
103.93
104.96
104.29
103.61
102.69
102.47
102.86
clear
44.19
-0.82
-0.68
-0.77
-0.75
-0.79
-0.86
-0.81
-0.85
-0.89
-0.99
-0.97
-0.92
-0.89
-0.82
-0.76
-0.63
-0.55
-0.38
-0.36
-0.28
-0.22
-0.17
-0.14
power
56
17.67
110.74
111.55
111.71
111.86
110.34
109.89
109.99
109.77
110.07
111.07
111.33
110.42
109.55
110.49
109.88
109.65
109.30
109.59
108.59
108.48
109.40
110.53
110.80
clear
46.24
-0.83
-0.76
-0.81
-0.90
-0.92
-0.98
-0.97
-1.00
-0.99
-0.90
-0.91
-0.81
-0.84
-0.77
-0.71
-0.74
-0.63
-0.65
-0.56
-0.51
-0.46
-0.41
-0.50
power
58
27.76
119.91
120.47
120.61
120.54
120.33
119.02
119.13
120.25
119.45
119.12
119.32
119.44
119.83
119.70
120.16
119.63
119.81
120.30
120.04
119.04
121.07
119.88
120.32
clear
48.18
-0.43
-0.40
-0.31
-0.32
-0.29
-0.32
-0.25
-0.31
-0.33
-0.31
-0.32
-0.31
-0.30
-0.28
-0.37
-0.44
-0.40
-0.36
-0.25
-0.21
-0.11
-0.11
-0.12
power
60
22.78
127.00
126.58
126.97
128.41
128.07
126.14
126.23
126.91
127.39
128.19
127.96
127.66
127.08
127.63
127.21
127.73
127.93
126.49
126.41
126.55
127.65
128.21
128.21
clear
53.11
-0.27
-0.17
-0.16
-0.14
-0.18
-0.15
-0.05
-0.09
-0.03
-0.06
0.04
-0.03
0.06
0.06
0.08
0.10
0.12
0.10
0.16
0.15
0.18
0.21
0.25
power
62
29.81
136.44
135.62
134.66
135.21
135.66
135.77
136.60
135.83
137.38
138.34
137.36
135.79
134.58
135.51
135.89
135.36
135.28
135.34
135.21
137.01
136.61
134.52
134.43
clear
54.16
-0.62
-0.55
-0.48
-0.48
-0.46
-0.34
-0.33
-0.40
-0.41
-0.39
-0.34
-0.36
-0.37
-0.39
-0.21
-0.22
-0.10
-0.10
-0.12
-0.11
-0.17
-0.24
-0.24
power
64
31.06
144.43
144.29
143.51
144.37
144.07
146.11
144.86
144.79
145.07
144.33
144.64
144.80
145.55
143.54
143.68
143.88
142.44
142.96
142.73
143.66
142.84
144.05
143.59
clear
55.50
-0.07
-0.04
0.02
0.04
0.04
0.09
0.13
0.14
0.11
0.19
0.22
0.23
0.30
0.27
0.30
0.33
0.35
0.44
0.49
0.43
0.39
0.39
0.45
power
66
28.18
151.96
151.83
150.56
152.41
152.14
152.10
153.25
155.65
153.69
153.18
153.36
152.11
151.73
152.93
152.87
152.87
152.48
151.15
151.71
151.64
152.34
153.07
150.89
clear
63.36
-0.76
-0.72
-0.58
-0.56
-0.52
-0.48
-0.38
-0.33
-0.27
-0.24
-0.22
-0.22
-0.22
-0.16
-0.23
-0.16
-0.14
-0.12
-0.15
-0.16
-0.14
-0.13
-0.12
power
68
31.81
162.71
162.85
161.87
162.56
162.65
162.98
163.98
164.98
164.08
164.33
162.65
162.64
162.60
160.73
160.52
161.62
161.53
161.09
160.79
160.80
161.03
162.45
160.54
clear
65.23
0.05
0.19
0.20
0.17
0.02
-0.03
0.03
0.11
0.15
0.11
0.20
0.20
0.17
0.09
0.14
0.20
0.10
0.09
0.09
0.05
0.13
0.23
0.19
power
70
33.77
170.71
172.50
172.95
173.42
174.18
172.90
173.68
173.85
172.51
172.33
171.16
172.26
170.40
173.36
174.05
172.13
171.92
174.72
174.42
172.60
171.35
172.16
171.18
clear
66.93
-0.50
-0.37
-0.40
-0.33
-0.27
-0.32
-0.26
-0.25
-0.23
-0.25
-0.22
-0.23
-0.28
-0.31
-0.20
-0.17
-0.27
-0.44
-0.32
-0.18
-0.21
-0.16
-0.15
power
72
30.00
180.24
183.85
182.55
182.12
183.86
183.90
183.74
183.37
182.46
182.93
181.37
182.63
182.89
183.14
181.73
176.81
52.76
9.03
1.32
-0.13
