power
0
0.10
0.13
0.17
0.20
0.31
0.27
0.37
0.39
0.47
0.44
0.37
0.44
0.44
0.40
0.38
0.34
0.44
0.37
0.36
0.40
0.39
0.30
0.25
0.24
clear
0.22
0.19
0.26
0.22
0.30
0.24
0.18
0.20
0.22
0.28
0.23
0.25
0.26
0.25
0.21
0.21
0.27
0.25
0.25
0.26
0.15
0.22
0.23
0.25
power
2
-0.02
-0.05
0.03
0.01
0.01
0.01
0.04
-0.00
0.03
-0.01
0.03
0.07
0.06
0.04
0.01
0.00
-0.01
-0.03
0.08
0.15
0.13
0.15
0.16
0.14
clear
0.11
0.07
0.05
0.05
0.09
0.05
0.07
0.06
-0.01
0.07
0.04
0.02
0.09
0.09
0.03
-0.01
-0.00
0.03
-0.02
-0.05
0.03
-0.04
-0.03
0.06
power
4
-0.00
-0.04
-0.07
-0.03
-0.06
-0.06
-0.03
-0.03
-0.08
-0.04
-0.04
-0.04
0.01
-0.03
-0.03
-0.02
-0.04
-0.03
0.03
0.05
0.05
0.05
0.09
0.09
clear
0.02
0.03
0.12
0.07
0.06
0.07
0.06
0.08
0.07
0.08
0.07
0.07
-0.03
0.02
0.10
0.18
0.15
0.13
0.09
0.05
0.08
0.15
0.17
0.16
power
6
-0.05
0.01
-0.02
-0.03
0.03
0.09
0.08
0.01
-0.04
-0.05
-0.16
-0.04
-0.03
0.02
0.12
0.10
0.08
0.08
0.08
0.03
0.05
0.01
0.08
0.07
clear
0.03
0.16
0.10
0.12
0.04
0.10
0.10
0.10
0.11
0.09
0.04
0.05
0.06
0.09
0.05
0.05
0.04
0.13
0.20
0.20
0.17
0.11
0.09
0.07
power
8
0.15
0.33
0.94
1.30
1.57
0.06
1.61
0.30
0.14
0.12
2.09
0.08
0.10
0.09
2.08
0.13
0.05
0.07
0.05
0.07
2.37
0.05
0.06
0.12
clear
0.15
0.09
0.07
0.09
0.15
0.17
0.20
0.18
0.12
0.23
0.17
0.26
0.23
0.24
0.34
0.31
0.35
0.39
0.44
0.40
0.38
0.30
0.33
0.40
power
10
0.27
0.33
0.13
0.03
0.07
0.14
0.22
0.13
0.10
0.08
0.16
0.07
0.08
-0.01
0.08
0.16
0.07
0.22
0.24
0.15
0.20
0.22
0.23
0.21
clear
0.15
0.01
0.11
0.06
0.10
0.11
0.09
0.12
0.06
0.08
0.05
-0.01
0.01
0.05
0.08
0.11
0.08
0.03
0.09
0.10
0.10
0.15
0.07
0.14
power
12
0.38
0.92
0.95
0.85
0.97
0.96
0.97
0.97
0.98
0.94
0.89
0.86
0.91
0.84
0.84
0.82
0.83
0.78
0.84
0.84
0.77
0.76
0.73
0.70
clear
0.10
-0.23
-0.18
-0.21
-0.20
-0.20
-0.20
-0.21
-0.17
-0.18
-0.17
-0.14
-0.14
-0.07
-0.07
-0.04
-0.04
-0.03
-0.06
-0.01
-0.02
0.02
-0.09
-0.01
power
14
0.67
2.16
2.23
2.14
2.16
2.28
2.20
2.26
2.31
2.24
2.25
2.21
2.16
2.04
2.15
2.15
2.10
2.16
2.28
2.38
2.33
2.31
2.19
2.15
clear
0.86
0.10
0.00
0.06
0.09
0.03
-0.01
0.02
0.02
0.06
0.08
0.11
0.04
0.11
0.05
-0.01
0.02
0.03
0.05
0.04
-0.09
-0.07
-0.10
-0.13
power
16
1.53
3.50
3.50
3.65
3.49
3.40
3.34
3.30
3.26
3.30
3.30
3.37
3.30
3.22
3.39
3.47
3.45
3.56
3.44
3.35
3.25
3.44
3.29
3.14
clear
1.06
-0.39
-0.38
-0.41
-0.40
-0.43
-0.38
-0.35
-0.44
-0.36
-0.40
-0.35
-0.35
-0.36
-0.40
-0.32
-0.26
-0.35
-0.34
-0.29
-0.33
-0.23
-0.23
-0.22
power
18
2.53
5.51
5.51
5.30
5.30
5.27
5.30
5.23
5.17
5.18
5.12
5.07
5.09
5.15
5.02
4.89
4.85
4.83
4.78
4.81
4.90
4.84
4.88
4.82
clear
1.59
-0.63
-0.65
-0.64
-0.60
-0.56
-0.56
-0.60
-0.51
-0.55
-0.55
-0.58
-0.49
-0.51
-0.56
-0.54
-0.59
-0.51
-0.57
-0.50
-0.53
-0.48
-0.53
-0.47
power
20
3.50
7.36
7.40
7.55
7.52
7.32
7.19
7.23
7.22
7.40
7.52
7.59
7.38
7.21
7.18
7.26
7.39
7.15
7.32
7.22
7.32
7.18
7.24
7.14
clear
2.50
-0.45
-0.47
-0.53
-0.52
-0.60
-0.64
-0.62
-0.64
-0.64
-0.66
-0.64
-0.56
-0.63
-0.59
-0.52
-0.55
-0.54
-0.47
-0.54
-0.53
-0.45
-0.50
-0.50
power
22
4.09
9.55
10.26
10.41
10.44
10.25
10.05
9.80
9.72
9.76
9.49
9.60
9.66
9.88
9.95
9.83
9.84
9.71
9.69
9.78
9.73
9.62
9.69
9.85
clear
3.83
-0.12
-0.20
-0.17
-0.01
-0.02
-0.09
0.02
0.01
-0.03
-0.12
-0.14
-0.12
-0.07
0.02
0.13
0.08
0.14
0.15
0.22
0.29
0.39
0.44
0.49
power
24
5.32
12.74
12.84
13.37
13.29
13.26
12.86
13.49
13.70
13.59
13.02
12.95
12.73
12.81
12.81
12.75
12.67
12.81
13.05
12.97
12.56
12.35
12.38
12.31
clear
5.07
-0.24
-0.17
-0.22
-0.21
-0.28
-0.23
-0.30
-0.26
-0.28
-0.36
-0.36
-0.38
-0.36
-0.36
-0.33
-0.38
-0.34
-0.36
-0.34
-0.27
-0.26
-0.35
-0.39
power
26
5.46
15.83
15.39
16.26
16.17
16.02
15.95
15.59
15.61
15.47
15.33
15.64
15.89
15.59
15.66
15.54
16.01
16.01
15.87
15.25
15.13
15.16
15.23
15.43
clear
5.62
-0.19
-0.16
-0.20
-0.21
-0.23
-0.20
-0.25
-0.30
-0.35
-0.30
-0.26
-0.23
-0.23
-0.18
-0.22
-0.21
-0.17
-0.14
-0.06
-0.10
-0.07
-0.01
-0.02
power
28
7.41
19.57
20.15
19.70
19.98
19.86
19.94
19.92
19.42
19.34
19.20
19.02
18.64
18.61
18.65
19.11
19.33
19.33
19.44
19.53
19.50
19.65
19.82
20.12
clear
7.46
-0.25
-0.22
-0.21
-0.24
-0.19
-0.15
-0.14
-0.17
-0.15
-0.21
-0.27
-0.33
-0.20
-0.17
-0.16
-0.16
-0.10
-0.21
-0.25
-0.32
-0.27
-0.23
-0.12
power
30
7.65
23.23
23.52
24.07
23.99
23.46
23.56
23.08
22.01
22.43
22.91
22.86
22.85
23.11
23.51
22.83
22.90
23.58
23.64
23.36
22.98
23.32
23.54
23.41
clear
8.99
-0.48
-0.43
-0.39
-0.27
-0.28
-0.20
-0.22
-0.28
-0.31
-0.33
-0.32
-0.27
-0.21
-0.23
-0.22
-0.26
-0.12
-0.03
-0.02
0.05
-0.02
0.03
0.10
power
32
9.29
27.98
28.21
28.55
28.71
27.99
27.57
26.82
26.72
25.58
27.61
28.63
28.56
28.49
28.00
27.96
28.44
28.30
28.28
28.15
27.64
27.40
28.01
28.03
clear
10.93
-0.29
-0.15
-0.15
-0.17
-0.22
-0.19
-0.20
-0.10
-0.12
-0.11
0.02
0.18
0.21
0.23
0.37
0.32
0.42
0.43
0.55
0.50
0.51
0.52
0.51
power
34
8.60
31.98
32.14
32.65
33.10
33.99
34.14
33.89
33.83
33.50
33.06
32.06
31.88
32.14
32.90
32.06
31.81
32.06
31.95
31.33
31.31
31.13
30.99
31.61
clear
13.10
-0.51
-0.43
-0.35
-0.32
-0.29
-0.26
-0.25
-0.20
-0.22
-0.22
-0.15
-0.11
-0.12
-0.20
-0.07
-0.08
-0.01
-0.03
-0.04
-0.08
-0.17
-0.07
-0.08
power
36
10.59
37.98
38.22
37.83
36.97
37.78
38.09
37.30
36.74
36.91
36.69
37.66
37.82
37.90
37.54
36.87
37.94
37.62
36.87
37.63
37.77
37.06
36.70
37.14
clear
14.05
-0.19
-0.18
-0.13
0.01
0.00
0.13
0.06
0.11
0.10
0.13
0.08
0.14
0.11
0.15
0.11
0.20
0.24
0.25
0.31
0.38
0.37
0.41
0.36
power
38
7.31
42.40
41.95
42.33
43.43
43.98
43.03
42.23
42.20
42.82
41.76
41.53
42.93
43.07
43.75
43.20
42.00
41.98
43.63
42.90
43.15
42.09
42.62
43.43
clear
16.95
-0.00
0.22
-0.36
-0.43
-0.30
-0.28
-0.29
-0.24
-0.14
-0.13
-0.04
-0.07
-0.07
-0.03
-0.65
-0.89
-0.90
-0.90
-0.86
-0.87
-0.82
-0.76
-0.72
power
40
13.62
47.91
47.76
47.43
47.77
48.31
47.99
47.80
47.67
47.78
48.50
48.04
48.41
48.03
47.73
48.01
47.83
47.47
48.11
48.83
49.22
48.77
48.45
49.05
clear
20.15
0.33
0.44
0.48
0.46
0.54
0.48
0.54
0.53
0.60
0.65
0.72
0.74
0.70
0.59
0.57
0.59
0.65
0.56
0.44
0.50
0.55
0.54
0.62
power
42
16.34
55.16
53.98
54.65
52.89
54.09
54.70
54.31
54.32
53.79
53.85
52.99
52.37
53.36
52.95
53.05
52.73
54.70
53.48
53.65
54.26
53.29
53.36
54.61
clear
21.27
0.25
0.31
0.42
0.43
0.40
0.35
0.40
0.44
0.49
0.54
0.59
0.60
0.62
0.63
0.67
0.68
0.66
0.60
0.62
0.67
0.63
0.67
0.66
power
44
16.62
60.01
60.05
59.76
59.91
59.79
58.81
58.12
58.41
59.69
57.83
58.61
58.79
58.71
58.51
57.56
58.60
59.69
56.38
58.80
59.40
60.53
60.39
59.80
clear
23.86
-0.09
-0.02
-0.02
0.12
0.07
0.12
0.14
0.12
0.17
0.18
0.15
0.15
0.15
0.17
0.21
0.18
0.16
0.23
0.22
0.29
0.24
0.18
0.24
power
46
13.04
65.00
65.06
66.82
67.20
66.41
67.77
67.70
66.95
65.24
65.51
65.78
66.22
66.50
65.34
66.14
65.14
63.52
63.55
64.46
65.77
65.74
64.84
64.32
clear
26.64
-0.05
-0.09
-0.08
-0.07
-0.06
-0.08
-0.10
-0.06
-0.05
-0.02
-0.05
0.08
0.02
-0.01
0.02
0.06
0.11
0.14
0.09
0.14
0.13
0.18
0.23
power
48
20.48
74.42
71.76
72.23
72.50
71.97
71.56
72.16
70.53
69.20
69.75
70.50
71.11
70.83
70.15
70.32
70.71
70.52
72.07
71.87
70.73
71.05
71.55
71.75
clear
28.16
-0.27
-0.25
-0.26
-0.25
-0.21
-0.29
-0.24
-0.19
-0.22
-0.24
-0.22
-0.23
-0.16
-0.13
-0.16
-0.14
-0.10
-0.07
-0.12
-0.10
-0.09
-0.05
-0.14
power
50
20.29
79.32
78.28
80.43
79.71
80.10
79.85
79.35
78.84
77.17
77.81
77.45
77.74
77.15
77.24
77.68
77.22
77.35
77.60
77.04
77.63
78.83
79.95
80.05
clear
32.41
-0.23
-0.29
-0.26
-0.24
-0.27
-0.18
-0.21
-0.25
-0.23
-0.21
-0.21
-0.21
-0.15
-0.23
-0.27
-0.40
-0.26
-0.17
-0.16
-0.24
-0.21
-0.25
-0.30
power
52
19.68
86.13
86.13
85.17
85.97
86.49
87.86
86.98
85.08
86.14
86.02
83.96
83.76
82.81
82.54
82.04
82.17
82.18
83.07
84.09
84.86
82.30
81.16
83.80
clear
32.61
-0.50
-0.44
-0.43
-0.38
-0.40
-0.43
-0.38
-0.33
-0.32
-0.32
-0.35
-0.28
-0.26
-0.24
-0.29
-0.32
-0.23
-0.24
-0.20
-0.24
-0.26
-0.28
-0.25
power
54
22.78
93.72
93.75
93.30
93.41
93.08
93.25
92.13
92.09
91.43
91.25
91.58
91.15
89.10
88.74
90.60
90.65
91.06
91.26
90.90
92.31
91.78
92.03
91.64
clear
37.13
-0.34
-0.25
-0.31
-0.26
-0.26
-0.31
-0.31
-0.25
-0.30
-0.28
-0.24
-0.21
-0.21
-0.09
-0.15
-0.01
-0.02
0.07
0.06
0.00
-0.02
0.03
0.01
power
56
22.14
99.56
99.50
98.85
98.83
99.21
99.07
98.53
98.49
98.59
98.60
100.15
99.84
99.36
99.75
98.77
97.65
96.64
97.29
97.88
98.44
99.25
98.13
97.62
clear
38.12
-0.36
-0.36
-0.40
-0.40
-0.40
-0.49
-0.40
-0.41
-0.44
-0.37
-0.38
-0.44
-0.41
-0.33
-0.28
-0.29
-0.30
-0.30
-0.25
-0.26
-0.31
-0.35
-0.36
power
58
22.25
106.92
108.81
109.87
107.47
106.28
106.17
107.21
104.69
103.06
103.93
104.81
104.45
103.39
103.67
101.47
102.92
102.89
105.31
105.78
105.75
106.83
105.87
105.41
clear
42.42
-0.20
-0.25
-0.20
-0.28
-0.28
-0.17
-0.23
-0.22
-0.19
-0.26
-0.26
-0.35
-0.31
-0.25
-0.22
-0.16
-0.25
-0.31
-0.26
-0.24
-0.19
-0.18
-0.12
power
60
24.64
115.01
115.99
115.20
114.05
113.78
113.60
111.92
113.95
115.70
114.00
113.37
113.10
114.14
112.38
111.29
111.58
111.56
110.94
110.87
110.41
110.26
107.24
108.27
clear
42.00
-0.41
-0.42
-0.37
-0.44
-0.35
-0.40
-0.44
-0.37
-0.40
-0.38
-0.33
-0.33
-0.28
-0.29
-0.32
-0.28
-0.29
-0.24
-0.23
-0.29
-0.30
-0.30
-0.23
power
62
13.50
119.44
121.66
122.77
123.69
122.37
123.77
123.65
123.46
120.65
120.79
120.32
118.95
119.94
119.92
119.93
119.78
120.32
119.89
118.26
120.49
119.85
119.34
119.67
clear
48.04
-0.32
-0.28
-0.27
-0.28
-0.30
-0.25
-0.24
-0.19
-0.25
-0.25
-0.21
-0.24
-0.22
-0.19
-0.20
-0.20
-0.29
-0.23
-0.23
-0.29
-0.35
-0.31
-0.32
power
64
28.46
130.95
129.28
129.07
129.17
129.14
128.72
130.25
129.55
128.59
128.04
127.85
128.31
128.74
128.06
129.70
127.83
127.86
129.70
128.64
129.69
127.01
129.34
128.17
clear
53.86
-0.11
-0.07
-0.09
-0.02
-0.09
-0.07
-0.09
-0.09
-0.05
-0.04
-0.17
-0.09
-0.05
0.03
0.03
0.08
0.06
0.07
-0.01
-0.00
0.03
0.04
-0.07
power
66
30.88
139.61
138.75
137.55
137.72
136.47
136.15
136.53
135.54
134.64
135.13
134.01
135.31
134.61
134.55
133.87
131.99
131.60
133.05
133.29
134.21
137.67
137.31
136.68
clear
53.36
-0.24
-0.21
-0.20
-0.23
-0.22
-0.28
-0.19
-0.25
-0.24
-0.24
-0.27
-0.25
-0.26
-0.24
-0.26
-0.28
-0.27
-0.15
-0.18
-0.22
-0.28
-0.27
-0.20
power
68
32.49
147.77
147.98
146.48
144.97
145.28
144.35
142.78
142.30
142.55
144.30
144.21
142.72
142.26
142.26
141.92
140.53
142.19
143.73
142.08
141.39
140.43
140.65
140.60
clear
57.10
-0.02
-0.14
-0.08
-0.06
-0.18
-0.12
-0.06
-0.06
-0.05
-0.05
-0.00
-0.09
-0.12
-0.14
-0.06
-0.04
-0.06
-0.10
-0.09
-0.12
-0.11
-0.08
-0.15
power
70
25.93
152.81
154.56
156.12
154.29
154.02
152.39
153.54
154.05
152.90
153.54
153.86
152.08
151.83
151.04
151.01
151.52
151.30
152.66
151.59
152.67
151.35
151.32
151.03
clear
57.20
0.10
0.00
-0.04
0.01
0.01
0.06
0.07
0.03
0.04
0.07
0.07
0.06
-0.00
0.05
0.08
0.03
0.00
0.07
0.04
0.09
0.10
0.13
0.09
power
72
31.87
163.43
163.46
163.68
161.08
158.84
159.15
159.50
159.36
159.76
160.06
158.88
158.54
157.49
158.80
157.07
156.70
157.34
158.99
159.02
159.73
158.81
158.69
160.54
clear
62.94
-0.30
-0.27
-0.22
-0.27
-0.22
-0.31
-0.31
-0.38
-0.33
-0.27
-0.37
-0.35
-0.35
-0.35
-0.36
-0.36
-0.32
-0.37
-0.36
-0.26
-0.36
-0.26
-0.31
power
74
36.71
172.48
172.54
172.51
171.40
170.01
170.44
168.83
169.45
169.21
169.36
169.02
168.66
170.38
168.55
169.01
169.62
170.62
169.31
166.37
164.96
165.24
164.09
164.21
clear
66.90
-0.01
0.05
-0.01
0.03
0.04
0.03
0.04
-0.01
-0.01
0.03
-0.00
-0.03
0.05
0.07
0.00
0.04
0.08
0.06
0.05
0.11
0.04
0.16
0.18
power
76
33.28
178.33
181.50
181.55
179.69
177.80
180.22
178.09
176.71
176.28
176.28
176.77
177.49
174.62
174.27
174.17
176.77
175.76
176.09
174.10
173.89
177.26
176.90
176.36
clear
72.42
-0.02
0.01
-0.00
-0.06
-0.07
-0.05
-3.97
-6.59
-6.16
-6.02
-5.89
