-0.08
-0.10
0.01
0.02
0.08
-0.04
-0.06
-0.06
-0.15
-0.08
-0.18
-0.14
-0.09
-0.09
-0.06
-0.14
-0.11
-0.11
-0.15
-0.09
-0.07
clear
-0.06
-0.09
-0.09
-0.08
-0.04
-0.04
-0.00
-0.02
-0.05
-0.02
-0.05
-0.08
-0.06
-0.07
-0.10
-0.09
-0.10
-0.07
-0.09
-0.12
-0.11
-0.13
-0.10
-0.09
power
2
0.07
0.07
-0.03
-0.04
-0.09
-0.03
-0.04
0.00
0.01
0.03
0.06
0.05
0.04
0.10
0.20
0.13
0.08
0.03
0.11
0.06
-0.05
0.02
-0.05
-0.06
clear
-0.08
-0.07
-0.07
-0.15
-0.09
-0.08
-0.14
-0.07
-0.05
-0.09
-0.10
-0.09
-0.12
-0.05
0.00
-0.04
-0.07
-0.07
-0.09
-0.13
-0.10
-0.13
-0.12
-0.19
power
4
0.02
0.08
-0.01
0.00
0.02
0.01
-0.03
0.01
0.08
0.07
0.06
-0.03
-0.09
-0.14
-0.12
-0.13
-0.15
-0.11
-0.12
-0.18
-0.14
-0.15
-0.23
-0.25
clear
-0.24
-0.12
-0.17
-0.14
-0.19
-0.07
-0.05
-0.01
-0.05
-0.09
-0.13
-0.13
-0.17
-0.20
-0.19
-0.13
-0.16
-0.16
-0.17
-0.23
-0.21
-0.24
-0.24
-0.26
power
6
-0.02
0.01
-0.01
-0.02
-0.04
-0.01
0.00
-0.01
-0.12
-0.09
-0.07
-0.03
-0.06
-0.07
0.06
0.11
0.09
0.10
0.12
0.08
0.12
0.15
0.10
0.12
clear
0.13
0.16
0.05
0.09
0.10
0.15
0.14
0.12
0.12
0.08
0.10
0.13
0.12
0.11
0.03
0.14
0.10
0.03
0.07
0.13
0.12
0.15
0.17
0.12
power
8
0.33
0.47
1.06
1.61
1.80
0.15
1.52
1.67
0.52
0.49
3.12
0.82
0.74
0.80
2.50
1.51
0.80
0.81
0.84
0.79
3.36
0.76
0.80
0.83
clear
0.79
0.80
0.80
0.79
0.73
0.77
0.78
0.79
0.85
0.80
0.92
0.86
0.83
0.83
0.79
0.77
0.79
0.78
0.79
0.71
0.72
0.71
0.71
0.65
power
10
0.31
0.52
0.37
0.34
0.35
0.40
0.39
0.36
0.34
0.36
0.37
0.35
0.27
0.32
0.36
0.40
0.36
0.39
0.42
0.42
0.45
0.47
0.47
0.40
clear
0.36
0.15
0.19
0.11
0.19
0.19
0.16
0.16
0.13
0.16
0.16
0.18
0.15
0.13
0.05
0.09
-0.01
0.02
-0.01
0.00
0.05
0.07
0.10
-0.04
power
12
0.55
1.25
1.27
1.41
1.36
1.46
1.56
1.59
1.45
1.42
1.35
1.33
1.33
1.23
1.36
1.36
1.30
1.27
1.19
1.40
1.45
1.40
1.39
1.43
clear
0.71
0.10
0.14
0.18
0.14
0.18
0.17
0.18
0.11
0.12
0.12
0.17
0.10
0.11
0.17
0.10
0.15
0.15
0.15
0.12
0.19
0.19
0.16
0.17
power
14
1.08
2.45
2.44
2.71
2.84
2.68
2.79
2.73
2.42
2.35
2.25
2.45
2.49
2.49
2.47
2.61
2.73
2.55
2.44
2.45
2.59
2.46
2.16
2.49
clear
1.03
0.03
0.02
-0.02
0.08
-0.06
-0.07
-0.07
-0.13
-0.12
-0.09
-0.13
-0.19
-0.12
-0.11
-0.16
-0.20
-0.22
-0.16
-0.25
-0.12
-0.23
-0.23
-0.19
power
16
1.74
4.26
4.25
4.11
4.09
4.30
4.28
3.97
3.85
4.00
4.30
4.38
4.22
4.27
4.37
4.28
4.40
4.23
4.36
4.37
4.43
4.72
4.65
4.50
clear
1.99
0.09
0.09
0.04
0.03
0.02
0.01
0.03
0.04
0.01
0.10
0.05
0.06
-0.01
0.00
0.07
0.02
0.01
-0.00
0.02
0.03
0.00
-0.06
0.08
power
18
2.65
6.27
6.22
6.21
6.18
6.28
6.25
6.19
6.32
5.96
5.69
6.18
6.22
6.19
6.09
6.14
6.25
6.40
6.49
6.08
6.40
6.48
6.03
6.04
clear
2.20
0.03
0.02
-0.03
0.01
0.02
0.04
-0.08
-0.07
-0.06
-0.01
0.02
-0.05
-0.07
-0.04
-0.02
-0.05
-0.08
-0.03
-0.09
-0.15
-0.16
-0.12
-0.16
power
20
3.80
8.47
8.35
8.31
8.36
8.51
8.90
8.68
8.36
8.40
8.32
8.39
8.43
8.30
8.22
8.49
8.49
8.58
8.43
8.49
8.70
8.47
8.39
8.59
clear
3.76
0.35
0.37
0.34
0.32
0.33
0.28
0.32
0.32
0.31
0.31
0.29
0.32
0.27
0.28
0.29
0.25
0.27
0.21
0.17
0.18
0.17
0.21
0.21
power
22
5.63
10.98
10.99
10.85
11.25
11.00
10.95
11.29
11.73
11.79
11.51
11.52
11.66
11.37
11.70
11.33
11.20
11.12
11.10
11.22
11.26
11.28
11.17
11.33
clear
4.60
0.28
0.25
0.26
0.26
0.31
0.36
0.30
0.35
0.35
0.29
0.34
0.35
0.28
0.30
0.25
0.21
0.28
0.20
0.25
0.28
0.20
0.18
0.20
power
24
6.50
13.94
13.96
14.01
13.92
13.91
13.95
14.00
13.96
14.22
14.45
14.16
14.01
14.08
14.06
14.23
14.22
14.28
14.49
14.63
14.76
14.63
14.35
14.20
clear
5.46
0.02
0.09
0.11
0.06
-0.01
0.04
0.08
0.03
0.01
-0.02
-0.07
0.03
-0.04
-0.07
-0.07
-0.02
0.01
0.02
-0.04
-0.00
-0.05
-0.02
0.01
power
26
7.81
18.69
18.83
18.38
18.30
17.90
18.08
17.78
18.28
18.35
18.12
17.81
17.99
17.82
17.52
17.28
17.38
17.91
17.95
18.25
18.17
18.94
18.60
17.89
clear
6.88
0.17
0.20
0.23
0.29
0.24
0.22
0.20
0.18
0.23
0.32
0.27
0.29
0.40
0.36
0.39
0.32
0.31
0.24
0.30
0.28
0.22
0.21
0.20
power
28
8.48
21.39
21.36
21.50
21.12
21.17
21.38
21.35
22.02
21.95
22.17
22.14
21.96
21.58
21.75
22.43
22.31
21.81
22.28
22.29
22.03
22.28
21.94
22.53
clear
8.95
0.19
0.16
0.19
0.13
0.19
0.12
0.10
0.05
0.13
0.13
0.11
0.09
0.06
0.07
0.01
0.02
-0.06
-0.00
0.03
0.02
0.04
0.06
0.09
power
30
8.88
24.82
24.86
24.98
25.40
26.05
26.35
25.43
25.08
25.79
25.34
25.32
25.61
25.91
25.32
24.75
25.68
26.40
25.66
25.94
25.86
25.62
25.75
25.79
clear
10.05
-0.00
-0.18
0.03
0.24
0.20
0.19
0.18
0.14
0.18
0.17
0.21
0.13
0.11
0.17
0.08
0.13
0.11
0.08
0.08
0.06
0.13
-0.01
0.03
power
32
10.28
30.14
31.50
31.02
30.55
30.44
29.21
29.07
29.85
29.31
29.35
29.54
30.21
30.31
30.49
30.56
30.54
30.32
29.95
29.99
29.92
29.30
30.58
30.17
clear
12.20
0.05
0.03
0.27
0.39
-0.44
-0.58
-0.42
-0.67
-0.65
-0.58
-0.58
-0.64
-0.64
-0.71
-0.71
-0.73
-0.76
-0.69
-0.84
-0.77
-0.83
-0.81
-0.86
power
34
10.53
36.20
36.72
36.07
36.06
35.98
35.34
35.18
35.02
33.96
35.31
34.55
34.59
34.91
35.19
36.16
36.02
36.46
36.59
35.96
35.59
35.87
35.48
35.23
clear
14.02
0.03
0.06
0.05
0.02
0.02
0.08
0.01
0.04
0.03
-0.03
0.02
0.01
0.03
0.04
-0.07
0.01
-0.04
-0.06
-0.01
0.02
0.00
-0.03
0.01
power
36
13.08
41.11
42.14
42.43
41.70
42.25
40.60
39.81
40.13
39.49
40.05
40.84
41.44
41.36
41.11
41.06
41.04
40.31
39.78
40.19
40.94
40.37
40.25
41.35
clear
16.41
0.01
0.01
0.02
-0.03
0.04
-0.09
-0.03
-0.04
-0.05
-0.01
0.06
-0.01
0.06
0.15
0.19
0.30
0.30
0.28
0.11
0.09
0.03
0.09
0.03
power
38
12.69
45.03
45.60
45.79
45.92
46.51
46.57
45.89
44.69
44.57
45.25
46.49
45.54
45.73
45.20
45.82
46.58
46.11
46.69
46.88
47.49
45.36
45.35
46.06
clear
17.92
0.09
0.13
0.15
0.09
0.10
0.16
0.15
0.18
0.15
0.14
0.16
0.24
0.31
0.37
0.32
0.31
0.19
0.16
0.13
0.11
0.12
-0.01
0.03
power
40
15.71
50.64
50.92
51.70
51.35
52.26
51.41
51.04
49.50
50.44
49.74
50.73
51.69
50.76
50.84
49.37
49.82
50.27
50.04
49.96
49.82
51.10
52.51
51.89
clear
19.85
0.01
0.04
-0.00
0.04
0.00
-0.01
-0.01
-0.07
0.00
-0.01
-0.05
-0.08
-0.11
-0.08
-0.09
-0.05
-0.06
-0.07
-0.01
-0.05
-0.02
-0.03
-0.10
power
42
17.83
58.44
58.81
57.64
58.02
58.61
58.26
58.10
57.37
56.94
57.49
58.51
58.48
57.72
57.15
57.89
58.19
57.78
58.02
58.40
57.15
56.90
57.21
57.52
clear
24.47
0.10
0.16
0.15
0.10
0.13
0.08
0.05
0.04
0.05
0.05
0.07
0.11
0.08
0.07
0.07
0.08
0.05
0.02
0.04
0.02
0.06
0.06
0.05
power
44
17.04
63.95
65.96
65.80
66.21
65.16
64.39
63.73
62.45
63.74
63.66
62.47
62.19
62.39
64.37
64.79
64.76
64.59
63.61
63.57
62.85
64.30
64.77
64.50
clear
27.12
0.05
0.01
-0.02
0.00
0.02
0.03
-0.03
-0.00
0.05
-0.02
-0.10
-0.07
-0.02
-0.07
-0.06
-0.01
-0.03
0.05
-0.01
-0.07
-0.03
0.03
0.02
power
46
19.24
72.57
74.55
75.03
73.73
73.63
72.92
71.73
72.11
72.52
73.65
71.94
71.90
72.16
72.15
71.73
72.66
73.04
71.06
69.52
69.54
69.03
69.22
70.09
clear
29.24
-0.12
-0.10
-0.07
-0.10
-0.13
-0.14
-0.10
-0.08
-0.03
0.01
-0.08
-0.09
-0.05
-0.11
-0.12
-0.14
-0.10
-0.13
-0.11
-0.11
-0.10
-0.13
-0.07
power
48
18.92
79.02
78.81
78.52
77.86
76.97
78.75
78.22
76.94
77.82
78.06
76.80
77.40
78.14
78.16
78.72
78.53
78.05
78.17
76.93
76.63
77.48
79.76
80.87
clear
32.52
-0.21
-0.11
-0.09
-0.07
-0.09
-0.10
-0.08
-0.09
-0.09
-0.15
-0.16
-0.17
-0.15
-0.21
-0.14
-0.13
-0.11
-0.09
-0.10
-0.15
-0.14
-0.11
-0.12
power
50
22.74
85.18
85.76
87.03
89.21
89.05
89.32
85.52
85.48
83.67
83.22
85.07
83.99
84.55
82.64
83.36
82.09
83.72
83.47
82.92
84.38
85.35
83.61
83.89
clear
34.16
0.07
0.04
0.17
0.08
0.04
0.04
0.10
0.05
0.01
0.09
0.08
0.08
0.07
0.00
-0.00
0.06
-0.03
-0.01
-0.01
-0.01
-0.04
-0.00
-0.02
power
52
24.86
90.05
91.19
91.89
91.48
90.43
89.53
90.17
90.03
90.51
89.95
89.45
90.62
88.34
89.56
88.68
91.24
91.02
93.05
91.37
91.75
91.36
92.38
91.77
clear
34.97
0.03
0.09
-0.02
-0.02
-0.02
0.01
-0.09
-0.02
-0.04
-0.05
-0.04
-0.02
-0.02
-0.02
-0.02
-0.04
-0.02
-0.03
-0.09
-0.03
-0.08
-0.12
-0.11
power
54
24.22
100.42
100.87
100.33
100.64
100.30
99.41
99.31
99.59
99.62
97.86
98.43
99.70
100.72
99.13
101.84
100.90
99.81
98.25
96.87
98.04
98.96
98.12
100.15
clear
42.32
-0.01
-0.03
-0.02
0.01
0.01
0.04
0.05
0.04
-0.04
0.07
0.09
0.05
0.05
0.04
0.02
-0.05
-0.08
-0.07
-0.09
-0.08
-0.10
-0.13
-0.16
power
56
24.62
104.53
104.49
104.31
106.56
106.42
105.83
106.85
106.32
107.63
104.64
103.61
103.06
104.76
105.43
104.44
105.04
106.33
107.02
108.35
108.05
108.72
109.26
109.82
clear
45.48
-0.02
-0.02
-0.03
-0.04
-0.01
-0.00
0.03
0.01
0.01
-0.06
-0.08
0.01
-0.05
-0.07
-0.08
-0.16
-0.03
-0.05
-0.02
-0.00
0.06
0.10
0.11
power
58
26.84
115.27
115.33
115.33
115.06
117.04
116.73
114.97
115.43
113.71
113.59
117.23
117.09
113.22
113.84
113.11
114.71
116.44
116.13
114.54
115.54
115.44
114.87
118.31
clear
48.76
-0.03
0.06
-0.01
-0.02
-0.04
-0.03
-0.01
-0.06
-0.05
-0.03
0.03
-0.03
-0.07
-0.08
-0.10
-0.09
-0.05
-0.08
-0.07
-0.04
-0.08
-0.11
-0.08
power
60
28.15
121.25
117.57
120.24
122.24
121.95
121.92
120.91
119.78
119.61
122.62
123.37
121.82
121.44
122.99
120.89
116.68
115.18
117.46
118.52
119.32
118.94
118.11
121.61
clear
47.94
0.12
0.22
0.16
0.11
0.10
0.13
0.13
0.13
0.13
0.13
0.15
0.08
0.15
0.08
0.08
0.07
0.13
0.10
0.07
0.09
0.04
0.06
-0.01
power
62
30.76
133.33
135.10
138.18
135.22
133.80
131.25
132.35
133.31
129.58
129.19
130.25
128.84
127.56
126.76
127.10
127.63
126.31
128.83
131.07
130.28
129.09
129.43
128.65
clear
51.33
0.17
0.24
0.21
0.21
0.24
0.19
0.23
0.26
0.17
0.23
0.20
0.12
0.16
0.18
0.20
0.19
0.14
0.13
0.13
0.12
0.02
0.11
0.09
power
64
27.70
134.97
136.10
136.84
137.01
136.48
135.88
135.51
135.03
134.60
134.69
135.09
134.92
135.54
134.78
135.94
135.95
133.11
134.08
136.36
134.33
135.60
136.54
134.83
clear
51.91
-0.07
-0.07
-0.00
0.04
-0.00
0.00
0.11
0.05
0.07
0.00
0.03
0.03
0.07
0.08
0.03
0.03
-0.01
0.03
0.04
-0.00
0.03
-0.03
0.08
power
66
29.33
141.40
142.91
145.02
145.00
145.17
144.46
144.12
144.47
142.92
145.15
145.56
144.47
145.44
145.41
145.68
145.54
145.35
144.79
145.48
147.01
146.90
144.04
141.11
clear
60.80
-0.34
-0.30
-0.21
-0.19
-0.18
-0.22
-0.21
-0.27
-0.21
-0.20
-0.20
-0.24
-0.24
-0.15
-0.19
-0.15
-0.19
-0.22
-0.15
-0.18
-0.19
-0.24
-0.23
power
68
25.65
148.18
148.62
152.60
153.44
153.55
156.28
150.98
150.92
151.14
152.03
150.21
153.12
153.92
153.63
153.28
151.94
151.32
151.96
155.13
154.93
153.79
153.09
152.14
clear
63.48
-0.13
-0.07
0.00
-0.05
0.01
-0.03
-0.01
-0.05
-0.02
-0.10
-0.01
-0.05
-0.01
0.01
-0.04
-0.03
-0.01
-0.03
-0.04
-0.08
-0.13
-0.11
-0.09
power
70
33.14
161.72
162.89
162.78
163.26
164.87
164.74
163.11
162.19
162.23
159.46
160.23
159.83
161.95
158.55
159.78
157.74
157.45
157.26
158.15
158.24
160.51
158.87
160.96
clear
65.56
-0.48
-0.38
-0.43
-0.46
-0.40
-0.41
-0.41
-0.42
-0.39
-0.38
-0.40
-0.33
-0.36
-0.31
-0.36
-0.35
-0.40
-0.38
-0.39
-0.33
-0.32
-0.31
-0.24
power
72
36.40
170.58
169.28
170.04
169.28
170.22
171.40
167.58
162.38
165.97
167.89
166.31
163.85
166.94
168.39
168.95
169.06
168.18
167.68
166.14
165.46
164.52
164.30
163.69
clear
66.80
0.40
0.45
0.53
0.51
0.57
0.51
0.50
0.53
0.57
0.51
0.52
0.54
0.53
0.53
0.56
0.52
0.56
0.52
0.57
0.54
0.55
0.62
