0.14
0.10
0.10
0.12
0.11
0.12
0.12
0.15
0.18
0.16
0.21
0.23
0.22
0.17
0.01
0.05
0.07
0.18
0.16
0.14
0.24
0.18
0.24
clear
0.25
0.26
0.24
0.37
0.36
0.32
0.38
0.42
0.46
0.40
0.41
0.34
0.38
0.34
0.39
0.35
0.35
0.36
0.33
0.35
0.38
0.38
0.30
0.33
power
2
-0.02
0.05
0.04
-0.02
-0.03
-0.00
-0.11
-0.07
-0.08
-0.03
-0.00
0.05
-0.02
-0.06
0.00
0.04
0.02
-0.05
-0.01
0.03
0.11
0.05
0.09
0.10
clear
-0.00
-0.01
-0.02
0.02
-0.10
-0.05
-0.00
-0.04
-0.07
-0.06
-0.05
-0.09
-0.12
-0.12
-0.11
-0.08
-0.07
-0.07
-0.03
-0.10
0.07
0.00
0.02
0.00
power
4
0.00
-0.04
0.02
0.01
0.03
-0.00
-0.02
-0.03
-0.06
-0.12
-0.19
-0.10
-0.10
-0.15
-0.21
-0.16
-0.15
-0.16
-0.16
-0.14
-0.20
-0.17
-0.20
-0.13
clear
-0.14
-0.10
-0.08
-0.11
-0.00
-0.03
-0.06
-0.01
-0.02
-0.01
-0.10
-0.06
-0.06
-0.09
-0.09
-0.15
-0.11
-0.19
-0.23
-0.20
-0.16
-0.13
-0.26
-0.19
power
6
-0.02
0.13
0.05
0.08
0.09
0.05
-0.03
0.10
-0.13
-0.11
0.04
0.03
0.09
0.06
0.10
0.09
0.09
0.08
0.07
0.16
0.12
0.05
0.09
0.13
clear
0.10
0.05
0.16
0.12
0.10
0.05
0.08
0.09
0.15
0.20
0.13
0.08
0.11
0.20
0.15
0.11
0.13
0.12
0.04
-0.03
-0.11
-0.11
-0.12
-0.22
power
8
0.32
0.45
1.22
1.65
1.37
0.59
0.20
2.01
-0.12
-0.11
2.68
-0.18
-0.14
-0.12
0.08
2.53
0.07
0.15
0.08
0.18
2.71
0.04
-0.11
-0.13
clear
-0.10
-0.02
0.03
-0.01
0.06
0.06
0.17
0.23
0.22
0.27
0.28
0.23
0.29
0.40
0.40
0.38
0.42
0.37
0.30
0.24
0.26
0.39
0.33
0.30
power
10
0.43
0.70
0.46
0.51
0.45
0.32
0.51
0.43
0.44
0.26
0.22
0.29
0.25
0.17
0.24
0.39
0.48
0.46
0.45
0.49
0.40
0.41
0.37
0.35
clear
0.12
0.19
0.09
0.04
0.03
0.01
0.00
-0.00
-0.09
-0.02
-0.16
-0.01
0.01
-0.02
0.05
0.04
0.09
0.02
0.07
0.01
-0.12
0.00
-0.05
0.01
power
12
0.70
1.44
1.40
1.26
0.94
1.09
1.11
1.01
1.05
0.97
0.98
1.07
1.12
1.03
1.06
1.23
1.23
1.16
1.18
1.16
1.08
1.02
1.09
0.97
clear
0.34
-0.11
-0.16
-0.12
0.02
0.04
0.05
-0.02
0.00
0.01
0.05
-0.02
-0.04
0.07
0.13
-0.02
0.05
0.02
-0.02
-0.06
-0.01
0.02
-0.01
0.08
power
14
1.07
2.61
2.20
2.36
2.07
2.14
2.23
2.38
2.45
2.49
2.31
2.30
2.21
2.21
2.28
2.39
2.26
2.33
2.29
2.34
2.44
2.53
2.54
2.47
clear
0.93
-0.08
-0.08
-0.09
-0.05
-0.01
-0.05
0.04
0.02
0.05
0.13
0.15
0.10
0.01
0.02
-0.09
-0.11
-0.17
-0.15
-0.12
-0.16
-0.04
-0.01
0.03
power
16
2.07
4.54
4.30
4.42
4.40
4.52
4.54
4.45
4.42
4.53
4.51
4.46
4.53
4.46
4.37
4.44
4.52
4.34
4.25
4.45
4.35
4.25
4.40
4.55
clear
1.78
0.23
0.26
0.15
0.09
0.14
0.17
0.28
0.29
0.33
0.24
0.23
0.21
0.12
0.05
0.09
0.08
0.06
-0.01
0.01
0.02
0.13
0.11
0.05
power
18
2.98
6.52
6.57
6.56
6.42
6.45
6.57
6.40
6.29
6.43
6.39
6.38
6.36
6.37
6.37
6.36
6.36
6.51
6.30
6.30
6.21
6.16
6.38
6.47
clear
2.50
-0.07
-0.10
-0.10
-0.13
-0.07
-0.00
-0.13
-0.10
-0.08
-0.08
-0.12
-0.20
-0.20
-0.13
-0.11
-0.06
-0.02
0.03
-0.05
-0.05
-0.02
0.00
0.00
power
20
4.30
8.69
8.84
8.93
8.83
8.90
8.94
8.82
8.83
8.90
9.14
8.91
9.06
8.70
9.01
9.16
8.65
8.48
8.52
8.55
8.42
8.59
8.90
8.61
clear
3.32
0.06
0.05
0.05
0.04
-0.03
0.00
-0.04
-0.03
0.05
0.01
0.02
0.10
-0.02
0.00
0.00
0.06
0.03
-0.05
-0.01
0.07
0.06
0.04
-0.16
power
22
5.55
11.41
11.46
11.60
11.52
11.71
11.81
11.59
11.70
11.77
11.69
11.64
11.23
11.30
11.64
11.68
11.44
11.34
11.25
11.70
11.84
11.52
11.45
11.59
clear
4.55
-0.20
-0.12
-0.07
0.04
0.03
-0.04
-0.03
0.06
0.10
0.02
0.06
0.07
0.10
0.03
-0.02
0.12
0.09
0.16
0.14
0.21
0.10
0.12
0.12
power
24
6.94
14.45
14.56
14.38
14.43
14.74
14.39
14.36
14.81
14.22
14.14
14.49
14.55
14.56
14.55
14.68
14.69
14.45
14.55
14.71
15.00
14.63
14.62
14.77
clear
5.89
-0.03
0.05
0.05
-0.01
0.03
0.01
0.09
0.06
0.03
0.02
0.05
0.10
-0.09
-0.07
0.11
0.07
0.10
0.17
0.25
0.09
0.12
0.24
0.24
power
26
8.17
18.41
18.48
18.65
18.40
18.63
18.50
18.23
18.47
18.42
18.28
18.09
17.95
18.16
18.41
18.34
18.41
18.39
18.03
18.44
18.55
18.98
18.87
18.09
clear
6.79
-0.34
-0.26
-0.27
-0.30
-0.30
-0.30
-0.18
-0.22
-0.19
-0.15
-0.21
-0.22
-0.21
-0.22
-0.19
-0.27
-0.32
-0.13
-0.13
-0.04
-0.05
-0.17
-0.19
power
28
8.82
22.09
22.13
22.18
21.41
22.23
22.30
22.26
22.31
22.33
22.34
21.84
21.89
22.85
22.20
22.15
22.54
22.12
22.21
21.76
21.70
21.59
21.46
21.65
clear
8.99
-0.22
-0.11
-0.11
-0.05
-0.10
-0.05
-0.01
-0.04
-0.03
0.07
0.08
0.02
0.11
0.10
0.18
0.11
0.08
0.08
0.07
0.03
-0.04
0.02
-0.03
power
30
9.35
26.19
26.55
26.31
26.43
26.69
26.65
26.34
26.69
26.55
26.55
26.21
26.74
27.00
26.74
26.30
26.34
26.58
26.49
26.50
26.91
26.45
26.47
26.46
clear
10.95
-0.05
-0.08
0.00
0.10
0.12
0.05
0.04
0.06
0.12
0.10
0.09
0.14
0.19
0.19
0.27
0.28
0.13
0.13
0.07
0.00
0.08
0.09
0.17
power
32
10.35
30.10
30.88
30.52
30.28
30.91
30.53
31.03
31.32
30.81
30.91
31.28
31.05
31.07
30.84
30.31
30.38
31.16
31.01
31.25
31.41
30.82
30.88
30.91
clear
11.99
-0.19
-0.11
-0.08
-0.10
-0.07
-0.14
-0.16
-0.23
-0.23
-0.17
-0.18
-0.22
-0.21
-0.14
-0.14
-0.12
-0.17
-0.17
-0.19
-0.21
-0.20
-0.16
-0.12
power
34
10.53
35.83
35.95
36.12
36.55
36.06
35.95
36.45
36.49
36.15
35.73
35.80
35.64
35.76
35.80
35.99
35.86
35.83
35.93
36.23
36.41
36.91
36.77
36.33
clear
14.38
-0.06
0.02
0.06
-0.04
0.12
0.03
0.01
0.02
0.07
0.04
0.08
0.04
-0.02
0.02
-0.01
-0.02
-0.01
0.08
0.05
-0.05
0.07
0.07
0.02
power
36
13.72
41.16
41.33
41.79
41.99
42.78
42.10
41.76
41.71
42.19
42.15
41.48
40.99
40.64
41.17
40.96
41.39
40.81
41.03
40.96
41.29
42.01
41.72
41.56
clear
16.29
-0.10
-0.09
-0.04
-0.07
-0.07
-0.06
-0.11
-0.08
-0.06
-0.15
-0.05
-0.13
-0.07
-0.07
-0.10
-0.07
0.01
-0.17
-0.23
-0.07
-0.06
-0.01
0.04
power
38
15.56
46.52
46.30
46.55
47.28
47.27
47.67
46.92
47.33
47.37
47.55
47.06
47.09
47.20
46.85
47.18
47.90
48.11
47.88
47.46
46.75
46.81
46.85
47.02
clear
20.76
-0.07
-0.01
-0.02
0.04
0.04
0.03
-0.05
0.00
-0.00
-0.05
-0.03
0.03
-0.03
0.00
-0.05
-0.07
-0.08
-0.08
0.00
0.04
-0.02
0.01
-0.02
power
40
15.03
52.46
52.43
53.18
53.29
54.11
54.09
53.95
53.59
53.51
53.17
53.21
53.41
53.47
53.33
53.27
52.85
52.65
53.14
52.86
52.97
53.02
53.02
52.99
clear
22.65
0.05
0.06
0.04
0.04
0.01
0.03
0.02
0.03
-0.02
-0.03
0.05
0.04
0.00
-0.05
-0.04
-0.02
-0.02
0.01
-0.01
0.02
-0.05
-0.08
-0.07
power
42
15.77
59.41
58.94
59.59
59.72
59.81
59.50
59.31
59.51
59.51
59.23
59.45
59.60
59.30
59.35
58.89
59.28
59.43
58.82
58.44
58.50
58.61
59.38
59.27
clear
24.99
-0.20
-0.21
-0.25
-0.19
-0.19
-0.26
-0.22
-0.25
-0.20
-0.23
-0.23
-0.18
-0.17
-0.14
-0.20
-0.17
-0.14
-0.18
-0.15
-0.13
-0.11
-0.08
-0.14
power
44
18.25
66.31
66.14
66.48
67.44
67.33
66.80
67.30
66.72
66.38
65.74
65.55
66.18
66.89
66.20
65.51
64.90
65.00
64.86
64.96
64.60
64.44
63.80
63.89
clear
26.96
-0.14
-0.12
-0.10
-0.09
-0.10
-0.17
-0.20
-0.22
-0.23
-0.15
-0.14
-0.16
-0.16
-0.15
-0.15
-0.10
-0.12
-0.11
-0.21
-0.13
-0.23
-0.18
-0.16
power
46
20.16
73.45
73.33
74.22
74.59
74.19
74.18
73.41
73.27
72.62
72.42
72.64
71.42
71.19
72.31
72.59
72.22
72.75
72.52
72.35
72.72
72.93
73.29
73.06
clear
30.11
-0.00
-0.03
0.04
0.02
0.04
0.06
-0.05
-0.04
-0.03
-0.07
-0.04
-0.10
-0.03
-0.03
-0.02
0.01
-0.00
0.07
0.08
0.07
0.11
0.05
0.07
power
48
21.57
80.14
80.86
81.31
80.40
80.28
80.11
79.91
80.12
79.82
79.89
79.73
79.76
79.59
78.72
78.33
78.67
78.52
78.62
79.05
79.51
78.73
78.69
78.30
clear
32.60
0.03
-0.02
0.05
0.03
0.06
0.08
0.17
0.13
0.09
0.08
0.09
0.08
0.11
0.09
0.03
0.08
0.04
0.02
0.11
0.07
0.03
0.03
-0.00
power
50
18.97
85.06
85.78
86.27
86.31
86.97
86.47
85.79
85.65
85.59
84.62
84.22
84.78
84.62
85.20
85.46
85.17
85.62
85.25
84.90
84.65
84.81
84.05
83.77
clear
35.65
0.08
0.11
0.07
0.11
0.09
0.10
0.08
0.02
0.10
0.05
0.06
0.12
0.12
0.08
0.12
0.11
0.11
0.11
0.01
0.08
0.16
0.16
0.13
power
52
24.01
92.43
93.11
93.22
93.16
92.84
92.36
92.18
91.57
91.52
91.62
91.55
91.63
91.66
92.24
91.87
91.03
90.65
90.13
90.37
89.79
90.08
89.91
89.96
clear
37.80
-0.15
-0.18
-0.15
-0.17
-0.18
-0.11
-0.16
-0.15
-0.11
-0.01
0.09
0.11
0.10
0.10
0.16
0.15
0.19
0.19
0.22
0.07
0.16
0.15
0.12
power
54
22.61
99.62
100.51
101.07
99.24
99.17
99.06
98.13
99.04
99.27
98.92
99.23
99.03
98.88
98.78
99.01
98.61
99.04
99.10
97.92
98.25
97.94
98.39
98.43
clear
40.92
-0.28
-0.28
-0.19
-0.22
-0.14
-0.21
-0.23
-0.16
-0.19
-0.22
-0.26
-0.26
-0.27
-0.29
-0.27
-0.24
-0.23
-0.19
-0.17
-0.12
-0.09
-0.10
-0.05
power
56
22.43
107.41
107.46
107.58
107.58
107.33
107.65
107.17
106.64
106.00
106.80
106.57
105.94
105.51
105.83
105.39
104.04
105.42
105.57
106.00
105.87
106.05
105.47
105.69
clear
44.22
-0.17
-0.11
-0.11
-0.15
-0.11
-0.08
-0.12
-0.10
-0.16
-0.17
-0.19
-0.15
-0.06
-0.05
-0.09
-0.10
-0.08
-0.13
0.00
-0.00
0.04
0.04
0.04
power
58
24.10
114.05
114.95
115.31
114.45
114.68
115.38
114.92
115.45
115.48
115.39
116.03
115.36
115.24
114.03
114.23
113.12
112.88
111.56
112.14
112.62
113.57
113.67
114.16
clear
46.15
-0.24
-0.15
-0.17
-0.14
-0.08
-0.11
-0.12
-0.08
-0.10
-0.02
-0.05
-0.16
-0.03
-0.21
-0.12
-0.10
-0.09
-0.10
-0.07
-0.05
-0.02
-0.04
-0.05
power
60
31.60
122.14
123.53
123.20
122.37
122.81
121.97
122.05
122.25
122.95
122.29
121.19
121.22
120.58
120.35
121.04
121.28
121.26
122.30
121.43
120.40
120.97
120.92
121.26
clear
47.31
-0.38
-0.31
-0.21
-0.26
-0.22
-0.18
-0.21
-0.20
-0.17
-0.15
-0.20
-0.12
-0.22
-0.13
-0.18
-0.18
-0.16
-0.25
-0.11
-0.12
-0.17
-0.17
-0.17
power
62
33.56
130.47
130.89
131.21
131.39
130.95
130.64
131.80
129.55
129.31
129.72
129.40
128.92
129.12
129.64
129.12
129.77
129.10
128.52
129.23
128.50
127.69
127.08
127.85
clear
55.07
-0.17
-0.02
-0.03
0.04
0.05
-0.02
0.09
-0.02
0.05
0.12
0.18
0.15
0.29
0.32
0.30
0.31
0.33
0.29
0.38
0.31
0.14
0.17
0.20
power
64
31.11
139.48
141.63
141.77
140.69
138.94
139.43
139.21
140.82
140.31
139.93
139.26
139.74
139.84
139.39
137.68
138.30
137.76
137.14
136.04
135.12
135.30
136.37
136.93
clear
56.54
-0.04
0.07
0.12
0.13
0.12
0.25
0.18
0.13
0.16
0.16
0.06
0.10
0.09
0.07
0.06
0.07
-0.05
-0.11
-0.04
-0.14
-0.10
-0.03
-0.05
power
66
26.06
145.18
146.69
146.64
145.75
146.37
146.44
146.74
146.53
146.06
145.43
146.17
145.83
145.17
144.81
145.50
145.32
145.97
145.31
145.47
145.63
146.34
146.83
145.53
clear
59.63
-0.07
-0.22
-0.19
-0.12
-0.11
0.00
-0.10
-0.10
-0.13
-0.15
-0.11
-0.11
-0.16
-0.13
-0.02
-0.12
-0.04
-0.05
-0.09
-0.13
-0.15
-0.16
-0.13
power
68
33.86
154.89
156.20
155.30
154.99
154.85
153.99
154.18
153.85
154.10
153.08
153.09
152.90
153.62
154.00
153.24
152.68
152.71
152.66
152.67
152.33
153.08
152.51
152.10
clear
61.46
-0.26
-0.28
-0.28
-0.21
-0.20
-0.20
-0.15
-0.20
-0.16
-0.11
-0.13
-0.14
-0.11
-0.15
-0.09
-0.10
-0.09
-0.14
-0.13
-0.16
-0.11
-0.18
-0.20
power
70
31.53
161.91
163.67
163.45
163.12
162.12
161.07
161.02
160.88
160.62
161.53
161.26
160.93
161.35
161.54
160.85
160.26
159.18
158.40
158.22
159.70
158.90
158.60
159.41
clear
63.01
