-0.33
-0.33
-0.36
-0.34
-0.61
-0.34
-0.47
-0.52
-0.48
clear
-0.58
-0.58
-0.56
-0.48
-0.54
-0.60
-0.57
-0.61
-0.63
-0.63
-0.68
-0.67
-0.64
-0.62
-0.59
-0.54
-0.66
-0.64
-0.59
-0.56
-0.56
-0.53
-0.53
-0.52
power
2
-0.06
-0.03
-0.01
0.09
0.09
0.04
0.09
0.14
0.09
0.02
-0.00
0.02
-0.02
-0.01
-0.00
0.03
-0.04
0.03
0.04
0.02
0.03
0.08
-0.01
0.04
clear
0.04
0.07
0.09
0.05
0.06
0.07
0.06
0.09
0.07
0.07
0.08
0.05
0.09
0.07
0.05
0.08
0.10
0.14
0.14
0.12
0.09
0.10
0.15
0.15
power
4
-0.03
-0.09
-0.02
-0.08
-0.07
-0.11
-0.07
-0.13
-0.12
-0.09
-0.11
-0.12
-0.09
-0.12
-0.06
-0.12
-0.08
-0.12
-0.13
-0.13
-0.16
-0.13
-0.10
-0.09
clear
-0.15
-0.16
-0.11
-0.14
-0.13
-0.13
-0.14
-0.14
-0.16
-0.06
-0.14
-0.09
-0.15
-0.13
-0.18
-0.20
-0.19
-0.23
-0.25
-0.29
-0.29
-0.37
-0.35
-0.35
power
6
-0.06
-0.04
-0.15
-0.14
-0.14
-0.14
-0.14
-0.18
-0.17
-0.17
-0.14
-0.23
-0.19
-0.19
-0.13
-0.10
-0.13
-0.10
-0.16
-0.12
-0.09
-0.10
-0.10
-0.16
clear
-0.13
-0.12
-0.23
-0.19
-0.25
-0.19
-0.26
-0.23
-0.24
-0.20
-0.22
-0.16
-0.25
-0.23
-0.17
-0.26
-0.22
-0.24
-0.22
-0.31
-0.29
-0.25
-0.27
-0.23
power
8
0.18
0.28
1.07
1.61
2.07
0.43
1.02
2.01
0.26
0.22
2.72
0.30
0.29
0.37
2.67
0.88
0.50
0.48
0.50
0.44
3.26
0.48
0.48
0.48
clear
0.60
0.55
0.54
0.65
0.69
0.69
0.63
0.71
0.67
0.69
0.67
0.64
0.61
0.63
0.62
0.56
0.62
0.63
0.62
0.63
0.59
0.57
0.60
0.58
power
10
0.28
0.38
0.12
0.12
0.07
0.20
0.18
0.20
0.24
0.25
0.22
0.20
0.22
0.19
0.29
0.28
0.29
0.36
0.33
0.32
0.34
0.29
0.34
0.36
clear
0.27
0.26
0.15
0.21
0.21
0.15
0.18
0.15
0.19
0.15
0.14
0.13
0.14
0.10
0.08
0.07
0.11
0.05
0.09
0.15
0.14
0.11
0.16
0.15
power
12
0.25
0.93
0.94
0.96
0.94
0.94
1.05
0.94
1.03
1.00
1.04
1.13
1.08
1.13
1.16
1.20
1.19
1.17
1.17
1.18
1.17
1.21
1.24
1.26
clear
0.68
0.22
0.12
0.20
0.09
0.09
0.10
0.06
0.11
0.13
0.11
0.05
0.11
0.16
0.08
0.03
0.08
0.03
-0.05
-0.04
0.02
-0.03
-0.04
0.02
power
14
0.66
2.32
2.36
2.40
2.39
2.45
2.47
2.43
2.50
2.48
2.61
2.59
2.62
2.51
2.65
2.58
2.66
2.70
2.67
2.62
2.61
2.55
2.50
2.59
clear
1.21
0.26
0.30
0.32
0.24
0.17
0.17
0.18
0.21
0.20
0.25
0.22
0.17
0.20
0.18
0.12
0.15
0.11
0.12
0.17
0.16
0.16
0.11
0.14
power
16
1.59
4.31
4.30
4.42
4.49
4.40
4.38
4.33
4.38
4.56
4.48
4.58
4.47
4.32
4.49
4.46
4.70
4.79
4.65
4.70
4.97
4.97
4.79
4.75
clear
2.29
0.68
0.67
0.63
0.62
0.58
0.52
0.37
0.36
0.36
0.33
0.32
0.33
0.40
0.39
0.42
0.43
0.37
0.39
0.31
0.16
0.13
0.11
-0.01
power
18
2.67
5.91
6.18
6.21
6.22
6.22
6.27
6.27
6.43
6.51
6.31
6.45
6.50
6.46
6.60
6.69
6.57
6.61
6.78
6.71
6.74
6.88
6.83
6.70
clear
3.34
0.93
1.04
1.01
1.06
1.04
1.11
1.08
0.91
0.87
0.88
0.77
0.77
0.62
0.54
0.48
0.49
0.31
0.30
0.39
0.53
0.58
0.55
0.49
power
20
3.65
8.68
8.72
8.71
8.94
8.94
8.99
9.06
9.09
9.06
9.14
9.07
9.06
9.07
8.94
8.73
8.77
8.69
8.95
9.03
9.56
8.81
8.78
8.80
clear
3.75
0.26
0.27
0.33
0.32
0.31
0.34
0.39
0.45
0.45
0.48
0.40
0.28
0.27
0.38
0.44
0.39
0.49
0.38
0.32
0.38
0.55
0.52
0.46
power
22
4.84
11.05
11.09
11.06
11.07
10.79
10.78
10.58
11.02
10.97
11.03
10.85
10.90
10.95
11.09
11.04
10.83
10.78
11.14
10.95
10.63
10.62
10.53
10.74
clear
3.74
-0.73
-0.68
-0.48
-0.34
-0.32
-0.33
-0.31
-0.34
-0.29
-0.35
-0.37
-0.43
-0.50
-0.50
-0.39
-0.33
-0.26
-0.18
-0.24
-0.24
-0.10
-0.12
-0.17
power
24
5.67
13.90
14.04
14.26
14.15
14.04
14.12
13.85
14.20
14.31
13.92
14.35
14.20
14.25
14.18
14.22
13.96
14.08
14.28
14.11
14.21
14.20
14.12
14.08
clear
5.55
-0.25
-0.13
-0.05
0.01
0.04
0.05
0.09
0.06
0.09
0.04
0.10
0.11
0.00
0.06
0.11
0.08
0.17
0.22
0.33
0.25
0.27
0.36
0.32
power
26
6.90
17.39
17.63
17.64
17.46
17.30
16.59
17.52
17.51
17.52
17.84
18.02
17.77
17.56
17.31
17.08
17.29
17.18
17.36
17.75
17.94
17.66
17.46
17.38
clear
6.83
-0.26
-0.20
-0.18
-0.17
-0.10
-0.09
-0.12
-0.10
-0.07
-0.02
-0.03
0.11
0.07
0.10
0.14
0.11
0.18
0.08
0.11
0.09
0.10
0.09
0.12
power
28
7.58
21.85
21.74
21.68
21.48
21.65
21.95
22.05
21.99
21.85
21.90
21.89
21.58
21.88
21.65
21.82
21.94
22.34
21.81
21.45
21.61
22.05
21.76
21.36
clear
8.24
-0.12
-0.10
-0.01
0.05
0.05
0.08
0.12
0.02
0.04
0.04
0.08
0.07
0.07
0.11
0.10
0.11
0.07
0.15
0.12
0.10
0.16
0.12
0.05
power
30
8.54
26.16
26.40
25.73
25.55
26.29
26.48
26.14
25.78
26.11
26.03
26.24
25.79
26.00
25.91
25.69
26.14
26.50
26.34
25.99
25.81
26.15
25.96
25.88
clear
10.02
-0.23
-0.15
-0.10
-0.10
-0.07
-0.05
-0.02
-0.03
-0.03
-0.01
0.01
0.07
0.08
0.03
0.09
0.05
0.11
0.05
0.04
-0.01
-0.01
0.03
-0.01
power
32
7.38
29.74
29.60
29.21
29.51
30.19
29.31
29.30
29.24
29.95
29.62
29.67
30.19
29.94
29.75
30.47
29.95
30.05
29.99
29.51
28.91
29.67
29.62
28.97
clear
11.59
-0.28
-0.15
-0.11
-0.15
-0.11
-0.10
-0.06
-0.03
-0.05
-0.03
-0.02
-0.07
-0.07
0.05
-0.01
-0.04
-0.10
-0.04
0.04
0.00
-0.03
0.02
-0.07
power
34
8.30
35.14
35.40
35.47
35.07
35.14
35.19
35.07
35.15
35.80
35.52
34.99
34.78
34.97
35.04
35.33
35.45
35.20
34.68
34.26
34.00
34.14
34.57
35.35
clear
13.59
-0.06
-0.03
-0.01
0.01
0.11
0.12
0.18
0.20
0.19
0.22
0.17
0.17
0.19
0.22
0.20
0.18
0.16
0.21
0.23
0.21
0.26
0.21
0.18
power
36
10.53
40.59
40.91
41.22
40.65
40.85
40.95
40.52
40.71
40.22
40.61
40.19
40.30
41.04
41.09
40.69
40.31
40.32
39.97
39.87
40.37
40.10
39.98
40.43
clear
15.27
-0.31
-0.26
-0.17
-0.20
-0.15
-0.11
-0.12
-0.08
-0.07
-0.06
-0.05
-0.13
-0.07
-0.04
0.03
-0.06
-0.06
-0.05
-0.04
-0.05
0.01
0.01
0.10
power
38
13.55
46.11
45.12
45.31
46.36
46.61
45.98
45.98
46.74
46.70
46.07
46.10
46.44
46.02
46.50
46.10
45.57
45.81
46.93
46.71
46.16
47.25
46.80
46.66
clear
19.15
-0.07
-0.03
-0.05
-0.01
-0.03
-0.02
0.03
-0.03
-0.01
0.10
0.08
0.07
0.03
0.07
0.07
0.15
0.12
0.14
0.13
0.07
0.12
0.09
0.11
power
40
13.22
51.28
51.78
51.56
51.27
51.07
51.70
51.85
52.59
51.18
51.26
52.21
51.33
50.63
51.62
52.21
51.85
51.58
51.58
51.14
51.16
51.49
51.52
50.83
clear
21.00
0.09
0.05
0.11
0.10
0.06
0.14
0.14
0.21
0.24
0.22
0.14
0.14
0.19
0.21
0.14
0.20
0.21
0.23
0.18
0.10
0.14
0.17
0.17
power
42
16.06
58.13
57.50
57.23
58.24
57.83
57.43
57.44
57.59
58.00
57.41
58.29
57.46
56.88
57.45
57.88
57.41
57.55
56.69
57.07
57.18
57.03
57.86
57.61
clear
23.46
-0.09
-0.05
-0.02
0.09
0.08
0.07
0.12
0.18
0.14
0.14
0.11
0.09
0.16
0.18
0.13
0.21
0.19
0.18
0.18
0.20
0.17
0.24
0.21
power
44
16.62
64.64
64.63
63.55
64.18
64.52
64.38
64.07
64.44
64.00
64.32
65.03
65.28
63.91
64.23
64.30
64.30
63.56
63.37
62.96
62.65
63.47
63.29
63.65
clear
24.88
-0.11
-0.06
-0.10
-0.08
-0.15
-0.12
-0.08
-0.09
-0.12
-0.08
-0.08
-0.07
-0.09
-0.04
0.00
0.06
-0.05
-0.02
-0.04
-0.04
0.00
-0.01
-0.00
power
46
15.63
70.06
70.20
71.25
71.13
71.08
71.60
71.02
70.73
70.82
70.32
70.29
71.14
70.57
71.20
71.32
71.49
71.76
71.31
69.92
70.93
70.87
69.77
71.33
clear
26.72
-0.06
-0.00
-0.02
-0.06
-0.04
-0.05
-0.04
0.01
0.03
0.05
0.04
0.12
0.08
0.11
0.11
0.09
0.15
0.11
0.10
0.07
0.11
0.16
0.15
power
48
20.57
78.18
77.39
77.03
79.68
79.21
78.87
79.03
78.25
78.58
78.95
77.77
78.33
79.23
79.24
78.54
78.43
77.61
77.47
77.45
77.17
77.16
76.80
77.71
clear
31.76
-0.16
-0.11
-0.13
-0.17
-0.12
-0.16
-0.17
-0.08
-0.07
-0.08
-0.03
-0.03
-0.01
-0.04
0.00
-0.05
0.02
0.04
-0.02
0.04
0.05
0.11
0.11
power
50
22.94
84.82
84.63
84.65
84.18
84.34
85.73
86.24
83.59
84.92
84.67
84.92
85.63
85.00
84.56
83.49
84.58
84.21
84.08
84.32
83.62
84.39
83.64
84.00
clear
33.66
-0.17
-0.18
-0.16
-0.21
-0.14
-0.11
-0.08
-0.03
-0.07
-0.08
-0.05
-0.02
0.02
0.02
0.11
0.06
0.08
0.09
0.13
0.11
0.11
0.12
0.13
power
52
21.86
93.35
92.88
93.20
93.85
92.40
92.99
92.37
93.05
93.53
91.70
92.95
92.45
92.26
90.86
90.37
91.28
92.23
92.54
91.74
92.83
91.97
92.94
93.28
clear
35.99
-0.20
-0.17
-0.15
-0.10
-0.08
-0.05
-0.06
-0.09
-0.05
-0.07
-0.02
-0.10
-0.04
-0.09
-0.11
0.03
-0.06
-0.05
-0.07
-0.08
-0.04
-0.09
-0.03
power
54
20.46
99.88
99.99
99.48
101.13
100.20
100.25
100.52
100.31
99.70
99.35
99.49
99.09
98.54
99.13
99.34
99.34
100.29
98.37
99.11
99.61
100.25
98.98
98.97
clear
41.75
-0.06
-0.06
-0.05
-0.02
-0.02
-0.01
-0.02
-0.07
-0.06
0.01
0.02
-0.05
-0.02
0.00
0.05
0.03
0.10
0.08
0.07
0.10
0.06
0.04
-0.00
power
56
27.38
108.26
109.32
108.53
109.44
109.00
109.20
108.85
108.31
107.07
108.41
107.95
107.92
106.03
107.43
106.86
106.99
107.04
105.67
106.82
106.89
106.88
106.66
105.64
clear
42.77
0.00
0.01
-0.05
-0.03
-0.07
-0.06
-0.04
0.03
0.06
0.02
0.12
0.09
0.04
0.11
0.11
0.14
0.12
0.10
0.15
0.08
0.12
0.15
0.10
power
58
24.08
116.27
116.42
116.42
116.95
117.55
115.41
114.70
115.18
115.65
115.59
115.36
115.92
115.09
114.90
113.51
114.38
113.80
114.25
114.72
114.52
113.71
114.46
114.36
clear
43.79
0.08
-0.04
-0.09
-0.11
-0.13
-0.12
-0.14
-0.15
-0.16
-0.12
-0.17
-0.11
-0.04
-0.06
-0.03
-0.03
-0.04
-0.01
-0.03
-0.09
0.01
0.02
-0.00
power
60
27.09
123.96
123.54
123.59
125.13
123.38
124.96
123.38
124.78
124.98
124.39
123.02
122.69
123.06
122.38
122.72
123.39
124.88
123.19
122.50
122.73
121.45
122.38
122.10
clear
51.07
-0.12
-0.14
-0.11
-0.19
-0.16
-0.14
-0.16
-0.07
-0.01
-0.06
-0.12
-0.08
-0.01
-0.06
0.01
0.01
0.02
-0.01
0.01
0.05
0.04
0.08
0.04
power
62
32.25
133.46
132.71
132.78
133.34
132.61
132.50
132.10
132.00
131.96
132.17
131.01
131.65
131.35
130.22
130.16
130.60
130.45
131.63
131.46
131.72
132.94
131.12
130.76
clear
50.92
-0.09
-0.13
-0.16
-0.15
-0.11
-0.21
-0.21
-0.16
-0.14
-0.10
-0.10
-0.09
-0.03
-0.10
-0.08
0.03
-0.03
-0.05
-0.09
-0.00
0.10
0.08
0.13
power
64
24.82
140.69
141.42
142.15
141.71
141.33
141.19
141.81
140.82
140.35
140.88
140.27
141.22
139.77
139.42
139.51
141.34
138.47
138.25
140.26
138.90
138.56
138.78
139.20
clear
53.12
-0.15
-0.17
-0.24
-0.18
-0.18
-0.23
-0.10
-0.12
-0.14
-0.10
-0.13
-0.09
-0.08
-0.10
-0.11
-0.14
0.03
-0.06
-0.02
0.04
-0.00
0.02
0.03
power
66
31.70
148.84
149.09
151.81
150.11
149.98
149.76
149.92
148.32
146.43
147.26
147.71
146.80
146.26
146.23
147.52
147.69
146.69
147.57
147.34
147.09
147.05
147.12
145.53
clear
58.67
-0.28
-0.31
-0.35
-0.33
-0.30
-0.28
-0.30
-0.17
-0.17
-0.24
-0.28
-0.16
-0.18
-0.19
-0.20
-0.16
-0.16
-0.13
-0.09
-0.15
-0.10
-0.04
-0.07
power
68
29.35
158.28
157.89
157.92
158.51
158.41
159.64
158.60
158.81
158.13
157.41
156.18
154.85
154.94
156.45
156.23
156.74
156.41
155.81
155.61
155.15
155.87
154.67
156.04
clear
60.38
0.02
0.03
0.01
-0.04
0.05
0.03
0.08
0.09
0.04
0.04
0.13
0.11
0.07
0.13
0.16
0.06
0.04
0.10
0.09
0.09
0.07
0.10
0.09
power
70
33.85
167.80
168.47
167.10
166.53
166.87
167.23
165.05
166.29
164.55
165.94
166.25
166.99
165.87
166.35
164.85
164.43
164.83
165.99
165.94
165.72
163.22
165.04
163.66
clear
66.84
-0.14
-0.15
-0.11
-0.14
-0.18
-0.15
-0.11
-0.14
-0.13
-0.18
-0.05
-0.05
-0.06
-0.05
-0.09
-0.12
-0.10
-0.03
-0.04
-0.06
-0.06
0.03
0.07
power
72
28.50
176.08
179.66
177.30
177.83
176.90
178.34
176.79
176.55
176.71
175.40
175.82
175.26
177.11
176.05
175.32
175.79
175.31
175.10
174.39
175.77
176.34
176.18
175.95
clear
69.22
-0.17
-0.16
-0.23
-0.19
-0.21
-0.16
-0.17
-0.23
-0.17
-0.17
-0.13
-0.14
-0.12
-0.12
-0.10
-0.11
-0.06
0.06
0.02
0.04
0.06
-0.00
0.08
power
74
35.15
183.54
185.91
187.05
187.22
190.89
191.63
160.35
31.67
5.56
0.98
