-1.44
-1.48
-1.58
-1.67
-1.89
-2.05
-2.25
-2.83
-3.55
-4.40
-2.68
-2.19
-2.11
-2.13
-2.14
-2.07
-2.00
-2.06
clear
-2.14
-2.23
-2.20
-2.14
-2.71
-3.68
-2.52
-2.15
-2.10
-2.13
-1.97
-1.98
-1.95
-2.01
-1.95
-1.83
-1.34
-0.63
-0.36
-0.15
-0.23
-0.21
-0.17
-0.31
power
3
-0.02
-0.04
-0.05
0.01
0.06
0.03
0.02
0.08
-0.03
0.03
0.05
0.05
0.07
0.05
-0.09
-0.15
-0.06
-0.10
-0.17
-0.06
-0.04
-0.08
0.11
0.10
clear
0.13
0.09
0.09
0.00
0.04
-0.02
-0.04
-0.10
-0.10
-0.08
-0.05
-0.04
-0.01
-0.07
-0.04
-0.08
-0.07
-0.11
-0.05
-0.05
-0.05
-0.09
0.02
0.06
power
6
-0.02
0.01
-0.06
-0.12
-0.08
0.04
0.02
-0.00
-0.02
-0.04
-0.10
-0.03
-0.10
-0.06
-0.04
-0.09
-0.11
-0.14
-0.10
-0.15
-0.26
-0.28
-0.27
-0.28
clear
-0.31
-0.27
-0.23
-0.15
-0.17
-0.17
-0.26
-0.26
-0.28
-0.14
-0.18
3.73
76.26
176.19
61.07
18.25
18.15
19.41
43.87
-45.85
118.19
87.68
35.73
8.71
power
9
-0.13
0.09
0.11
0.03
0.13
0.14
0.32
0.03
-0.03
-0.05
-0.01
-0.08
-0.13
0.04
0.09
0.00
0.03
0.14
0.04
0.16
0.27
0.24
0.35
0.29
clear
0.20
0.08
0.15
0.14
0.22
0.16
0.13
0.16
0.11
0.13
0.02
0.07
0.07
0.05
0.02
0.00
0.02
0.07
-0.06
-0.00
0.00
-0.03
0.07
-0.08
power
12
0.09
0.32
0.36
0.23
0.10
0.06
-0.03
-0.08
-0.20
-0.31
-0.31
-0.41
-0.31
-0.41
-0.42
-0.33
-0.35
-0.29
-0.31
-0.12
-0.16
-0.12
-0.22
-0.24
clear
-0.22
-0.30
-0.28
-0.35
-0.35
-0.31
-0.37
-0.35
-0.25
-0.25
-0.29
-0.19
-0.20
-0.16
-0.22
-0.23
-0.21
-0.27
-0.15
-0.15
-0.10
-0.12
-0.11
-0.11
power
15
0.23
0.95
0.62
0.49
0.29
0.04
-0.25
-0.26
-0.16
-0.16
-0.11
-0.06
-0.10
-0.14
-0.08
-0.03
-0.03
0.00
0.08
-0.04
-0.25
-0.47
-0.42
-0.14
clear
0.04
-0.18
-0.16
-0.06
0.18
0.31
0.15
0.07
0.12
0.05
-0.01
-0.03
0.06
0.05
-0.00
0.02
0.00
0.06
0.09
0.18
0.13
0.12
0.09
0.11
power
18
1.29
3.51
2.92
2.99
2.72
2.49
2.23
2.63
2.43
2.56
2.79
2.83
2.74
2.78
2.74
2.51
2.49
2.70
2.88
2.76
2.70
2.73
2.58
1.53
clear
0.17
-0.47
-0.44
-0.42
-0.45
-0.43
-0.43
-0.35
-0.40
-0.31
-0.30
-0.27
-0.25
-0.30
-0.19
-0.24
-0.22
-0.26
-0.21
-0.17
-0.16
-0.37
-0.33
-0.31
power
21
1.96
5.03
4.83
4.49
4.41
4.20
4.21
3.62
4.41
4.99
5.21
5.01
4.63
4.81
4.58
4.23
4.02
4.03
4.18
4.53
4.38
4.36
4.34
4.41
clear
2.14
0.38
0.34
0.36
0.32
0.24
0.25
0.37
0.44
0.43
0.54
0.62
0.60
0.62
0.58
0.62
0.60
0.56
0.61
0.59
0.70
0.71
0.64
0.71
power
24
1.41
4.38
4.49
4.12
3.91
3.92
4.08
4.02
4.03
3.99
3.97
3.47
3.56
3.62
2.99
2.95
3.57
3.44
3.15
3.40
3.37
3.39
3.90
3.85
clear
5.16
5.05
5.00
5.08
5.04
5.08
5.07
4.93
4.92
4.83
4.75
4.69
4.68
4.72
4.71
4.79
4.83
4.77
4.89
4.91
4.89
4.87
4.89
4.93
power
27
0.21
3.39
3.21
3.32
3.02
3.50
3.50
3.30
3.23
2.90
3.42
3.65
3.72
3.73
3.77
4.17
3.89
3.47
2.97
2.97
2.85
2.27
2.46
2.85
clear
2.46
1.65
1.68
1.61
1.62
1.68
1.70
1.77
1.75
1.88
1.87
1.82
1.70
1.74
1.74
1.75
1.79
1.73
1.77
1.73
1.76
1.80
1.83
1.87
power
30
-0.80
4.77
4.64
5.13
5.29
5.77
4.93
4.83
5.20
5.39
5.25
5.52
5.37
5.93
6.09
5.85
8.14
11.43
13.19
12.96
12.98
12.30
12.57
12.96
clear
7.07
2.81
2.72
2.65
2.65
2.67
2.67
2.70
2.69
2.64
2.79
2.70
2.68
2.76
2.73
2.75
2.73
2.73
2.86
2.87
2.76
2.77
2.70
2.57
power
33
-0.21
10.20
9.75
10.71
9.91
9.64
9.98
10.12
9.77
9.64
9.91
9.78
8.70
9.72
9.21
9.07
10.13
10.78
10.74
11.25
10.91
10.84
10.75
10.41
clear
3.12
-3.31
-3.13
-2.91
-2.86
-2.92
-3.02
-2.97
-2.96
-2.95
-2.87
-2.96
-2.93
-2.92
-2.97
-2.98
-2.78
-2.83
-2.82
-2.88
-2.87
-2.86
-2.89
-2.97
power
36
3.90
14.33
14.84
14.64
14.85
15.32
15.83
15.58
15.49
14.31
14.52
14.54
14.96
14.53
14.81
14.46
14.28
14.19
14.76
15.22
15.68
16.22
15.64
15.45
clear
5.44
-3.40
-3.61
-3.70
-3.75
-3.74
-3.80
-3.78
-3.90
-4.01
-4.01
-4.04
-3.98
-4.02
-4.04
-4.11
-4.18
-4.24
-4.31
-4.39
-4.42
-4.45
-4.54
-4.55
power
39
4.57
20.24
21.59
22.65
22.66
23.82
23.77
23.58
22.82
22.18
22.05
22.56
21.99
22.69
22.18
21.63
22.32
22.95
24.38
25.13
25.84
25.74
25.58
26.49
clear
10.94
-1.22
-0.95
-0.76
-0.68
-0.61
-0.57
-0.51
-0.55
-0.52
-0.48
-0.47
-0.40
-0.33
-0.36
-0.34
-0.25
-0.24
-0.30
-0.20
-0.27
-0.31
-0.25
-0.24
power
42
2.40
28.93
31.90
32.12
31.85
31.78
32.07
31.98
33.07
33.17
34.25
33.39
34.04
33.61
34.76
35.68
35.50
35.18
34.86
34.69
33.99
34.01
34.20
34.30
clear
13.68
-2.44
-2.26
-2.10
-1.97
-1.76
-1.78
-1.71
-1.63
-1.59
-1.52
-1.55
-1.49
-1.47
-1.32
-1.34
-1.38
-1.40
-1.35
-1.32
-1.31
-1.25
-1.34
-1.25
power
45
9.56
38.19
37.97
38.92
41.78
44.62
43.74
41.52
42.94
43.16
43.93
43.35
42.66
41.24
42.17
45.13
45.05
44.74
44.15
44.33
44.16
46.08
47.26
48.09
clear
19.90
-0.42
-0.73
-0.49
-0.27
-0.16
-0.11
0.01
0.08
0.08
0.18
0.21
0.26
0.39
0.44
0.47
0.47
0.45
0.47
0.50
0.53
0.55
0.57
0.58
power
48
7.85
49.38
51.32
51.60
53.60
56.65
57.00
55.44
57.13
57.58
58.98
59.01
58.92
57.97
58.33
58.27
57.10
56.57
57.35
59.30
59.37
58.68
58.20
58.31
clear
22.75
-2.55
-2.14
-1.85
-1.65
-1.45
-1.41
-1.28
-1.01
-1.00
0.48
1.64
1.88
2.04
2.14
2.16
2.27
2.28
2.30
2.38
2.41
2.45
2.47
2.49
power
51
12.60
54.97
58.96
60.38
60.69
60.48
59.02
58.40
57.90
58.42
58.64
57.04
57.46
57.64
58.09
60.94
61.20
61.58
61.77
62.00
63.34
63.40
63.63
62.76
clear
20.43
-8.03
-7.40
-6.87
-6.30
-6.27
-6.13
-5.97
-5.84
-5.72
-5.52
-5.35
-5.16
-5.09
-5.03
-4.93
-4.89
-4.96
-4.92
-4.93
-4.86
-4.92
-4.84
-4.90
power
54
13.69
69.16
71.04
69.79
71.40
74.50
73.60
72.97
73.37
72.03
71.94
72.92
71.96
70.76
70.22
70.01
69.32
69.27
69.89
71.97
74.84
75.12
74.36
73.76
clear
26.61
-4.91
-4.48
-4.03
-3.78
-3.53
-3.39
-3.15
-2.96
-2.78
-2.76
-2.67
-2.61
-2.58
-2.54
-2.46
-2.53
-2.51
-2.38
-2.33
-2.34
-2.37
-2.31
-2.20
power
57
8.87
78.65
82.80
83.45
82.12
83.09
82.92
83.59
84.87
84.43
84.18
85.15
86.43
84.82
85.62
85.14
83.72
83.64
84.98
85.95
84.34
85.07
85.56
84.41
clear
31.84
-2.39
-1.77
-1.52
-1.31
-0.94
-0.73
-0.65
-0.52
-0.39
-0.25
-0.30
-0.27
-0.12
-0.01
0.02
0.00
0.03
0.02
0.03
0.03
0.07
0.05
0.11
power
60
22.00
87.95
92.36
93.50
93.61
94.83
95.06
94.06
93.00
92.31
92.89
94.58
94.52
93.18
89.83
89.80
91.16
91.30
90.27
90.54
92.43
91.91
92.49
93.66
clear
33.95
-3.29
-2.72
-2.23
-1.89
-1.68
-1.48
-1.20
-1.14
-0.97
-0.84
-0.89
-0.77
-0.73
-0.73
-0.69
-0.62
-0.46
-0.49
-0.48
-0.49
-0.45
-0.38
-0.42
power
63
21.54
98.18
101.98
101.66
100.40
101.04
101.44
101.28
100.67
100.90
100.53
98.87
99.96
99.53
102.08
103.55
104.62
103.89
103.44
103.65
102.66
102.22
101.54
101.07
clear
36.16
-4.12
-3.52
-3.01
-2.51
-2.11
-1.91
-1.81
-1.63
-1.40
-1.26
-1.09
-1.10
-1.05
-0.90
-0.87
-0.79
-0.72
-0.70
-0.67
-0.77
-0.66
-0.62
-0.67
power
66
25.26
106.67
109.95
109.34
107.95
108.84
110.86
111.00
110.64
109.40
109.11
108.67
109.36
107.63
108.97
110.19
110.28
109.19
108.87
111.34
112.14
112.28
110.91
109.82
clear
38.13
-4.90
-4.40
-3.59
-3.15
-2.83
-2.67
-2.48
-2.36
-2.27
-2.14
-2.01
-1.98
-1.89
-1.83
-1.73
-1.67
-1.65
-1.63
-1.48
-1.47
-1.45
-1.54
-1.41
