-0.36
-0.48
-0.57
-0.65
-0.79
-0.75
-0.87
-0.80
-0.88
-0.93
-0.64
-1.13
-1.24
-1.26
-1.40
-1.47
-1.45
-1.48
-1.48
-1.51
-1.57
clear
-1.58
-1.58
-1.72
-1.82
-1.84
-1.80
-1.77
-1.80
-1.73
-1.68
-1.75
-1.69
-1.84
-1.90
-1.91
-1.92
-1.92
-1.96
-2.03
-2.15
-2.13
-2.08
-2.10
-2.13
power
2
-0.08
-0.12
-0.32
-0.34
-0.49
-0.64
-0.69
-0.70
-0.68
-0.78
-0.88
-0.95
-0.92
-0.96
-0.93
-0.84
-0.95
-0.97
-1.01
-0.97
-0.93
-0.96
-0.95
-0.95
clear
-0.89
-0.95
-0.98
-0.95
-1.08
-1.20
-1.25
-1.40
-1.40
-1.44
-1.51
-1.55
-1.63
-1.70
-1.75
-1.84
-1.98
-2.06
-1.94
-1.87
-1.92
-2.01
-2.05
-2.07
power
4
-0.09
-0.20
-0.29
-0.35
-0.43
-0.47
-0.46
-0.50
-0.55
-0.49
-0.51
-0.54
-0.40
-0.37
-0.24
-0.21
-0.26
-0.24
-0.32
-0.35
-0.36
-0.35
-0.36
-0.41
clear
-0.44
-0.52
-0.47
-0.37
-0.32
-0.34
-0.45
-0.58
-0.58
-0.41
-0.38
-0.36
-0.40
-0.30
-0.32
-0.31
-0.23
-0.19
-0.34
-0.35
-0.41
-0.38
-0.39
-0.48
power
6
0.01
-0.03
-0.10
0.03
-0.00
-0.02
0.02
-0.00
0.01
-0.01
-0.03
-0.04
0.04
0.02
-0.04
-0.16
-0.21
-0.32
-0.41
-0.52
-0.71
-0.73
-0.64
-0.64
clear
-0.60
-0.61
-0.71
-0.76
-0.69
-0.72
-0.67
-0.82
-0.91
-0.89
-0.84
-0.89
-0.91
-0.87
-0.89
-0.93
-1.00
-1.06
-1.08
-1.11
-1.11
-1.17
-1.16
-1.16
power
8
0.15
0.31
0.40
0.24
0.01
0.50
0.18
0.67
0.25
0.24
0.59
0.70
0.59
0.69
0.59
1.14
0.82
0.86
0.90
0.90
0.46
1.14
0.95
0.94
clear
0.82
0.75
0.70
0.62
0.53
0.47
0.36
0.31
0.28
0.27
0.20
0.30
0.25
0.23
0.25
0.35
0.28
0.30
0.37
0.36
0.27
0.26
0.25
0.23
power
10
0.12
0.24
0.30
0.26
0.06
0.02
0.07
0.04
0.11
0.13
0.07
0.10
0.09
0.11
0.11
0.08
0.11
0.05
0.02
-0.01
-0.05
-0.03
-0.14
-0.12
clear
-0.17
-0.18
-0.08
-0.04
-0.03
0.01
-0.01
-0.01
0.10
0.33
0.45
0.41
0.48
0.62
0.69
0.69
0.76
0.80
0.84
0.79
0.95
0.83
0.98
1.02
power
12
0.52
0.63
0.16
0.13
0.24
0.20
0.25
0.33
0.36
0.45
0.45
0.41
0.44
0.29
0.07
0.15
0.28
0.46
0.55
0.61
0.55
0.53
0.54
0.52
clear
0.46
0.32
0.36
0.38
0.38
0.34
0.42
0.28
0.19
0.15
0.00
-0.03
-0.03
0.22
0.26
0.18
0.04
-0.01
-0.08
-0.20
-0.20
-0.25
-0.24
-0.25
power
14
0.05
0.39
0.41
0.54
0.48
0.33
0.17
0.12
-0.01
0.08
0.05
0.01
-0.09
-0.12
-0.15
-0.13
0.02
0.26
0.43
0.55
0.50
0.31
0.41
0.39
clear
0.74
0.66
0.61
0.47
0.39
0.40
0.41
0.32
0.22
0.30
0.27
0.14
0.15
0.19
0.38
0.47
0.68
0.81
1.02
1.15
1.03
0.96
0.97
1.04
power
16
0.11
0.51
0.57
0.41
0.29
0.45
0.32
0.09
0.17
0.20
0.23
0.20
-0.05
-0.16
-0.03
-0.18
-0.07
-0.29
-0.13
-0.08
0.00
-0.23
-0.51
-0.66
clear
-0.88
-1.26
-1.24
-1.09
-1.10
-1.11
-1.04
-1.06
-1.21
-1.28
-1.37
-1.44
-1.42
-1.49
-1.49
-1.49
-1.58
-1.70
-1.69
-1.78
-1.70
-1.72
-1.85
-1.83
power
18
0.02
0.27
0.37
0.35
0.32
0.41
0.31
-0.02
-0.19
-0.23
-0.25
-0.17
0.01
0.08
0.09
0.03
0.00
0.27
0.22
0.27
0.50
0.47
0.71
0.90
clear
1.04
0.52
0.52
0.59
0.56
0.61
0.71
0.76
0.68
0.68
0.62
0.65
0.60
0.47
0.50
0.50
0.49
0.45
0.42
0.44
0.41
0.39
0.40
0.34
power
20
-0.02
0.24
0.53
0.54
0.45
0.53
0.82
0.70
0.64
0.48
0.52
0.66
0.77
0.96
1.20
1.25
1.23
1.43
1.49
1.37
1.43
1.32
1.18
1.18
clear
1.11
0.62
0.69
0.75
0.77
0.76
0.76
0.85
0.95
0.92
1.00
1.05
1.04
0.82
0.78
0.69
0.62
0.64
0.51
0.57
0.40
0.30
0.30
0.21
power
22
-0.01
0.46
0.44
0.13
0.07
0.02
0.38
0.64
0.48
0.69
0.84
1.02
1.32
1.15
1.13
1.12
1.25
1.36
1.44
1.43
1.43
1.51
1.49
1.56
clear
1.43
0.77
0.94
1.01
1.06
1.12
1.08
1.01
0.92
0.92
0.83
0.66
0.76
0.67
0.67
0.75
0.73
0.63
0.50
0.42
0.46
0.51
0.51
0.40
power
24
0.19
0.29
0.17
-0.03
-0.32
-0.33
0.20
-0.15
-0.07
-0.21
-0.34
-0.39
-0.32
-0.17
-0.03
-0.05
0.22
0.65
0.63
0.81
0.88
0.81
0.91
0.78
clear
0.87
0.14
0.04
0.04
0.04
0.07
0.05
-0.09
-0.12
-0.12
-0.02
0.05
0.08
-0.00
-0.12
-0.22
-0.33
-0.50
-0.61
-0.71
-0.79
-0.84
-0.92
-0.99
power
26
0.45
1.27
1.44
1.50
1.48
1.62
1.49
1.64
1.53
1.66
1.78
2.02
2.25
2.44
2.63
2.74
2.51
2.15
1.93
1.85
1.66
1.73
1.89
2.14
clear
1.94
1.37
1.31
1.37
1.52
1.57
1.74
1.78
1.88
1.77
1.62
1.46
1.42
1.29
1.18
1.06
0.94
0.87
0.85
0.89
0.95
0.92
0.81
0.69
power
28
-0.14
0.53
0.62
0.44
0.37
0.42
0.58
0.71
0.49
0.61
0.58
0.39
0.48
0.45
0.35
0.45
0.70
0.85
0.75
0.49
0.60
0.79
0.97
0.81
clear
1.35
0.85
0.85
0.90
0.87
0.91
0.79
0.74
0.69
0.70
0.74
0.76
0.69
0.61
0.52
0.48
0.51
0.55
0.49
0.56
0.50
0.47
0.52
0.52
power
30
0.13
1.14
1.06
1.15
1.17
0.87
0.71
0.74
0.62
0.44
0.61
0.46
0.40
0.13
0.07
0.23
0.23
0.45
0.63
0.74
0.75
0.74
0.68
0.52
clear
0.31
-0.79
-0.75
-0.73
-0.66
-0.58
-0.44
-0.44
-0.34
-0.31
-0.36
-0.41
-0.52
-0.67
-0.68
-0.82
-0.85
-0.79
-0.73
-0.75
-0.76
-0.75
-0.77
-0.73
power
32
-1.09
-0.41
-0.69
-0.88
-0.94
-0.55
-0.39
-0.40
-0.48
-0.67
-0.46
-0.22
-0.54
-0.30
-0.54
-0.75
-0.41
-0.27
-0.35
-0.42
-0.31
-0.33
-0.08
-0.11
clear
1.56
1.69
1.64
1.68
1.72
1.75
1.83
1.68
1.64
1.53
1.42
1.31
1.20
1.10
1.18
1.19
1.24
1.20
1.16
1.04
0.94
0.83
0.89
0.90
power
34
-0.04
1.31
1.24
1.13
1.04
0.94
1.07
0.60
0.83
0.95
0.97
0.77
0.54
0.30
-0.07
0.09
0.28
0.26
0.70
0.53
0.25
0.16
-0.21
-0.34
clear
0.75
0.39
0.27
0.28
0.20
0.29
0.34
0.45
0.50
0.57
0.67
0.63
0.64
0.51
0.42
0.40
0.47
0.50
0.56
0.52
0.42
0.45
0.51
0.46
power
36
-1.75
-1.61
-1.92
-2.05
-2.21
-2.24
-1.89
-1.79
-1.95
-1.79
-1.82
-2.10
-2.12
-2.09
-1.77
-1.61
-1.81
-2.07
-2.53
-2.56
-2.18
-2.27
-2.34
-2.51
clear
0.17
0.59
0.50
0.53
0.50
0.55
0.56
0.50
0.53
0.45
0.29
0.31
0.37
0.51
0.52
0.53
0.60
0.56
0.56
0.54
0.58
0.59
0.57
0.53
power
38
-1.39
0.86
1.01
0.92
1.21
1.20
1.14
0.87
0.73
1.83
2.48
2.53
2.40
2.17
2.21
2.17
1.93
1.92
2.00
2.00
2.13
1.98
2.31
2.46
clear
2.47
1.23
1.17
1.09
1.00
1.05
0.94
0.93
0.96
0.87
0.82
0.77
0.77
0.74
0.57
0.52
0.53
0.59
0.58
0.51
0.61
0.50
0.44
0.35
power
40
-0.32
2.53
2.22
1.99
1.88
1.85
1.67
1.56
1.64
1.68
1.49
1.56
1.76
1.78
2.36
2.09
1.57
1.78
1.84
2.53
2.12
1.73
1.83
1.83
clear
2.38
1.82
1.71
1.67
1.76
1.70
1.67
1.69
1.76
1.84
1.85
1.95
1.86
1.90
1.91
1.89
1.88
1.84
1.85
1.89
1.83
1.85
1.70
1.61
power
42
0.19
4.02
4.38
4.48
4.72
3.95
3.93
4.30
4.34
4.31
4.22
4.43
4.67
4.40
4.24
4.38
4.44
4.51
4.52
4.53
4.70
4.93
5.54
5.13
clear
4.88
2.40
2.16
2.08
1.93
1.90
1.87
1.79
1.68
1.60
1.58
1.50
1.53
1.44
1.37
1.28
1.17
1.07
1.12
1.06
1.08
1.24
1.24
1.15
power
44
-1.28
2.70
3.48
2.79
2.66
2.63
2.47
2.67
2.76
2.73
2.45
2.47
2.68
2.59
2.43
2.84
3.10
2.89
3.07
2.87
2.94
3.12
2.56
2.91
clear
3.07
1.66
1.56
1.48
1.45
1.38
1.38
1.36
1.36
1.40
1.41
1.31
1.27
1.23
1.22
1.19
1.21
1.19
1.16
1.17
1.27
1.36
1.40
1.43
power
46
0.14
6.18
6.12
6.52
6.04
5.95
6.09
5.75
5.92
5.69
5.53
5.56
5.84
5.71
5.31
5.49
5.27
5.35
5.54
5.17
5.32
5.70
6.29
6.14
clear
4.67
2.74
2.71
2.56
2.56
2.40
2.35
2.38
2.39
2.36
2.29
2.24
2.38
2.35
2.32
2.23
2.16
2.11
2.11
2.06
2.13
2.12
2.05
2.03
power
48
0.15
9.64
9.53
9.35
8.77
9.23
9.74
8.62
9.12
9.48
8.65
8.80
9.24
8.94
9.09
8.91
8.98
8.90
9.86
9.37
9.28
9.26
9.17
9.35
clear
5.33
-0.23
-0.36
-0.28
-0.27
-0.40
-0.39
-0.45
-0.59
-0.62
-0.66
-0.67
-0.70
-0.73
-0.71
-0.69
-0.77
-0.87
-0.93
-0.86
-0.85
-0.82
-0.86
-0.77
power
50
1.07
13.77
13.58
13.59
13.68
13.57
13.75
13.71
13.60
13.30
13.08
13.38
14.49
14.08
14.14
12.78
13.75
13.76
14.16
13.72
13.92
14.41
14.12
14.60
clear
8.77
1.49
1.41
1.36
1.28
1.17
1.15
1.21
1.15
1.17
1.12
1.22
1.30
1.36
1.37
1.54
1.47
1.50
1.43
1.40
1.38
1.35
1.38
1.23
power
52
1.75
17.04
16.63
16.30
16.97
16.55
16.25
15.67
15.01
15.16
15.49
15.62
15.83
17.08
17.29
16.74
16.49
16.83
17.20
17.11
16.98
17.19
17.42
16.70
clear
9.10
1.75
1.53
1.48
1.41
1.45
1.45
1.33
1.27
1.28
1.14
1.16
1.20
1.14
1.12
1.11
1.09
1.09
1.16
1.20
1.21
1.20
1.23
1.19
power
54
-0.25
18.82
19.23
18.89
19.16
18.70
18.72
18.93
18.01
17.92
17.71
17.63
17.49
18.02
18.37
18.04
18.38
18.66
19.05
17.79
17.98
19.25
18.61
19.86
clear
10.21
2.41
2.21
2.01
1.90
1.78
1.84
1.69
1.59
1.45
1.29
1.21
1.15
1.05
1.13
1.11
1.14
1.11
1.02
1.00
1.03
0.93
1.01
0.93
power
56
2.95
25.00
25.13
24.49
24.46
24.25
24.44
24.49
24.25
24.36
24.41
24.05
24.67
24.61
23.79
23.77
24.49
24.65
25.18
24.67
25.05
24.52
24.72
24.63
clear
11.70
0.23
0.05
-0.04
-0.16
-0.25
-0.36
-0.52
-0.63
-0.84
-0.88
-1.00
-0.93
-0.82
-0.77
-0.56
-0.56
-0.62
-0.74
-0.86
-0.97
-1.04
-1.11
-1.12
power
58
3.63
29.69
29.98
29.31
29.62
29.57
28.88
29.36
29.67
29.94
29.76
29.92
30.19
30.30
31.14
30.62
30.57
29.71
29.50
30.99
30.84
30.51
31.91
31.72
clear
13.91
0.09
-0.12
-0.19
-0.32
-0.41
-0.53
-0.58
-0.65
-0.71
-0.82
-0.88
-0.89
-0.87
-0.87
-0.80
-0.86
-0.91
-0.90
-0.90
-0.86
-0.90
-0.88
-0.90
power
60
2.61
33.29
34.06
34.26
33.77
33.71
33.84
34.34
33.54
33.15
32.65
33.65
34.32
33.75
33.09
33.19
34.38
34.03
34.06
34.92
34.08
33.42
33.82
34.13
clear
17.53
2.85
2.55
2.52
2.44
2.22
2.11
2.02
1.90
1.83
1.83
1.84
1.80
1.82
1.70
1.73
1.70
1.75
1.69
1.49
1.49
1.44
1.47
1.40
power
62
0.23
32.53
34.88
34.69
34.86
35.58
34.59
34.73
33.87
33.46
34.19
34.12
34.64
35.31
35.93
35.70
36.87
36.38
35.73
36.38
35.11
34.36
36.52
36.13
clear
15.03
-3.36
-3.55
-3.67
-3.81
-3.85
-3.92
-3.97
-4.02
-4.07
-4.23
-4.18
-4.33
-4.31
-4.42
-4.34
-4.36
-4.30
-4.32
-4.31
-4.39
-4.40
-4.45
-4.51
power
64
6.90
44.43
44.55
45.25
45.45
45.03
44.70
44.40
45.65
46.52
45.83
46.23
45.72
46.27
46.35
46.52
47.00
46.25
46.46
45.86
46.42
45.11
45.35
45.08
clear
22.88
2.76
2.33
2.08
1.82
1.81
1.68
1.55
1.44
1.30
1.24
1.26
1.26
1.33
1.39
1.29
1.21
1.21
1.13
0.93
0.93
0.92
0.94
0.94
power
66
6.88
48.08
48.81
48.13
48.51
48.44
49.01
48.82
49.40
49.05
49.31
49.04
49.59
49.42
50.32
50.25
49.42
48.61
49.91
49.33
49.85
49.13
47.76
47.83
clear
21.45
-0.25
-0.52
-0.66
-0.70
-0.87
-0.91
-1.04
-1.07
-1.08
-1.12
-1.13
-1.21
-1.25
-1.16
-1.19
-1.24
-1.14
-1.07
-1.16
-1.17
-1.09
-1.04
-1.03
power
68
8.65
53.56
53.89
53.16
53.81
54.89
54.09
54.17
53.97
52.71
53.62
54.05
54.30
53.96
54.42
54.72
53.43
54.08
54.90
56.02
54.36
53.93
55.25
54.59
clear
25.18
0.26
0.03
-0.04
-0.08
-0.08
-0.16
-0.18
-0.22
-0.24
-0.31
-0.34
-0.31
-0.27
-0.23
-0.26
-0.21
-0.28
-0.37
-0.36
-0.37
-0.39
-0.49
-0.42
power
70
8.46
58.68
59.14
60.14
59.57
60.12
59.29
60.72
60.80
59.75
60.50
61.93
62.06
61.01
60.10
59.86
60.34
60.38
59.06
58.59
60.77
60.66
61.48
60.72
clear
24.39
-1.02
-1.20
-1.23
-1.30
-1.27
-1.38
-1.37
-1.42
-1.43
-1.42
-1.34
-1.22
-1.09
-0.97
-0.90
-0.84
-0.82
-0.75
-0.72
-0.61
-0.63
-0.72
-2.27
power
72
8.23
62.52
59.77
15.10
-8.48
-8.49
-8.39
-8.42
-8.36
-8.39
