power
0
0.05
-0.07
-0.10
-0.11
-0.02
0.18
0.23
0.40
0.54
0.57
0.93
1.26
1.55
1.66
1.61
1.44
1.34
1.30
1.26
1.14
1.10
1.05
1.01
1.06
clear
0.98
0.91
0.88
1.00
0.96
0.98
0.99
1.17
1.10
0.94
0.80
0.66
0.46
0.31
0.20
-0.05
-0.06
-0.11
-0.22
-0.33
-0.40
-0.43
-0.55
-0.65
power
3
-0.06
-0.13
0.07
-0.01
-0.08
-0.20
-0.38
-0.45
-0.54
-0.63
-0.72
-0.70
-0.78
-0.81
-0.86
-0.96
-0.99
-1.01
-0.69
-0.30
-0.04
0.55
0.74
0.92
clear
1.03
0.93
0.87
0.75
0.57
0.42
0.24
0.19
0.12
0.03
-0.05
-0.04
-0.07
-0.08
0.06
-0.11
-0.18
-0.14
-0.12
-0.06
-0.08
-0.10
-0.20
-0.39
power
6
-0.03
-0.02
0.01
0.14
0.27
0.35
0.36
0.46
0.62
0.60
0.66
0.86
0.93
1.16
1.23
1.12
0.96
0.83
0.64
0.45
0.22
0.07
-0.14
-0.25
clear
-0.23
-0.44
-0.42
-0.51
-0.57
-0.66
-0.76
-0.82
-0.90
-0.97
-1.42
-1.19
-0.95
-0.84
-0.60
-0.37
-0.24
0.24
0.36
0.23
0.22
0.16
0.12
0.02
power
9
-0.01
0.01
-0.10
-0.12
-0.18
-0.25
-0.21
-0.12
-0.20
0.05
-0.09
-0.05
-0.13
-0.09
-0.14
-0.16
0.10
0.09
0.17
0.26
0.24
0.18
0.29
0.27
clear
0.28
0.31
0.25
0.37
0.38
0.33
0.42
0.52
0.82
0.89
0.94
1.15
1.20
1.12
0.97
0.77
0.58
0.38
0.27
0.12
0.10
0.01
0.21
0.55
power
12
0.37
0.59
0.48
0.59
0.56
0.65
0.70
0.60
0.43
0.34
0.11
-0.05
-0.08
-0.14
-0.22
-0.34
-0.41
-0.38
-0.54
-0.57
-0.66
-0.72
-0.69
-0.80
clear
-0.88
-1.18
-1.20
-1.18
-1.01
-1.22
-1.24
-1.25
-1.38
-1.35
-1.35
-1.13
-1.01
-1.13
-1.19
-1.17
-1.22
-1.28
-1.37
-1.43
-1.43
-1.42
-1.36
-1.35
power
15
0.79
1.14
1.28
1.53
1.53
1.57
1.48
1.50
1.44
1.38
1.38
1.39
1.31
1.21
1.10
1.11
1.11
0.90
0.91
0.81
0.69
0.56
0.50
0.44
clear
0.11
-0.45
-0.46
-0.58
-0.52
-0.49
-0.53
-0.50
-0.48
-0.45
-0.44
-0.41
-0.38
-0.32
-0.33
-0.32
-0.34
-0.40
-0.39
-0.47
-0.49
-0.53
-0.54
-0.60
power
18
0.57
1.10
1.14
1.09
1.11
0.99
1.02
0.94
0.84
0.84
0.82
0.79
0.73
1.08
1.10
1.08
0.85
0.79
0.78
0.58
0.50
0.49
0.43
0.61
clear
0.30
-0.12
0.01
0.16
0.23
0.23
0.28
0.30
0.55
0.84
0.94
1.02
1.04
1.11
1.18
1.26
1.33
1.43
1.46
1.59
1.77
1.83
1.71
1.76
power
21
0.37
0.25
0.09
-0.12
-0.33
-0.33
-0.36
-0.62
-0.88
-1.12
-1.29
-1.54
-1.46
-1.29
-1.21
-1.10
-0.98
-1.04
-1.11
-1.28
-1.27
-1.15
-0.99
-1.11
clear
-1.26
-1.83
-1.86
-1.76
-1.61
-1.55
-1.55
-1.51
-1.55
-1.40
-1.45
-1.51
-1.51
-1.50
-1.33
-1.29
-1.30
-0.94
-0.89
-0.87
-0.72
-0.62
-0.71
-0.73
power
24
0.60
1.43
1.62
1.55
1.44
1.45
1.43
1.29
1.16
0.84
0.78
0.86
0.74
0.74
0.88
1.00
1.01
0.85
0.71
0.80
0.87
0.84
1.01
0.84
clear
0.40
-0.18
-0.25
-0.24
-0.32
-0.35
-0.29
-0.29
-0.33
-0.29
-0.21
-0.19
-0.12
-0.03
0.02
0.11
0.18
0.16
0.18
0.12
0.08
0.15
0.15
0.06
power
27
0.49
1.22
1.52
1.59
1.65
1.18
1.08
1.22
0.99
0.91
0.72
0.46
0.38
0.77
0.85
0.85
1.12
1.08
1.55
1.69
2.05
1.94
1.99
2.13
clear
1.70
0.88
0.81
0.86
0.93
0.94
0.88
0.79
0.81
0.85
0.84
0.79
0.84
0.81
0.76
0.70
0.72
0.74
0.72
0.72
0.60
0.73
0.91
1.00
power
30
0.88
4.31
4.30
4.50
4.71
4.44
4.14
4.16
4.17
4.39
4.25
3.96
4.01
3.93
4.08
4.09
4.17
4.24
4.32
4.25
4.17
4.48
4.49
4.48
clear
3.21
1.61
1.50
1.56
1.67
1.59
1.57
1.54
1.60
1.57
1.50
1.46
1.45
1.47
1.41
1.46
1.45
1.44
1.43
1.35
1.32
1.33
1.23
1.28
power
33
0.63
5.74
5.99
6.19
6.00
5.51
5.78
5.76
5.59
5.62
5.62
5.62
5.63
5.67
5.79
6.36
6.26
5.88
5.89
6.23
6.06
6.22
6.21
6.45
clear
4.73
2.29
2.19
2.18
2.38
2.40
2.39
2.42
2.53
2.67
2.88
2.76
2.61
2.45
2.35
2.28
2.17
2.07
2.14
2.10
2.04
2.00
1.98
1.94
power
36
2.01
11.02
11.47
11.34
11.08
11.08
11.03
11.12
10.81
10.81
11.15
10.94
10.67
10.55
10.77
10.94
11.01
10.93
11.09
10.81
10.74
10.71
10.91
11.00
clear
6.18
1.31
1.05
1.04
0.94
1.00
1.04
1.02
0.98
1.03
1.08
0.95
0.91
0.89
0.87
0.89
0.97
0.95
0.88
0.70
0.54
0.48
0.40
0.27
power
39
2.82
16.04
15.99
15.85
15.65
15.54
15.15
15.36
15.42
15.56
15.60
15.21
15.21
15.16
15.55
15.59
15.76
15.90
16.19
15.76
15.54
16.01
17.06
17.34
clear
8.12
1.46
1.53
1.46
1.43
1.42
1.45
1.55
1.56
1.56
1.52
1.53
1.55
1.73
1.81
1.84
1.89
1.87
1.89
1.84
1.88
1.79
1.70
1.60
power
42
3.86
21.24
21.31
21.01
21.06
20.67
20.45
20.59
20.34
20.45
21.02
20.84
20.92
20.78
20.28
20.45
20.35
20.98
20.65
19.91
20.07
19.78
20.03
19.93
clear
9.41
1.00
0.93
0.89
0.85
0.78
0.68
0.78
0.72
0.66
0.62
0.63
0.58
0.53
0.53
0.55
0.57
0.47
0.39
0.29
0.31
0.28
0.15
0.12
power
45
3.97
26.94
28.62
27.98
27.60
28.02
28.40
28.70
27.29
27.08
26.94
25.88
25.65
26.29
25.90
25.01
25.83
25.31
25.51
25.95
25.82
24.95
24.97
24.76
clear
10.84
0.83
0.75
0.89
0.82
0.83
0.87
0.83
0.81
0.78
0.79
0.76
0.74
0.65
0.59
0.65
0.68
0.61
0.60
0.50
0.51
0.55
0.53
0.46
power
48
5.31
33.14
33.70
33.54
33.42
33.42
33.26
33.29
33.04
33.15
33.70
33.85
33.37
34.12
33.95
33.52
33.59
32.69
33.23
33.15
33.16
32.57
33.21
32.80
clear
14.45
0.63
0.42
0.38
0.35
0.30
0.24
0.22
0.22
0.24
0.18
0.06
0.01
0.09
0.04
0.12
0.07
-0.07
-0.12
-0.14
-0.23
-0.15
-0.24
-0.21
power
51
3.47
40.23
42.18
41.89
41.29
41.07
41.27
41.61
41.70
42.06
41.90
42.16
42.17
42.10
41.63
42.22
42.26
41.45
40.78
40.88
41.38
41.02
41.82
41.98
clear
17.87
-0.02
-0.14
-0.18
-0.11
-0.10
0.01
-0.05
0.08
0.08
0.05
0.09
-0.02
0.04
-0.10
-0.11
-0.09
-0.17
-0.20
-0.21
-0.31
-0.27
-0.26
-0.35
power
54
10.11
48.31
48.63
48.87
48.37
49.72
49.27
48.67
49.07
48.81
49.92
49.36
50.33
50.43
49.43
49.16
49.14
48.98
50.82
49.19
48.68
48.60
47.60
48.12
clear
22.38
1.33
1.34
1.42
1.46
1.52
1.60
1.60
1.55
1.51
1.46
1.50
1.47
1.47
1.48
1.40
1.55
1.53
1.60
1.52
1.52
1.42
1.50
1.63
power
57
8.84
53.82
55.07
54.28
54.39
53.36
52.65
53.02
51.85
53.34
54.10
54.26
54.16
54.52
54.17
54.14
55.18
56.41
53.95
55.30
52.86
52.84
52.65
51.87
clear
22.96
-0.60
-0.56
-0.46
-0.44
-0.45
-0.38
-0.32
-0.31
-0.46
-0.35
-0.26
-0.27
-0.27
-0.26
-0.22
-0.21
-0.01
0.25
0.51
0.58
0.59
0.60
0.70
power
60
10.41
62.21
62.13
60.73
61.25
61.78
60.83
59.39
60.68
60.32
61.28
60.38
62.38
60.34
60.39
59.98
59.97
59.30
57.95
57.77
57.84
58.46
58.23
59.64
clear
24.99
-1.05
-0.95
-0.91
-0.78
-0.71
-0.72
-0.68
-0.66
-0.57
-0.62
-0.55
-0.55
-0.63
-0.54
-0.53
-0.55
-0.56
-0.51
-0.53
-0.56
-0.72
-0.88
-0.88
power
63
11.69
68.59
69.30
70.23
70.25
70.36
69.66
70.11
69.88
68.33
69.63
69.42
70.58
69.87
70.26
70.18
69.85
69.51
70.42
70.83
69.62
69.08
67.04
66.96
clear
28.65
0.42
0.29
0.40
0.41
0.48
0.59
0.61
0.67
0.66
0.70
0.67
0.71
0.67
0.68
0.60
0.57
0.47
0.46
0.45
0.41
0.46
0.43
0.39
power
66
13.99
77.85
78.39
78.59
78.36
77.26
78.20
76.83
76.75
77.65
77.67
77.07
76.77
76.45
77.30
77.54
76.74
76.77
76.68
78.21
77.60
75.25
76.49
75.26
clear
30.71
0.40
0.39
0.64
0.76
0.80
0.88
0.99
1.00
1.06
1.11
1.14
1.14
1.17
1.14
1.16
1.11
1.12
1.13
1.04
1.08
1.11
1.12
1.11
power
69
11.87
85.25
88.77
86.82
86.89
87.36
87.44
87.18
87.92
87.17
87.40
86.84
86.30
87.05
87.81
89.07
90.47
91.33
90.39
90.41
90.48
89.45
88.58
89.87
clear
35.95
-1.48
-1.53
-1.36
-1.30
-1.26
-1.25
-1.18
-1.10
-1.08
-1.08
-1.10
-1.18
-1.04
-1.08
-1.03
-1.21
-1.15
-1.34
-1.40
-1.42
-1.45
-1.38
-1.41
power
72
14.64
98.38
98.66
96.93
96.62
99.24
100.46
102.05
100.71
99.45
98.37
99.63
98.93
99.99
100.41
99.51
99.16
99.13
98.92
98.73
99.24
96.56
97.94
97.90
clear
42.84
-2.13
-2.32
-2.26
-2.09
-2.01
-1.97
-1.85
-1.79
-1.69
-1.61
-1.51
-1.44
-1.44
