-0.54
-0.57
-0.58
-0.65
-0.65
-0.56
-0.61
-0.67
-0.72
clear
-0.80
-0.80
-0.88
-0.87
-0.88
-0.91
-0.96
-0.99
-0.98
-1.06
-1.08
-1.03
-1.03
-1.01
-1.03
-1.07
-1.10
-1.08
-1.17
-1.24
-1.12
-1.21
-1.17
-1.17
power
3
-0.01
0.03
-0.06
-0.17
-0.16
-0.14
-0.11
-0.10
-0.14
-0.17
-0.08
-0.11
-0.11
-0.10
-0.16
-0.10
-0.12
-0.15
-0.20
-0.21
-0.21
-0.28
-0.30
-0.30
clear
-0.30
-0.27
-0.29
-0.34
-0.27
-0.30
-0.31
-0.34
-0.34
-0.40
-0.28
-0.41
-0.45
-0.54
-0.50
-0.48
-0.40
-0.33
-0.43
-0.44
-0.48
-0.51
-0.51
-0.50
power
6
0.07
0.04
0.09
0.04
0.04
0.04
0.05
-0.05
-0.05
-0.02
-0.05
-0.05
-0.01
0.01
-0.02
-0.02
-0.07
-0.09
-0.08
-0.15
-0.15
-0.05
-0.08
-0.10
clear
-0.09
-0.00
0.07
0.08
0.04
0.01
0.06
0.00
0.01
-0.06
0.03
-0.03
-0.05
-0.01
-0.02
-0.06
-0.14
-0.15
-0.10
-0.10
-0.07
-0.00
-0.09
-0.08
power
9
0.04
-0.09
0.00
-0.03
-0.09
-0.16
-0.20
-0.20
-0.25
-0.30
-0.27
-0.28
-0.23
-0.20
-0.18
-0.12
-0.13
-0.23
-0.27
-0.35
-0.40
-0.42
-0.51
-0.56
clear
-0.51
-0.47
-0.50
-0.51
-0.52
-0.58
-0.50
-0.52
-0.51
-0.55
-0.50
-0.51
-0.45
-0.47
-0.38
-0.41
-0.43
-0.50
-0.52
-0.44
-0.44
-0.47
-0.45
-0.54
power
12
0.04
0.08
0.01
-0.02
-0.01
-0.04
-0.19
-0.29
-0.38
-0.44
-0.47
-0.46
-0.46
-0.52
-0.46
-0.52
-0.52
-0.52
-0.53
-0.53
-0.49
-0.50
-0.43
-0.42
clear
-0.51
-0.44
-0.49
-0.41
-0.48
-0.48
-0.40
-0.38
-0.39
-0.39
-0.38
-0.31
-0.30
-0.31
-0.29
-0.35
-0.34
-0.22
-0.31
-0.27
-0.32
-0.35
-0.35
-0.41
power
15
0.28
0.30
0.25
0.19
0.06
-0.00
0.03
-0.05
-0.12
-0.28
-0.47
-0.45
-0.29
-0.19
-0.30
-0.35
-0.24
-0.25
-0.23
-0.08
-0.18
-0.16
-0.26
-0.39
clear
-0.47
-0.68
-0.68
-0.68
-0.62
-0.63
-0.56
-0.50
-0.52
-0.50
-0.49
-0.45
-0.42
-0.42
-0.42
-0.50
-0.42
-0.36
-0.35
-0.36
-0.33
-0.34
-0.39
-0.30
power
18
0.20
0.31
0.33
0.40
0.35
0.32
0.05
-0.14
-0.23
-0.31
-0.25
-0.31
-0.43
-0.42
-0.36
-0.33
-0.57
-0.52
-0.40
-0.25
-0.26
-0.36
-0.44
-0.36
clear
-0.44
-0.52
-0.52
-0.40
-0.43
-0.47
-0.42
-0.36
-0.32
-0.29
-0.31
-0.34
-0.27
-0.30
-0.34
-0.29
-0.22
-0.18
-0.20
-0.22
-0.20
-0.23
-0.29
-0.21
power
21
0.22
0.41
0.52
0.38
0.27
0.21
0.16
0.18
0.26
0.44
0.50
0.28
-0.01
0.01
-0.00
-0.13
-0.12
0.03
0.10
0.18
0.18
0.08
0.32
0.26
clear
-0.05
-0.36
-0.32
-0.33
-0.23
-0.24
-0.24
-0.31
-0.21
-0.18
-0.14
-0.15
-0.17
-0.05
-0.10
-0.11
0.01
-0.03
-0.01
0.04
-0.06
0.04
-0.01
0.07
power
24
0.64
1.65
1.64
1.43
1.34
1.03
1.32
1.49
1.23
0.86
0.85
0.82
0.84
0.84
0.72
0.57
0.58
0.50
0.58
0.37
0.37
0.53
0.47
0.36
clear
-0.28
-0.68
-0.66
-0.64
-0.66
-0.59
-0.58
-0.56
-0.60
-0.55
-0.51
-0.52
-0.56
-0.46
-0.52
-0.49
-0.51
-0.49
-0.47
-0.46
-0.36
-0.37
-0.39
-0.38
power
27
0.81
2.96
3.92
3.80
3.40
3.43
3.49
3.68
4.02
4.34
4.32
4.33
4.51
4.68
4.53
4.38
4.15
4.26
4.25
4.24
4.13
4.60
4.48
4.38
clear
1.45
-0.40
-0.42
-0.52
-0.47
-0.40
-0.37
-0.33
-0.38
-0.32
-0.27
-0.31
-0.35
-0.25
-0.29
-0.22
-0.20
-0.19
-0.20
-0.16
-0.20
-0.07
-0.09
-0.01
power
30
0.70
2.23
2.30
2.02
1.89
1.72
1.90
1.87
1.70
2.04
1.61
1.47
1.66
1.47
1.54
1.79
1.92
1.64
2.06
1.81
1.60
1.54
1.65
1.81
clear
0.48
-0.67
-0.59
-0.61
-0.58
-0.55
-0.48
-0.60
-0.54
-0.41
-0.39
-0.37
-0.30
-0.33
-0.28
-0.29
-0.28
-0.31
-0.26
-0.16
-0.13
-0.22
-0.19
-0.13
power
33
1.14
3.71
3.80
3.62
3.83
3.33
3.52
3.53
3.71
4.03
3.80
3.65
3.79
3.32
3.21
3.25
3.49
3.22
3.30
3.90
3.92
3.43
3.70
4.08
clear
1.31
-0.78
-0.84
-0.83
-0.83
-0.82
-0.83
-0.82
-0.77
-0.73
-0.72
-0.62
-0.66
-0.56
-0.60
-0.59
-0.60
-0.61
-0.62
-0.55
-0.63
-0.62
-0.57
-0.49
power
36
2.03
7.13
7.87
8.70
8.52
8.39
8.56
9.09
9.03
8.61
9.27
8.64
8.63
9.87
10.50
9.06
8.26
7.86
8.44
9.38
8.75
10.08
8.94
8.49
clear
2.80
0.05
-0.08
-0.05
-0.13
-0.12
-0.10
-0.09
-0.06
-0.09
-0.03
-0.04
0.01
-0.02
0.03
-0.02
0.01
0.10
0.09
0.16
0.18
0.19
0.23
0.26
power
39
2.50
12.12
11.93
10.44
11.05
11.81
12.11
12.36
13.37
13.25
12.21
10.73
11.01
11.07
11.31
11.28
10.96
11.27
11.61
12.27
11.56
11.45
11.40
11.18
clear
3.89
-1.33
-1.39
-1.42
-1.42
-1.35
-1.29
-1.36
-1.38
-1.36
-1.38
-1.37
-1.31
-1.34
-1.26
-1.20
-1.31
-1.35
-1.32
-1.32
-1.34
-1.25
-1.26
-1.27
power
42
2.74
19.13
20.24
20.74
21.25
20.74
20.97
20.19
19.95
19.97
19.83
18.83
19.87
20.44
21.93
20.18
19.82
20.33
19.54
20.82
20.25
20.56
21.57
21.30
clear
8.36
-0.21
-0.24
-0.13
-0.21
-0.21
-0.21
-0.24
-0.26
-0.31
-0.33
-0.32
-0.30
-0.28
-0.37
-0.36
-0.36
-0.25
-0.22
-0.25
-0.26
-0.25
-0.17
-0.16
power
45
5.65
28.02
28.39
30.54
30.47
28.57
27.97
27.63
27.16
27.66
27.44
28.51
28.50
28.81
29.52
29.25
29.74
28.28
27.71
28.55
28.15
26.76
27.30
27.42
clear
10.07
-0.28
-0.42
-0.47
-0.54
-0.57
-0.49
-0.52
-0.51
-0.51
-0.50
-0.48
-0.53
-0.56
-0.62
-0.64
-0.58
-0.58
-0.50
-0.53
-0.54
-0.45
-0.47
-0.52
power
48
7.70
35.07
35.98
35.90
34.13
35.40
36.44
36.66
36.18
36.07
35.34
36.95
37.87
38.15
36.35
36.95
33.73
33.74
33.83
34.77
34.72
35.92
36.21
35.84
clear
14.03
-1.37
-1.42
-1.41
-1.45
-1.50
-1.54
-1.64
-1.63
-1.67
-1.67
-1.62
-1.55
-1.60
-1.59
-1.55
-1.54
-1.50
-1.53
-1.44
-1.41
-1.47
-1.50
-1.42
power
51
7.38
43.48
44.58
44.52
43.64
44.23
42.69
44.63
45.07
45.82
45.63
43.83
42.48
43.90
44.20
44.58
44.93
45.54
46.28
46.38
45.68
46.24
45.36
45.53
clear
17.84
-0.14
-0.06
-0.02
-0.07
-0.03
-0.11
-0.12
-0.09
0.01
-0.07
-0.13
0.01
0.07
0.05
0.05
0.06
0.07
0.03
0.03
0.10
0.11
0.10
0.06
power
54
8.92
50.68
53.53
54.00
52.87
52.37
52.11
50.51
51.45
52.49
53.78
53.62
53.84
54.58
53.06
51.68
52.41
51.39
53.21
52.81
52.50
52.75
51.96
51.97
clear
20.21
-2.11
-2.12
-2.15
-2.16
-2.09
-2.08
-2.07
-2.08
-2.08
-2.04
-2.06
-2.02
-1.99
-2.07
-1.98
-2.02
-2.04
-2.06
-2.05
-1.95
-1.94
-1.99
-1.94
power
57
13.41
60.89
62.35
62.74
61.66
62.61
63.18
64.24
64.75
64.98
64.62
63.32
62.23
62.06
63.45
64.04
62.54
62.44
61.92
63.94
63.55
62.89
63.47
62.50
clear
22.58
-2.12
-2.06
-2.06
-2.02
-2.06
-1.94
-2.05
-1.99
-1.93
-1.91
-1.91
-1.81
-1.86
-1.81
-1.77
-1.74
-1.78
-1.75
-1.77
-1.79
-1.68
-1.69
-1.63
power
60
11.14
72.30
75.43
75.57
74.81
73.96
72.94
72.44
71.92
73.43
76.13
75.61
74.84
76.17
78.93
77.97
77.51
77.81
76.39
74.92
75.16
74.04
74.09
73.41
clear
29.71
-2.76
-2.58
-2.47
-2.46
-2.48
-2.34
-2.28
-2.20
-2.12
-2.13
-1.81
-1.85
-1.83
-1.78
-1.76
-1.72
-1.67
-1.66
-1.63
-1.58
-1.54
-1.49
-1.45
power
63
16.99
83.76
85.49
85.72
84.57
82.83
82.96
83.33
83.07
82.78
85.29
85.17
87.56
85.59
81.73
85.79
87.51
86.34
85.87
87.86
88.07
88.17
88.00
86.63
clear
31.60
-3.66
-3.68
-3.50
-3.34
-3.22
-3.16
-3.10
-3.04
-3.05
-2.99
-2.98
-2.94
-2.79
-2.66
-2.58
-2.38
-2.42
-2.32
-2.27
-2.34
-2.23
-2.20
-2.24
power
66
17.05
92.79
92.99
93.51
94.81
96.11
98.01
96.18
97.09
99.70
97.42
96.83
93.91
93.45
92.70
93.22
94.55
94.57
95.14
95.94
94.35
95.21
96.73
97.30
clear
37.34
-3.98
-3.71
-3.46
-3.30
-3.23
-3.09
-3.07
-2.89
-2.84
-2.73
-2.65
-2.58
-2.52
-2.48
-2.49
-2.38
-2.32
-2.34
-2.37
-2.30
-2.27
-2.22
-2.23
power
69
21.69
105.90
108.67
108.08
106.50
107.07
108.09
114.04
111.16
110.20
110.77
108.86
106.89
108.83
110.99
112.35
113.46
112.54
110.05
109.80
110.73
109.73
109.42
108.61
clear
39.64
-4.37
-4.05
-3.64
-3.39
-3.03
-2.91
-2.74
-2.63
-2.57
-2.48
-2.37
-2.29
-2.19
-2.22
-2.17
-2.04
-1.98
-1.88
-1.86
-1.83
-1.81
-1.76
-1.74
power
72
18.56
116.59
118.94
119.06
119.32
119.47
115.99
118.48
118.22
118.29
116.95
116.03
117.10
120.02
121.22
124.14
125.35
124.86
121.53
119.31
120.46
120.22
120.08
119.71
clear
45.22
-5.29
-4.63
-4.23
-3.90
-3.73
-3.55
-3.41
-3.36
-3.21
-3.11
-3.00
-2.98
-2.91
-2.83
-2.75
-2.70
-2.65
-2.62
-2.56
-2.51
-2.46
-2.43
-2.36
power
75
21.39
130.30
132.65
131.96
131.07
131.79
132.23
45.94
15.24
15.06
15.12
15.28
15.40
15.54
15.50
