-2.56
-2.72
-2.70
power
6
-0.21
-0.22
-0.20
-0.55
-0.01
0.06
-0.04
-0.05
-0.22
-0.27
-0.30
-0.30
-0.62
-0.63
-0.78
-1.37
-1.68
-1.31
-1.55
-1.74
-1.77
-1.70
-1.80
-1.96
clear
-1.88
-1.76
-1.50
-1.56
-1.55
-1.33
-1.39
-1.38
-1.41
-1.22
-1.32
-1.20
-1.17
-1.23
-1.23
-1.10
-1.09
-1.11
-1.03
-0.28
-0.00
0.11
0.10
0.18
power
9
-0.06
0.04
-0.00
-0.14
0.01
-0.12
-0.24
-0.16
-0.22
-0.36
-0.27
-0.18
-0.27
-0.25
-0.22
-0.34
-0.33
-0.16
-0.28
-0.24
-0.16
-0.24
-0.42
-0.37
clear
-0.32
-0.45
-0.47
-0.48
-0.48
-0.39
-0.35
-0.22
-0.24
-0.22
-0.06
-0.10
-0.03
0.01
0.00
0.04
0.03
-0.06
0.06
-0.02
-0.09
-0.11
-0.09
-0.12
power
12
-0.09
0.09
0.08
0.09
0.09
0.06
0.12
0.13
0.06
0.07
-0.02
0.01
0.05
-0.02
-0.05
-0.08
-0.15
-0.14
-0.19
-0.13
-0.11
-0.03
-0.05
-0.01
clear
0.02
-0.10
-0.17
-0.19
-0.19
-0.16
-0.08
-0.14
-0.09
-0.13
-0.09
-0.06
-0.07
-0.10
-0.20
-0.25
-0.13
-0.09
-0.13
-0.14
-0.02
-0.03
0.01
0.03
power
15
0.09
0.53
0.51
0.59
0.69
0.54
0.45
0.39
0.40
0.33
0.34
0.37
0.35
0.39
0.32
0.38
0.39
0.26
0.12
0.02
0.11
0.10
0.22
0.17
clear
0.17
-0.17
-0.09
-0.17
-0.10
-0.17
-0.14
-0.17
-0.30
-0.41
-0.26
-0.41
-0.39
-0.35
-0.38
-0.21
-0.17
-0.15
-0.10
-0.18
-0.24
-0.30
-0.36
-0.33
power
18
-0.12
0.35
0.34
0.59
0.98
0.87
0.74
0.79
0.70
0.47
0.54
0.68
0.73
0.69
0.68
0.77
0.85
0.82
0.74
0.77
0.70
0.94
1.23
1.15
clear
1.17
0.92
0.95
0.88
0.85
0.90
0.91
1.03
1.00
0.91
1.01
1.13
1.20
1.11
1.07
1.09
1.04
1.09
1.15
1.18
1.15
1.13
1.08
1.20
power
21
0.28
1.56
1.76
1.82
1.97
2.21
2.04
2.01
1.82
1.69
1.76
1.74
1.86
1.94
2.00
2.09
1.97
2.11
1.95
1.89
1.83
1.81
1.75
1.68
clear
2.25
1.97
1.92
1.85
1.82
1.86
1.81
1.80
1.84
1.73
1.87
1.78
1.83
1.94
2.19
2.17
2.13
2.17
2.19
2.26
2.39
2.34
2.36
2.55
power
24
-0.12
0.73
0.96
0.98
1.11
1.16
1.17
1.20
1.09
0.78
0.77
0.83
0.82
1.06
1.02
1.20
0.85
0.87
0.58
0.93
1.11
1.40
1.22
1.49
clear
1.78
1.07
0.86
0.94
0.97
0.90
0.88
0.91
0.82
0.86
0.75
0.90
0.89
0.91
0.83
0.83
0.88
0.89
0.97
1.01
1.03
1.00
1.04
1.03
power
27
-0.20
0.80
0.81
0.74
0.82
0.71
0.33
0.67
1.03
0.71
0.50
0.78
0.74
0.83
0.79
0.84
0.80
0.81
0.65
0.67
0.57
0.63
0.69
0.47
clear
1.09
0.56
0.40
0.33
0.34
0.31
0.24
0.31
0.35
0.46
0.35
0.33
0.41
0.25
0.25
0.25
0.32
0.28
0.27
0.32
0.35
0.26
0.27
0.25
power
30
-0.28
0.74
0.52
1.43
1.25
1.45
1.57
1.27
0.95
1.15
1.09
1.07
1.34
1.11
1.22
1.25
0.96
1.45
1.51
1.46
1.46
1.03
0.86
0.83
clear
1.74
1.15
0.96
0.96
1.27
1.23
1.19
1.24
1.27
1.35
1.33
1.30
1.38
1.42
1.31
1.26
1.16
1.20
1.04
0.91
0.99
0.91
0.92
0.78
power
33
-0.62
0.13
0.87
0.86
0.96
0.80
0.82
0.82
1.09
0.76
0.98
1.32
1.53
1.18
1.11
0.93
0.32
0.72
0.58
1.15
1.02
0.46
0.24
0.13
clear
0.33
-8.89
-8.64
-2.27
0.76
0.42
2.57
0.59
-6.06
-4.42
-3.77
-3.21
-3.27
-4.08
-4.88
-4.49
-3.63
-3.32
-3.19
-3.25
-3.24
-3.17
-3.26
-3.45
power
36
-0.75
1.92
2.45
3.29
3.16
3.46
3.10
3.22
3.68
3.43
3.59
3.49
3.60
3.75
3.75
3.75
3.86
4.14
3.80
3.66
3.87
3.66
3.38
3.33
clear
4.48
4.21
6.53
3.88
2.32
4.07
6.87
1.68
7.65
7.61
4.33
6.10
7.59
7.18
7.09
7.44
6.51
5.72
5.40
5.45
5.95
5.33
4.42
5.07
power
39
-1.86
-1.83
-1.35
-0.98
-1.12
-0.87
-1.18
-0.72
-0.08
-0.18
-0.49
-4.15
0.81
3.98
6.44
8.80
11.15
8.69
7.25
8.75
9.59
9.92
10.00
9.13
clear
9.53
7.43
7.54
7.62
7.09
6.99
6.72
6.37
7.47
8.03
7.44
7.72
7.96
7.16
5.33
2.13
-0.06
-1.55
5.77
13.49
12.80
12.38
10.18
8.19
power
42
2.27
4.86
4.99
-5.12
-8.32
-7.43
-7.94
-7.10
-7.01
-7.23
-6.95
-6.84
-7.09
-7.41
-6.94
-6.38
-7.28
-6.66
-6.36
-6.18
-6.31
-6.56
-6.26
-6.20
clear
-3.28
-3.33
-3.64
-3.78
-4.02
-4.15
-4.19
-4.22
-4.11
-4.25
-4.44
-4.47
-4.57
-4.58
-4.56
-4.66
-4.69
-4.69
-4.53
-4.68
-4.73
-4.84
-4.83
-4.84
power
45
-2.23
-5.12
-3.15
-1.91
-1.78
-0.73
0.13
3.62
5.51
6.53
8.21
7.82
8.80
8.50
8.87
8.17
8.63
8.88
9.25
10.05
9.84
10.78
10.28
10.54
clear
17.49
15.66
15.40
16.69
17.17
15.85
13.87
12.52
12.74
12.36
11.75
11.55
11.29
11.15
11.75
10.90
10.14
10.06
10.50
10.97
11.06
10.88
10.74
10.44
power
48
-1.45
2.78
3.10
4.36
3.95
3.71
3.28
3.09
3.76
3.45
4.44
4.78
4.72
4.52
4.23
3.64
3.52
3.57
3.62
3.34
3.43
3.30
4.04
4.70
clear
20.18
25.66
26.89
25.95
25.24
24.61
24.37
24.05
23.80
24.18
24.27
24.22
24.10
23.97
23.90
27.70
32.56
30.57
24.74
26.31
24.49
25.13
24.64
24.19
power
51
-2.95
-4.03
-5.40
-4.78
-3.52
-3.69
-3.56
-4.09
-6.28
-7.32
-7.83
-8.42
-13.15
-11.76
-12.25
-11.47
-10.60
-9.74
-8.77
-7.84
-8.23
-8.37
-8.61
-12.12
clear
-9.46
-9.41
-9.47
-9.37
-9.52
-9.50
-9.48
-9.58
-8.99
-7.88
-7.09
-7.94
-9.66
-10.05
-10.02
-9.60
-9.33
-8.85
-7.97
-7.16
-7.01
-7.26
-7.24
-8.15
power
54
-4.42
-3.61
-2.63
-1.39
-0.32
0.14
-0.43
-0.64
-0.95
-1.08
-1.92
-0.56
-0.23
-0.44
0.17
-0.38
-0.55
1.49
1.53
1.33
0.42
1.31
2.34
1.70
clear
-9.98
-20.82
-21.74
-20.57
-19.95
-20.32
-20.02
-20.26
-22.75
-21.70
-20.55
-19.92
-19.09
-17.79
-16.88
-17.00
-18.36
-19.11
-17.17
-15.87
-16.57
-16.58
-17.32
-17.09
power
57
-1.03
6.13
6.13
6.36
5.68
5.81
7.05
7.16
4.80
5.66
5.63
6.57
3.23
4.42
4.17
5.44
3.67
5.60
4.94
5.70
4.19
5.89
9.62
9.15
clear
9.57
5.39
6.44
7.53
7.04
7.39
7.70
8.34
8.39
8.22
8.22
9.36
8.08
7.59
8.23
8.43
8.37
7.70
8.17
8.54
8.27
8.31
8.72
9.06
power
60
-0.49
20.03
21.79
21.88
20.58
20.51
23.37
21.83
22.14
23.04
24.08
21.86
23.98
23.07
22.81
22.93
21.05
20.34
19.43
19.18
21.94
20.74
23.41
23.90
clear
9.33
-2.17
-2.53
-1.30
-1.00
-0.34
0.47
0.80
1.73
1.47
1.52
1.79
1.83
1.99
1.95
2.42
2.39
1.93
2.06
2.25
2.46
2.14
-1.74
-3.13
power
63
2.75
32.90
33.82
33.31
34.69
34.51
35.76
33.77
32.97
34.02
33.49
31.69
31.30
32.78
35.33
33.59
32.87
31.94
31.37
33.59
33.36
31.65
31.35
32.49
clear
2.63
-19.43
-18.23
-17.48
-16.75
-15.60
-15.34
-15.06
-14.61
-13.36
-12.45
-11.09
-11.20
-10.88
-10.65
-10.67
-10.71
-10.65
-10.71
-11.02
-10.91
-10.63
-11.04
-11.44
power
66
2.99
41.10
44.87
44.70
43.46
43.88
42.99
42.16
40.70
43.24
42.55
41.97
42.72
39.43
39.78
38.58
35.83
38.48
37.68
36.82
39.30
39.04
38.57
38.08
clear
10.78
-7.59
-7.67
-7.88
-6.61
-6.69
-7.08
-6.12
-4.16
-4.08
-5.46
-5.09
-4.73
-3.67
-3.57
-2.81
-3.02
-3.17
-3.64
-4.10
-4.19
-4.50
-4.88
-4.90
power
69
4.07
55.69
60.66
62.99
67.92
69.30
68.69
68.35
67.89
70.29
71.11
70.10
70.64
68.66
69.23
68.95
69.55
68.18
68.04
68.22
66.84
68.31
67.52
67.10
clear
34.85
11.46
12.74
18.15
22.75
23.72
23.51
23.82
23.88
24.18
24.16
24.45
24.53
24.50
24.48
24.67
24.87
25.01
25.01
25.09
25.14
25.43
25.50
25.38
power
72
1.32
-28.36
4.09
3.22
3.18
2.94
2.93
2.63
2.30
2.25
2.32
2.46
2.56
2.70
2.64
2.63
