-0.02
-0.05
-0.03
-0.03
-0.03
-0.11
-0.07
-0.10
-0.14
-0.08
-0.16
-0.24
-0.20
-0.23
-0.18
-0.19
-0.14
-0.11
-0.19
-0.18
-0.28
-0.27
clear
-0.22
-0.17
-0.21
-0.25
-0.31
-0.30
-0.28
-0.28
-0.32
-0.32
-0.27
-0.33
-0.31
-0.27
-0.30
-0.29
-0.29
-0.29
-0.27
-0.30
-0.28
-0.30
-0.37
-0.38
power
4
0.03
0.02
0.03
-0.02
-0.01
-0.08
-0.04
-0.08
-0.03
-0.08
-0.06
-0.12
-0.08
-0.06
-0.15
-0.22
-0.23
-0.23
-0.19
-0.23
-0.26
-0.28
-0.30
-0.25
clear
-0.19
-0.23
-0.24
-0.26
-0.28
-0.30
-0.26
-0.29
-0.28
-0.30
-0.28
-0.23
-0.27
-0.20
-0.14
-0.14
-0.25
-0.33
-0.27
-0.37
-0.32
-0.35
-0.39
-0.39
power
6
-0.01
0.01
-0.06
0.02
-0.04
-0.07
-0.01
-0.01
0.02
0.01
-0.04
-0.12
-0.17
-0.17
-0.18
-0.25
-0.28
-0.32
-0.21
-0.18
-0.18
-0.29
-0.26
-0.21
clear
-0.23
-0.28
-0.20
-0.20
-0.22
-0.23
-0.24
-0.23
-0.25
-0.31
-0.29
-0.25
-0.37
-0.35
-0.38
-0.39
-0.38
-0.47
-0.38
-0.38
-0.45
-0.46
-0.42
-0.50
power
8
0.30
0.30
0.99
1.29
1.58
0.48
0.04
2.30
-0.07
-0.00
2.19
0.12
-0.05
-0.02
-0.06
2.27
-0.08
-0.10
-0.11
-0.10
1.68
0.35
-0.16
-0.17
clear
-0.23
-0.16
-0.16
-0.20
-0.17
-0.23
-0.24
-0.30
-0.34
-0.31
-0.27
-0.31
-0.29
-0.28
-0.37
-0.33
-0.35
-0.37
-0.37
-0.39
-0.40
-0.43
-0.47
-0.46
power
10
0.22
0.37
0.17
0.24
0.28
0.30
0.27
0.25
0.30
0.24
0.25
0.23
0.26
0.23
0.19
0.20
0.21
0.18
0.22
0.27
0.20
0.28
0.29
0.20
clear
0.14
0.14
0.12
0.15
0.08
0.02
-0.01
0.00
-0.06
-0.08
-0.14
-0.06
-0.04
-0.02
-0.12
-0.08
-0.11
-0.14
-0.16
-0.24
-0.18
-0.21
-0.14
-0.18
power
12
0.39
0.99
1.11
1.06
1.15
1.15
1.20
1.24
1.18
1.23
1.22
1.25
1.21
1.15
1.21
1.18
1.22
1.26
1.22
1.20
1.16
1.24
1.18
1.13
clear
0.57
0.17
0.17
0.09
0.05
0.05
0.02
0.00
-0.03
0.02
-0.05
-0.09
-0.10
-0.08
-0.14
-0.21
-0.17
-0.20
-0.22
-0.22
-0.18
-0.21
-0.20
-0.17
power
14
0.83
2.46
2.46
2.47
2.49
2.59
2.61
2.66
2.54
2.65
2.63
2.58
2.64
2.63
2.68
2.69
2.53
2.55
2.58
2.54
2.60
2.59
2.58
2.58
clear
1.12
0.30
0.17
0.23
0.11
0.11
0.15
0.10
0.09
0.10
0.07
0.00
-0.01
-0.01
-0.04
-0.05
0.01
-0.05
-0.07
-0.03
-0.12
-0.08
-0.12
-0.12
power
16
1.54
4.06
4.26
4.18
4.09
3.92
3.99
4.12
4.13
4.19
4.11
3.97
4.13
4.07
4.17
4.15
4.12
4.12
4.14
4.19
4.07
4.04
4.14
3.99
clear
1.56
-0.05
-0.01
-0.02
-0.05
-0.06
-0.06
-0.06
-0.08
-0.05
-0.05
-0.08
-0.09
-0.08
-0.13
-0.17
-0.12
-0.19
-0.21
-0.14
-0.09
-0.20
-0.18
-0.12
power
18
2.18
5.84
5.85
6.21
6.30
6.20
6.14
6.13
6.14
6.22
6.12
5.98
5.98
5.86
5.97
5.91
6.09
5.96
5.87
5.91
5.89
5.92
5.84
5.88
clear
2.51
-0.18
-0.18
-0.22
-0.25
-0.26
-0.30
-0.30
-0.41
-0.41
-0.38
-0.38
-0.42
-0.42
-0.38
-0.42
-0.47
-0.46
-0.48
-0.52
-0.53
-0.54
-0.54
-0.55
power
20
3.20
8.37
8.60
8.56
8.56
8.56
8.54
8.40
8.36
8.41
8.46
8.50
8.41
8.47
8.66
8.49
8.40
8.47
8.21
8.35
8.22
8.35
8.44
8.59
clear
3.74
0.07
-0.02
0.03
0.02
-0.00
0.01
-0.03
-0.17
-0.08
-0.08
-0.14
-0.10
-0.20
-0.15
-0.16
-0.12
-0.15
-0.20
-0.20
-0.15
-0.15
-0.16
-0.19
power
22
4.47
11.15
11.22
11.14
11.42
11.35
11.27
11.20
11.07
11.13
11.22
11.17
11.37
11.13
11.24
11.09
11.28
11.01
10.77
10.98
10.85
10.91
10.88
10.72
clear
4.61
-0.03
-0.06
-0.01
-0.07
-0.05
-0.02
-0.06
-0.07
-0.08
-0.04
-0.06
0.00
-0.01
0.07
0.03
0.04
0.01
-0.01
-0.02
-0.03
-0.01
-0.08
-0.04
power
24
6.19
14.24
14.25
14.16
14.04
14.01
14.21
14.34
14.41
14.37
14.30
13.98
14.30
14.55
14.36
14.23
13.91
13.79
14.02
13.80
13.88
13.90
14.19
14.75
clear
5.84
0.04
0.08
0.12
0.13
0.11
0.08
0.02
0.02
0.00
-0.02
0.05
0.01
-0.03
-0.02
-0.02
-0.08
-0.02
-0.10
-0.08
-0.07
-0.08
-0.04
-0.11
power
26
6.94
17.24
17.26
17.68
17.53
17.56
17.55
17.59
17.69
17.68
17.60
17.46
17.72
18.16
18.11
17.63
17.35
17.46
17.76
18.00
17.81
17.78
17.53
17.21
clear
6.92
-0.01
0.05
0.04
0.06
0.07
0.14
0.14
0.19
0.21
0.15
0.13
0.07
0.10
0.08
0.05
-0.04
-0.03
0.01
0.04
-0.02
-0.05
-0.01
-0.04
power
28
6.42
20.90
20.87
21.03
21.24
21.40
21.41
21.23
21.36
21.40
20.87
20.89
21.31
21.30
21.26
21.06
20.84
21.14
21.51
21.44
20.94
21.01
21.14
21.07
clear
8.44
-0.00
0.02
0.08
0.10
0.20
0.34
0.40
0.41
0.38
0.35
0.25
0.27
0.19
0.24
0.19
0.13
0.15
0.09
0.07
0.06
0.09
-0.04
-0.04
power
30
9.24
25.31
25.34
25.51
25.60
25.69
25.88
26.28
25.82
25.40
25.69
25.47
25.55
25.50
26.01
26.26
25.31
25.55
25.46
25.63
25.38
25.74
25.55
25.53
clear
9.76
-0.02
-0.01
-0.05
0.01
0.10
0.13
0.22
0.12
0.15
0.09
0.08
0.01
0.05
-0.02
-0.06
-0.05
-0.02
-0.05
-0.12
-0.09
-0.11
-0.09
-0.09
power
32
10.57
29.61
29.62
29.64
29.85
29.74
29.67
29.76
29.99
30.29
30.42
29.87
30.10
29.70
29.43
29.55
29.78
30.09
30.68
30.34
30.33
30.13
30.38
29.71
clear
12.60
0.11
0.04
0.03
0.03
-0.03
0.07
0.08
0.15
0.09
0.05
0.06
0.03
0.10
0.07
0.03
0.04
0.00
-0.02
-0.00
0.05
0.10
-0.05
0.04
power
34
9.08
34.09
34.45
34.17
34.18
34.87
34.79
35.33
35.24
35.14
35.18
35.30
35.36
34.72
34.41
34.57
34.65
34.72
34.17
34.50
34.86
34.74
34.82
34.46
clear
14.43
-0.04
-0.03
-0.13
-0.00
0.09
0.10
0.14
0.17
0.17
0.09
0.10
0.15
0.13
0.08
0.08
0.16
0.14
0.12
0.06
0.11
0.14
0.14
0.16
power
36
12.13
39.70
40.21
39.82
40.30
40.58
40.29
40.34
38.91
39.33
40.00
40.54
39.74
39.98
40.42
40.04
39.94
40.30
39.91
39.75
39.93
39.98
40.42
39.41
clear
15.63
-0.05
-0.05
0.02
-0.00
0.04
-0.00
-0.00
-0.05
-0.06
-0.04
0.00
-0.10
-0.02
0.01
-0.11
-0.10
-0.07
-0.03
-0.04
-0.03
-0.04
-0.07
-0.02
power
38
11.83
45.02
45.55
45.64
46.40
46.28
45.84
46.59
45.60
45.13
45.41
45.37
45.12
45.21
44.93
46.03
45.94
46.24
46.50
46.24
46.32
45.38
45.25
45.32
clear
17.63
0.00
0.02
0.00
-0.03
-0.03
0.05
0.00
-0.02
-0.04
-0.03
-0.06
-0.04
-0.09
-0.02
-0.05
-0.01
-0.03
-0.06
-0.02
-0.02
0.03
0.01
-0.05
power
40
11.80
50.96
51.12
50.48
50.49
51.05
50.94
50.80
50.73
50.92
51.05
50.63
50.33
50.13
49.73
50.19
50.53
50.67
50.97
50.72
50.99
51.46
51.33
50.96
clear
21.48
0.12
0.02
-0.02
-0.04
-0.00
-0.05
-0.09
-0.04
-0.03
0.03
0.06
-0.03
-0.08
0.02
0.06
-0.03
0.08
0.08
0.06
0.07
0.00
0.03
-0.03
power
42
12.83
56.17
57.01
57.07
57.03
57.14
57.25
57.47
56.88
57.03
56.78
57.30
56.81
56.71
57.01
57.59
57.64
57.37
56.88
56.57
56.97
56.59
58.19
57.78
clear
23.23
0.12
0.07
-0.02
-0.04
0.00
0.05
0.01
0.02
-0.01
-0.00
-0.02
0.01
-0.00
-0.02
0.00
0.01
-0.06
-0.04
0.04
-0.06
0.05
0.06
0.05
power
44
16.04
62.32
62.12
62.83
63.02
62.65
62.64
63.57
64.38
64.68
63.71
63.45
63.55
63.44
63.07
63.20
63.56
62.98
62.97
62.80
61.24
61.89
61.77
61.66
clear
24.87
-0.00
-0.07
-0.06
-0.06
-0.09
-0.07
-0.08
-0.12
-0.08
-0.04
-0.05
-0.01
0.03
0.03
0.07
0.08
0.09
0.08
0.01
0.03
0.03
0.10
0.07
power
46
8.92
68.30
69.39
69.51
70.15
70.38
70.73
70.32
69.86
69.36
70.04
70.70
70.49
70.25
69.52
69.77
69.35
69.49
69.64
69.72
69.27
68.98
68.83
69.77
clear
27.14
0.09
0.05
0.05
0.10
0.06
0.09
-0.01
0.03
0.04
0.01
0.05
0.09
0.10
0.07
0.12
0.08
0.04
0.08
0.05
0.07
0.13
0.12
0.09
power
48
16.04
77.15
76.92
77.15
78.06
77.37
77.07
77.86
77.49
76.92
77.07
77.10
77.35
76.02
76.21
76.39
76.15
76.75
76.88
76.81
77.56
76.83
77.17
76.26
clear
28.97
0.02
0.02
-0.06
-0.04
-0.07
0.01
-0.00
0.00
-0.01
0.05
-0.03
-0.01
0.02
-0.04
-0.04
-0.01
-0.03
0.00
-0.01
0.00
-0.08
-0.06
-0.04
power
50
16.73
81.90
83.15
83.84
83.67
83.77
84.25
84.07
84.75
84.62
84.43
84.54
84.20
83.97
84.13
83.93
84.59
83.00
82.52
82.90
83.65
83.31
83.06
83.85
clear
34.48
0.13
0.08
0.00
0.01
0.01
0.04
0.07
0.04
0.03
0.06
0.04
0.05
0.11
0.09
0.13
0.10
0.16
0.13
0.14
0.11
0.11
0.15
0.11
power
52
21.16
91.10
90.59
90.02
89.80
90.11
90.84
91.49
91.73
91.55
92.36
91.98
91.32
90.77
90.13
90.41
90.72
90.77
90.83
90.09
89.60
90.20
89.48
89.22
clear
35.94
0.11
0.01
-0.07
-0.14
-0.12
-0.12
-0.10
-0.19
-0.09
-0.07
-0.14
-0.07
-0.11
-0.06
-0.05
-0.05
-0.06
-0.12
-0.05
-0.09
-0.08
-0.05
0.02
power
54
23.34
98.06
98.81
98.28
97.16
97.64
98.28
98.42
98.98
99.14
96.83
97.69
98.59
99.13
98.82
97.65
98.30
98.07
98.43
98.10
98.45
98.77
99.06
99.09
clear
38.07
0.06
0.09
-0.00
-0.04
-0.02
-0.03
0.13
0.09
0.13
0.13
0.15
0.05
0.07
0.11
0.08
0.08
0.03
0.08
0.03
0.05
0.10
0.06
-0.02
power
56
25.92
106.53
106.06
106.45
106.96
106.44
106.56
106.85
107.58
107.60
107.67
107.09
105.56
104.98
105.16
105.61
106.18
106.70
105.61
105.52
104.69
104.95
105.27
105.46
clear
38.74
-0.02
-0.09
-0.03
0.01
-0.04
-0.07
-0.06
-0.02
-0.02
0.04
0.05
0.05
0.10
0.05
-0.00
0.07
0.09
0.05
0.10
-0.01
0.05
0.04
0.01
power
58
19.57
112.00
113.15
115.31
113.79
113.06
113.16
112.93
113.70
112.98
113.25
112.88
114.64
113.52
113.95
113.08
113.08
113.47
112.38
110.69
111.48
111.56
111.88
113.03
clear
45.84
-0.04
-0.13
-0.19
-0.23
-0.13
-0.13
-0.15
-0.12
-0.14
-0.02
-0.03
-0.00
0.05
0.01
-0.02
-0.01
-0.02
0.05
0.01
0.02
0.01
0.02
0.02
power
60
28.27
121.50
121.45
121.98
121.86
121.73
121.58
122.07
121.39
121.71
122.62
122.59
121.61
121.06
121.47
122.40
121.60
121.78
121.63
121.59
120.54
120.61
120.69
120.33
clear
48.02
0.00
-0.05
-0.07
-0.07
-0.04
-0.05
-0.06
-0.10
-0.08
-0.10
-0.10
-0.11
-0.11
-0.08
-0.10
-0.07
-0.06
-0.02
0.01
-0.06
-0.06
0.00
0.04
power
62
31.69
128.44
129.53
129.85
130.45
129.86
130.08
129.07
128.78
129.88
130.65
128.61
130.11
130.11
128.75
128.97
128.54
128.47
129.14
129.30
127.97
129.33
129.61
129.26
clear
48.25
-0.16
-0.17
-0.18
-0.17
-0.17
-0.08
-0.09
-0.12
-0.08
-0.19
-0.18
-0.12
-0.12
-0.13
-0.20
-0.16
-0.16
-0.18
-0.13
-0.18
-0.14
-0.10
-0.14
power
64
27.54
137.66
139.15
140.07
140.48
139.53
138.94
139.39
138.49
137.63
137.70
137.43
137.64
138.12
139.02
137.34
137.00
137.25
136.26
136.91
136.26
138.12
137.72
136.53
clear
55.48
0.26
0.19
0.12
0.11
0.10
0.12
0.08
0.09
0.10
0.07
0.07
0.11
0.14
0.17
0.10
0.16
0.11
0.16
0.10
0.17
0.19
0.15
0.14
power
66
30.27
145.78
145.15
146.30
147.41
147.08
148.16
147.72
147.25
147.97
148.61
147.19
146.28
146.28
146.19
146.11
145.74
144.73
144.67
145.03
145.12
146.23
146.20
144.36
clear
56.74
-0.02
-0.10
-0.10
-0.10
-0.05
-0.08
-0.07
-0.09
-0.10
-0.14
-0.04
-0.12
-0.07
-0.01
-0.05
-0.03
-0.02
0.03
0.02
0.03
0.04
0.06
0.03
power
68
33.35
153.27
153.66
154.55
155.41
156.44
156.23
154.50
156.21
155.91
155.82
155.43
155.39
154.45
154.81
154.69
154.81
154.08
154.58
154.42
156.87
154.65
156.05
154.46
clear
59.11
-0.07
-0.04
-0.13
-0.12
-0.08
0.01
-0.05
-0.07
-0.09
-0.03
-0.04
-0.05
-0.04
-0.04
-0.04
-0.06
-0.11
-0.07
-0.12
-0.08
-0.09
-0.03
-0.03
power
70
32.91
163.19
164.14
165.01
165.30
164.20
163.79
162.89
163.26
163.33
164.14
162.77
162.57
161.80
161.31
162.21
161.30
160.63
161.87
162.08
161.68
160.34
160.34
160.73
clear
66.73
0.05
0.01
-0.01
-0.03
-0.03
-0.01
-0.02
0.00
0.01
0.05
0.07
0.06
0.06
0.07
0.08
0.10
0.04
0.07
0.12
0.08
0.02
0.06
0.08
power
72
33.05
171.44
172.93
172.75
172.75
171.91
172.62
171.99
171.72
170.99
169.98
168.39
169.76
171.49
170.49
169.80
170.47
170.36
171.57
170.52
170.14
171.91
172.05
171.69
clear
68.56
0.08
0.05
0.05
0.08
-0.01
-0.03
-0.07
0.03
0.03
0.03
0.06
0.06
0.11
0.10
0.07
0.08
0.03
0.08
0.07
0.03
0.10
0.03
0.09
power
74
39.98
180.18
181.54
181.11
180.93
181.41
180.59
180.30
180.18
181.44
182.83
181.93
180.70
179.47
178.52
178.96
179.76
179.73
178.84
179.07
180.70
179.40
179.16
179.17
clear
68.29
0.00
0.02
-0.06
-0.09
-0.02
-0.09
-0.15
-0.02
-0.11
-0.15
-0.11
-0.08
-0.11
-0.16
-0.10
-0.08
-0.10
-0.09
-0.05
0.02
-0.02
-0.02
-0.03
power
76
29.36
187.36
191.07
191.19
189.39
190.54
190.42
189.49
188.97
188.87
189.08
187.58
189.22
188.77
188.79
187.68
188.49
187.33
187.21
187.00
186.58
187.24
186.66
188.82
clear
76.30
0.03
0.03
-0.27
0.63
-1.63
-2.09
-2.21
-2.13
