power
0
-0.53
-0.54
-1.03
-0.70
0.41
-0.28
-1.64
-0.74
-0.39
-2.22
-4.74
-12.64
-16.07
-14.27
-13.96
-8.37
-6.09
-4.72
-4.24
-1.81
-1.34
-0.92
-0.81
-1.06
clear
-1.31
-1.96
-2.28
-1.79
-0.94
-0.08
0.48
0.99
1.21
1.37
1.65
2.09
2.34
2.55
2.66
2.75
2.90
3.05
3.10
3.21
3.22
3.20
3.19
3.21
power
2
-0.11
-0.21
-0.24
-0.23
-0.28
-0.28
-0.29
-0.40
-0.43
-0.52
-0.58
-0.67
-0.79
-0.85
-0.96
-1.10
-1.25
-1.32
-1.53
-1.71
-1.78
-2.02
-2.24
-2.36
clear
-2.53
-2.68
-2.67
-2.80
-2.84
-2.94
-3.00
-3.15
-3.10
-3.20
-3.28
-3.35
-3.48
-3.58
-3.72
-3.85
-3.86
-3.87
-3.83
-3.89
-3.95
-3.94
-3.91
-3.83
power
4
0.13
0.13
0.09
0.09
0.11
0.07
-0.12
-0.07
-0.06
-0.14
-0.16
-0.12
-0.10
-0.12
-0.11
-0.08
-0.01
0.16
0.26
0.39
0.35
0.31
0.25
0.20
clear
0.08
0.15
0.14
0.13
0.17
0.34
0.45
0.38
0.39
0.24
0.31
0.18
0.16
0.18
0.09
0.00
0.00
0.00
0.00
0.01
-0.09
-0.03
0.00
-0.04
power
6
-0.01
-0.06
-0.04
-0.06
-0.12
-0.15
-0.19
-0.20
-0.31
-0.23
-0.24
-0.31
-0.30
-0.30
-0.36
-0.35
-0.33
-0.29
-0.29
-0.35
-0.41
-0.37
-0.35
-0.36
clear
-0.37
-0.36
-0.41
-0.41
-0.42
-0.48
-0.44
-0.41
-0.46
-0.44
-0.43
-0.43
-0.48
-0.46
-0.44
-0.35
-0.43
-0.34
-0.39
-0.36
-0.40
-0.38
-0.44
-0.40
power
8
0.23
0.24
0.87
1.26
1.15
0.86
0.01
2.23
-0.04
-0.05
2.22
-0.08
-0.12
-0.09
-0.01
2.09
-0.12
-0.13
-0.06
-0.08
1.99
0.50
-0.14
-0.12
clear
-0.18
-0.18
-0.16
-0.10
-0.16
-0.19
-0.13
-0.24
-0.21
-0.21
-0.23
-0.24
-0.25
-0.17
-0.26
-0.31
-0.35
-0.38
-0.40
-0.44
-0.36
-0.31
-0.34
-0.42
power
10
0.27
0.40
0.20
0.24
0.25
0.25
0.27
0.35
0.28
0.29
0.30
0.21
0.25
0.18
0.26
0.31
0.17
0.08
0.11
0.16
0.17
0.10
0.02
0.01
clear
-0.24
-0.20
-0.14
-0.18
-0.22
-0.20
-0.24
-0.22
-0.21
-0.23
-0.15
-0.09
-0.21
-0.17
-0.14
-0.26
-0.28
-0.25
-0.18
-0.14
-0.13
-0.06
-0.03
-0.13
power
12
0.41
0.95
0.96
1.04
1.05
0.99
1.01
0.95
1.08
0.98
0.91
1.00
0.86
0.88
0.82
0.89
0.96
0.94
0.89
0.99
0.95
1.00
0.97
0.97
clear
0.45
0.01
0.02
0.04
-0.01
-0.11
0.04
-0.03
0.04
0.09
0.07
0.06
0.02
0.01
0.07
0.06
0.02
0.03
0.02
0.05
0.00
0.04
-0.02
-0.03
power
14
1.03
2.11
2.22
2.17
2.17
2.25
2.23
2.24
2.34
2.31
2.36
2.41
2.36
2.31
2.21
2.17
2.15
2.12
2.35
2.34
2.32
2.33
2.36
2.34
clear
1.06
0.28
0.14
0.16
0.11
0.15
0.17
0.15
0.18
0.14
0.18
0.17
0.14
0.09
0.08
0.01
0.07
0.09
0.09
0.10
0.07
0.11
0.05
0.07
power
16
1.61
3.59
3.50
3.52
3.49
3.52
3.58
3.45
3.44
3.53
3.50
3.57
3.51
3.79
3.73
3.83
3.86
3.74
3.81
3.80
3.90
3.86
3.81
3.75
clear
1.63
0.10
0.20
0.07
0.05
0.05
0.04
0.08
0.00
0.01
0.06
0.02
0.02
0.02
-0.03
-0.02
0.07
0.08
0.05
0.18
0.15
0.08
0.13
0.13
power
18
2.47
5.25
5.14
5.29
5.22
4.97
5.12
5.05
5.12
5.06
5.07
5.05
4.99
5.01
5.09
5.00
4.95
5.16
5.21
4.93
4.98
5.02
5.12
5.35
clear
1.97
0.00
0.01
-0.01
-0.08
-0.01
0.02
-0.05
-0.04
-0.02
-0.05
-0.10
-0.08
-0.10
-0.06
-0.04
-0.06
-0.08
-0.06
-0.09
-0.05
-0.17
-0.19
-0.15
power
20
3.57
7.34
7.29
7.48
7.20
7.17
7.18
7.29
7.44
7.40
7.46
7.72
7.76
7.74
7.68
7.80
7.99
7.85
8.00
8.30
8.24
8.13
7.86
7.97
clear
3.08
0.25
0.17
0.14
0.13
0.11
0.13
0.10
0.13
0.04
0.08
0.06
0.06
0.10
0.10
0.10
0.13
0.13
0.14
0.11
0.09
0.08
0.20
0.29
power
22
4.74
9.71
9.51
9.30
9.39
9.24
9.23
9.33
9.59
9.18
9.18
9.27
9.53
9.72
9.61
9.51
9.46
8.98
9.45
9.61
9.68
9.71
9.56
9.22
clear
3.50
-0.11
-0.11
-0.17
-0.16
-0.15
-0.16
-0.14
-0.13
-0.21
-0.15
-0.17
-0.25
-0.28
-0.26
-0.30
-0.32
-0.21
-0.31
-0.35
-0.32
-0.26
-0.26
-0.29
power
24
5.72
12.17
11.93
11.83
11.90
12.20
12.35
12.49
12.47
12.27
12.04
12.14
12.25
12.06
11.91
11.81
11.86
11.56
12.09
12.31
12.42
12.38
12.13
11.97
clear
5.16
0.10
0.12
0.18
0.13
0.08
0.06
0.04
0.07
0.07
0.03
0.07
0.03
0.02
0.08
0.06
0.12
0.06
0.07
0.10
0.09
0.02
-0.03
0.03
power
26
6.42
15.79
15.80
16.30
15.74
15.48
15.78
15.81
15.85
15.73
15.13
15.30
15.84
15.93
15.72
15.61
15.43
15.55
16.01
15.57
15.45
15.51
15.44
15.38
clear
5.98
0.13
0.09
0.09
0.09
0.07
0.04
0.06
0.06
0.10
0.16
0.08
0.10
0.08
0.04
0.11
0.09
0.08
0.04
0.11
0.04
-0.01
0.00
0.01
power
28
7.79
18.21
18.47
18.88
18.63
18.53
18.42
18.22
18.32
18.68
19.01
19.12
19.35
18.71
18.48
18.44
18.60
18.49
18.45
18.83
18.68
18.52
19.42
19.24
clear
7.16
0.19
0.25
0.25
0.29
0.28
0.21
0.15
0.24
0.20
0.23
0.19
0.19
0.15
0.19
0.20
0.15
0.23
0.29
0.23
0.23
0.23
0.19
0.23
power
30
8.47
22.50
23.77
24.18
23.85
23.35
21.68
21.16
21.50
21.55
21.89
22.14
22.01
21.90
22.32
22.24
22.32
22.36
22.23
22.40
22.26
22.48
22.51
22.61
clear
9.98
0.14
0.13
0.16
0.18
0.07
0.15
0.12
0.10
0.11
0.13
0.10
0.07
0.11
0.11
0.15
0.18
0.13
0.13
0.08
0.10
0.10
0.08
-0.01
power
32
8.52
26.12
26.30
26.76
26.53
26.54
25.72
25.73
25.82
25.48
25.45
26.37
26.03
26.05
25.74
25.72
26.23
26.50
26.21
26.02
26.41
25.85
25.73
25.96
clear
10.55
0.10
0.10
0.09
0.11
0.18
0.12
0.16
0.21
0.11
0.17
0.09
0.07
0.03
0.04
0.07
0.17
0.17
0.11
0.21
0.17
0.10
0.20
0.19
power
34
9.78
30.01
29.70
29.42
30.05
29.98
30.12
31.20
31.44
31.23
31.91
32.25
31.32
30.83
30.29
30.87
32.20
30.91
30.08
30.49
30.77
31.61
31.56
31.36
clear
13.42
0.06
0.07
0.10
0.08
-0.03
0.01
0.06
0.04
0.12
0.12
0.12
0.16
0.14
0.16
0.18
0.14
0.19
0.13
0.07
0.03
0.01
0.04
0.05
power
36
9.56
37.23
36.68
35.49
34.80
34.33
35.09
34.75
34.50
35.08
35.10
34.17
34.10
34.45
34.75
36.15
35.87
35.30
34.92
35.08
34.94
35.11
35.68
35.20
clear
13.55
0.21
0.29
0.25
0.27
0.21
0.17
0.21
0.26
0.19
0.16
0.16
0.20
0.16
0.13
0.18
0.28
0.19
0.19
0.19
0.08
0.18
0.18
0.17
power
38
12.03
40.86
40.40
40.29
39.43
39.74
40.09
40.41
40.61
41.10
41.01
41.37
40.96
41.01
39.96
41.29
40.08
40.50
41.12
41.92
40.92
41.25
41.14
40.73
clear
15.64
0.17
0.11
0.17
0.24
0.25
0.17
0.19
0.15
0.17
0.14
0.15
0.11
0.13
0.07
0.07
0.11
0.14
0.08
0.07
0.08
0.11
0.09
0.05
power
40
12.90
46.42
47.30
45.67
45.78
47.11
46.80
46.71
44.99
44.63
44.88
44.64
45.47
45.50
45.40
45.72
45.47
46.44
44.94
45.01
45.32
45.82
45.52
45.35
clear
18.40
0.04
0.03
0.02
0.02
-0.01
-0.02
-0.02
0.02
0.05
0.08
0.04
-0.03
0.11
0.01
0.06
0.05
0.04
0.04
0.06
0.03
0.05
0.04
-0.02
power
42
15.58
52.58
52.33
51.57
50.17
50.19
50.06
49.95
50.95
52.03
52.09
51.48
51.00
49.60
51.10
50.98
52.05
52.42
51.42
51.05
50.97
51.30
51.45
51.11
clear
20.43
-0.12
-0.08
-0.08
-0.11
-0.15
-0.13
-0.16
-0.18
-0.14
-0.20
-0.19
-0.20
-0.21
-0.19
-0.16
-0.19
-0.16
-0.21
-0.21
-0.13
-0.19
-0.19
-0.21
power
44
15.05
55.96
56.51
56.17
57.42
57.34
57.57
57.70
58.91
57.82
57.43
57.31
56.17
54.86
56.07
56.96
56.73
55.25
54.61
56.27
57.43
57.46
57.18
56.85
clear
23.76
0.37
0.35
0.34
0.27
0.35
0.30
0.35
0.34
0.34
0.32
0.31
0.21
0.32
0.28
0.30
0.31
0.34
0.30
0.25
0.24
0.26
0.32
0.27
power
46
17.54
61.97
61.27
62.38
63.55
63.31
62.34
63.83
62.10
63.47
63.01
64.08
63.31
63.27
62.55
62.45
63.89
63.85
63.93
64.30
63.02
63.76
64.04
64.23
clear
27.27
0.01
-0.09
-0.07
-0.09
-0.08
-0.07
-0.09
-0.12
-0.13
-0.09
-0.15
-0.07
-0.17
-0.22
-0.22
-0.18
-0.18
-0.22
-0.07
-0.09
-0.13
-0.07
-0.09
power
48
16.49
68.54
67.22
67.75
69.37
70.07
70.38
69.42
68.30
68.32
68.76
69.31
69.67
70.17
70.05
69.51
69.21
69.99
69.74
69.38
69.95
70.46
70.38
70.47
clear
29.41
0.15
0.11
0.11
0.07
0.11
0.09
0.16
0.11
0.11
0.09
0.10
0.05
0.12
0.06
0.10
0.10
0.10
0.07
0.07
0.10
0.08
0.14
0.10
power
50
16.41
78.48
80.50
78.83
77.55
78.68
77.88
76.56
74.94
75.34
75.20
75.29
75.94
76.80
77.36
75.76
74.97
74.79
75.63
76.04
74.84
74.82
74.88
74.41
clear
32.03
-0.11
-0.06
-0.04
-0.03
0.00
0.01
-0.03
-0.09
-0.08
-0.07
-0.14
-0.16
-0.14
-0.19
-0.20
-0.22
-0.29
-0.24
-0.33
-0.23
-0.22
-0.24
-0.18
power
52
16.41
81.31
81.74
82.05
81.81
81.62
81.73
81.76
81.66
81.74
83.10
84.18
83.52
83.34
83.06
82.61
83.84
84.26
84.66
84.29
84.54
84.50
84.79
84.69
clear
32.47
0.08
0.13
0.04
0.07
0.02
0.01
0.06
0.12
0.07
0.11
0.15
0.08
0.03
-0.00
0.04
0.01
0.04
-0.01
-0.04
0.00
-0.03
-0.03
0.00
power
54
19.84
89.84
89.27
88.16
88.29
89.72
89.29
89.24
90.08
91.94
91.37
90.37
88.71
90.02
89.70
89.69
88.48
89.13
90.40
90.23
90.32
87.47
88.66
88.89
clear
36.07
-0.27
-0.26
-0.24
-0.22
-0.14
-0.20
-0.24
-0.25
-0.20
-0.29
-0.34
-0.39
-0.34
-0.37
-0.35
-0.33
-0.38
-0.32
-0.25
-0.16
-0.08
-0.04
-0.06
power
56
22.50
98.58
98.27
96.84
96.00
95.69
95.55
94.42
94.53
95.33
94.94
94.82
94.93
94.82
95.69
96.69
96.52
96.45
95.56
97.03
95.65
95.39
95.07
94.97
clear
38.77
-0.08
-0.08
-0.16
-0.15
-0.10
-0.13
-0.19
-0.15
-0.12
-0.15
-0.16
-0.14
-0.19
-0.09
-0.07
-0.19
-0.21
-0.18
-0.21
-0.22
-0.20
-0.19
-0.14
power
58
24.37
105.76
108.29
107.15
106.79
106.45
103.34
103.03
103.14
101.90
103.15
103.98
105.07
104.16
103.39
102.61
101.90
101.29
102.75
103.42
102.45
102.86
101.53
104.80
clear
43.28
0.25
0.25
0.24
0.24
0.24
0.24
0.25
0.25
0.25
0.30
0.23
0.22
0.22
0.17
0.17
0.18
0.22
0.26
0.21
0.25
0.27
0.27
0.34
power
60
24.77
109.32
110.10
109.71
112.30
112.49
111.03
108.24
108.57
109.67
107.21
107.47
108.01
110.95
110.89
111.01
111.08
111.43
110.45
112.24
109.79
110.02
110.22
110.82
clear
45.82
0.00
0.03
0.09
0.01
0.05
-0.03
-0.03
-0.06
-0.05
-0.01
-0.05
-0.03
-0.04
-0.06
0.02
-0.06
-0.03
-0.01
-0.05
-0.11
-0.05
-0.11
-0.13
power
62
20.65
114.83
116.51
117.00
116.80
117.36
116.97
118.19
117.66
117.50
119.17
118.81
118.12
118.49
117.89
117.23
118.30
117.69
118.60
118.01
118.42
117.13
117.03
116.72
clear
48.11
-0.28
-0.28
-0.25
-0.21
-0.25
-0.22
-0.21
-0.22
-0.21
-0.19
-0.24
-0.19
-0.20
-0.19
-0.27
-0.19
-0.22
-0.21
-0.28
-0.31
-0.27
-0.26
-0.24
power
64
24.23
124.10
125.09
126.21
125.75
125.23
123.25
122.64
122.50
123.91
125.67
124.75
124.78
125.46
123.11
124.21
127.29
126.16
128.11
127.80
126.47
126.78
126.19
124.40
clear
52.20
0.09
0.12
0.07
0.05
0.07
0.07
0.04
0.00
0.06
0.10
0.09
0.04
0.08
0.13
0.07
0.12
0.03
0.05
0.07
0.05
0.06
0.00
-0.04
power
66
26.69
134.62
137.55
137.14
137.65
136.29
135.21
135.79
133.03
133.97
134.52
135.24
132.30
132.19
132.13
130.99
132.21
133.08
132.96
133.81
132.81
131.93
131.62
131.34
clear
54.96
-0.29
-0.14
-0.17
-0.19
-0.18
-0.16
-0.19
-0.21
-0.22
-0.17
-0.21
-0.17
-0.13
-0.16
-0.20
-0.16
-0.21
-0.16
-0.20
-0.23
-0.21
-0.19
-0.17
power
68
26.49
138.61
142.69
140.32
143.19
142.95
141.21
139.65
139.78
137.65
137.42
137.61
136.87
135.28
138.20
136.27
142.10
138.30
143.53
147.73
150.23
151.40
150.10
147.82
clear
62.71
8.54
8.55
8.12
7.98
7.89
7.83
7.59
7.23
6.56
6.02
6.24
6.28
6.00
5.82
5.94
5.95
6.13
6.09
6.23
6.53
6.79
6.41
6.29
power
70
14.45
143.91
147.49
146.87
141.44
145.21
143.89
145.62
149.13
147.48
146.82
147.53
147.80
145.74
148.86
149.80
148.03
145.71
143.80
144.27
145.75
147.43
147.71
146.63
clear
56.88
-3.40
-2.99
-2.42
-1.27
-0.47
-0.54
-0.80
-1.12
-1.63
-2.16
-2.49
-2.82
-3.38
-3.63
-4.01
-4.36
-4.61
-4.81
-5.46
-5.71
-5.81
-5.76
-5.07
power
72
26.46
