0.30
0.63
0.62
0.62
0.57
0.82
0.95
1.25
1.42
1.54
1.67
1.71
1.75
1.79
1.80
1.86
1.92
2.03
1.94
1.99
1.99
2.12
2.19
2.15
clear
2.18
2.30
2.26
2.36
2.42
2.35
2.29
2.41
2.79
2.87
2.75
2.84
3.01
3.14
3.12
3.13
3.07
3.15
3.23
3.27
3.13
3.31
3.60
3.76
power
2
-0.06
-0.10
-0.22
-0.28
-0.31
-0.30
-0.34
-0.37
-0.38
-0.28
-0.32
-0.87
-0.84
-0.72
-0.85
-0.90
-0.96
-0.91
-0.85
-0.92
-0.78
-0.77
-0.80
-0.64
clear
-0.57
-0.44
-0.45
-0.46
-0.39
-0.44
-0.45
-0.36
-0.44
-0.42
-0.46
-0.49
-0.50
-0.49
-0.52
-0.44
-0.51
-0.64
-0.53
-0.45
-0.40
-0.28
-0.39
-0.29
power
4
0.04
-0.04
0.07
0.00
-0.02
-0.06
0.03
0.05
-0.03
-0.15
-0.07
-0.02
0.09
0.03
0.05
0.07
0.00
-0.01
0.02
0.01
0.09
0.17
0.19
0.24
clear
0.27
0.40
0.41
0.48
0.51
0.58
0.62
0.65
0.63
0.65
0.72
0.75
0.76
0.79
0.81
0.79
0.94
0.95
0.86
0.93
1.03
1.02
1.10
0.95
power
6
0.05
0.07
0.13
0.15
0.19
0.28
0.29
0.31
0.28
0.32
0.38
0.43
0.47
0.48
0.55
0.49
0.47
0.42
0.49
0.55
0.66
0.73
0.92
0.91
clear
0.95
0.84
0.76
0.82
1.01
1.10
1.22
1.18
1.28
1.34
1.44
1.36
1.37
1.56
1.67
1.78
1.93
1.96
1.92
1.99
2.15
2.10
2.09
2.22
power
8
0.21
0.45
1.02
0.83
1.18
2.03
0.53
2.60
0.69
0.77
2.73
1.01
0.85
0.81
0.74
2.69
0.82
0.76
0.87
0.88
2.52
1.35
1.04
0.94
clear
0.91
1.04
1.04
1.23
1.22
1.26
1.29
1.17
1.17
1.21
1.27
1.29
1.37
1.43
1.56
1.75
1.80
1.78
1.84
1.84
1.91
1.86
1.82
1.90
power
10
0.24
0.39
0.29
0.34
0.40
0.54
0.52
0.66
0.64
0.61
0.68
0.81
0.90
0.87
0.95
1.04
1.09
1.20
1.19
1.26
1.36
1.42
1.48
1.54
clear
1.38
1.51
1.56
1.63
1.77
1.83
1.88
1.80
1.81
1.98
2.01
1.99
2.22
2.19
2.11
2.27
2.38
2.47
2.40
2.25
2.19
2.25
2.18
2.23
power
12
0.38
1.00
1.02
1.11
1.08
1.14
1.21
1.25
1.37
1.52
1.39
1.54
1.56
1.66
1.70
1.63
1.59
1.54
1.75
1.75
1.78
1.76
1.73
1.77
clear
1.28
0.82
0.79
0.73
0.84
0.88
0.89
0.92
0.79
0.97
1.12
1.30
1.29
1.38
1.41
1.49
1.57
1.54
1.67
1.56
1.55
1.60
1.65
1.58
power
14
0.73
2.12
2.27
2.21
2.27
2.18
2.36
2.27
2.36
2.54
2.50
2.45
2.41
2.31
2.35
2.34
2.35
2.25
2.25
2.41
2.42
2.23
2.34
2.40
clear
1.23
0.39
0.22
0.29
0.31
0.33
0.26
0.16
0.22
0.24
0.17
0.23
0.23
0.26
0.27
0.28
0.29
0.41
0.44
0.42
0.44
0.37
0.41
0.52
power
16
1.02
3.34
3.27
3.27
3.34
3.59
3.53
3.48
3.49
3.47
3.42
3.43
3.51
3.23
3.34
3.39
3.37
3.26
3.20
3.31
3.37
3.45
3.39
3.30
clear
1.27
0.04
0.04
0.01
0.07
-0.03
-0.01
-0.03
-0.00
0.08
0.12
0.08
0.21
0.35
0.37
0.31
0.22
0.20
0.15
0.22
0.22
0.30
0.20
0.21
power
18
2.06
5.14
5.02
5.12
5.12
5.06
4.99
5.09
5.38
5.33
5.26
5.16
5.10
4.93
4.95
4.90
5.32
5.28
5.16
5.23
5.40
5.46
5.45
5.35
clear
2.23
0.27
0.34
0.31
0.16
0.05
0.06
0.23
0.24
0.24
0.23
0.29
0.47
0.44
0.45
0.59
0.64
0.64
0.66
0.62
0.66
0.64
0.72
0.67
power
20
2.14
6.70
7.33
7.31
7.31
7.25
7.10
7.19
7.33
7.46
7.35
7.18
7.20
7.20
7.24
7.27
7.40
7.87
7.56
7.42
7.35
7.25
7.38
7.61
clear
3.46
0.33
0.28
0.32
0.36
0.37
0.37
0.45
0.45
0.39
0.40
0.42
0.54
0.67
0.63
0.62
0.62
0.66
0.73
0.71
0.83
0.80
0.82
0.84
power
22
4.30
9.54
9.35
9.41
9.65
9.71
9.80
9.62
9.50
9.51
9.71
9.49
9.62
9.79
9.75
9.55
9.78
9.86
9.95
9.95
9.81
9.87
9.85
9.93
clear
4.19
0.58
0.59
0.64
0.65
0.64
0.71
0.68
0.75
0.85
0.86
0.90
0.88
0.86
0.90
0.94
1.02
1.01
1.01
1.04
1.06
1.13
1.14
1.03
power
24
4.92
12.32
12.09
12.13
12.20
12.15
12.11
12.26
12.19
12.26
12.26
12.32
12.18
12.31
12.16
12.50
12.64
12.43
12.12
12.20
12.29
12.12
12.01
12.38
clear
4.75
0.07
0.06
-0.04
0.01
0.06
0.00
0.07
0.06
0.08
0.05
0.02
0.04
0.02
0.04
0.03
0.02
0.04
-0.01
0.04
-0.02
-0.05
-0.02
-0.01
power
26
6.03
15.08
14.84
14.92
15.29
15.30
15.34
15.29
15.30
14.86
14.93
15.33
15.36
15.27
15.49
15.73
15.66
15.48
15.43
15.40
15.27
15.39
15.28
15.35
clear
6.06
0.09
0.07
0.17
0.16
0.09
0.18
0.21
0.14
0.09
0.12
0.05
0.12
0.08
0.10
0.15
0.08
0.12
0.09
0.02
-0.02
0.07
0.08
0.12
power
28
6.55
18.43
18.22
18.51
18.88
18.73
19.04
18.91
18.50
18.30
18.10
18.11
18.34
18.51
18.43
18.63
18.65
18.70
18.84
18.78
18.50
18.75
18.75
19.15
clear
7.71
0.22
0.33
0.37
0.38
0.41
0.34
0.38
0.42
0.44
0.50
0.48
0.52
0.49
0.48
0.53
0.55
0.52
0.54
0.54
0.51
0.53
0.48
0.40
power
30
8.09
22.06
21.62
21.62
21.40
21.12
21.64
21.87
21.61
21.72
21.70
21.43
21.45
21.52
21.31
21.85
21.14
21.74
22.31
22.34
22.16
22.31
22.25
22.30
clear
9.30
0.14
0.25
0.34
0.31
0.33
0.35
0.39
0.43
0.49
0.58
0.45
0.44
0.42
0.46
0.42
0.39
0.39
0.34
0.28
0.28
0.25
0.23
0.36
power
32
7.93
26.29
26.46
26.39
26.31
26.21
26.31
26.11
25.93
25.64
26.07
26.45
25.88
25.99
25.76
25.76
25.39
25.29
25.70
25.65
25.83
25.82
25.41
25.09
clear
10.24
-0.02
0.02
0.03
0.02
-0.02
-0.02
-0.05
-0.01
-0.04
-0.07
-0.12
-0.23
-0.27
-0.33
-0.35
-0.33
-0.43
-0.49
-0.36
-0.28
-0.25
-0.22
-0.17
power
34
9.60
29.94
29.60
29.87
30.12
29.83
29.63
29.56
29.60
29.23
29.55
29.47
29.57
29.24
29.09
28.81
29.43
29.93
29.65
29.76
29.55
29.31
29.62
29.47
clear
12.45
0.29
0.25
0.20
0.34
0.28
0.32
0.40
0.36
0.43
0.33
0.39
0.40
0.41
0.39
0.36
0.35
0.34
0.33
0.38
0.35
0.34
0.39
0.36
power
36
10.76
34.41
34.53
34.64
34.91
35.43
34.48
34.69
34.62
34.34
34.94
34.46
34.05
33.19
33.90
34.11
34.10
34.36
34.05
33.72
33.74
34.08
34.59
34.97
clear
15.13
-0.01
0.21
0.19
0.21
0.26
0.18
0.23
0.22
0.22
0.13
0.11
0.16
0.17
0.19
0.19
0.06
0.03
0.03
0.09
0.09
0.10
0.10
0.09
power
38
10.30
39.59
39.62
40.26
39.88
39.13
38.74
39.68
39.20
39.68
39.59
38.88
38.92
38.83
38.76
38.67
39.48
39.26
39.40
39.61
39.56
39.01
39.04
39.22
clear
14.56
0.05
0.17
0.14
0.17
0.20
0.25
0.31
0.16
0.19
0.25
0.19
0.30
0.31
0.25
0.16
0.32
0.30
0.35
0.32
0.30
0.31
0.29
0.17
power
40
12.08
43.97
43.34
44.60
44.96
44.55
44.38
44.70
44.98
45.33
45.33
44.91
44.56
44.11
44.33
44.56
44.49
44.17
43.42
43.78
44.02
44.25
45.06
45.18
clear
17.52
0.30
0.25
0.31
0.29
0.35
0.35
0.34
0.29
0.28
0.34
0.40
0.34
0.43
0.42
0.50
0.50
0.51
0.48
0.44
0.47
0.49
0.43
0.51
power
42
11.69
50.68
50.97
50.65
49.65
48.90
48.90
48.03
48.83
49.61
49.37
50.29
49.27
49.68
49.94
50.38
50.70
50.48
50.49
51.16
51.44
51.87
51.05
50.30
clear
19.43
0.44
0.53
0.45
0.55
0.67
0.71
0.72
0.78
0.71
0.73
0.67
0.66
0.67
0.64
0.66
0.64
0.64
0.61
0.55
0.55
0.51
0.44
0.45
power
44
13.27
54.68
54.27
54.40
56.52
56.67
56.23
56.00
56.04
55.43
55.12
55.48
56.19
56.00
54.49
54.00
53.95
53.27
53.03
52.53
52.59
54.67
54.14
54.64
clear
21.46
-1.16
-1.11
-1.04
-1.10
-1.19
-1.18
-1.25
-1.25
-1.27
-1.23
-1.22
-1.30
-1.37
-1.37
-1.41
-1.39
-1.40
-1.44
-1.38
-1.44
-1.50
-1.51
-1.50
power
46
17.45
62.35
62.60
63.44
62.40
60.96
61.27
61.61
61.50
61.35
61.58
60.89
60.74
60.23
60.00
60.49
60.93
60.30
60.39
60.45
60.63
60.31
60.55
61.06
clear
24.61
-0.84
-0.86
-0.89
-1.03
-1.06
-1.02
-1.10
-1.19
-1.36
-1.32
-1.41
-1.27
-1.36
-1.42
-1.39
-1.47
-1.47
-1.50
-1.60
-1.59
-1.63
-1.57
-1.49
power
48
16.86
67.18
67.04
67.40
68.12
68.90
68.65
67.11
66.56
67.00
66.13
65.72
66.19
66.20
65.88
65.39
67.25
67.51
67.77
67.82
68.26
67.46
65.95
65.80
clear
25.56
0.85
0.96
1.03
1.13
1.36
1.36
1.45
1.44
1.46
1.45
1.45
1.49
1.51
1.52
1.51
1.47
1.53
1.57
1.60
1.60
1.52
1.66
1.60
power
50
17.26
73.11
73.22
71.91
71.77
70.90
71.66
71.38
71.52
71.39
72.11
72.30
72.60
72.89
72.57
73.30
73.48
72.30
73.01
73.56
73.99
73.78
74.03
74.73
clear
29.94
0.35
0.38
0.40
0.56
0.53
0.47
0.48
0.47
0.44
0.43
0.48
0.49
0.46
0.48
0.54
0.54
0.53
0.42
0.46
0.52
0.48
0.39
0.33
power
52
18.67
78.35
79.67
81.90
81.67
81.33
80.35
78.52
78.02
80.29
81.18
79.20
79.66
79.91
77.96
78.85
78.05
78.83
77.71
79.11
78.82
80.58
80.52
79.25
clear
31.14
-0.56
-0.50
-0.56
-0.61
-0.54
-0.58
-0.60
-0.68
-0.66
-0.74
-0.75
-0.71
-0.72
-0.81
-0.85
-0.86
-0.91
-0.80
-0.83
-0.86
-0.85
-0.85
-0.89
power
54
21.60
85.59
85.46
87.19
86.79
86.20
87.39
86.97
86.07
85.81
85.58
84.34
84.01
84.14
84.58
84.17
85.41
85.10
84.74
83.10
83.51
85.12
86.11
86.96
clear
35.90
0.54
0.57
0.63
0.76
0.77
0.78
0.79
0.85
0.77
0.80
1.00
0.98
1.00
1.04
1.14
1.14
1.18
1.22
1.25
1.29
1.38
1.42
1.43
power
56
19.69
93.44
94.21
93.89
93.93
92.49
92.13
93.55
92.08
92.55
92.25
94.21
95.72
93.99
94.64
95.32
95.17
95.88
95.89
95.14
95.82
95.11
94.54
95.21
clear
39.48
-0.11
-0.10
-0.06
-0.06
-0.11
-0.09
-0.15
-0.17
-0.23
-0.26
-0.25
-0.29
-0.33
-0.37
-0.49
-0.50
-0.56
-0.60
-0.66
-0.69
-0.76
-0.90
-1.01
power
58
22.86
99.17
101.77
102.00
101.28
100.17
99.93
99.18
96.84
98.04
98.05
98.80
98.25
98.60
98.81
97.78
98.60
99.47
100.07
100.18
99.18
99.14
97.75
98.14
clear
40.27
-0.72
-0.68
-0.66
-0.71
-0.76
-0.87
-0.94
-0.96
-1.03
-1.12
-1.22
-1.12
-1.11
-1.10
-1.15
-1.18
-1.15
-1.16
-1.15
-1.24
-1.25
-1.31
-1.30
power
60
23.56
105.20
106.25
106.84
107.48
106.35
106.12
104.14
103.66
103.46
104.38
104.35
104.98
105.49
105.64
105.70
105.25
104.36
105.29
103.93
104.14
105.41
105.98
105.57
clear
39.38
-0.99
-0.76
-0.77
-0.74
-0.81
-0.79
-0.81
-0.92
-0.95
-1.01
-0.98
-1.09
-1.10
-1.09
-1.06
-1.16
-1.12
-1.24
-1.27
-1.24
-1.25
-1.25
-1.32
power
62
23.86
110.64
111.76
111.93
111.41
111.98
111.65
111.87
110.40
109.42
111.54
111.63
114.64
114.23
115.12
114.67
114.54
114.88
114.25
113.86
113.37
113.67
112.93
112.56
clear
43.44
0.46
0.39
0.50
0.56
0.70
0.87
0.98
1.14
1.49
1.68
1.75
1.80
1.81
1.87
1.99
2.02
2.05
2.16
2.19
2.28
2.33
2.32
2.45
power
64
24.67
121.33
122.78
123.40
124.68
123.97
122.32
122.53
121.77
119.77
117.68
120.03
120.36
121.60
121.42
119.88
120.39
121.31
121.31
121.16
120.02
120.10
120.54
121.28
clear
48.06
0.01
-0.03
-0.07
-0.08
-0.10
-0.14
-0.19
-0.27
-0.28
-0.34
-0.40
-0.40
-0.43
-0.53
-0.66
-0.57
-0.51
-0.40
-0.34
-0.33
-0.26
-0.21
-0.21
power
66
26.94
128.50
130.01
130.38
129.70
128.71
128.66
126.43
126.54
125.74
123.12
124.63
124.11
124.95
124.47
124.58
123.93
124.87
125.54
127.71
126.87
127.21
127.43
126.58
clear
48.44
-3.95
-3.84
-3.84
-3.86
-3.77
-3.65
-3.61
-3.40
-3.37
-3.46
-3.36
-3.34
-3.39
-3.35
-3.16
-3.09
-3.03
-2.93
-2.89
-2.84
-2.94
-2.81
-2.82
power
68
26.74
135.56
136.70
137.14
138.76
137.52
136.55
137.39
137.19
137.22
136.73
137.26
137.28
136.11
135.58
136.81
136.26
137.54
136.81
136.23
135.95
134.96
135.71
133.99
clear
55.79
0.43
0.52
0.55
0.55
0.58
0.47
0.45
0.44
0.45
0.51
0.44
0.38
0.25
0.24
0.15
0.07
0.01
-0.05
-0.06
-0.06
-0.01
-0.02
-0.13
power
70
31.30
142.86
146.02
145.57
145.01
143.09
142.94
141.65
141.69
142.89
141.51
140.84
140.57
140.43
141.50
142.34
142.50
141.02
139.36
141.07
140.72
140.69
141.86
141.20
clear
53.56
-1.28
-1.42
-1.50
-1.62
-1.60
-1.59
-1.65
-1.68
-1.73
-1.88
-1.87
-1.88
-1.90
-1.93
-1.90
-1.93
-1.96
-1.97
-2.07
-2.07
-2.08
-2.19
-2.11
power
72
30.72
151.53
154.92
152.84
152.17
150.61
149.75
150.48
148.60
149.65
149.07
150.40
149.97
149.88
150.12
148.58
149.44
148.66
148.26
148.01
148.28
147.76
147.68
146.98
clear
57.21
-1.91
-1.88
-1.90
-1.91
-1.84
-2.03
-2.09
-2.16
-2.13
-2.19
-2.26
-2.20
-2.14
-2.32
-2.31
-2.32
-2.39
-2.39
-2.38
