1.44
1.29
1.16
1.07
0.99
1.06
1.04
1.06
1.09
1.21
1.32
1.42
1.70
1.81
1.93
clear
1.79
1.74
1.83
1.83
1.87
1.84
1.76
1.78
1.73
1.84
2.02
1.99
1.79
1.98
2.10
2.30
2.50
2.41
2.33
2.22
2.12
1.95
1.90
1.80
power
2
-0.04
-0.06
-0.10
0.02
-0.01
0.14
0.15
0.01
-0.02
0.07
-0.04
-0.05
-0.07
-0.18
-0.25
-0.30
-0.29
-0.45
-0.32
-0.12
-0.05
-0.02
0.02
0.04
clear
-0.03
-0.08
-0.18
-0.21
-0.33
-0.32
-0.29
-0.24
-0.16
-0.16
-0.22
-0.31
-0.42
-0.44
-0.52
-0.59
-0.51
-0.57
-0.52
-0.51
-0.35
-0.26
-0.13
0.12
power
4
0.20
0.16
0.00
-0.13
-0.12
-0.24
-0.32
-0.27
-0.35
-0.41
-0.46
-0.46
-0.17
-0.05
0.05
0.18
0.25
0.13
0.28
0.34
0.43
0.44
0.45
0.39
clear
0.49
0.45
0.30
0.11
0.07
0.05
0.00
-0.04
-0.14
-0.12
0.03
0.18
0.19
0.27
0.24
0.18
0.02
-0.05
-0.08
0.07
0.06
0.03
-0.05
-0.06
power
6
0.05
0.11
0.18
0.13
0.23
0.27
0.27
0.43
0.52
0.74
0.83
0.87
0.91
0.95
0.99
0.75
0.69
0.65
0.59
0.57
0.57
0.68
0.76
0.77
clear
0.72
0.77
0.74
0.59
0.53
0.68
0.58
0.59
0.52
0.50
0.66
0.65
0.59
0.62
0.65
0.76
0.68
0.54
0.57
0.54
0.66
0.64
0.54
0.66
power
8
0.49
0.64
1.48
2.03
2.49
0.29
1.35
1.82
-0.14
-0.23
2.49
-0.37
-0.40
-0.31
2.51
0.21
-0.30
-0.45
-0.44
-0.44
2.93
-0.56
-0.52
-0.65
clear
-0.63
-0.49
-0.51
-0.48
-0.28
0.01
-0.06
-0.24
-0.36
-0.30
-0.20
-0.14
-0.17
-0.13
-0.25
-0.23
-0.29
-0.07
0.07
0.14
0.18
0.20
0.10
0.11
power
10
0.84
1.14
0.78
0.74
0.59
0.51
0.48
0.49
0.29
0.30
0.31
0.24
0.37
0.31
0.27
0.22
0.19
0.18
-0.01
-0.11
-0.14
-0.12
-0.17
-0.10
clear
-0.34
-0.39
-0.20
-0.08
-0.02
-0.08
-0.11
-0.12
-0.07
0.03
0.01
-0.05
-0.13
0.00
0.03
0.02
-0.04
-0.01
-0.01
0.02
-0.03
-0.06
-0.07
-0.09
power
12
0.48
1.25
1.38
1.40
1.35
1.28
1.19
1.14
1.43
1.32
1.32
1.23
1.26
1.26
1.16
1.16
1.10
1.07
1.04
1.06
1.03
1.03
1.01
0.96
clear
0.11
-0.49
-0.46
-0.49
-0.45
-0.45
-0.45
-0.48
-0.48
-0.56
-0.52
-0.49
-0.36
0.09
0.06
0.14
0.18
0.01
0.10
0.09
-0.06
-0.14
-0.12
-0.01
power
14
0.89
2.98
2.86
2.76
2.64
2.59
2.63
2.58
2.50
2.55
2.53
2.42
2.50
2.78
2.78
2.65
2.64
2.59
2.59
2.50
2.40
2.36
2.27
2.27
clear
0.36
-0.97
-0.86
-0.93
-0.72
-0.71
-0.94
-0.85
-0.80
-0.74
-0.83
-0.77
-0.52
-0.26
-0.02
0.07
0.01
-0.09
-0.13
-0.33
-0.33
-0.19
-0.08
-0.11
power
16
2.26
5.14
5.17
4.95
4.84
5.01
4.83
4.67
4.52
4.60
4.57
4.38
4.43
4.49
4.40
4.33
4.33
4.46
4.35
4.16
4.22
4.17
4.21
4.25
clear
0.88
-1.37
-1.31
-1.38
-1.45
-1.49
-1.63
-1.76
-1.63
-1.36
-1.16
-1.18
-1.38
-1.37
-1.34
-1.44
-1.34
-1.08
-1.02
-0.98
-0.96
-0.92
-0.89
-0.74
power
18
3.54
8.19
7.90
7.61
7.58
7.40
7.49
7.68
7.76
7.83
7.67
7.62
7.63
7.55
7.33
7.30
7.21
7.40
7.40
7.25
7.18
6.70
7.04
7.28
clear
2.99
-0.41
-0.35
-0.35
-0.19
-0.02
-0.05
-0.18
-0.22
-0.12
0.08
0.08
0.32
0.55
0.78
0.69
0.65
0.78
0.77
0.92
0.97
1.03
1.08
1.06
power
20
4.74
10.19
9.70
9.58
9.48
9.57
9.51
9.56
9.32
9.13
8.96
8.85
8.62
8.47
8.80
8.57
8.68
8.65
8.25
8.25
8.49
8.45
8.76
8.47
clear
2.34
-1.93
-2.00
-1.90
-1.84
-1.75
-1.84
-1.97
-1.99
-2.05
-2.14
-2.25
-2.18
-2.07
-1.98
-1.88
-1.65
-1.62
-1.60
-1.70
-1.75
-1.72
-1.57
-1.42
power
22
5.05
14.14
14.07
13.91
13.70
13.62
13.53
13.20
13.30
13.36
13.71
14.05
13.54
13.47
13.63
13.59
13.67
13.58
13.60
13.62
13.84
13.92
14.08
13.88
clear
5.14
-0.64
-0.54
-0.51
-0.57
-0.56
-0.57
-0.55
-0.57
-0.53
-0.54
-0.64
-0.56
-0.43
-0.46
-0.54
-0.57
-0.55
-0.41
-0.27
-0.25
-0.19
-0.31
-0.36
power
24
8.59
17.62
17.10
17.14
17.06
17.04
17.36
17.85
17.41
17.24
16.98
17.19
17.18
17.24
17.70
17.94
17.96
17.65
17.84
17.99
18.08
18.00
17.76
17.61
clear
6.76
-0.20
-0.25
-0.20
-0.25
-0.32
-0.35
-0.27
-0.20
-0.28
-0.23
-0.25
-0.20
-0.26
-0.16
-0.16
-0.11
-0.04
0.15
0.14
0.05
0.14
0.13
0.09
power
26
8.28
21.60
21.43
21.79
21.49
21.19
21.48
22.00
21.68
21.23
21.01
20.74
20.70
21.07
21.35
21.62
21.31
21.06
20.84
21.28
21.45
21.63
21.79
21.89
clear
8.92
-0.54
-0.59
-0.59
-0.65
-0.56
-0.56
-0.51
-0.55
-0.50
-0.54
-0.57
-0.49
-0.48
-0.53
-0.51
-0.61
-0.64
-0.62
-0.60
-0.56
-0.67
-0.55
-0.47
power
28
10.15
26.49
26.54
26.54
26.26
26.16
25.83
26.08
26.70
26.39
26.23
26.00
25.99
26.44
26.38
26.46
26.61
26.86
26.46
26.39
26.58
26.99
27.25
26.78
clear
10.51
-0.12
0.00
-0.10
-0.20
-0.15
-0.21
-0.26
-0.18
-0.12
-0.15
-0.12
-0.18
-0.23
-0.25
-0.21
-0.22
-0.25
-0.20
-0.23
-0.27
-0.23
-0.15
-0.17
power
30
10.52
30.99
30.90
30.49
31.02
31.24
30.93
30.80
30.57
31.07
30.98
31.06
30.75
30.17
30.22
30.59
31.63
31.54
31.36
30.70
31.65
31.50
31.40
31.33
clear
12.45
0.04
0.03
-0.02
0.00
-0.02
0.02
-0.09
-0.11
-0.07
-0.08
-0.14
-0.07
-0.09
-0.11
-0.14
-0.09
-0.03
0.09
0.11
0.24
0.30
0.36
0.35
power
32
11.77
36.65
36.46
36.35
36.08
35.61
34.97
35.30
35.48
35.52
35.76
35.94
35.56
35.80
35.19
34.73
34.97
36.03
36.42
37.03
36.32
36.26
36.58
36.56
clear
14.60
-0.94
-0.91
-0.92
-0.98
-1.01
-1.01
-1.02
-1.00
-0.91
-0.94
-0.89
-0.96
-0.86
-0.81
-0.86
-0.84
-0.93
-0.97
-1.00
-0.95
-0.84
-0.81
-0.79
power
34
13.94
42.36
42.80
42.79
42.67
42.88
42.35
42.43
42.26
42.36
42.15
42.37
41.98
41.52
41.24
42.30
42.46
41.97
41.50
41.68
42.80
42.25
42.42
42.25
clear
16.81
-0.10
-0.04
-0.06
-0.09
-0.14
-0.13
-0.04
-0.06
0.05
0.07
0.16
0.19
0.14
0.10
0.14
0.12
-0.02
-0.04
-0.07
-0.11
0.03
0.19
0.20
power
36
15.74
48.21
48.32
48.50
47.74
48.19
48.52
48.35
48.75
48.40
48.35
47.98
48.33
47.84
48.27
48.37
48.26
47.74
47.88
47.88
48.53
48.10
47.90
47.76
clear
20.28
-0.43
-0.46
-0.44
-0.45
-0.50
-0.55
-0.52
-0.53
-0.41
-0.37
-0.32
-0.27
-0.28
-0.23
-0.32
-0.28
-0.30
-0.16
-0.21
-0.18
-0.15
-0.12
-0.11
power
38
16.03
54.84
54.66
53.96
54.03
53.91
53.93
53.98
53.88
52.98
53.15
53.87
54.01
53.93
53.51
53.05
52.94
52.86
53.37
53.62
53.43
53.25
53.78
53.66
clear
21.14
-0.29
-0.20
-0.23
-0.23
-0.16
-0.17
-0.17
-0.23
-0.19
-0.12
-0.25
-0.22
-0.25
-0.21
-0.19
-0.15
-0.11
-0.10
0.00
-0.01
0.04
0.13
0.22
power
40
16.08
60.87
60.52
60.37
60.63
60.61
60.40
60.17
60.44
60.85
60.89
61.21
61.19
60.77
60.97
60.68
60.95
60.15
60.61
60.56
60.19
59.32
59.18
59.66
clear
22.50
-0.49
-0.54
-0.52
-0.59
-0.55
-0.54
-0.46
-0.44
-0.53
-0.47
-0.44
-0.41
-0.39
-0.43
-0.42
-0.33
-0.23
-0.30
-0.38
-0.32
-0.10
0.11
0.06
power
42
18.02
67.59
67.57
67.17
67.15
66.65
66.80
66.76
66.35
66.89
66.81
66.78
67.54
67.93
68.50
68.33
67.63
67.67
67.98
67.37
67.16
68.16
68.07
67.33
clear
26.68
-0.62
-0.61
-0.63
-0.68
-0.66
-0.65
-0.63
-0.68
-0.78
-0.72
-0.69
-0.65
-0.69
-0.69
-0.72
-0.64
-0.62
-0.61
-0.41
-0.13
-0.02
-0.07
-0.01
power
44
21.19
75.66
75.67
75.32
74.67
74.15
74.17
74.49
75.06
75.80
75.85
75.82
75.54
74.97
75.11
74.87
75.68
75.14
75.29
75.47
74.75
73.75
73.48
75.01
clear
28.45
-0.69
-0.58
-0.63
-0.71
-0.72
-0.67
-0.49
-0.55
0.04
0.27
0.15
0.10
0.12
0.06
-0.12
-0.09
-0.13
-0.24
-0.19
-0.33
-0.41
-0.30
-0.06
power
4
-0.03
0.03
0.11
0.25
0.10
0.01
-0.11
-0.10
-0.16
-0.11
-0.22
-0.13
-0.06
-0.04
0.06
0.02
-0.10
-0.27
-0.34
-0.35
-0.42
-0.58
-0.54
-0.68
clear
-0.66
-0.75
-0.75
-0.81
-0.83
-0.85
-0.99
-0.95
-0.89
-0.88
-0.92
-0.94
-0.98
-0.91
-0.79
-0.86
-0.96
-0.94
-0.77
-0.64
-0.48
-0.40
-0.41
-0.50
power
6
-0.25
-0.33
-0.56
-0.87
-7.77
-14.77
-15.06
-15.27
-15.41
-15.37
-15.55
-15.34
-15.36
-15.21
-14.72
-14.39
-14.08
-13.52
-12.75
-13.05
-13.44
-13.01
-11.21
-9.37
clear
-8.71
-7.81
-7.76
-5.97
-1.80
-0.40
-0.24
-0.08
-0.12
-0.25
-0.26
-0.12
-0.27
-0.10
0.12
0.22
0.13
0.21
0.48
0.84
0.73
0.57
0.45
0.37
power
8
0.22
0.18
0.77
1.33
1.42
-1.08
1.00
-0.98
-1.28
-0.86
2.44
-1.15
-1.09
-1.07
1.69
-1.08
-1.32
-1.38
-1.33
-1.23
1.54
-1.44
-1.63
-1.67
clear
-1.62
-2.07
-2.89
-2.76
-2.70
-2.90
-2.83
-2.73
-2.84
-2.59
-2.48
-2.63
-2.67
-2.67
-2.74
-2.59
-2.49
-2.33
-2.37
-2.44
-2.42
-2.32
-2.32
-2.38
power
10
0.61
0.93
0.64
0.68
0.77
0.86
1.02
1.17
1.26
1.51
1.44
1.26
1.19
1.13
1.10
1.01
1.04
1.08
1.15
1.05
0.96
0.96
1.00
1.02
clear
0.83
0.89
0.88
0.86
0.86
0.84
0.77
0.85
0.85
0.88
0.83
0.76
0.62
0.71
0.66
0.68
0.68
0.66
0.69
0.64
0.62
0.53
0.60
0.52
power
12
0.37
1.26
1.39
1.57
1.47
1.59
1.55
1.58
1.53
1.50
1.37
1.39
0.95
0.75
0.61
0.59
0.66
0.58
0.68
0.53
0.46
0.42
0.56
0.56
clear
-0.32
-0.98
-0.62
-0.36
-0.34
-0.26
-0.38
-0.36
-0.22
0.12
0.07
0.09
0.08
0.00
0.06
0.38
0.56
0.61
0.62
0.43
0.18
0.14
0.13
-0.18
power
14
1.40
3.22
3.10
3.03
2.90
2.98
2.68
2.72
2.65
2.55
2.58
2.47
2.38
2.52
2.38
2.47
2.47
2.53
2.42
2.28
2.29
2.18
2.12
2.18
clear
0.47
-0.95
-0.93
-0.72
-0.41
-0.29
-0.29
-0.40
-0.42
-0.53
-0.54
-0.52
-0.49
-0.34
-0.10
0.04
0.02
-0.05
-0.20
-0.29
-0.32
-0.37
-0.38
-0.35
power
16
2.20
4.77
4.70
4.78
4.83
4.67
4.56
4.44
4.40
4.33
4.43
4.45
4.59
4.46
4.36
4.30
4.30
4.35
4.36
4.24
4.27
4.27
4.25
4.37
clear
1.04
-1.01
-0.81
-0.82
-0.78
-0.57
-0.60
-0.52
-0.60
-0.71
-0.72
-0.59
-0.20
-0.23
-0.46
-0.53
-0.41
-0.40
-0.29
-0.42
-0.46
-0.43
-0.49
-0.49
power
18
2.61
7.65
7.51
7.56
7.53
7.63
7.37
7.37
7.28
7.15
7.14
7.03
7.10
7.10
7.23
7.24
7.11
6.96
6.69
6.72
6.83
6.68
6.79
6.73
clear
2.04
-0.64
-0.52
-0.53
-0.52
-0.53
-0.73
-0.63
-0.58
-0.66
-0.62
-0.68
-0.61
-0.59
-0.63
-0.57
-0.49
-0.54
-0.38
-0.15
-0.13
-0.11
0.02
0.12
power
20
4.70
10.31
10.03
9.93
9.89
9.92
9.97
9.49
9.66
9.73
9.75
9.57
9.48
9.64
9.82
9.71
9.72
9.40
9.51
9.68
9.87
10.12
9.75
9.93
clear
3.59
-0.44
-0.50
-0.53
-0.38
-0.36
-0.41
-0.31
-0.20
0.02
0.05
-0.07
0.01
0.13
0.15
0.30
0.30
0.20
0.21
0.20
0.23
0.41
0.64
0.60
power
22
6.16
13.41
13.43
13.38
13.17
13.25
13.10
13.25
12.79
13.21
13.33
13.33
13.06
12.83
12.78
13.56
13.43
13.32
13.48
13.24
13.25
13.21
13.02
13.47
clear
4.73
-0.63
-0.51
-0.57
-0.78
-0.71
-0.53
-0.69
-0.74
-0.78
-0.72
-0.76
-0.67
-0.61
-0.64
-0.58
-0.68
-0.58
-0.62
-0.63
-0.60
-0.59
-0.47
-0.36
power
24
7.70
17.29
17.10
17.14
16.82
17.01
17.38
17.23
16.72
16.61
16.50
16.62
17.03
17.16
17.10
16.98
16.99
17.19
17.60
17.54
17.18
16.92
17.06
17.60
clear
5.93
-0.52
-0.54
-0.55
-0.52
-0.45
-0.40
-0.35
-0.31
-0.16
-0.14
-0.17
-0.11
-0.04
0.04
0.20
0.39
0.31
0.23
0.16
0.19
0.15
0.23
0.18
power
26
8.56
21.12
20.87
21.11
20.95
21.07
21.20
21.34
21.22
20.58
20.51
21.08
21.29
20.96
20.59
20.62
20.31
19.91
19.90
19.59
18.91
19.05
18.96
18.63
clear
6.71
-2.40
-2.43
-2.30
-2.32
-2.32
-2.38
-2.49
-2.29
-2.25
-2.25
-1.98
-1.45
-0.64
-0.72
-0.66
-0.68
-0.63
-0.65
-0.47
-0.38
-0.32
-0.26
-0.18
power
28
9.73
26.11
25.65
25.47
25.01
25.38
25.37
25.94
25.39
25.75
25.43
25.67
26.28
25.70
25.78
25.83
25.68
26.26
27.29
26.65
26.34
25.63
25.71
26.04
clear
10.70
-0.46
-0.49
-0.51
-0.50
-0.44
-0.31
-0.30
-0.27
-0.24
-0.07
-0.04
-0.27
-0.17
-0.22
-0.27
-0.29
-0.20
-0.17
-0.22
-0.20
-0.27
-0.28
-0.20
power
30
10.88
30.94
30.74
30.38
30.54
30.82
30.34
30.45
30.62
30.52
30.03
29.08
29.62
29.53
30.05
30.53
31.23
30.77
31.38
31.33
30.99
30.47
30.43
31.20
clear
11.91
-0.60
-0.51
-0.51
-0.53
-0.56
-0.52
-0.55
-0.59
-0.53
-0.46
-0.50
-0.51
-0.47
-0.53
-0.50
-0.43
-0.37
-0.38
-0.33
-0.32
-0.31
-0.31
-0.23
power
32
8.37
36.08
35.94
36.38
36.17
35.87
35.46
35.52
35.88
35.75
35.06
35.53
35.86
36.03
35.58
35.34
35.48
36.56
37.08
36.75
36.45
36.24
35.64
36.11
clear
13.64
-0.38
-0.39
-0.38
-0.40
-0.42
-0.41
-0.36
-0.31
-0.28
-0.23
-0.25
-0.16
-0.01
0.21
0.30
0.29
0.24
0.27
0.27
0.26
0.17
0.14
0.24
power
34
12.72
41.91
41.50
41.40
41.21
41.41
41.37
41.50
41.47
41.39
41.06
41.06
40.93
41.29
41.15
40.63
41.19
41.01
41.82
42.30
42.15
41.68
41.24
40.71
clear
14.83
-0.54
-0.55
-0.50
-0.53
-0.58
-0.59
-0.64
-0.53
-0.46
-0.43
-0.44
-0.39
-0.45
-0.42
-0.43
-0.39
-0.51
-0.44
-0.48
-0.47
-0.43
-0.43
-0.36
power
36
14.49
48.50
48.39
48.24
47.95
47.86
47.58
47.19
47.55
47.45
47.58
47.73
48.03
47.61
46.86
46.93
47.94
48.70
48.12
47.92
47.47
47.43
47.31
47.39
clear
19.62
-0.34
-0.33
-0.31
-0.28
-0.33
-0.25
-0.29
-0.28
-0.29
-0.35
-0.32
-0.30
-0.31
-0.29
-0.31
-0.21
-0.00
-0.01
-0.12
-0.32
-0.27
-0.23
-0.22
power
38
17.41
54.09
54.59
55.09
55.00
54.75
54.11
53.62
53.59
53.38
53.67
53.84
54.17
54.36
54.43
54.77
55.11
54.31
53.42
53.21
53.99
54.81
55.85
55.61
clear
22.27
-0.54
-0.42
-0.52
-0.44
-0.48
-0.46
-0.56
-0.58
-0.52
-0.43
-0.41
-0.43
-0.40
-0.36
-0.30
-0.27
-0.30
-0.28
-0.35
-0.36
-0.43
-0.40
-0.43
power
40
18.75
60.96
61.23
60.98
61.37
60.70
59.79
59.84
60.05
59.80
60.07
59.81
59.65
59.13
60.18
60.90
60.63
60.19
61.04
61.47
60.48
60.42
61.75
62.38
clear
24.65
-0.40
-0.42
-0.39
-0.36
-0.41
-0.40
-0.38
-0.41
-0.36
-0.44
-0.47
-0.39
-0.43
-0.32
-0.35
-0.26
-0.24
-0.25
-0.30
-0.19
-0.17
-0.15
-0.17
power
42
18.06
68.55
69.00
68.30
68.15
67.63
67.92
68.07
68.02
67.71
67.84
68.41
69.05
68.03
67.15
66.90
67.45
67.19
66.76
67.50
68.19
68.48
68.63
68.46
clear
25.86
-0.31
-0.27
-0.27
-0.26
-0.26
-0.26
-0.28
-0.29
-0.24
-0.23
-0.26
-0.30
-0.20
-0.26
-0.22
-0.30
-0.26
-0.20
-0.17
-0.44
-0.41
-0.32
-0.29
power
44
18.17
75.34
75.61
75.01
74.41
74.88
75.32
75.34
75.27
75.21
74.14
74.41
74.32
74.24
73.94
73.65
73.83
73.52
73.81
74.70
74.51
74.26
74.10
74.70
clear
31.51
-0.19
-0.15
-0.17
-0.21
-0.12
-0.11
-0.17
-0.16
-0.12
-0.15
-0.15
-0.19
-0.20
-0.22
-0.15
-0.11
-0.09
-0.07
-0.09
-0.25
-0.23
-0.13
-0.16
power
46
20.37
82.27
84.02
84.10
84.56
84.23
83.66
83.35
83.09
82.36
82.50
82.44
82.64
83.11
82.61
81.58
81.20
81.60
81.50
81.17
81.02
80.79
80.88
80.99
clear
33.04
-0.21
-0.14
-0.14
-0.17
-0.13
-0.07
-0.09
-0.14
-0.13
-0.10
-0.15
-0.07
-0.06
-0.06
-0.16
-0.18
-0.25
-0.40
-0.25
-0.22
-0.10
-0.10
-0.12
power
48
25.51
91.19
91.00
91.28
90.87
90.20
89.96
89.40
89.60
89.91
88.74
88.69
88.81
88.68
88.93
89.00
87.16
89.10
89.32
89.60
89.15
89.08
89.07
90.02
clear
36.26
-0.07
-0.15
-0.13
-0.13
-0.15
-0.09
-0.04
-0.05
-0.04
-0.04
0.01
0.03
0.03
0.04
0.06
0.04
0.07
0.03
0.09
0.04
-0.02
-0.03
-0.02
power
50
23.53
99.15
98.96
98.19
97.95
98.41
98.30
98.63
98.00
97.97
97.34
97.60
97.80
97.76
97.30
96.84
97.52
97.63
97.52
97.13
98.01
97.41
96.50
96.47
clear
37.03
-0.24
-0.20
-0.20
-0.14
-0.14
-0.20
-0.14
-0.11
-0.10
-0.12
-0.14
-0.14
-0.09
-0.07
-0.02
0.01
-0.02
-0.13
-0.11
-0.16
-0.15
-0.10
-0.04
power
52
23.79
107.78
107.72
107.34
106.42
106.39
106.65
106.89
106.00
105.94
105.80
105.23
106.12
106.32
106.12
105.35
105.28
105.30
105.47
105.08
105.31
106.01
105.72
105.51
clear
43.30
-0.26
-0.36
-0.35
-0.30
-0.35
-0.34
-0.29
-0.31
-0.34
-0.24
-0.33
-0.35
-0.35
-0.54
-0.50
-0.54
-0.49
-0.37
-0.36
-0.38
-0.43
-0.35
-0.28
power
54
26.99
116.72
116.71
117.80
117.83
116.46
115.84
115.41
115.59
115.46
115.34
115.34
114.42
113.87
113.80
114.12
113.91
114.82
114.61
115.07
114.83
114.34
114.88
114.90
clear
44.05
-0.02
0.07
0.09
-0.00
0.04
0.12
0.08
0.06
0.02
0.10
0.10
0.11
0.12
0.09
0.07
0.03
0.06
0.15
0.17
0.18
0.29
0.24
0.19
power
56
31.39
125.67
125.54
125.50
125.94
124.96
124.13
123.44
123.10
122.17
124.33
123.50
122.79
123.66
122.90
123.73
124.39
125.04
124.43
124.41
124.05
123.33
123.35
123.55
clear
48.58
-0.19
-0.10
-0.04
-0.03
-0.01
-0.03
-0.03
0.00
0.04
-0.01
-0.05
-0.09
-0.09
-0.07
-0.09
-0.10
-0.11
-0.13
-0.10
-0.08
0.02
0.00
0.05
power
58
14.25
129.31
133.82
133.81
132.14
132.04
131.65
131.61
130.96
130.10
130.23
129.52
129.75
129.94
130.16
130.77
131.60
132.11
132.26
131.93
131.25
132.11
132.04
132.86
clear
54.84
-0.16
-0.11
-0.07
-0.04
-0.04
-0.05
0.00
-0.05
-0.00
-0.03
-0.01
0.04
0.02
0.04
0.02
0.11
0.14
0.17
0.19
0.25
0.33
0.38
0.47
power
60
13.49
135.69
138.34
138.11
138.73
137.87
138.11
137.70
138.50
137.89
137.04
136.01
135.47
135.57
135.02
134.92
135.43
136.02
136.80
136.93
135.69
137.08
136.90
136.78
clear
52.58
-0.78
-0.69
-0.66
-0.68
-0.62
-0.64
-0.65
-0.58
-0.59
-0.55
-0.52
-0.51
-0.58
-0.60
-0.56
-0.63
-0.62
-0.66
-0.70
-0.68
-0.69
-0.75
-0.74
power
62
34.98
148.53
148.89
148.39
149.38
147.83
146.82
146.51
146.20
144.95
145.75
145.37
145.98
145.41
145.22
145.42
145.23
145.23
144.74
144.23
143.71
142.58
142.70
143.62
clear
57.67
-0.00
0.04
0.02
0.01
0.04
0.07
0.11
0.05
0.00
-0.01
0.07
-0.08
0.05
0.04
0.01
0.13
0.07
0.11
0.07
0.14
0.12
0.40
0.39
power
64
31.89
154.66
155.00
154.52
153.57
153.56
153.63
154.27
153.33
152.82
152.56
154.07
153.72
152.69
152.93
152.33
152.52
152.81
152.74
152.87
153.63
153.28
153.38
152.80
clear
64.40
-0.35
-0.35
-0.28
-0.26
-0.25
-0.32
-0.32
-0.28
-0.26
-0.32
-0.32
-0.33
-0.24
-0.29
-0.32
-0.32
-0.34
-0.31
-0.27
-0.28
-0.22
-0.12
-0.00
power
66
37.42
164.51
164.77
164.34
165.86
165.44
164.17
163.69
165.09
163.73
163.97
163.62
164.43
163.77
164.85
164.16
162.93
162.07
162.02
162.40
161.58
160.65
160.99
161.14
clear
63.85
-0.45
-0.30
-0.29
-0.24
-0.24
-0.33
-0.34
-0.18
-0.13
-0.16
-0.19
-0.14
-0.12
-0.16
-0.21
-0.18
-0.22
-0.19
-0.17
-0.10
-0.00
-0.14
-0.13
power
68
35.97
173.68
176.51
175.71
175.85
175.11
174.82
174.02
174.43
173.42
173.40
173.29
172.74
174.41
173.55
172.61
172.43
171.70
171.82
172.30
172.01
172.05
171.23
171.06
clear
70.83
-0.24
-0.19
-0.16
-0.20
-0.23
-0.24
-0.24
-0.19
-0.15
-0.14
-0.12
-0.12
-0.09
-0.10
-0.06
-0.10
-0.03
-0.14
-0.12
-0.12
-0.10
-0.17
-0.19
power
70
29.29
180.88
183.38
182.65
183.75
183.80
183.85
183.87
184.61
184.27
185.39
184.30
182.62
181.90
181.33
181.10
181.89
181.35
181.10
181.95
182.73
181.20
180.84
181.13
clear
71.70
0.19
0.21
0.27
0.26
0.22
0.30
0.28
0.26
0.31
0.21
0.15
0.21
0.20
0.31
0.27
0.26
0.20
0.26
0.26
0.26
0.26
0.33
0.25
power
72
39.09
192.13
193.07
192.54
192.36
137.73
16.29
-4.62
-8.23
-8.68
