-0.69
-0.66
-0.60
-0.64
-0.62
-0.59
-0.59
-0.61
clear
-0.74
-0.63
-0.62
-0.61
-0.63
-0.57
-0.59
-0.55
-0.57
-0.54
-0.57
-0.63
-0.61
-0.59
-0.68
-0.72
-0.75
-0.78
-0.75
-0.73
-0.76
-0.77
-0.78
-0.78
power
2
0.16
0.21
0.27
0.25
0.24
0.20
0.20
0.24
0.18
0.15
0.18
0.13
0.12
0.12
0.15
0.03
0.01
0.12
-0.00
0.08
0.10
0.10
0.12
0.09
clear
0.11
0.08
-0.00
0.01
0.02
0.04
0.03
0.02
0.04
-0.06
-0.07
0.00
0.02
0.02
0.09
-0.09
-0.04
0.01
-0.01
-0.08
-0.07
0.03
0.03
-0.00
power
4
-0.00
0.01
0.01
0.03
-0.02
-0.14
-0.13
-0.06
-0.16
-0.10
-0.10
-0.00
0.09
0.06
0.08
0.16
0.17
0.13
0.03
0.13
0.17
0.15
0.16
0.02
clear
0.02
0.12
0.13
0.17
0.10
0.10
0.08
0.11
0.15
0.07
-0.03
0.06
0.09
0.18
0.19
0.11
0.10
0.08
0.19
0.25
0.28
0.24
0.31
0.22
power
6
-0.06
-0.05
-0.03
0.02
-0.06
0.04
0.02
0.00
-0.02
-0.07
-0.08
-0.13
-0.12
-0.16
-0.20
-0.23
-0.22
-0.17
-0.14
-0.22
-0.22
-0.16
-0.24
-0.22
clear
-0.34
-0.24
-0.16
-0.20
-0.26
-0.27
-0.24
-0.29
-0.30
-0.26
-0.23
-0.20
-0.19
-0.25
-0.30
-0.31
-0.27
-0.27
-0.19
-0.20
-0.14
-0.15
-0.10
-0.20
power
8
0.28
0.24
0.85
1.34
1.30
-0.35
-0.51
1.28
-0.69
-0.61
1.72
-0.49
-0.45
-0.33
0.18
2.25
-0.31
-0.26
-0.24
-0.23
2.17
-0.04
-0.17
-0.23
clear
-0.13
-0.17
-0.18
-0.20
-0.23
-0.15
-0.27
-0.26
-0.19
-0.12
-0.11
-0.09
-0.16
-0.13
-0.17
-0.08
-0.10
-0.09
-0.10
-0.11
-0.15
-0.18
-0.18
-0.13
power
10
0.25
0.30
0.10
0.17
0.19
0.16
0.21
0.20
0.17
0.21
0.23
0.25
0.21
0.14
0.17
0.16
0.19
0.16
0.19
0.21
0.24
0.26
0.40
0.34
clear
0.13
0.01
0.14
0.19
0.10
0.07
-0.01
0.00
-0.03
-0.12
-0.14
-0.10
-0.11
-0.15
-0.13
-0.08
0.04
-0.01
0.07
0.05
0.04
0.06
0.02
-0.05
power
12
0.46
1.13
1.23
0.86
0.70
0.75
0.68
0.65
0.73
0.58
0.53
0.44
0.54
0.66
0.60
0.57
0.64
0.78
0.86
0.95
1.11
1.04
0.93
0.75
clear
0.13
-0.17
-0.23
-0.21
-0.28
-0.36
-0.26
-0.26
-0.14
-0.17
-0.26
-0.29
-0.18
-0.18
-0.27
-0.24
-0.04
0.02
0.12
0.14
0.02
-0.06
-0.11
-0.19
power
14
0.61
1.91
2.10
2.22
2.27
2.44
2.48
2.38
2.54
2.77
2.77
2.88
2.93
2.92
3.00
2.97
2.79
2.76
2.75
2.83
2.94
2.86
2.92
2.99
clear
1.55
0.49
0.38
0.26
0.24
0.16
0.07
-0.01
0.02
-0.15
-0.16
-0.19
-0.18
-0.24
-0.28
-0.35
-0.38
-0.40
-0.42
-0.45
-0.44
-0.55
-0.50
-0.54
power
16
1.90
3.84
3.91
4.16
4.26
4.50
4.59
4.39
4.44
4.47
4.42
4.47
4.58
4.57
4.65
4.42
4.47
4.51
4.80
4.45
4.60
4.54
4.65
4.46
clear
2.03
0.67
0.56
0.67
0.71
0.71
0.72
0.60
0.63
0.63
0.64
0.72
0.68
0.47
0.32
0.40
0.34
0.33
0.35
0.43
0.35
0.33
0.23
0.18
power
18
2.95
5.84
6.12
6.15
6.24
6.12
6.13
6.08
6.04
6.25
6.17
6.05
6.00
5.92
6.08
5.79
5.76
6.02
5.98
6.09
6.10
6.20
6.23
6.23
clear
2.64
0.22
0.24
0.43
0.41
0.35
0.26
0.15
0.16
0.15
0.10
0.02
0.05
-0.01
-0.05
-0.07
-0.08
-0.09
-0.06
-0.05
-0.10
-0.26
-0.32
-0.44
power
20
3.86
7.96
8.27
8.51
8.28
7.82
8.54
8.48
8.52
8.55
8.70
8.70
8.59
8.67
8.75
8.64
8.67
8.87
8.86
8.83
8.89
8.87
8.80
8.67
clear
3.77
0.46
0.54
0.62
0.77
0.78
0.82
0.81
0.87
0.84
0.85
0.76
0.52
0.38
0.28
0.10
0.02
-0.11
-0.23
-0.32
-0.33
-0.29
-0.21
-0.13
power
22
5.04
10.76
10.88
11.03
11.13
11.16
11.36
11.48
11.41
11.54
11.26
11.14
11.32
11.16
11.25
11.22
11.32
11.25
11.48
11.18
11.07
11.34
11.21
11.39
clear
4.93
0.53
0.54
0.58
0.65
0.61
0.55
0.57
0.53
0.34
0.19
0.09
-0.03
-0.03
-0.12
-0.19
-0.27
-0.49
-0.74
-0.72
-0.79
-0.73
-0.63
-0.50
power
24
6.51
13.33
13.58
13.64
13.67
13.91
13.93
14.12
14.20
14.37
14.28
14.24
14.46
14.26
14.17
14.28
14.55
14.49
14.03
14.30
14.49
14.83
14.67
14.46
clear
6.59
0.83
0.91
0.94
0.92
0.86
0.73
0.55
0.64
0.46
0.28
0.30
0.31
0.29
0.21
0.06
-0.00
-0.08
-0.09
-0.10
-0.06
-0.07
-0.10
-0.06
power
26
4.77
16.54
16.82
16.85
17.17
17.44
17.81
17.45
17.61
17.84
17.91
18.11
18.10
18.48
18.79
18.31
17.98
17.96
18.06
18.07
18.06
18.06
18.03
17.92
clear
7.96
0.69
0.74
0.86
0.72
0.49
0.51
0.36
0.17
0.11
0.10
0.09
0.13
0.05
0.18
0.15
0.10
0.12
0.12
0.10
-0.03
-0.16
-0.14
-0.14
power
28
7.22
20.53
20.50
20.61
20.77
20.73
20.92
20.83
20.54
21.03
21.12
20.69
20.78
21.48
21.62
21.14
20.88
20.43
20.58
21.20
21.81
21.72
21.29
21.02
clear
9.23
0.77
0.80
0.82
0.94
0.85
0.61
0.65
0.64
0.78
0.58
0.49
0.45
0.43
0.38
0.29
0.23
0.20
0.10
0.06
-0.00
0.03
0.04
0.06
power
30
7.63
24.02
24.12
24.32
24.10
24.25
25.07
25.54
25.55
25.42
25.27
25.22
25.40
25.56
25.59
24.82
24.80
25.19
25.28
25.25
25.26
25.29
25.04
25.38
clear
11.25
0.63
0.64
0.61
0.81
0.82
0.89
0.82
0.82
0.76
0.70
0.63
0.56
0.29
0.08
-0.08
-0.13
-0.18
-0.26
-0.25
-0.26
-0.26
-0.26
-0.14
power
32
8.97
28.73
27.94
27.93
27.87
27.76
28.34
28.46
29.01
28.95
29.65
29.69
29.05
29.07
29.56
29.78
29.84
29.25
29.41
29.55
29.96
30.35
30.06
29.34
clear
12.65
0.66
0.69
0.71
0.75
0.73
0.75
0.61
0.60
0.56
0.59
0.66
0.65
0.65
0.50
0.43
0.42
0.29
0.24
0.22
0.12
0.10
0.15
0.13
power
34
10.79
32.85
32.23
32.18
32.17
33.28
33.85
33.68
34.28
34.31
33.79
34.22
34.25
34.38
34.52
34.84
33.95
34.24
34.00
34.20
34.09
34.35
35.25
34.46
clear
14.50
0.58
0.64
0.57
0.60
0.70
0.77
0.81
0.81
0.81
0.78
0.81
0.58
0.44
0.35
0.28
0.29
0.33
0.10
0.04
-0.05
-0.02
-0.01
0.08
power
36
12.48
37.54
37.96
38.71
39.18
38.62
38.79
38.11
37.86
38.06
38.30
39.04
39.72
38.82
38.79
38.94
39.69
39.54
39.65
39.58
39.37
39.84
39.19
39.18
clear
15.17
0.38
0.38
0.37
0.38
0.53
0.57
0.38
0.30
0.24
0.22
0.07
-0.03
-0.06
-0.03
-0.07
-0.17
-0.14
-0.13
-0.24
-0.29
-0.33
-0.17
-0.16
power
38
11.23
43.28
42.76
43.87
43.83
43.73
43.94
43.65
44.24
44.41
45.23
44.29
44.85
45.19
44.35
44.02
44.76
44.98
44.90
44.60
45.01
44.64
43.48
43.61
clear
18.58
0.54
0.69
0.66
0.68
0.71
0.69
0.65
0.65
0.48
0.35
0.14
0.12
0.02
0.02
-0.02
-0.09
-0.28
-0.36
-0.35
-0.41
-0.44
-0.38
-0.54
power
40
14.60
47.82
48.12
49.45
49.25
49.47
49.38
49.48
49.17
50.36
50.67
50.61
50.57
49.97
50.10
50.05
50.28
50.01
50.41
49.81
49.98
50.70
50.12
49.78
clear
20.59
1.28
1.34
1.41
1.44
1.47
1.47
1.29
1.18
1.05
0.83
0.85
0.74
0.64
0.65
0.60
0.73
0.55
0.55
0.48
0.57
0.53
0.58
0.60
power
42
15.17
53.76
52.88
54.18
54.14
54.03
54.18
53.96
54.02
55.64
56.23
55.66
54.72
54.45
54.29
54.11
55.55
55.40
55.99
55.97
56.87
56.06
55.77
55.65
clear
23.64
0.79
0.79
0.71
0.74
0.72
0.76
0.64
0.46
0.46
0.51
0.44
0.31
0.28
0.12
-0.10
-0.03
-0.01
0.05
-0.03
0.15
-0.05
-0.19
-0.44
power
44
15.45
60.36
59.65
60.29
60.83
60.78
60.80
60.49
60.41
61.79
62.38
62.48
61.95
61.95
61.70
61.50
61.71
62.11
62.07
61.55
61.42
60.77
61.03
60.82
clear
24.72
1.09
1.17
1.13
1.13
1.20
1.25
1.21
1.16
1.05
0.82
0.82
0.80
0.69
0.77
0.59
0.42
0.55
0.60
0.65
0.73
0.77
0.67
0.64
power
46
15.27
65.81
66.45
66.99
67.70
67.33
67.95
67.01
65.55
65.98
66.54
66.04
66.56
67.57
68.19
66.68
67.23
66.95
68.38
68.44
67.39
67.56
67.80
67.26
clear
27.76
0.51
0.76
0.79
0.60
0.50
0.59
0.44
0.39
0.32
0.18
0.05
-0.02
-0.04
-0.20
-0.10
-0.14
-0.07
0.02
0.09
0.01
-0.01
-0.08
0.01
power
48
21.34
73.56
72.82
73.42
72.67
73.22
74.07
74.43
73.68
73.47
73.45
72.54
72.92
71.97
74.85
75.58
74.52
74.00
74.07
74.14
74.58
74.37
73.81
74.12
clear
31.94
0.67
0.60
0.65
0.60
0.57
0.59
0.50
0.46
0.49
0.39
0.23
0.11
-0.01
-0.18
-0.18
-0.24
-0.24
-0.28
-0.43
-0.47
-0.46
-0.64
-0.80
power
50
21.57
78.38
78.38
78.89
80.96
80.63
80.47
80.93
81.58
82.30
81.34
80.91
81.87
82.93
81.04
80.84
80.71
81.06
80.65
81.18
81.14
81.16
80.74
80.59
clear
33.08
1.54
1.54
1.46
1.41
1.47
1.44
1.44
1.50
1.45
1.39
1.40
1.43
1.26
1.10
0.88
0.72
0.60
0.52
0.61
0.46
0.52
0.57
0.54
power
52
18.97
85.54
84.09
85.25
85.44
84.37
84.72
85.09
86.08
85.84
84.94
84.82
86.29
87.16
86.03
85.89
85.78
86.28
85.94
86.06
86.69
86.22
85.42
85.13
clear
35.50
0.78
0.81
0.81
0.83
0.89
0.93
1.00
0.91
0.75
0.77
0.64
0.63
0.51
0.40
0.41
0.36
0.28
0.28
0.22
0.15
0.16
0.10
0.10
power
54
24.04
91.73
92.31
93.05
93.90
95.04
94.79
96.13
94.86
93.38
92.14
93.04
92.28
93.38
94.20
94.27
93.34
93.69
93.47
93.68
93.11
92.61
92.56
93.12
clear
39.65
0.95
1.00
0.85
0.65
0.66
0.73
0.69
0.59
0.64
0.68
0.77
0.58
0.56
0.48
0.22
0.06
-0.01
-0.01
0.06
0.09
0.07
0.09
0.09
power
56
21.77
98.74
97.89
99.51
100.57
100.16
100.42
99.76
101.22
101.06
100.64
99.09
99.50
100.08
100.79
101.40
100.38
100.57
98.95
100.16
99.99
100.91
100.74
100.67
clear
43.95
0.88
0.85
0.96
0.99
0.96
0.95
0.98
0.95
0.77
0.53
0.40
0.34
0.33
0.23
0.13
0.01
0.10
0.07
0.01
0.06
0.15
0.15
0.11
power
58
25.88
107.06
105.59
106.93
107.61
108.27
107.24
108.20
108.44
107.21
107.34
106.93
106.87
107.40
107.61
107.14
106.59
106.42
106.81
106.33
105.89
105.57
105.78
105.96
clear
42.78
0.87
0.88
0.97
0.96
1.05
0.93
0.90
0.83
0.81
0.87
0.77
0.70
0.60
0.45
0.35
0.13
-0.14
-0.20
-0.26
-0.38
-0.40
-0.29
-0.27
power
60
22.85
113.64
114.80
115.15
113.81
114.74
116.72
116.04
115.51
115.09
115.55
114.18
114.98
114.83
115.91
115.29
114.51
114.62
115.87
115.35
114.72
114.52
114.55
115.93
clear
47.57
1.31
1.32
1.18
1.23
1.18
1.03
0.88
0.85
0.63
0.51
0.53
0.55
0.51
0.38
0.34
0.22
0.16
0.28
-0.05
-0.20
-0.19
-0.29
-0.24
power
62
22.19
118.54
120.55
121.42
121.01
120.66
121.85
121.32
121.25
122.39
121.32
120.51
120.54
120.82
120.78
120.39
120.07
120.81
121.69
121.37
120.63
117.93
119.62
120.20
clear
49.82
1.75
1.73
1.74
1.65
1.59
1.52
1.47
1.43
1.50
1.62
1.56
1.59
1.48
1.56
1.40
1.26
1.23
1.22
1.12
1.05
1.08
1.20
1.25
power
64
32.92
127.27
128.04
128.22
129.77
130.66
129.04
129.58
128.39
129.05
130.30
129.03
129.32
128.39
128.51
128.47
127.54
128.32
127.73
127.49
127.71
128.32
127.42
127.05
clear
52.51
0.28
0.34
0.28
0.34
0.32
0.26
0.24
0.28
0.17
0.01
0.06
-0.08
-0.15
-0.33
-0.48
-0.55
-0.51
-0.44
-0.46
-0.57
-0.65
-0.72
-0.74
power
66
33.88
137.57
139.33
137.88
138.00
137.76
136.63
137.62
137.61
136.74
136.75
137.66
137.10
136.98
135.98
135.98
136.05
135.17
134.50
134.81
135.94
135.53
136.31
135.52
clear
58.80
1.45
1.42
1.32
1.18
1.17
1.15
1.09
1.15
1.01
1.04
0.91
0.86
0.71
0.62
0.61
0.67
0.77
0.76
0.61
0.41
0.42
0.35
0.51
power
68
34.38
144.11
144.46
145.21
145.44
145.43
145.80
144.26
145.29
143.33
144.49
144.32
144.93
143.90
143.80
144.24
145.10
144.56
144.61
143.77
143.53
143.72
144.03
142.95
clear
61.16
0.75
0.84
0.82
0.79
0.78
0.55
0.24
-0.00
-0.25
-0.30
-0.43
-0.50
-0.72
-0.81
-0.68
-0.68
-0.67
-0.69
-0.89
-0.87
-1.01
-0.97
-0.97
power
70
35.43
151.95
153.97
153.85
152.46
151.52
153.19
153.21
153.10
153.92
153.53
152.91
152.29
153.15
153.18
153.63
154.29
152.67
152.22
151.58
151.68
152.16
152.07
152.35
clear
64.98
1.21
1.30
1.34
1.27
1.24
1.22
1.17
1.20
1.06
0.81
0.74
0.55
0.29
0.10
0.08
0.17
0.07
0.05
0.02
-0.04
-0.10
-0.12
-0.16
power
72
35.45
160.94
162.67
162.70
162.38
163.94
164.15
163.01
163.51
162.90
162.06
163.34
163.25
163.26
162.33
161.09
161.40
160.74
160.51
162.24
159.50
159.81
160.53
159.90
clear
69.89
1.38
1.30
1.35
1.43
1.37
1.31
1.43
1.35
1.17
1.06
0.67
0.48
0.35
0.21
0.13
0.13
0.17
0.08
0.06
0.04
-0.07
-0.13
-0.09
power
74
30.39
168.01
170.38
171.26
170.69
167.84
162.06
42.13
6.08
0.35
-0.42
-0.45
-0.39
