-0.56
-0.59
-0.64
-0.70
clear
-0.72
-0.77
-0.88
-1.01
-0.86
-0.90
-0.93
-0.96
-1.06
-1.09
-0.98
-0.93
-1.00
-1.12
-1.18
-1.12
-1.16
-1.17
-1.23
-1.37
-1.54
-1.60
-1.48
-1.43
power
6
0.16
0.13
0.01
-0.01
-0.02
0.09
0.03
-0.04
-0.09
-0.31
-0.22
-0.13
-0.08
-0.22
-0.02
-0.05
-0.18
-0.30
-0.33
-0.20
-0.15
-0.13
-0.33
-0.12
clear
-0.26
-0.24
-0.15
-0.38
-0.49
-0.58
-0.60
-0.70
-0.63
-0.57
-0.58
-0.56
-0.58
-0.53
-0.53
-0.49
-0.62
-0.70
-0.65
-0.70
-0.73
-0.75
-0.74
-0.76
power
9
-4.61
-8.45
-8.83
-8.82
-8.43
-8.68
-8.64
-8.50
-8.64
-8.69
-8.60
-8.56
-8.75
-8.77
-8.51
-8.85
-8.70
-8.47
-8.69
-8.73
-8.55
-8.40
-8.69
-8.50
clear
-8.17
-8.34
-8.31
-8.23
-8.24
-8.27
-8.30
-8.29
-8.33
-8.37
-8.38
-8.40
-8.45
-8.41
-8.44
-8.46
-8.47
-8.46
-8.45
-8.45
-8.34
-8.25
-8.61
-8.66
power
12
-0.37
-0.17
-0.14
-0.11
-0.28
-0.16
-0.31
-0.37
-0.33
-0.32
-0.32
-0.49
-0.30
-0.05
-0.03
-0.16
-0.23
-0.45
-0.49
-0.45
-0.47
-0.40
-0.29
-0.35
clear
0.12
-0.19
-0.21
-0.18
-0.26
-0.24
-0.26
-0.25
-0.29
-0.29
-0.34
-0.25
-0.36
-0.26
-0.18
-0.20
-0.24
-0.15
-0.14
-0.27
-0.22
-0.16
-0.11
-0.16
power
15
-10.73
-18.36
-18.38
-18.55
-18.54
-18.42
-18.25
-18.04
-17.96
-18.03
-17.87
-17.91
-17.99
-17.90
-17.74
-17.66
-17.58
-17.55
-17.58
-17.43
-17.54
-17.53
-17.42
-17.43
clear
-12.74
-10.96
-11.05
-11.04
-11.03
-10.99
-11.04
-10.99
-11.01
-11.10
-11.04
-11.18
-11.14
-11.14
-11.26
-11.25
-11.33
-11.36
-11.41
-11.39
-11.31
-11.44
-11.44
-11.44
power
18
-22.74
-39.68
-39.06
-38.51
-38.07
-37.67
-37.59
-37.26
-37.20
-37.11
-37.13
-37.18
-37.24
-37.08
-37.09
-36.98
-37.05
-37.03
-37.07
-37.04
-37.12
-37.10
-37.10
-36.81
clear
-24.68
-18.37
-18.51
-18.70
-18.82
-18.85
-18.97
-19.03
-19.01
-19.06
-19.10
-19.16
-19.15
-19.12
-19.08
-19.16
-19.10
-19.22
-19.25
-19.32
-19.25
-19.16
-19.29
-19.26
power
21
-16.19
-30.02
-29.16
-28.73
-28.55
-28.31
-28.21
-27.71
-28.06
-28.16
-28.40
-28.39
-28.46
-28.64
-28.99
-28.97
-28.92
-28.90
-28.82
-28.76
-28.72
-28.76
-28.69
-28.34
clear
-24.38
-23.42
-23.46
-23.60
-23.59
-23.68
-23.59
-23.56
-23.46
-23.46
-23.45
-23.37
-23.48
-23.44
-23.40
-23.37
-23.46
-23.45
-23.40
-23.39
-23.39
-23.45
-23.39
-23.38
power
24
-1.44
-2.14
-2.10
-1.79
-1.84
-2.15
-1.98
-1.88
-2.20
-2.41
-2.02
-1.83
-1.91
-1.52
-1.91
-2.30
-2.40
-2.63
-2.78
-2.98
-2.65
-2.11
-1.90
-2.31
clear
2.81
3.46
3.15
3.14
2.99
2.96
2.88
2.85
2.96
2.96
3.02
3.01
3.08
3.03
3.04
2.95
2.98
2.94
2.90
2.99
3.03
3.00
3.03
3.03
power
27
-5.02
-6.84
-6.43
-6.24
-6.68
-6.47
-6.55
-6.44
-6.58
-6.57
-6.69
-6.62
-6.65
-6.71
-6.48
-6.49
-7.08
-6.67
-6.72
-7.24
-7.32
-7.53
-7.09
-6.80
clear
-5.09
-5.58
-6.04
-6.25
-6.38
-6.36
-6.29
-6.18
-5.99
-6.01
-6.09
-6.26
-6.24
-6.23
-6.33
-6.34
-6.35
-6.27
-6.28
-6.27
-6.21
-6.17
-6.14
-6.13
power
30
-1.16
0.04
0.75
0.85
0.91
1.07
0.84
0.72
1.31
1.14
1.12
0.96
0.25
-0.13
-0.69
-0.57
-0.02
0.54
0.80
1.17
1.19
1.12
0.61
0.63
clear
2.64
1.02
0.64
0.47
0.55
0.51
0.52
0.48
0.45
0.41
0.44
0.43
0.51
0.54
0.53
0.39
0.47
0.48
0.49
0.44
0.50
0.55
0.48
0.48
power
33
-1.04
1.07
1.34
1.26
1.08
1.73
1.76
1.67
1.34
1.70
1.81
1.93
1.73
1.95
1.93
1.88
2.10
1.96
1.33
1.15
1.24
1.32
1.45
1.46
clear
0.80
-0.22
-0.47
-0.63
-0.67
-0.72
-0.77
-0.77
-0.73
-0.74
-0.71
-0.63
-0.60
-0.54
-0.51
-0.49
-0.55
-0.67
-0.63
-0.59
-0.63
-0.60
-0.55
-0.56
power
36
-1.18
1.88
2.46
2.31
2.23
2.20
3.00
2.91
2.78
2.29
2.11
2.32
2.31
2.01
2.03
2.50
2.73
2.72
2.48
2.84
3.08
1.99
1.77
2.09
clear
-0.30
-1.52
-1.57
-1.51
-1.36
-1.44
-1.45
-1.55
-1.58
-1.46
-0.73
15.62
94.44
55.45
23.36
14.11
11.23
6.87
5.91
6.55
6.93
6.46
7.89
9.32
power
39
3.58
10.72
13.15
13.17
13.60
13.97
13.61
13.96
14.66
7.26
-1.62
0.02
-0.22
-0.25
-0.99
-1.04
-1.22
-1.58
-1.51
-0.95
-0.69
-0.89
-0.55
-0.69
clear
-6.31
-10.83
-10.97
-10.88
-10.85
-10.89
-10.87
-10.88
-10.91
-10.91
-10.81
-10.93
-10.82
-10.86
-10.87
-10.81
-10.81
-10.89
-10.82
-10.91
-11.01
-11.02
-11.05
-11.01
power
42
-0.92
3.85
4.79
4.38
4.52
4.31
5.10
4.74
4.15
3.83
3.98
3.97
3.50
3.35
3.56
3.73
3.54
3.40
3.08
3.34
3.30
3.13
3.81
4.38
clear
10.38
2.02
1.90
1.85
1.92
1.85
1.68
5.95
22.76
25.22
25.19
25.74
26.15
25.82
25.20
22.97
14.78
11.06
12.38
12.59
11.69
11.08
11.82
13.36
power
45
-9.16
8.16
14.88
16.63
16.78
15.56
15.64
14.34
14.39
14.04
13.55
11.26
10.77
10.10
10.27
11.59
12.31
13.76
12.51
10.88
10.09
10.18
10.81
10.50
clear
6.93
4.00
3.80
1.26
-0.31
0.77
1.61
1.63
2.21
2.51
2.83
2.94
3.30
3.44
2.81
2.78
2.04
2.06
1.12
1.43
1.78
2.23
1.64
1.21
power
48
0.70
10.02
13.58
14.15
13.95
12.08
10.71
10.55
10.52
10.73
11.04
11.55
11.76
12.13
11.99
11.34
11.37
11.00
11.15
11.14
12.22
12.71
12.10
12.24
clear
8.97
5.98
5.09
4.67
4.27
4.25
4.83
5.43
5.18
5.82
5.99
5.49
5.99
6.12
6.11
6.05
10.24
11.32
9.53
9.27
9.50
8.88
8.09
9.66
power
51
1.43
13.84
17.41
15.81
15.87
15.73
15.30
14.58
14.75
13.81
13.11
12.77
14.31
14.30
14.51
14.66
13.50
13.05
12.73
11.60
10.13
9.66
11.48
11.67
clear
6.52
2.35
0.72
0.55
0.14
-0.36
-0.41
-0.28
-0.19
-0.14
-1.14
-0.58
-1.84
-3.20
-2.16
-2.52
-2.70
-2.93
-3.24
-4.13
-6.91
-7.05
-6.86
-6.76
power
54
4.35
19.17
20.37
18.15
13.10
12.73
13.60
12.24
12.47
11.56
10.93
11.03
12.47
13.05
11.99
12.15
11.46
11.91
12.45
11.62
10.62
10.91
12.36
10.87
clear
4.93
-1.01
-2.24
-2.50
-2.86
-3.99
-4.05
-3.94
-4.33
-4.38
-3.89
-4.16
-4.14
-3.87
-4.42
-5.25
-5.05
-4.44
-4.07
-3.51
-2.64
-2.53
-2.79
-2.49
power
57
2.68
21.13
22.56
21.13
21.03
21.51
21.83
21.71
20.81
20.55
20.96
21.75
20.64
20.93
21.39
20.04
19.75
20.45
21.55
19.54
18.37
18.72
19.62
19.66
clear
6.40
-4.13
-8.33
-10.39
-9.63
-9.46
-10.00
-9.62
-9.32
-9.46
-9.18
-9.18
-9.17
-9.20
-8.40
-7.98
-8.95
-8.90
-8.82
-8.75
-8.39
-7.93
-7.40
-8.14
power
60
3.35
35.06
37.04
36.89
34.47
36.94
36.19
36.97
37.18
36.42
37.99
40.69
40.77
41.16
40.48
39.68
38.30
37.83
38.27
38.41
36.94
37.09
37.85
37.74
clear
20.68
3.81
-2.06
-0.48
-1.23
0.75
7.34
10.74
11.39
12.79
13.18
13.38
13.45
13.71
14.08
13.61
13.43
13.08
12.59
12.42
11.45
11.35
11.32
11.33
power
63
4.82
37.95
40.55
40.89
41.40
41.66
41.91
41.46
40.09
39.78
42.38
41.47
38.60
39.50
42.53
42.60
43.26
43.24
42.45
42.19
40.88
42.77
42.32
40.40
clear
18.41
2.95
2.81
4.95
4.41
3.79
3.49
3.02
3.87
3.99
3.42
3.33
2.81
1.82
3.98
6.37
8.43
12.00
11.00
12.37
15.24
14.29
13.83
13.92
power
66
3.44
39.09
41.85
42.28
42.13
42.41
42.46
41.13
40.56
40.22
39.94
38.46
37.54
35.94
37.27
37.51
39.66
38.62
36.90
37.27
37.13
35.38
31.20
30.30
clear
2.23
-18.94
-20.47
-20.15
-20.62
-21.28
-24.80
-33.59
-33.51
-33.48
-33.40
-33.53
-33.61
-33.73
-33.77
-33.87
-33.95
-33.98
-33.68
-26.32
-20.42
-18.67
-18.75
-19.22
power
69
5.60
63.26
64.49
65.38
65.72
66.77
67.56
64.17
64.96
65.81
