-0.91
-1.07
-1.24
-1.33
-1.20
-1.06
-0.99
-0.72
-0.90
-1.04
-1.00
-0.80
-0.57
-0.62
-0.58
clear
-0.61
-0.73
-0.89
-1.03
-0.98
-0.71
-0.78
-0.87
-0.78
-0.45
-0.70
-1.06
-1.10
-0.84
-0.60
-0.66
-0.93
-0.78
-0.86
-0.24
-0.33
-0.63
-0.95
-1.09
power
2
-0.32
-0.16
-0.23
-0.29
0.31
0.39
0.26
0.01
-0.32
-0.43
-0.42
0.08
-0.07
-0.07
-0.18
-0.37
-0.55
-0.49
-0.49
-0.67
-0.79
-0.68
-0.81
-0.87
clear
-0.94
-1.01
-1.06
-1.22
-1.25
-1.34
-1.04
-1.17
-0.89
-1.01
-1.00
-1.16
-1.24
-1.08
-0.86
-0.92
-0.91
-0.68
-0.69
-0.69
-0.77
-0.74
-0.69
-0.42
power
4
0.05
-0.29
-0.38
-0.10
0.09
-0.09
0.02
0.18
0.01
-0.15
-0.31
-0.37
-0.29
0.07
0.59
0.30
0.15
0.97
0.91
0.71
0.44
0.58
0.32
0.00
clear
-0.02
0.46
0.18
0.02
0.06
0.42
0.53
0.58
0.74
0.54
0.51
0.73
1.19
1.08
0.79
0.72
1.25
1.45
1.40
0.96
0.50
0.26
0.24
0.26
power
6
0.14
-0.04
-0.16
-0.22
-0.27
0.01
0.52
0.62
0.79
0.75
0.25
-0.13
-0.44
-0.52
-0.44
-0.09
0.14
0.24
0.08
-0.11
0.20
0.29
0.44
0.06
clear
0.16
0.03
0.38
0.68
0.33
0.15
-0.11
-0.20
-0.15
-0.30
-0.41
-0.31
-0.11
0.06
0.07
0.11
0.22
-0.04
-0.18
-0.06
0.16
0.83
1.09
1.32
power
8
-0.28
-0.11
0.22
0.40
0.85
-1.01
0.97
0.06
-0.90
-0.80
2.11
-0.94
-0.59
-0.32
2.14
-0.70
-1.03
-1.02
-0.94
-0.70
1.70
-1.17
-1.39
-1.47
clear
-1.22
-0.58
0.27
0.52
0.26
0.06
-0.22
-0.55
-0.52
-0.35
-0.42
-0.08
-0.13
0.05
0.21
0.00
0.35
0.27
0.09
-0.31
-0.61
-0.40
-0.28
-0.49
power
10
0.50
0.98
0.90
0.86
0.66
1.14
1.24
1.36
1.66
1.88
1.61
1.47
1.82
2.10
1.90
1.40
1.23
1.12
1.01
0.79
0.67
0.55
0.71
1.05
clear
0.95
0.91
0.70
0.18
0.46
0.15
-0.06
-0.09
0.15
0.26
0.87
0.55
0.56
1.07
0.83
0.74
0.66
0.55
0.22
0.14
0.66
1.11
1.41
1.29
power
12
0.55
1.70
1.35
1.04
1.18
1.35
1.30
1.55
1.59
1.42
1.29
1.82
1.87
1.64
1.47
1.52
1.36
1.19
1.31
1.57
1.40
1.26
1.19
0.88
clear
-0.07
-0.46
-0.57
-0.76
-0.72
-0.38
-0.06
-0.13
0.21
0.53
0.45
0.22
0.19
-0.14
-0.03
-0.07
0.35
0.64
0.26
0.32
0.39
0.51
0.87
0.58
power
14
1.54
3.21
2.90
2.73
2.57
2.86
3.45
3.68
3.38
3.04
2.64
2.38
2.55
2.40
2.07
1.89
1.90
1.87
1.62
1.49
1.30
1.70
1.53
1.33
clear
-0.48
-1.54
-0.97
-1.20
-1.28
-1.57
-1.68
-1.77
-1.64
-0.86
-0.67
-0.82
-0.90
-0.53
-0.57
-0.88
-1.21
-1.49
-1.55
-1.54
-1.64
-1.90
-1.84
-2.00
power
16
2.11
4.84
4.58
4.30
4.24
3.96
3.79
3.69
3.34
3.39
3.29
3.28
3.15
3.05
3.09
3.23
3.25
3.19
2.90
3.01
2.99
2.96
2.95
3.19
clear
-0.12
-2.27
-2.01
-2.00
-2.06
-2.14
-2.04
-1.84
-1.25
-1.15
-1.34
-1.51
-1.50
-1.50
-0.81
-1.24
-1.46
-1.58
-0.78
-0.59
-0.66
-0.56
-0.51
0.20
power
18
1.91
7.19
6.83
6.47
6.15
5.68
5.63
5.40
5.54
5.37
5.13
5.16
5.01
5.03
5.09
5.08
4.89
4.96
5.00
5.08
4.78
4.47
4.55
4.60
clear
-0.04
-2.93
-3.12
-2.92
-2.70
-2.70
-2.50
-2.53
-2.31
-2.41
-2.13
-2.09
-2.14
-1.95
-2.02
-2.02
-1.81
-1.75
-1.75
-1.65
-1.66
-1.50
-1.12
-0.48
power
20
3.82
9.83
9.32
8.80
8.20
8.14
8.15
7.92
7.86
7.69
7.49
7.49
7.61
7.77
7.96
7.71
7.86
7.80
7.71
7.60
7.35
7.12
6.92
7.14
clear
1.16
-2.56
-2.15
-1.55
-0.91
-0.73
-1.08
-1.27
-1.47
-1.87
-1.99
-1.59
-1.04
-1.00
-0.87
-1.07
-1.43
-1.38
-1.27
-0.68
-0.42
-0.34
0.02
-0.13
power
22
5.02
12.19
12.09
11.81
11.68
11.39
10.91
10.72
10.83
10.69
10.55
10.58
10.96
10.89
10.22
10.56
10.68
10.91
10.69
10.37
10.38
10.51
10.14
10.34
clear
2.59
-2.65
-2.66
-2.70
-2.64
-2.54
-2.35
-2.09
-1.72
-0.98
-0.78
-0.14
-0.03
-0.23
-0.00
-0.02
-0.21
-0.50
-0.41
-0.30
-0.57
-0.73
-0.72
-0.48
power
24
8.03
16.43
15.86
15.32
14.88
14.54
14.41
14.31
14.46
14.36
14.46
14.71
15.07
15.01
14.86
14.74
14.82
14.66
14.62
14.40
14.43
14.82
14.83
14.28
clear
4.50
-2.22
-2.47
-2.07
-2.11
-2.26
-2.27
-2.34
-2.00
-2.17
-2.38
-1.80
-1.37
-1.30
-1.12
-1.28
-1.10
-1.15
-0.97
-0.97
-0.24
-0.21
-0.52
-0.83
power
26
8.56
19.21
18.60
18.49
18.71
19.07
18.75
18.37
18.70
18.63
18.35
18.18
18.15
18.39
18.42
18.15
18.06
17.67
17.77
17.76
18.16
17.93
18.01
17.91
clear
5.78
-2.35
-2.45
-2.38
-2.23
-2.26
-2.07
-1.49
-1.47
-1.58
-1.18
-1.06
-0.76
-0.81
-1.20
-1.43
-1.50
-1.45
-1.73
-1.73
-1.50
-1.58
-1.05
-0.12
power
28
7.36
23.14
22.64
22.58
22.55
22.70
22.89
22.83
22.44
22.83
23.16
22.06
21.51
21.12
21.44
21.91
21.91
22.16
22.13
22.05
21.95
22.05
22.33
22.61
clear
8.25
-1.26
-0.98
-0.53
-0.54
-0.68
-0.12
-0.28
-0.45
-0.49
-0.40
-0.01
0.09
-0.15
-0.26
-0.52
-0.35
-0.06
-0.49
-0.70
-0.85
-0.85
-0.95
-1.30
power
30
10.28
28.14
27.90
27.70
27.28
27.67
27.53
26.97
26.80
27.36
27.80
27.75
27.66
27.60
27.68
27.50
27.75
27.84
27.22
26.70
26.46
26.74
27.47
27.90
clear
11.02
-0.33
-0.47
-0.45
-0.44
-0.48
-0.27
-0.12
0.36
1.14
1.33
0.76
0.34
0.06
0.21
0.75
0.86
0.88
1.05
1.53
1.78
1.69
1.66
1.71
power
32
10.94
32.80
32.83
32.77
31.65
31.36
31.18
30.51
30.41
30.11
30.67
30.73
31.32
31.10
30.53
30.90
31.75
32.11
31.81
31.07
30.65
31.29
31.71
30.62
clear
11.61
-1.55
-1.47
-1.18
-0.90
-0.62
-0.53
-0.34
-0.37
-0.06
-0.08
0.03
-0.06
0.12
-0.05
-0.29
-0.40
-0.42
-0.34
-0.27
-0.37
-0.53
-0.71
-0.62
power
34
13.41
39.85
38.36
38.45
37.96
36.59
36.84
37.47
37.41
37.36
36.34
36.51
36.87
38.16
37.60
37.31
37.50
38.17
37.95
37.50
38.33
38.40
38.11
36.93
clear
14.41
-0.82
-0.65
-0.67
-0.31
-0.21
0.17
0.70
0.46
0.44
0.54
1.02
1.16
1.16
1.36
1.38
1.71
2.05
1.81
2.05
2.80
2.80
2.50
2.23
power
36
12.50
43.92
42.88
42.19
41.78
41.56
41.17
40.79
40.61
41.22
41.31
41.81
41.49
40.72
40.80
41.22
40.98
40.10
40.60
40.51
40.06
40.88
41.99
41.08
clear
14.41
-3.09
-2.89
-2.89
-2.72
-2.44
-2.59
-2.26
-1.51
-1.58
-1.77
-1.76
-1.80
-1.83
-1.33
-0.78
-0.22
0.09
-0.27
-0.54
-0.35
-0.29
-0.36
-0.18
power
38
13.77
49.66
49.23
47.96
46.95
46.97
47.79
47.23
46.60
47.40
47.70
48.17
47.61
47.01
47.25
48.10
48.38
47.50
46.61
45.41
46.38
47.41
46.56
46.09
clear
16.16
-2.68
-2.63
-2.46
-1.98
-1.48
-1.14
-0.46
-0.38
-0.21
-0.08
-0.21
-0.34
-0.28
-0.14
-0.12
-0.47
-0.92
-1.01
-0.85
-1.21
-0.70
-0.35
-0.35
power
40
8.43
55.11
54.52
53.67
53.18
53.46
53.43
52.43
52.50
53.86
54.12
54.29
54.41
54.82
53.34
52.85
52.89
52.85
52.85
52.69
52.42
52.99
52.78
52.65
clear
18.52
-2.47
-2.35
-2.29
-2.00
-2.02
-1.78
-1.17
-1.22
-1.44
-1.61
-1.63
-1.33
-1.40
-1.29
-0.99
-1.07
-1.43
-1.64
-1.47
-1.36
-0.95
-0.66
-0.70
power
42
13.27
61.70
60.49
60.95
61.41
60.92
60.55
61.13
61.33
61.77
61.49
60.81
60.44
60.53
59.63
60.26
61.47
60.45
60.11
60.02
59.62
59.20
58.64
58.33
clear
23.24
-2.48
-2.43
-2.51
-2.53
-2.26
-1.81
-1.69
-1.75
-1.62
-1.74
-1.31
-1.10
-0.92
-0.74
-0.92
-0.80
-0.22
1.35
1.36
1.46
1.34
1.01
1.29
power
44
17.38
67.39
66.26
65.65
65.30
65.38
66.22
66.99
65.53
64.66
63.26
63.36
63.18
63.43
63.55
63.06
62.15
62.05
62.41
62.89
63.09
63.18
63.07
62.61
clear
22.75
-4.19
-3.99
-3.96
-3.66
-3.47
-3.39
-3.38
-3.38
-3.46
-3.40
-3.14
-3.15
-3.43
-3.02
-2.65
-2.28
-2.09
-1.82
-2.09
-1.78
-1.03
-0.87
-1.37
power
46
15.97
76.21
74.58
73.93
73.25
72.98
72.70
72.87
73.34
73.25
72.36
72.30
72.18
72.64
72.84
71.16
71.28
72.76
71.89
71.18
70.72
71.63
72.70
73.20
clear
27.02
-2.83
-2.82
-2.72
-2.37
-2.52
-2.70
-2.49
-2.28
-1.97
-1.41
-1.02
-0.77
-0.77
-0.87
-1.33
-1.46
-1.47
-1.60
-1.42
-1.45
-1.71
-2.09
-1.83
power
48
20.72
84.18
83.06
82.65
82.40
81.48
81.94
81.38
81.57
81.55
81.17
82.32
83.26
81.82
82.29
81.87
82.56
82.77
82.19
82.04
82.45
81.23
81.27
80.56
clear
30.15
-1.42
-1.29
-1.29
-1.11
-0.97
-0.87
-0.78
-0.64
-0.12
0.55
0.95
0.42
0.54
0.78
0.95
0.65
0.29
0.15
-0.18
-0.08
0.49
0.52
0.64
power
50
22.61
92.37
92.01
91.44
90.52
91.21
90.64
90.06
90.10
90.00
89.88
89.36
90.06
90.47
90.86
90.33
89.96
90.91
90.67
91.42
90.63
90.58
89.70
88.64
clear
36.73
-1.55
-1.36
-1.44
-1.49
-0.99
-0.72
-0.84
-0.74
-0.49
-0.19
0.04
-0.07
-0.59
-0.66
-0.74
-0.57
-0.62
-0.63
-0.66
-0.77
-0.66
-0.95
-0.90
power
52
20.68
99.93
99.99
100.07
100.08
100.16
99.92
99.07
98.46
98.91
97.99
98.18
98.96
98.86
98.45
97.68
98.58
98.47
98.68
99.51
98.38
99.69
99.06
98.57
clear
39.22
-1.72
-1.36
-1.21
-1.21
-0.79
-0.21
0.30
0.31
0.05
0.03
0.14
-0.13
-0.29
-0.52
-0.71
-1.05
-1.21
-1.33
-1.23
-0.88
-0.29
-0.24
0.14
power
54
23.02
108.18
107.13
106.65
107.25
106.45
106.05
105.61
105.95
106.17
106.50
107.77
108.12
108.37
108.57
108.64
108.25
107.24
107.12
107.22
107.06
107.11
106.29
107.24
clear
42.00
-2.21
-2.11
-1.95
-1.33
-0.88
-1.11
-1.36
-1.37
-1.00
-0.69
-0.67
-0.12
0.34
0.18
0.44
0.83
1.35
1.56
1.80
1.87
1.32
1.26
1.55
power
56
24.83
115.72
115.36
114.24
113.95
113.71
113.67
113.83
113.78
114.23
113.40
114.24
114.92
114.96
114.84
114.27
113.55
113.01
112.69
113.96
113.66
113.08
113.87
114.37
clear
42.49
-3.44
-3.21
-2.99
-2.59
-2.14
-1.86
-1.98
-2.20
-1.98
-1.66
-1.43
-1.61
-1.64
-1.46
-1.51
-1.63
-1.56
-1.49
-1.80
-1.90
-1.64
-1.61
-1.68
power
58
24.61
123.11
122.34
122.61
122.02
122.97
122.71
123.29
123.17
122.66
122.71
123.78
123.27
122.39
120.83
120.75
122.30
122.59
123.11
121.86
120.75
120.56
120.51
120.90
clear
50.46
-1.85
-1.75
-1.44
-1.34
-1.03
-1.02
-1.15
-1.15
-0.08
0.02
0.25
0.41
0.56
0.16
0.03
0.24
0.26
0.06
-0.25
-0.32
-0.22
-0.43
-0.62
power
60
31.12
132.18
131.55
130.99
131.12
130.89
130.50
130.70
131.23
131.37
130.91
130.48
130.76
131.12
131.48
132.79
132.03
131.71
131.68
130.93
131.41
130.59
130.40
129.47
clear
52.49
-1.72
-1.62
-1.79
-1.76
-1.58
-1.67
-1.38
-1.45
-1.44
-1.35
-1.36
-1.39
-1.53
-1.30
-0.90
-0.81
-0.72
-1.27
-1.70
-1.82
-1.98
-1.97
-1.33
power
62
12.60
136.10
141.53
142.18
142.35
142.32
142.14
141.89
140.70
140.48
140.71
140.86
141.00
141.63
142.56
142.69
143.14
142.42
142.30
142.02
142.33
142.18
140.50
140.45
clear
55.58
-0.51
-0.15
0.07
0.21
0.15
0.87
1.16
0.85
0.61
0.97
1.83
1.23
0.85
0.43
0.06
0.13
0.39
0.19
-0.13
-0.42
-0.47
-0.54
-0.60
power
64
25.04
147.08
148.11
148.23
148.09
148.56
149.94
150.90
150.01
151.25
152.52
152.67
153.35
151.57
150.49
149.85
149.31
148.74
149.39
149.68
150.52
151.23
150.97
150.89
clear
64.62
0.30
0.49
0.73
0.69
0.96
0.66
0.52
0.51
0.45
0.39
0.63
0.45
0.26
0.15
0.12
0.16
0.03
-0.00
-0.22
-0.34
-0.45
-0.56
-0.79
power
66
32.37
157.12
158.32
158.98
160.14
160.38
160.17
160.41
159.85
159.65
160.21
161.37
161.76
161.01
160.84
161.10
161.13
161.07
161.26
161.87
161.80
161.08
162.44
161.12
clear
66.80
1.25
1.48
1.64
1.63
1.75
1.96
2.29
2.84
2.99
2.78
2.84
2.82
2.69
2.94
3.23
2.84
2.71
2.70
2.52
2.33
2.17
1.87
1.66
power
68
26.63
166.32
166.75
165.94
166.16
165.38
166.60
167.22
167.03
168.20
168.72
169.51
169.20
167.59
167.10
165.85
166.55
167.38
167.26
167.40
166.62
167.47
166.73
166.41
clear
64.71
-0.46
-0.27
-0.11
-0.32
-0.40
-0.39
-0.57
-0.71
-0.77
-0.77
-0.89
-0.85
-0.84
-0.90
-0.96
-0.90
-0.63
-0.39
1.18
0.88
1.06
1.41
1.41
power
70
32.23
176.19
177.34
175.17
174.55
175.57
176.21
175.99
176.68
176.20
177.21
178.12
179.22
179.18
179.39
180.12
179.12
179.16
177.68
176.74
176.59
177.00
177.28
177.76
clear
72.28
-1.49
-1.38
-1.44
-1.17
-0.63
-0.63
-0.27
-0.36
-0.35
-0.14
-0.21
-0.15
-0.37
-0.49
-0.59
-0.61
-0.76
-0.68
-0.67
-0.59
-0.58
-0.53
-0.73
power
72
23.54
184.42
187.69
187.74
187.86
187.91
187.70
188.05
188.43
188.89
187.47
188.09
188.86
190.18
190.18
189.40
188.73
188.54
187.92
188.06
187.33
185.85
186.86
186.57
clear
72.95
-1.09
-0.95
-0.85
-0.61
-0.59
-0.06
0.24
0.16
-0.03
-0.10
0.14
0.27
0.50
0.06
-0.25
-0.47
-0.44
-0.10
0.42
0.47
0.21
0.00
-0.05
power
74
33.93
195.49
197.35
196.62
195.13
194.97
195.48
195.35
195.95
196.40
196.48
196.10
197.00
196.77
196.24
196.33
196.41
196.26
196.42
197.05
196.67
196.72
197.22
197.18
clear
82.44
-0.10
0.54
0.54
0.33
0.29
0.21
0.28
0.03
-0.21
-0.26
-0.35
-0.45
-0.43
0.12
-0.17
-0.32
-0.37
-0.24
-0.07
0.08
-0.15
-0.07
-0.09
power
76
33.83
202.82
204.14
203.55
202.87
202.78
202.98
202.78
201.75
202.43
203.49
203.26
202.61
203.33
203.09
201.70
203.11
203.93
203.61
