-0.23
-0.23
-0.26
-0.30
-0.25
-0.31
-0.27
-0.28
-0.21
-0.36
-0.37
-0.36
-0.39
-0.45
-0.48
-0.50
-0.57
-0.54
clear
-0.56
-0.55
-0.60
-0.59
-0.56
-0.57
-0.54
-0.60
-0.56
-0.54
-0.66
-0.65
-0.72
-0.72
-0.68
-0.68
-0.73
-0.68
-0.66
-0.65
-0.58
-0.77
-0.72
-0.63
power
2
-0.00
-0.02
-0.02
-0.08
-0.07
-0.05
-0.01
0.04
-0.01
0.00
-0.02
-0.05
0.00
-0.08
-0.03
-0.02
-0.04
0.04
0.08
0.04
-0.00
-0.10
-0.09
-0.11
clear
-0.06
-0.10
-0.03
-0.07
-0.15
-0.19
-0.12
-0.02
-0.01
-0.05
-0.11
-0.03
-0.06
-0.07
-0.03
-0.06
0.02
-0.12
-0.08
-0.09
-0.26
-0.21
-0.14
-0.13
power
4
-0.00
0.02
0.09
0.11
-0.01
0.03
0.01
-0.04
-0.04
-0.03
-0.01
0.06
0.05
0.06
0.09
-0.10
-0.15
-0.03
-0.05
-0.08
-0.03
-0.05
-0.09
-0.04
clear
-0.12
-0.07
-0.10
-0.09
-0.11
-0.10
-0.09
-0.10
-0.06
-0.06
-0.00
-0.03
-0.10
-0.11
-0.15
-0.11
-0.07
-0.26
-0.27
-0.26
-0.28
-0.23
-0.23
-0.22
power
6
-0.01
0.05
0.04
-0.00
0.03
0.14
-0.01
0.00
0.03
0.07
0.07
0.05
0.16
0.04
0.02
0.04
0.05
0.03
0.09
0.10
0.14
0.11
-0.11
-0.08
clear
-0.03
0.00
0.03
-0.05
0.00
-0.03
0.06
0.01
-0.11
-0.07
-0.11
-0.05
-0.05
-0.06
-0.05
-0.11
-0.09
-0.11
-0.10
0.01
-0.01
-0.06
-0.04
0.02
power
8
0.49
0.21
0.35
1.68
3.91
3.24
4.78
3.28
2.75
2.99
5.63
2.91
2.91
3.00
5.58
2.89
2.91
2.99
2.98
2.95
5.69
3.47
3.53
3.47
clear
3.52
3.42
3.41
3.50
3.34
3.23
3.32
3.30
3.27
3.11
3.13
3.15
3.20
3.18
3.20
3.30
3.31
3.27
3.22
3.22
3.16
3.16
2.98
2.90
power
10
-0.17
-0.24
-0.33
-0.32
-0.24
-0.36
-0.39
-0.28
-0.35
-0.46
-0.40
-0.57
-0.84
-0.91
-1.05
-1.11
-0.90
-0.98
-0.91
-0.83
-0.92
-0.83
-0.77
-0.65
clear
-0.75
-0.81
-0.77
-0.64
-0.60
-0.65
-0.65
-0.64
-0.61
-0.56
-0.48
-0.43
-0.32
-0.25
-0.16
-0.11
-0.01
0.03
0.09
0.09
0.07
0.13
0.15
0.26
power
12
0.07
0.85
0.83
0.72
0.72
0.66
0.66
0.77
0.58
0.63
0.83
0.77
0.88
0.83
0.96
0.77
0.90
1.02
0.71
0.76
0.83
1.07
1.06
1.10
clear
0.50
0.10
0.07
0.04
0.10
0.34
-0.08
-0.11
-0.09
-0.05
-0.01
0.06
-0.10
-0.21
-0.18
-0.17
-0.13
-0.07
-0.14
-0.07
-0.20
-0.37
-0.36
-0.34
power
14
0.68
1.98
2.02
2.02
1.94
2.00
2.23
2.13
2.09
2.18
2.14
2.27
2.27
2.32
2.44
2.29
2.30
2.36
2.32
2.36
2.43
2.34
2.28
2.34
clear
1.28
0.62
0.76
0.78
0.78
0.74
0.65
0.71
0.66
0.68
0.64
0.76
0.56
0.43
0.42
0.36
0.36
0.42
0.37
0.38
0.42
0.54
0.49
0.27
power
16
1.30
3.19
3.59
3.77
3.96
4.24
4.05
4.07
4.01
4.22
4.39
4.44
4.40
4.59
4.51
4.69
4.57
4.49
4.63
4.46
4.82
4.89
4.77
4.60
clear
2.32
0.99
0.98
1.08
1.14
1.11
0.97
0.86
0.70
0.60
0.57
0.55
0.48
0.45
0.55
0.60
0.55
0.45
0.42
0.44
0.41
0.35
0.40
0.35
power
18
2.12
5.71
6.00
6.04
6.23
6.44
6.71
6.63
6.61
6.73
6.96
6.91
6.69
6.78
6.46
6.57
6.70
6.57
6.49
6.54
6.43
6.34
6.45
6.12
clear
2.79
0.74
0.75
0.94
0.96
0.89
0.86
0.72
0.55
0.50
0.39
0.41
0.31
0.23
0.02
-0.12
-0.18
-0.37
-0.42
-0.45
-0.61
-0.68
-0.73
-0.72
power
20
3.24
7.75
8.17
8.06
8.10
8.39
8.58
9.02
8.85
8.99
9.34
9.45
9.58
9.50
9.39
9.86
9.75
9.67
9.39
9.35
9.62
9.72
9.89
10.41
clear
4.95
1.53
1.49
1.47
1.37
1.14
0.96
0.69
0.68
0.49
0.38
0.19
0.26
0.32
0.18
0.14
0.17
0.17
0.02
-0.03
0.05
0.17
0.13
0.06
power
22
4.05
10.13
10.11
10.76
11.62
11.28
11.89
12.11
12.09
12.23
12.14
12.24
12.76
13.15
12.88
12.56
12.28
12.47
13.07
13.38
13.31
12.81
12.99
13.27
clear
6.42
1.54
1.45
1.55
1.57
1.45
1.26
1.05
0.84
0.73
0.62
0.68
0.76
0.68
0.54
0.37
0.23
0.27
0.18
0.11
0.11
0.15
0.13
0.11
power
24
5.84
13.19
13.32
13.51
13.86
14.35
15.03
14.87
14.65
15.29
15.68
15.39
15.80
15.88
15.49
15.29
15.42
15.89
16.01
16.10
16.00
16.28
16.34
16.71
clear
7.40
1.15
1.12
1.06
1.18
1.05
1.06
0.93
0.74
0.58
0.61
0.52
0.49
0.41
0.24
0.07
0.00
-0.11
-0.23
-0.23
-0.19
-0.24
-0.19
-0.20
power
26
5.65
17.28
17.41
17.95
18.10
18.12
18.38
18.75
18.85
19.06
19.55
19.29
19.19
19.27
19.62
19.88
19.96
20.25
20.51
19.83
19.54
19.97
20.16
19.97
clear
8.92
1.47
1.43
1.37
1.25
1.06
0.92
0.94
0.81
0.77
0.69
0.62
0.63
0.38
0.27
0.24
0.35
0.22
0.01
0.00
0.04
0.07
-0.07
-0.26
power
28
7.55
20.39
19.88
20.43
21.16
21.54
22.94
23.13
23.38
24.21
23.72
22.78
22.81
23.55
23.68
23.60
23.89
24.82
25.26
24.54
24.26
23.46
23.54
23.26
clear
11.17
1.18
1.27
1.19
1.08
0.95
0.79
0.74
0.75
0.69
0.54
0.45
0.32
0.09
0.06
0.05
0.04
0.06
-0.02
-0.06
-0.18
-0.27
-0.23
-0.40
power
30
9.16
24.81
24.45
24.89
25.57
26.61
26.24
26.82
27.18
27.44
26.94
27.87
28.78
28.78
29.42
28.45
27.37
28.20
29.13
29.22
29.33
28.47
28.10
28.61
clear
12.25
0.32
0.21
0.22
0.16
0.04
-0.00
-0.09
-0.05
-0.12
-0.11
-0.20
-0.20
-0.32
-0.36
-0.48
-0.59
-0.69
-0.72
-0.86
-0.96
-1.11
-1.10
-1.23
power
32
9.37
30.49
29.75
30.38
30.61
31.54
32.66
33.07
32.46
33.05
33.97
33.35
32.72
33.28
32.79
33.10
32.78
32.13
32.49
33.20
33.70
35.71
34.70
33.96
clear
14.67
1.57
1.53
1.56
1.25
1.13
1.02
0.99
0.94
0.90
0.73
0.61
0.49
0.57
0.56
0.44
0.27
0.25
0.26
0.44
0.46
0.44
0.40
0.48
power
34
11.67
36.14
36.56
36.25
36.98
36.23
35.86
37.23
38.23
38.33
37.60
37.72
37.94
38.97
39.19
39.14
39.25
38.74
39.53
39.51
38.98
39.23
39.51
38.95
clear
16.83
1.06
1.13
1.04
1.01
1.08
0.99
0.86
0.78
0.78
0.82
0.87
0.70
0.65
0.59
0.59
0.49
0.35
0.42
0.16
-0.01
-0.04
-0.01
0.03
power
36
12.82
41.90
42.71
42.42
42.42
42.35
42.84
43.25
43.68
43.23
43.37
44.27
43.38
42.61
43.72
44.07
43.54
44.28
44.22
44.44
44.43
44.75
44.67
44.28
clear
19.66
0.62
0.72
0.69
0.62
0.54
0.33
0.11
-0.07
-0.14
-0.25
-0.33
-0.49
-0.48
-0.42
-0.45
-0.47
-0.29
-0.18
-0.10
0.00
0.00
0.14
0.11
power
38
13.62
46.18
45.78
46.78
46.76
47.48
48.36
48.19
48.48
47.76
48.15
47.06
47.69
47.39
48.34
48.28
48.27
49.03
49.10
49.98
48.27
47.95
48.85
48.27
clear
20.52
0.74
0.74
0.62
0.50
0.37
0.21
0.08
-0.07
-0.14
-0.02
-0.09
-0.27
-0.22
-0.18
-0.04
-0.04
-0.02
0.04
0.11
0.17
0.26
0.17
0.22
power
40
16.39
52.02
52.61
53.38
53.24
52.37
51.96
52.13
53.19
52.43
52.48
51.97
52.49
53.01
53.15
53.38
52.46
52.99
53.51
53.72
53.04
52.52
52.67
53.20
clear
24.22
0.59
0.63
0.66
0.56
0.56
0.60
0.55
0.45
0.42
0.48
0.57
0.70
0.77
0.76
0.79
0.84
0.85
1.02
1.00
0.95
0.93
0.85
0.95
power
42
15.74
57.74
58.87
59.97
58.75
58.49
58.63
58.15
60.08
59.19
58.64
58.92
58.31
58.23
58.87
58.59
58.72
58.05
58.00
58.33
57.14
57.15
57.48
58.55
clear
26.03
-1.45
-1.43
-1.39
-1.36
-1.68
-1.70
-1.67
-1.46
-1.42
-1.51
-1.45
-1.40
-1.38
-1.48
-1.58
-1.57
-1.39
-1.33
-1.47
-1.34
-1.24
-1.37
-1.42
power
44
19.86
66.69
67.09
66.96
67.17
66.34
66.54
68.08
66.55
66.82
66.30
66.46
66.82
66.69
66.13
65.90
66.67
66.85
66.94
67.80
66.69
65.81
66.40
67.54
clear
28.31
0.93
1.06
1.04
1.03
0.96
0.94
0.80
0.73
0.73
0.69
0.69
0.69
0.55
0.30
0.25
0.23
0.29
0.40
0.52
0.64
0.69
0.75
0.81
power
46
19.00
71.06
70.97
72.75
73.48
74.05
72.57
72.90
72.97
72.92
73.06
73.55
73.84
73.31
74.14
73.82
73.79
73.55
73.59
73.57
74.90
75.24
73.90
73.32
clear
30.08
-0.52
-0.57
-0.61
-0.53
-0.63
-0.98
-1.35
-1.36
-1.44
-1.47
-1.44
-1.27
-1.11
-1.08
-1.07
-1.02
-1.03
-1.12
-1.10
-1.20
-1.32
-1.37
-1.59
power
48
22.59
78.52
79.85
80.39
81.03
80.11
80.51
81.51
82.13
81.13
81.93
81.98
82.44
83.62
82.90
82.35
82.99
84.59
84.35
83.45
83.04
82.55
82.15
82.94
clear
35.84
1.27
1.39
1.58
1.56
1.51
1.20
1.03
0.94
0.94
0.77
0.55
0.49
0.26
0.25
0.34
0.19
0.26
0.11
0.09
0.06
-0.03
0.02
0.13
power
50
21.39
87.05
87.93
88.20
87.88
87.61
88.56
88.21
89.07
88.62
88.64
88.58
88.91
89.53
89.70
87.90
88.61
89.92
89.09
89.16
90.20
89.59
88.79
90.81
clear
40.26
1.61
1.49
1.48
1.29
0.90
0.69
0.61
0.50
0.43
0.44
0.44
0.33
0.24
0.20
-0.01
-0.14
-0.17
-0.18
-0.15
-0.07
0.02
0.14
0.12
power
52
20.96
96.52
99.20
98.53
96.00
94.67
95.33
96.90
97.77
96.78
97.96
95.96
96.82
96.32
96.36
94.79
95.17
97.17
95.63
94.99
94.27
93.69
96.13
98.18
clear
43.29
1.22
1.09
1.01
0.93
0.90
0.88
1.00
0.98
0.92
0.80
0.95
0.97
0.89
0.98
1.05
1.06
1.04
1.00
1.07
1.20
1.27
1.26
1.29
power
54
21.65
102.78
104.29
103.77
104.28
103.54
104.29
104.40
101.97
104.23
103.15
102.78
103.66
103.90
101.93
102.65
102.70
103.02
103.55
104.43
103.99
104.28
103.21
105.11
clear
47.29
-0.15
-0.03
-0.10
-0.10
-0.12
-0.08
-0.03
-0.24
-0.14
-0.13
-0.12
-0.05
-0.09
0.06
0.04
-0.02
-0.09
-0.09
-0.15
-0.22
-0.31
-0.33
-0.46
power
56
29.83
109.26
111.08
110.80
111.03
110.47
110.22
110.13
109.80
110.14
109.32
108.75
110.29
109.78
109.16
109.12
110.20
110.71
112.76
112.35
112.67
113.68
113.52
112.13
clear
45.21
0.70
0.79
0.74
0.61
0.56
0.45
0.45
0.39
0.47
0.49
0.52
0.55
0.52
0.65
0.67
0.72
0.72
0.79
0.77
0.75
0.65
0.56
0.52
power
58
26.49
116.73
119.27
120.04
119.17
118.74
116.89
116.58
116.14
116.96
117.49
117.26
117.99
119.38
119.73
118.89
118.92
119.28
119.97
120.20
121.21
119.90
118.40
118.92
clear
49.23
-0.02
0.03
0.01
0.01
-0.03
-0.09
-0.10
-0.22
-0.23
-0.28
-0.29
-0.20
-0.20
-0.25
-0.25
-0.20
-0.24
-0.12
-0.08
-0.10
-0.15
-0.09
-0.16
power
60
26.36
124.54
126.41
125.74
126.02
125.77
126.34
127.34
125.58
125.29
125.34
124.94
125.48
125.65
126.14
127.35
128.21
127.25
126.97
126.52
125.23
126.72
126.34
125.73
clear
53.46
0.07
0.07
0.13
0.10
0.02
-0.06
-0.06
-0.15
-0.21
-0.07
-0.15
-0.16
-0.12
-0.07
-0.08
-0.14
-0.09
0.00
0.06
-0.00
-0.04
0.01
0.04
power
62
30.15
132.03
134.37
133.81
133.24
133.65
135.39
136.78
134.90
134.50
136.41
136.57
135.79
136.12
136.53
135.23
135.16
135.27
135.20
134.27
134.47
135.39
133.45
133.27
clear
59.21
0.85
0.76
0.76
0.68
0.63
0.58
0.55
0.38
0.42
0.34
0.41
0.45
0.46
0.47
0.44
0.43
0.47
0.51
0.54
0.53
0.57
0.55
0.50
power
64
35.29
140.48
141.47
141.75
142.23
140.82
140.72
141.32
141.19
141.02
140.64
141.23
140.36
139.56
141.31
142.54
140.66
140.90
142.59
141.29
141.69
141.21
141.03
141.52
clear
57.19
-0.01
-0.04
0.01
-0.10
-0.09
-0.04
0.06
0.12
0.10
0.02
0.09
0.10
0.08
0.01
0.07
0.04
0.06
0.10
0.14
0.07
0.05
-0.03
-0.00
power
66
30.09
149.42
150.82
151.13
151.52
152.38
151.24
151.39
150.96
150.91
150.29
149.88
149.88
150.09
152.45
151.88
152.13
150.80
151.13
150.47
149.66
148.40
151.01
149.48
clear
62.06
-0.39
-0.40
-0.45
-0.37
-0.36
-0.46
-0.44
-0.45
-0.46
-0.48
-0.48
-0.42
-0.52
-0.48
-0.46
-0.52
-0.60
-0.63
-0.69
-0.48
-0.43
-0.41
-0.45
power
68
29.09
157.32
160.03
159.78
160.06
159.50
158.95
159.41
158.82
157.55
156.81
156.57
156.72
156.48
157.12
159.14
159.74
160.36
159.59
159.01
157.42
157.51
155.93
156.19
clear
67.18
-0.03
0.06
0.02
0.06
-0.09
-0.12
-0.13
-0.17
-0.18
-0.21
-0.18
-0.14
-0.11
-0.13
-0.11
-0.10
-0.12
-0.15
-0.08
-0.19
-0.15
-0.35
-0.32
power
70
30.25
164.14
168.73
167.84
166.65
167.02
166.71
166.35
166.25
166.29
165.86
164.84
165.55
165.27
164.98
165.58
166.78
167.49
167.33
167.69
165.34
165.46
165.16
163.78
clear
64.45
0.63
0.79
0.81
0.79
0.85
0.84
0.77
0.67
0.62
0.53
0.56
0.58
0.60
0.58
0.52
0.67
0.70
0.56
0.58
0.56
0.59
0.63
0.57
power
72
33.14
173.31
176.63
175.07
176.58
175.79
175.09
175.04
171.90
173.93
175.95
175.08
175.79
175.60
173.30
173.62
172.21
172.22
172.91
173.06
175.94
174.05
174.12
172.84
clear
70.76
-0.04
0.06
0.09
-0.00
-0.00
-0.12
-0.07
-0.13
-0.04
0.04
0.06
0.14
0.18
0.09
0.13
0.18
0.09
0.10
0.04
0.06
0.05
-0.03
0.02
power
74
38.19
179.01
180.37
181.78
182.42
180.82
180.36
180.63
182.25
186.82
76.17
3.71
-5.01
-6.56
-6.51
-6.43
-6.44
-6.34
