5.09
5.20
5.26
5.23
5.15
5.30
5.27
5.33
5.23
5.06
5.07
5.07
clear
5.04
5.09
4.96
4.92
4.85
4.85
4.52
4.55
4.60
4.54
4.49
4.41
4.39
4.52
4.44
4.52
4.41
4.18
4.14
4.02
4.03
3.88
3.75
3.78
power
2
0.07
-0.15
-0.11
-0.16
-0.16
-0.12
-0.16
-0.17
-0.15
-0.09
-0.22
-0.19
-0.19
-0.14
-0.15
-0.30
-0.34
-0.41
-0.42
-0.45
-0.40
-0.41
-0.50
-0.59
clear
-0.60
-0.56
-0.68
-0.74
-0.69
-0.73
-0.67
-0.64
-0.55
-0.62
-0.81
-0.84
-0.70
-0.66
-0.68
-0.77
-0.90
-1.03
-1.10
-1.07
-1.07
-1.08
-1.14
-1.19
power
4
-0.01
-0.02
0.09
0.04
0.05
-0.01
0.06
0.07
0.01
-0.05
-0.02
-0.06
-0.00
0.02
-0.04
-0.06
-0.11
-0.14
-0.27
-0.29
-0.41
-0.41
-0.67
-0.84
clear
-0.86
-1.00
-1.03
-1.13
-1.10
-1.06
-1.00
-1.02
-1.00
-1.02
-1.04
-1.00
-1.11
-1.09
-1.13
-1.17
-1.16
-1.33
-1.33
-1.50
-1.44
-1.59
-1.74
-1.87
power
6
-0.06
0.02
0.01
-0.12
-0.11
-0.31
-0.30
-0.28
-0.36
-0.40
-0.41
-0.49
-0.48
-0.46
-0.52
-0.59
-0.56
-0.50
-0.66
-0.72
-0.72
-0.72
-0.56
-0.51
clear
-0.59
-0.54
-0.51
-0.69
-0.78
-0.91
-0.84
-0.68
-0.54
-0.63
-0.78
-0.74
-0.77
-0.76
-0.67
-0.72
-0.64
-0.80
-0.80
-0.70
-0.56
-0.50
-0.46
-0.49
power
8
0.26
0.15
0.71
1.03
0.56
0.67
-0.17
2.06
-0.09
-0.16
2.02
0.36
0.12
-0.08
0.15
2.00
-0.34
-0.55
-0.52
-0.64
1.69
-0.37
-0.72
-0.81
clear
-1.00
-1.16
-1.11
-1.08
-0.86
-0.87
-0.98
-0.94
-0.98
-1.06
-1.07
-1.03
-1.02
-0.99
-0.98
-1.07
-1.30
-1.34
-1.24
-1.35
-1.39
-1.55
-1.83
-1.93
power
10
0.11
0.02
-0.22
0.22
0.64
0.75
0.78
0.70
0.51
0.66
0.38
0.41
0.43
0.73
0.82
0.69
0.41
0.36
0.12
0.18
0.24
0.25
0.15
0.14
clear
0.01
0.00
0.19
0.17
0.31
0.69
0.55
0.64
0.28
-0.13
-0.07
0.13
0.18
0.11
0.03
0.00
-0.11
-0.21
-0.09
-0.17
-0.19
-0.30
-0.17
-0.05
power
12
0.38
1.07
1.07
1.10
1.10
1.29
1.40
1.29
1.17
1.24
1.20
1.21
1.24
1.06
1.01
1.12
0.97
1.04
0.88
0.84
0.64
0.58
0.54
0.67
clear
0.27
-0.26
-0.44
-0.51
-0.37
0.17
0.23
0.16
1.06
2.78
5.21
5.92
6.05
5.98
5.83
5.62
5.59
5.56
5.61
5.63
5.61
5.59
5.45
5.51
power
14
1.22
2.53
2.42
2.33
2.38
2.38
2.28
2.21
1.91
1.93
1.76
1.65
1.59
1.45
1.64
1.24
1.16
1.06
1.14
1.09
1.00
0.92
0.77
0.68
clear
-0.73
-1.78
-1.74
-1.79
-1.81
-1.97
-1.97
-2.06
-2.18
-2.31
-2.38
-2.33
-2.37
-2.60
-2.56
-2.74
-2.78
-2.88
-2.90
-2.93
-3.01
-3.17
-3.27
-3.23
power
16
1.48
3.62
3.46
3.64
3.59
3.63
3.77
3.76
3.51
3.37
3.38
3.32
3.29
3.17
3.05
3.10
3.19
2.97
2.86
2.81
2.70
2.66
2.59
2.65
clear
0.34
-1.07
-1.19
-1.29
-1.24
-1.27
-1.41
-1.50
-1.48
-1.51
-1.41
-1.34
-1.37
-1.43
-1.46
-1.63
-1.72
-1.58
-1.65
-1.59
-1.63
-1.54
-1.63
-1.56
power
18
2.36
5.80
5.60
5.82
6.00
6.04
5.89
5.89
5.87
5.93
6.01
6.04
6.02
6.06
5.87
5.77
5.76
5.67
5.71
5.71
5.76
5.68
5.54
5.66
clear
2.39
-0.11
-0.15
-0.12
-0.17
-0.15
-0.04
-0.05
0.01
-0.17
-0.27
-0.33
-0.27
-0.24
-0.18
-0.22
-0.15
-0.14
-0.04
-0.13
-0.09
-0.19
-0.14
-0.19
power
20
3.11
7.85
7.90
7.84
7.62
7.71
7.99
7.79
7.76
7.82
7.91
7.66
7.75
7.89
7.90
8.17
8.18
8.15
8.36
8.13
7.96
7.97
8.20
8.48
clear
3.50
-0.07
-0.01
-0.02
-0.03
-0.05
0.00
-0.08
-0.11
-0.11
-0.18
-0.29
-0.38
-0.30
-0.36
-0.28
-0.27
-0.23
-0.33
-0.21
-0.23
-0.26
-0.23
-0.26
power
22
4.66
10.52
10.52
10.87
10.55
10.79
10.60
10.54
10.71
10.80
10.46
10.85
10.88
10.96
10.79
10.63
10.56
10.40
10.53
10.70
10.65
10.73
10.67
10.55
clear
4.14
-0.07
-0.05
0.03
0.11
0.06
-0.04
-0.02
-0.02
0.01
-0.03
-0.01
-0.02
0.02
0.02
-0.07
-0.11
-0.19
-0.16
-0.31
-0.20
-0.13
-0.16
-0.31
power
24
6.00
13.80
14.11
14.06
14.15
14.11
14.05
14.12
14.12
13.76
14.00
14.05
13.65
14.02
13.71
13.44
13.57
13.90
13.84
13.51
13.52
13.57
13.47
13.43
clear
5.60
-0.14
-0.11
-0.10
-0.10
-0.18
-0.14
-0.07
-0.10
-0.11
-0.08
-0.24
-0.19
-0.16
-0.20
-0.24
-0.27
-0.19
-0.12
-0.16
-0.09
-0.09
-0.13
-0.13
power
26
7.21
17.23
17.67
17.36
17.59
17.61
17.84
17.74
17.72
17.41
17.92
17.88
17.62
17.61
17.82
17.73
17.71
17.43
17.21
17.53
17.58
17.75
17.36
17.42
clear
7.09
0.16
0.13
0.14
0.12
0.14
0.13
0.16
0.21
0.16
0.11
0.20
0.12
0.19
0.17
0.18
0.25
0.24
0.25
0.19
0.26
0.27
0.21
0.21
power
28
7.58
20.80
20.97
21.41
21.86
20.91
21.18
21.51
21.51
21.58
21.69
21.46
21.60
21.82
21.97
21.58
21.92
21.72
21.05
21.55
21.55
21.47
21.33
21.75
clear
7.93
-0.19
-0.21
-0.21
-0.18
-0.21
-0.17
-0.21
-0.22
-0.32
-0.25
-0.24
-0.14
-0.19
-0.16
-0.22
-0.32
-0.26
-0.28
-0.24
-0.28
-0.30
-0.38
-0.28
power
30
8.77
24.84
24.41
24.58
24.42
25.09
25.45
25.49
25.63
25.63
25.51
25.47
25.76
25.89
25.63
25.53
25.45
25.63
26.08
26.09
25.72
25.60
25.80
25.63
clear
10.86
0.38
0.44
0.48
0.44
0.50
0.43
0.36
0.30
0.20
0.17
0.17
0.19
0.13
0.22
0.24
0.22
0.26
0.31
0.30
0.25
0.26
0.35
0.36
power
32
10.22
29.15
29.62
29.21
29.28
29.44
29.43
29.59
29.72
29.62
30.33
30.48
30.38
30.25
30.32
30.85
30.78
30.84
30.70
30.27
30.67
30.50
30.67
30.68
clear
12.10
-0.26
-0.25
-0.20
-0.27
-0.34
-0.23
-0.11
-0.16
-0.24
-0.24
-0.29
-0.31
-0.16
-0.16
-0.05
-0.10
-0.19
-0.16
-0.15
-0.29
-0.25
-0.28
-0.33
power
34
10.37
34.16
34.68
34.95
35.66
35.43
36.13
36.01
36.36
35.98
36.18
35.88
35.27
35.11
35.41
35.23
35.23
35.53
35.73
34.87
34.95
36.04
36.29
36.08
clear
13.73
0.08
0.05
0.11
0.13
0.13
0.13
0.13
0.15
0.18
0.11
0.03
0.03
0.16
0.19
0.13
0.21
0.19
0.15
0.16
0.10
0.16
0.20
0.20
power
36
7.21
39.17
40.09
40.23
40.96
40.64
40.39
40.73
40.81
41.38
41.03
41.33
41.58
41.66
41.90
41.45
40.98
40.74
41.21
41.29
41.69
41.48
41.81
41.45
clear
16.87
-0.03
0.13
0.15
0.19
0.08
0.09
0.24
0.23
0.28
0.26
0.19
0.27
0.31
0.28
0.26
0.25
0.36
0.29
0.24
0.29
0.31
0.24
0.30
power
38
12.27
45.84
45.88
46.28
46.71
46.77
47.05
47.26
47.27
47.55
47.55
47.17
47.24
47.23
46.96
46.97
46.72
46.99
46.92
46.70
46.94
46.79
46.94
47.14
clear
18.83
0.02
-0.06
0.01
-0.06
-0.05
-0.07
-0.01
-0.08
-0.17
-0.22
-0.12
-0.08
-0.16
-0.15
-0.13
-0.23
-0.29
-0.17
-0.18
-0.25
-0.21
-0.24
-0.24
power
40
12.18
50.75
51.10
51.29
51.37
51.58
51.88
51.90
52.00
52.55
52.61
52.98
53.41
53.48
54.00
53.81
53.91
53.07
53.34
53.33
53.00
52.90
52.06
52.36
clear
20.15
0.11
0.13
0.17
0.14
0.14
0.09
0.13
0.20
0.23
0.22
0.25
0.26
0.18
0.24
0.22
0.21
0.20
0.17
0.20
0.21
0.22
0.17
0.17
power
42
15.95
57.08
58.05
57.92
57.99
58.21
58.58
57.48
57.39
58.13
57.37
57.41
57.97
57.32
57.34
58.09
57.86
58.06
58.76
59.06
59.43
59.50
59.22
59.19
clear
24.06
0.26
0.30
0.27
0.26
0.30
0.34
0.34
0.30
0.30
0.44
0.45
0.34
0.23
0.29
0.35
0.30
0.40
0.34
0.34
0.35
0.33
0.33
0.31
power
44
16.11
62.60
63.70
63.31
64.23
64.09
63.76
64.10
63.58
63.73
64.11
64.76
63.41
63.16
63.65
63.14
63.54
64.58
64.74
64.81
64.60
63.59
63.72
63.18
clear
24.80
-0.06
-0.01
-0.02
-0.08
-0.03
-0.08
-0.12
-0.07
-0.08
-0.00
0.03
-0.05
0.04
-0.02
0.02
0.07
0.07
0.02
-0.05
0.00
-0.07
0.00
-0.02
power
46
18.06
69.35
69.47
70.20
70.61
70.82
71.30
71.65
71.36
70.89
71.98
71.09
71.23
71.22
72.11
72.42
71.18
72.13
72.30
71.72
72.03
72.10
72.17
71.50
clear
30.50
0.21
0.23
0.26
0.22
0.32
0.27
0.27
0.21
0.31
0.30
0.21
0.31
0.35
0.25
0.21
0.22
0.24
0.17
0.14
0.18
0.09
0.10
0.14
power
48
21.11
77.23
78.31
78.56
78.95
79.22
80.47
79.64
79.78
79.45
78.51
80.45
79.77
79.17
79.50
79.86
78.64
78.72
78.25
78.23
79.25
79.94
79.82
78.38
clear
30.68
0.10
0.12
0.11
0.06
0.10
0.04
-0.02
0.13
0.14
0.03
-0.01
0.02
0.04
0.09
0.04
0.04
0.12
0.18
0.12
0.08
0.09
0.14
0.11
power
50
17.61
83.80
83.54
84.56
84.95
85.86
86.36
85.88
86.56
87.80
86.24
85.29
85.58
85.39
84.58
86.70
87.75
86.68
85.11
85.31
85.82
86.42
85.03
86.06
clear
32.97
-0.07
-0.00
0.01
0.09
-0.00
-0.01
-0.04
-0.00
0.10
0.15
0.06
0.01
0.09
0.12
0.11
0.13
0.11
0.07
0.16
0.15
0.07
0.16
0.10
power
52
20.35
90.84
90.91
91.43
90.96
91.31
91.64
91.86
92.19
90.78
90.72
91.33
92.48
93.87
93.02
92.32
93.17
91.04
92.18
91.34
90.16
90.05
90.21
90.72
clear
36.84
0.03
-0.04
-0.09
-0.00
-0.05
0.02
-0.04
0.10
-0.01
-0.04
0.02
0.07
-0.01
0.06
0.03
0.00
-0.04
-0.02
0.05
0.01
0.03
-0.11
-0.15
power
54
22.01
98.42
97.62
97.95
98.99
98.50
98.12
98.85
98.61
99.19
100.81
101.05
101.27
101.57
101.60
101.08
101.39
102.54
101.99
101.61
101.32
102.01
101.90
100.82
clear
38.83
-0.12
-0.08
-0.07
-0.03
0.03
-0.06
-0.03
0.01
0.00
-0.03
-0.10
-0.10
-0.03
-0.06
-0.16
-0.23
-0.16
-0.27
-0.15
-0.03
-0.12
-0.14
-0.08
power
56
21.56
105.63
106.75
107.81
108.92
108.99
110.09
110.03
108.98
108.67
108.09
105.88
105.72
106.23
108.10
107.87
106.88
107.23
107.70
107.55
108.08
108.07
106.99
107.57
clear
44.56
0.08
0.22
0.20
0.16
0.28
0.26
0.25
0.30
0.26
0.20
0.24
0.28
0.35
0.29
0.26
0.26
0.23
0.30
0.22
0.15
0.06
0.11
0.09
power
58
29.37
113.79
114.81
115.19
115.11
115.77
116.78
116.44
115.02
114.44
114.35
114.39
114.21
114.18
115.16
115.15
116.28
117.47
116.39
117.21
116.89
116.66
115.57
117.05
clear
46.73
0.16
0.09
0.07
0.11
0.03
-0.11
-0.03
-0.01
-0.02
-0.01
-0.12
-0.11
-0.14
-0.01
-0.06
-0.05
-0.02
0.09
0.05
0.06
0.01
0.04
-0.00
power
60
26.99
122.16
123.53
124.48
125.73
124.26
124.84
123.71
124.01
123.30
124.22
124.65
123.97
123.82
124.71
124.95
125.75
123.80
123.27
122.07
122.83
124.30
124.73
124.09
clear
51.89
0.10
0.17
0.17
0.12
0.21
0.19
0.20
0.16
0.23
0.22
0.17
0.11
0.15
0.16
0.10
0.19
0.12
0.10
0.08
0.10
0.06
0.09
0.11
power
62
26.21
129.69
130.43
131.10
132.74
133.58
132.90
132.73
133.32
132.91
133.84
132.43
132.11
131.17
130.95
131.28
132.42
133.49
132.90
132.57
133.78
132.04
130.95
132.25
clear
53.42
-0.05
-0.06
0.05
-0.01
0.04
0.09
-0.00
0.03
0.10
0.09
0.03
0.04
0.13
0.07
0.06
-0.10
-0.00
-0.02
0.01
-0.03
0.05
0.06
0.01
power
64
28.99
138.76
140.42
140.05
139.20
136.94
138.11
138.95
139.13
139.27
140.88
142.17
142.50
141.80
141.78
141.58
142.10
141.29
140.94
140.56
141.26
141.19
140.97
141.50
clear
53.72
0.08
0.10
0.16
0.06
0.14
0.07
0.08
0.13
0.17
0.20
0.18
0.17
0.21
0.15
0.18
0.17
0.12
0.17
0.20
0.21
0.22
0.23
0.11
power
66
32.80
146.02
146.29
148.07
148.09
147.60
147.57
146.87
147.35
149.54
148.70
147.87
147.86
146.79
146.52
149.72
150.01
149.66
146.57
148.44
149.61
148.50
147.84
148.53
clear
59.98
0.05
0.11
0.06
0.05
0.09
0.02
0.07
0.12
0.14
0.14
0.13
0.11
0.11
0.13
0.17
0.14
0.08
0.12
0.09
0.05
0.10
0.08
0.08
power
68
30.73
155.78
156.56
157.78
156.88
156.37
156.05
155.86
158.39
158.65
158.69
158.84
159.38
158.74
155.21
155.82
155.34
156.35
155.74
156.39
156.64
157.01
155.88
155.46
clear
60.85
0.15
0.14
0.13
0.13
0.16
0.20
0.18
0.18
0.11
0.15
0.11
0.22
0.23
0.16
0.18
0.16
0.13
0.12
0.16
0.11
0.12
0.13
0.15
power
70
34.77
163.27
164.17
165.26
162.19
164.16
164.92
165.96
166.44
165.32
165.77
167.03
166.09
168.27
167.61
167.47
167.22
166.39
166.44
166.34
165.32
163.94
163.30
161.42
clear
67.67
-0.12
-0.10
-0.09
-0.15
-0.08
-0.07
-0.05
-0.03
-0.05
-0.06
-0.08
-0.07
-0.06
-0.07
-0.11
-0.07
-0.04
-0.03
-0.07
-0.08
-0.05
-0.17
-0.08
power
72
39.32
171.59
174.65
175.00
174.60
173.69
173.00
173.38
173.75
