-0.00
6706
0.03
7155
0.05
7605
0.07
8054
0.05
8504
0.03
8953
0.02
9403
0.04
9853
-0.01
10302
0.03
10752
0.08
11201
0.03
11651
0.04
12100
0.08
12550
0.01
12999
0.02
13449
0.05
13898
-0.03
14348
-0.03
14797
0.04
15247
0.04
15697
0.05
16146
-0.00
16596
-0.04
17045
0.03
17495
0.03
17944
0.05
18394
0.03
18843
0.00
19293
-0.06
19742
-0.00
20192
-0.03
20642
-0.03
21091
-0.04
21541
0.02
21990
-0.01
22440
0.00
22889
-0.07
23339
0.02
23788
0.07
24238
0.00
24688
-0.03
25137
-0.02
25587
-0.04
26036
-0.02
26486
-0.02
26935
-0.00
27385
-0.02
27834
0.02
28284
-0.00
28734
-0.03
29183
-0.02
29633
-0.01
30082
-0.03
30532
-0.02
30981
-0.05
31431
-0.08
31881
-0.04
32330
-0.07
32780
-0.04
33229
-0.05
33679
-0.13
34128
-0.09
34578
-0.09
35027
-0.09
35477
-0.10
35927
-0.07
36376
-0.11
36826
-0.05
37275
-0.07
37725
-0.05
38174
-0.08
38624
-0.07
39074
-0.03
39523
-0.08
39973
-0.02
40422
-0.03
40872
-0.05
41322
0.02
41771
-0.06
42221
-0.07
42670
-0.01
43120
-0.02
43569
-0.04
44019
-0.05
44468
-0.07
44918
-0.08
45368
-0.04
45817
-0.09
46267
-0.09
46716
-0.06
47166
-0.07
47615
-0.11
48065
-0.09
48514
-0.16
48964
-0.13
49414
-0.12
49863
-0.12
50313
-0.10
50762
-0.10
51212
-0.11
51662
-0.14
52111
-0.11
52561
-0.09
53010
-0.15
53460
-0.13
53909
-0.11
54359
-0.16
54809
-0.13
55258
-0.12
55708
-0.06
56157
-0.12
56607
-0.16
57056
-0.11
57506
-0.11
57955
-0.07
58405
-0.12
58854
-0.13
59304
-0.18
59753
-0.14
60203
-0.09
60653
-0.13
61102
-0.12
61552
-0.14
62001
-0.12
62451
-0.15
62900
-0.12
63350
-0.13
63799
-0.10
64249
-0.13
64699
-0.14
65148
-0.15
65598
-0.12
66047
-0.16
66497
-0.14
66946
-0.11
67396
-0.14
67845
-0.14
68295
-0.17
68745
-0.15
69194
-0.09
69644
-0.11
70093
-0.09
70543
-0.12
70992
-0.17
71442
-0.19
71891
-0.19
72341
-0.21
72790
-0.26
73240
-0.20
73689
-0.20
74139
-0.19
74589
-0.26
75038
-0.21
75488
-0.18
75937
-0.26
76387
-0.27
76836
-0.24
77286
-0.19
77735
-0.29
78185
-0.26
78635
-0.26
79084
-0.21
79534
-0.20
79983
-0.20
80433
-0.27
80882
-0.26
81332
-0.30
81781
-0.22
82231
-0.30
82681
-0.26
83130
-0.22
83580
-0.27
84029
-0.23
84479
-0.25
84928
-0.30
85378
-0.30
85827
-0.29
86277
-0.24
86726
-0.25
87176
-0.28
87625
-0.24
88075
-0.22
88525
-0.28
88974
-0.32
89424
-0.25
89873
-0.28
90323
-0.27
90772
-0.25
91222
-0.28
91671
-0.24
92121
-0.29
92570
-0.26
93020
-0.30
93470
-0.28
93919
-0.35
94369
-0.24
94818
-0.22
95268
-0.31
95717
-0.27
96167
-0.32
96616
-0.32
97066
-0.27
97515
-0.26
97965
-0.24
98414
-0.29
98864
-0.27
99313
-0.28
99763
-0.28
100212
-0.29
100662
-0.32
101111
-0.39
101561
-0.29
102010
-0.36
102460
-0.31
102909
-0.39
103359
-0.41
103809
-0.39
104258
-0.38
104708
-0.36
105157
-0.37
105607
-0.38
106056
-0.37
106506
-0.40
106955
-0.35
107405
-0.38
107854
-0.35
108304
-0.35
108753
-0.34
109203
-0.40
109652
-0.35
110102
-0.36
110551
-0.32
111001
-0.32
111451
-0.39
111900
-0.39
112350
-0.37
112799
-0.35
113249
-0.36
113698
-0.33
114148
-0.34
114597
-0.36
115047
-0.34
115497
-0.34
115946
-0.35
116396
-0.33
116845
-0.36
117295
-0.32
117744
-0.33
118194
-0.38
118644
-0.40
119093
-0.36
119543
-0.37
119992
-0.41
120442
-0.43
120892
-0.39
121341
-0.36
121791
-0.37
122240
-0.38
122690
-0.42
123139
-0.44
123589
-0.49
124038
-0.42
124488
-0.47
124938
-0.42
125387
-0.38
125837
-0.41
126286
-0.42
126736
-0.40
127185
-0.43
127635
-0.42
128084
-0.45
128534
-0.37
128984
-0.37
129433
-0.38
129883
-0.37
130332
-0.44
130782
-0.39
131231
-0.35
131681
-0.39
132130
-0.38
132580
-0.41
133029
-0.44
133479
-0.42
133928
-0.45
134378
-0.45
134827
