power
0
-0.04
-0.07
-0.06
-0.17
-0.16
-0.23
-0.22
-0.28
-0.33
-0.29
-0.37
-0.35
-0.43
-0.47
-0.45
-0.47
-0.46
-0.45
-0.54
-0.54
-0.50
-0.50
-0.55
-0.50
clear
-0.62
-0.59
-0.66
-0.67
-0.67
-0.67
-0.67
-0.62
-0.79
-0.70
-0.73
-0.64
-0.71
-0.66
-0.69
-0.66
-0.72
-0.71
-0.72
-0.70
-0.77
-0.69
-0.69
-0.71
power
3
-0.05
-0.13
-0.11
-0.09
-0.15
-0.13
-0.18
-0.16
-0.16
-0.18
-0.27
-0.21
-0.25
-0.23
-0.24
-0.26
-0.29
-0.28
-0.29
-0.36
-0.37
-0.34
-0.35
-0.39
clear
-0.39
-0.34
-0.40
-0.44
-0.48
-0.50
-0.53
-0.51
-0.47
-0.47
-0.46
-0.47
-0.44
-0.44
-0.43
-0.43
-0.36
-0.39
-0.41
-0.37
-0.37
-0.37
-0.30
-0.35
power
6
0.04
-0.01
0.09
0.10
0.05
-0.01
-0.04
-0.06
-0.03
-0.01
-0.02
0.01
0.04
0.03
0.04
0.07
0.00
0.02
0.04
-0.01
-0.07
-0.04
-0.15
-0.13
clear
-0.13
-0.13
-0.17
-0.21
-0.09
-0.15
-0.14
-0.19
-0.17
-0.16
-0.20
-0.17
-0.16
-0.13
-0.13
-0.12
-0.15
-0.20
-0.22
-0.24
-0.24
-0.25
-0.23
-0.21
power
9
-0.05
-0.01
-0.05
-0.07
-0.20
-0.13
-0.10
-0.14
-0.09
-0.05
-0.06
-0.10
-0.08
-0.20
-0.21
-0.10
-0.09
-0.10
-0.07
0.07
-0.00
0.01
0.04
0.00
clear
0.15
0.08
0.08
0.07
0.05
0.06
0.04
0.09
0.06
0.03
0.04
0.02
0.07
0.02
-0.00
0.00
-0.03
-0.00
0.06
0.01
-0.02
0.03
0.03
0.07
power
12
-0.07
-0.03
-0.18
-0.24
-0.20
-0.21
-0.19
-0.14
-0.26
-0.26
-0.24
-0.27
-0.38
-0.30
-0.32
-0.31
-0.31
-0.34
-0.40
-0.31
-0.25
-0.27
-0.36
-0.36
clear
-0.31
-0.25
-0.27
-0.23
-0.28
-0.23
-0.21
-0.22
-0.25
-0.21
-0.20
-0.15
-0.19
-0.21
-0.19
-0.16
-0.13
-0.18
-0.18
-0.17
-0.12
-0.18
-0.18
-0.15
power
15
-0.12
0.07
-0.03
0.01
0.04
-0.03
-0.05
-0.01
-0.07
0.00
-0.06
0.05
-0.05
-0.04
-0.12
-0.13
-0.23
-0.21
-0.40
-0.39
-0.40
-0.41
-0.37
-0.31
clear
-0.01
-0.09
-0.03
0.03
0.04
0.07
0.02
0.01
-0.03
-0.01
-0.02
-0.00
-0.05
0.02
0.11
0.01
0.06
-0.05
0.02
-0.07
-0.09
-0.03
-0.06
-0.06
power
18
-0.30
-0.32
-0.33
-0.28
-0.23
-0.16
-0.18
-0.35
-0.40
-0.33
-0.35
-0.47
-0.27
-0.28
-0.38
-0.27
-0.17
-0.19
-0.20
-0.31
-0.49
-0.36
-0.25
-0.30
clear
0.84
1.21
1.24
1.22
1.26
1.25
1.28
1.21
1.27
1.27
1.32
1.27
1.31
1.38
1.31
1.38
1.32
1.25
1.23
1.25
1.25
1.31
1.33
1.33
power
21
-1.35
-1.88
-1.80
-2.14
-2.52
-2.46
-2.47
-2.54
-2.61
-2.65
-2.67
-2.75
-2.76
-2.94
-2.82
-2.96
-3.04
-2.88
-2.86
-2.80
-2.91
-3.07
-3.09
-3.00
clear
-1.48
-1.16
-1.21
-1.20
-1.19
-1.17
-1.12
-1.08
-1.10
-1.06
-1.07
-1.02
-0.93
-0.98
-0.89
-0.95
-0.89
-0.88
-0.88
-0.85
-0.79
-0.82
-0.91
-0.88
power
24
-6.99
-11.41
-11.30
-11.22
-11.34
-11.27
-11.11
-11.20
-11.36
-11.13
-11.10
-11.09
-11.10
-11.15
-11.22
-11.13
-11.13
-11.09
-11.30
-11.19
-10.79
-10.80
-10.97
-11.07
clear
-10.70
-10.94
-10.96
-10.98
-10.95
-10.93
-10.93
-10.97
-10.97
-10.95
-10.94
-11.01
-11.00
-10.98
-10.95
-10.97
-10.97
-11.02
-11.09
-11.05
-11.07
-11.08
-11.22
-11.22
power
27
-3.29
-4.68
-4.83
-4.70
-5.09
-5.10
-5.29
-5.13
-4.85
-4.73
-4.68
-5.19
-5.42
-5.45
-5.43
-5.32
-5.23
-5.08
-5.08
-5.03
-5.04
-5.11
-5.28
-5.32
clear
-3.80
-3.77
-3.77
-3.76
-3.76
-3.62
-3.66
-3.69
-3.67
-3.64
-3.66
-3.88
-3.86
-3.78
-3.91
-3.97
-4.03
-4.00
-3.99
-4.04
-4.15
-4.10
-4.09
-3.99
power
30
-1.59
-2.06
-1.79
-1.66
-1.56
-1.58
-1.34
-1.59
-1.60
-1.71
-1.53
-1.33
-1.44
-1.32
-1.07
-0.99
-1.05
-1.40
-1.63
-1.60
-1.47
-1.47
-1.46
-1.48
clear
-0.81
-1.35
-1.41
-1.42
-1.37
-1.35
-1.38
-1.45
-1.42
-1.39
-1.36
-1.42
-1.46
-1.42
-1.40
-1.43
-1.50
-1.56
-1.47
-1.42
-1.38
-1.40
-1.48
-1.52
power
33
-0.81
-0.13
-0.74
-0.40
-0.72
-0.49
-0.37
-0.01
0.04
0.04
-0.11
-0.08
-0.07
-0.52
-0.29
-0.37
-0.32
-0.50
-0.23
-0.08
-0.24
-0.17
-0.16
-0.18
clear
0.79
0.86
0.86
0.83
0.78
0.80
0.75
0.79
0.76
0.76
0.78
0.76
0.74
0.72
0.88
0.85
0.89
0.85
0.88
0.94
0.88
0.88
0.88
0.89
power
36
-1.18
-0.49
-0.63
-0.79
-0.51
-0.64
-0.55
-1.03
-1.12
-0.81
-0.94
-0.71
-0.88
-1.11
-0.96
-0.62
-0.63
-0.89
-0.89
-0.81
-0.72
-0.90
-0.82
-0.54
clear
-0.10
-0.36
-0.34
-0.29
-0.38
-0.36
-0.37
-0.32
-0.29
-0.36
-0.35
-0.33
-0.33
-0.35
-0.29
-0.31
-0.35
-0.33
-0.33
-0.30
-0.30
-0.34
-0.33
-0.22
power
39
-1.33
-1.24
-1.30
-1.40
-0.98
-0.72
-0.96
-0.92
-0.53
-0.84
-0.91
-0.64
-0.61
-0.33
-0.28
-0.66
-0.30
-0.65
-0.65
-0.73
-0.58
-0.45
-0.82
-0.96
clear
0.32
0.61
0.59
0.60
0.59
0.56
0.57
0.58
0.61
0.61
0.68
0.64
0.64
0.63
0.63
0.61
0.70
0.66
0.72
0.74
0.66
0.65
0.69
0.67
power
42
-1.91
-1.60
-1.70
-1.52
-1.48
-1.75
-1.67
-1.90
-1.69
-1.81
-1.92
-1.42
-1.15
-1.33
-1.42
-1.42
-1.39
-1.51
-1.42
-1.25
-1.72
-1.42
-1.28
-1.52
clear
0.49
1.31
1.27
1.32
1.24
1.25
1.34
1.29
1.28
1.35
1.35
1.35
1.33
1.26
1.24
1.20
1.15
1.21
1.18
1.18
1.22
1.25
1.21
1.16
power
45
-2.67
-2.57
-1.69
-1.42
-1.53
-1.59
-1.59
-1.49
-1.40
-0.85
-1.15
-1.42
-1.26
-0.99
-1.45
-1.35
-1.23
-1.18
-0.78
-0.85
-0.86
-0.90
-0.74
-0.83
clear
-0.52
-1.32
-1.40
-1.33
-1.33
-1.26
-1.27
-1.29
-1.29
-1.30
-1.33
-1.25
-1.26
-1.34
-1.28
-1.24
-1.29
-1.29
-1.25
-1.34
-1.33
-1.26
-1.27
-1.26
power
48
-1.44
18.69
23.34
23.82
24.21
24.30
24.52
24.09
23.92
24.49
24.42
24.53
24.42
24.76
24.74
25.14
25.16
25.05
24.98
25.45
25.98
26.38
25.69
25.07
clear
11.52
1.47
1.23
1.22
1.23
1.30
1.23
1.34
1.30
1.35
1.33
1.31
1.29
1.33
1.36
1.30
1.23
1.20
1.25
1.25
1.27
1.21
1.28
1.27
power
51
-0.21
25.69
29.03
29.13
28.93
29.05
29.32
29.13
29.18
29.94
29.76
30.64
30.87
30.65
30.66
30.50
30.40
30.53
30.90
30.70
31.01
30.80
30.57
30.55
clear
12.77
-0.12
-0.09
-0.06
0.01
0.02
0.00
-0.03
-0.04
-0.06
-0.07
-0.09
-0.12
-0.02
-0.03
-0.13
-0.11
-0.09
-0.13
-0.08
-0.08
-0.12
-0.12
-0.11
power
54
0.48
25.75
26.95
27.34
27.76
28.40
28.28
28.78
29.30
29.90
29.89
29.77
30.46
31.04
30.98
31.28
31.97
32.02
32.13
31.94
32.15
31.75
31.87
31.97
clear
14.39
0.35
0.29
0.35
0.43
0.39
0.34
0.39
0.39
0.38
0.32
0.28
0.31
0.35
0.31
0.26
0.31
0.26
0.31
0.32
0.35
0.24
0.25
0.17
power
57
0.86
25.62
26.25
27.01
27.06
26.88
26.95
26.77
26.66
26.08
26.12
27.76
27.95
27.83
27.62
27.87
28.55
27.97
28.44
28.45
27.79
27.88
27.59
27.85
clear
11.43
-0.01
-0.04
0.02
-0.02
-0.00
-0.03
-0.08
-0.08
-0.11
-0.16
-0.18
-0.21
-0.21
-0.29
-0.30
-0.32
-0.39
-0.38
-0.45
-0.43
-0.45
-0.54
-0.54
power
60
4.57
39.78
41.41
42.79
43.25
44.23
45.09
46.14
46.65
46.13
46.28
46.31
46.61
46.55
46.75
46.93
46.10
46.03
47.12
47.46
46.97
47.90
48.68
48.74
clear
20.20
0.32
0.28
0.32
0.41
0.43
0.44
0.40
0.45
0.41
0.44
0.40
0.41
0.34
0.36
0.33
0.32
0.29
0.33
0.24
0.27
0.22
0.21
0.23
power
63
6.91
50.26
51.81
52.84
53.43
53.97
54.69
54.82
55.13
54.08
54.55
55.14
54.53
54.41
55.49
55.30
54.86
55.40
55.52
55.05
54.93
55.21
55.83
55.04
clear
23.46
0.15
0.25
0.28
0.31
0.34
0.34
0.39
0.43
0.51
0.53
0.49
0.46
0.51
0.50
0.49
0.56
0.47
0.51
0.49
0.61
0.52
0.47
0.47
power
66
7.83
55.15
58.06
59.15
60.16
60.32
60.98
60.97
60.64
60.92
61.75
60.85
60.60
61.44
61.08
59.64
58.99
59.36
59.82
56.76
56.13
56.06
56.41
55.11
clear
25.02
1.34
15.65
28.43
29.79
31.20
31.48
31.15
30.29
30.20
29.92
29.50
28.33
27.36
27.25
26.89
24.06
21.55
20.40
20.09
18.27
17.34
16.33
17.65
power
69
3.78
49.05
53.64
53.55
54.58
54.12
53.15
53.58
53.83
54.21
53.74
53.60
53.98
55.30
56.15
56.28
56.18
54.95
54.50
54.18
54.20
53.72
53.53
54.29
clear
17.26
-7.61
-8.40
-7.99
-7.89
-7.79
-7.92
-7.97
-8.19
-8.31
-8.50
-9.00
-9.65
-9.72
-10.09
-10.82
-11.14
-11.50
-11.34
-11.86
-11.79
-11.11
-11.65
-11.93
power
72
9.44
69.77
71.52
71.70
72.82
71.94
72.95
72.13
70.86
70.19
70.20
70.90
70.79
71.00
70.06
69.64
70.65
71.02
70.97
71.38
70.28
70.84
71.24
70.57
clear
32.38
1.44
0.15
-1.08
-1.30
-0.69
-0.89
-0.81
-1.01
-1.15
0.26
1.31
1.87
1.33
0.68
0.56
-0.06
-0.21
-0.33
-0.53
-1.49
-1.18
-0.94
-0.63
