-0.35
-0.42
-0.37
-0.45
-0.63
-0.91
-0.89
-0.96
-1.04
-1.09
-1.14
-1.29
-1.37
-1.23
-1.26
-1.25
-1.28
-1.43
-1.54
-1.64
-1.64
clear
-1.65
-1.79
-1.69
-1.83
-1.83
-1.81
-1.77
-1.63
-1.58
-1.56
-1.54
-1.53
-1.60
-1.56
-1.63
-1.81
-1.97
-2.07
-2.12
-2.20
-2.08
-2.09
-2.24
-2.41
power
3
0.00
-0.05
0.07
0.19
0.18
0.08
0.02
-0.02
0.03
0.00
-0.18
-0.13
0.01
-0.04
-0.15
-0.20
-0.17
-0.11
-0.10
-0.01
0.01
0.07
0.03
0.01
clear
0.04
0.07
0.14
0.05
0.03
0.13
0.30
0.59
0.56
0.60
0.65
0.83
0.97
1.02
1.01
0.94
0.93
0.96
0.90
0.83
0.98
1.02
1.07
1.04
power
6
-0.05
-0.06
-0.09
-0.07
-0.19
-0.23
-0.27
-0.34
-0.34
-0.33
-0.19
0.15
0.26
0.27
0.17
0.31
0.14
0.07
-0.03
-0.05
-0.10
-0.08
0.02
0.04
clear
0.12
0.19
0.15
0.09
-0.05
-0.11
-0.24
-0.30
-0.33
-0.42
-0.42
-0.42
-0.46
-0.42
-0.34
-0.41
-0.46
-0.59
-0.61
-0.79
-0.75
-0.80
-0.75
-0.76
power
9
0.16
-0.02
-0.00
0.00
0.05
0.01
-0.10
-0.13
-0.19
-0.11
-0.14
-0.23
-0.24
-0.23
-0.25
-0.28
-0.23
-0.30
-0.27
-0.25
-0.29
-0.35
-0.39
-0.44
clear
-0.42
-0.51
-0.51
-0.56
-0.61
-0.56
-0.52
-0.54
-0.44
-0.46
-0.41
-0.50
-0.49
-0.42
-0.45
-0.43
-0.43
-0.43
-0.42
-0.43
-0.60
-0.37
-0.35
-0.27
power
12
0.10
0.15
0.16
0.17
0.06
-0.01
-0.02
-0.15
-0.15
-0.31
-0.41
-0.42
-0.48
-0.53
-0.56
-0.50
-0.61
-0.70
-0.67
-0.71
-0.87
-0.81
-0.75
-0.66
clear
-0.62
-0.78
-0.81
-0.77
-0.68
-0.72
-0.68
-0.74
-0.64
-0.62
-0.62
-0.68
-0.58
-0.59
-0.59
-0.64
-0.62
-0.59
-0.49
-0.39
-0.39
-0.53
-0.42
-0.44
power
15
0.13
0.22
0.31
0.27
0.18
0.18
0.02
-0.05
0.07
-0.05
-0.04
-0.22
-0.16
-0.24
-0.37
-0.47
-0.49
-0.42
-0.52
-0.45
-0.37
-0.52
-0.54
-0.45
clear
-0.11
-0.26
-0.27
-0.34
-0.28
-0.22
-0.18
-0.11
-0.11
-0.12
-0.03
0.09
0.08
0.00
-0.00
-0.01
-0.00
0.02
0.02
0.17
0.16
0.22
0.31
0.33
power
18
0.41
0.76
0.68
0.58
0.49
0.33
0.40
0.33
0.31
0.16
0.12
0.12
-0.04
-0.17
-0.12
-0.10
-0.16
-0.20
-0.17
-0.17
-0.25
-0.22
-0.36
-0.47
clear
1.98
3.52
3.56
3.54
3.67
3.66
3.75
3.82
3.87
3.85
3.91
3.87
4.02
4.10
4.14
4.17
4.15
4.18
4.14
4.19
4.31
4.32
4.44
4.57
power
21
-0.68
-0.54
-0.61
-0.68
-0.82
-0.89
-0.65
-0.73
-1.12
-1.02
-1.05
-1.09
-1.22
-1.19
-1.19
-1.20
-1.16
-1.40
-1.34
-1.58
-1.59
-1.53
-1.41
-1.49
clear
0.32
1.03
0.95
0.99
1.01
0.96
1.04
1.11
1.19
1.36
1.38
1.47
1.48
1.41
1.46
1.39
1.61
1.56
1.59
1.60
1.69
1.78
2.01
2.06
power
24
-2.27
-3.09
-2.78
-2.61
-3.19
-3.13
-3.50
-3.64
-3.44
-3.40
-3.70
-3.59
-3.55
-4.10
-4.18
-4.38
-4.35
-4.42
-4.73
-4.73
-4.56
-4.52
-4.54
-4.50
clear
-1.54
-0.02
0.04
0.12
0.11
0.13
0.25
0.27
0.32
0.29
0.30
0.44
0.44
0.45
0.51
0.64
0.64
0.70
0.83
0.93
1.09
1.00
1.05
1.11
power
27
-0.93
0.40
0.70
0.03
-0.25
-0.44
-0.22
-0.24
-0.71
-0.77
-0.58
-1.03
-0.99
-1.06
-1.08
-1.24
-1.35
-1.38
-1.43
-0.91
-1.11
-1.31
-1.39
-1.18
clear
-0.29
-0.37
-0.37
-0.30
-0.28
-0.23
-0.12
-0.15
-0.05
-0.04
0.09
0.06
0.11
0.06
0.12
0.17
0.28
0.26
0.31
0.36
0.48
0.50
0.47
0.43
power
30
-1.61
-1.83
-1.61
-1.61
-1.40
-1.47
-1.47
-1.68
-1.54
-1.51
-1.60
-2.05
-2.32
-2.44
-2.00
-2.06
-2.60
-2.31
-2.26
-2.07
-2.01
-1.90
-2.13
-1.81
clear
0.01
0.13
0.20
0.14
0.12
0.19
0.24
0.30
0.32
0.29
0.33
0.39
0.46
0.48
0.40
0.39
0.37
0.39
0.30
0.30
0.49
0.60
0.63
0.59
power
33
-1.72
-0.96
-0.69
-0.84
-1.10
-1.07
-1.03
-1.62
-2.20
-1.86
-2.05
-2.20
-2.29
-2.57
-2.28
-2.11
-2.25
-2.42
-2.16
-1.99
-2.49
-2.36
-2.03
-2.03
clear
-0.25
-0.28
-0.25
-0.24
-0.20
-0.16
-0.21
-0.08
-0.07
-0.11
-0.09
0.02
0.07
0.03
0.13
0.12
0.20
0.24
0.33
0.37
0.34
0.51
0.54
0.45
power
36
-2.50
-2.74
-3.06
-2.70
-2.89
-2.76
-3.12
-3.13
-3.47
-3.42
-2.58
-2.42
-2.69
-2.81
-2.27
-3.03
-2.86
-2.99
-3.54
-3.48
-3.14
-2.73
-2.65
-2.94
clear
-0.47
-0.04
-0.16
-0.06
-0.05
-0.03
0.08
0.09
0.10
0.19
0.18
0.15
0.21
0.16
0.25
0.36
0.39
0.48
0.52
0.55
0.52
0.57
0.62
0.57
power
39
-2.62
-1.02
-1.35
-1.02
-0.51
-0.77
-0.08
-0.47
-0.43
-0.45
-1.31
-1.48
-1.70
-1.75
-1.48
-1.62
-1.31
-1.31
-0.96
-1.22
-0.98
-1.02
-0.99
-1.01
clear
-1.03
-2.63
-2.60
-2.55
-2.54
-2.59
-2.46
-2.48
-2.37
-2.40
-2.38
-2.39
-2.45
-2.32
-2.28
-2.35
-2.28
-2.25
-2.19
-2.22
-2.19
-2.12
-2.17
-2.14
power
42
-0.76
7.02
7.03
6.62
6.38
5.09
5.87
6.70
6.92
6.22
5.86
6.34
5.60
6.80
6.96
7.45
6.24
6.09
4.93
5.20
6.41
7.57
6.84
5.41
clear
2.26
-0.51
-0.39
-0.34
-0.26
-0.17
-0.16
-0.06
-0.05
-0.06
-0.04
0.03
0.03
0.10
0.10
0.14
0.10
0.10
0.12
0.24
0.28
0.23
0.30
0.32
power
45
0.30
13.91
14.12
16.10
15.90
15.32
14.28
15.71
14.05
12.52
14.51
14.36
14.22
14.17
14.34
14.43
13.93
12.94
13.89
13.14
12.84
13.14
13.75
13.18
clear
5.47
-1.59
-1.48
-1.40
-1.33
-1.33
-1.33
-1.18
-1.18
-1.20
-1.13
-1.14
-1.10
-0.99
-1.06
-1.01
-1.05
-0.93
-0.93
-0.87
-0.80
-0.76
-0.70
-0.70
power
48
1.42
22.63
23.37
23.67
22.98
21.81
22.77
22.60
22.59
23.15
23.66
22.95
23.61
22.97
21.97
22.04
22.73
21.54
21.41
21.83
22.47
22.32
23.08
22.71
clear
6.43
-4.78
-4.73
-4.61
-4.52
-4.48
-4.44
-4.45
-4.45
-4.46
-4.44
-4.37
-4.42
-4.29
-4.31
-4.21
-4.17
-4.23
-4.13
-4.07
-4.10
-4.08
-4.03
-3.97
power
51
4.66
31.52
32.81
33.26
33.62
33.49
33.84
32.01
31.87
32.26
32.74
31.19
30.73
29.52
29.95
30.24
30.41
31.73
31.75
31.78
31.31
32.03
31.74
31.20
clear
10.39
-4.84
-4.76
-4.70
-4.63
-4.51
-4.50
-4.45
-4.32
-4.28
-4.28
-4.22
-4.20
-4.15
-4.10
-4.12
-4.06
-4.07
-3.98
-3.90
-3.87
-3.88
-3.81
-3.79
power
54
7.34
42.17
41.30
40.11
39.61
41.39
42.73
44.26
44.53
43.31
43.12
43.07
42.74
42.55
42.68
42.85
42.56
41.84
42.06
42.11
42.36
42.43
42.25
42.16
clear
16.39
-1.22
-1.09
-0.93
-0.80
-0.74
-0.72
-0.61
-0.61
-0.59
-0.50
-0.51
-0.44
-0.42
-0.36
-0.34
-3.67
-27.81
-26.26
-22.24
-19.02
-20.38
-23.53
-21.55
power
57
15.17
69.23
70.28
70.35
71.79
70.79
69.03
68.09
70.67
72.97
73.52
71.68
70.58
70.91
69.97
70.62
70.42
71.02
71.66
72.65
74.23
74.45
76.56
76.98
clear
37.68
15.40
31.57
32.61
32.49
32.52
32.47
32.57
32.93
27.56
22.46
23.55
24.29
24.91
24.23
24.09
24.32
24.28
23.78
23.68
23.82
23.91
23.66
23.68
power
60
8.23
60.48
62.86
63.57
63.27
62.69
62.18
62.29
61.18
60.94
61.85
60.91
61.60
63.11
63.78
62.95
64.37
64.35
64.29
65.62
64.86
63.81
63.32
62.93
clear
20.46
-5.10
-4.94
-4.74
-4.65
-4.61
-4.53
-4.50
-4.45
-4.36
-4.33
-4.33
-4.25
-4.22
-4.19
-4.12
-4.05
-4.03
-3.96
-3.99
-3.93
-3.98
-3.93
-3.90
power
63
14.55
74.59
75.43
74.71
74.96
76.20
77.52
76.17
74.06
73.61
72.63
72.53
73.61
74.24
74.66
75.99
75.98
75.66
74.14
73.87
72.99
73.77
74.59
74.93
clear
25.52
-3.25
-2.90
-2.70
-2.51
-2.27
-2.19
-2.05
-2.02
-1.98
-1.92
-1.77
-1.73
-1.75
-1.91
-1.86
-1.76
-1.74
-1.76
-1.68
-1.56
-1.50
-1.45
-1.51
power
66
14.26
84.39
86.21
85.87
85.38
83.66
85.61
86.27
85.95
85.90
84.73
85.05
84.44
83.37
82.87
83.74
85.01
83.50
83.91
85.16
85.28
86.20
86.02
85.38
clear
32.51
-1.51
-1.10
-0.75
-0.55
-0.39
-0.26
-0.21
0.01
0.17
0.32
-14.16
-22.97
-22.98
-27.30
-18.26
-26.17
-25.24
-30.57
-30.88
-29.82
-28.72
-27.23
-27.06
power
69
23.30
118.88
122.67
123.42
124.20
125.22
128.12
129.83
129.78
129.70
129.71
130.29
129.45
127.19
126.13
126.29
127.58
126.19
129.07
128.25
127.93
126.43
126.09
126.55
clear
82.38
65.38
66.29
66.40
66.39
66.45
66.46
66.41
66.40
66.42
66.47
66.56
66.32
59.75
53.23
52.50
52.53
53.29
54.27
54.43
53.92
53.79
52.24
52.55
power
72
11.79
68.85
70.27
72.32
71.59
72.21
69.82
70.07
68.58
68.23
70.81
69.00
69.90
70.82
69.94
69.97
71.32
73.09
75.42
72.77
70.05
71.40
68.26
67.49
clear
17.40
-9.40
-0.37
8.44
13.23
14.34
16.21
16.31
16.25
16.43
16.23
12.83
12.72
14.86
14.98
14.83
14.92
14.84
14.80
14.75
14.76
14.69
14.62
14.56
power
75
-0.06
-0.08
-0.10
-0.13
-0.09
-0.11
-0.20
-0.28
