0.47
0.45
0.42
0.30
0.35
0.34
0.38
0.34
0.46
0.48
0.47
0.52
0.40
0.28
0.23
clear
0.33
0.36
0.37
0.35
0.30
0.35
0.38
0.45
0.43
0.35
0.35
0.32
0.35
0.28
0.26
0.31
0.30
0.37
0.34
0.32
0.42
0.42
0.46
0.50
power
1
0.08
0.07
0.24
0.15
0.18
0.39
0.50
0.39
0.37
0.45
0.33
0.33
0.34
0.33
0.32
0.28
0.34
0.33
0.30
0.39
0.41
0.46
0.46
0.46
clear
0.49
0.60
0.75
0.76
0.64
0.66
0.51
0.55
0.59
0.55
0.54
0.53
0.53
0.59
0.47
0.48
0.43
0.41
0.36
0.33
0.33
0.36
0.25
0.19
power
2
0.02
0.10
0.08
0.16
0.12
0.14
0.06
0.09
0.01
0.05
0.04
-0.02
-0.03
-0.06
-0.06
0.03
0.05
0.06
0.11
0.11
0.09
0.11
0.06
0.18
clear
0.13
0.17
0.16
0.15
0.05
0.03
0.02
0.14
0.16
0.19
0.23
0.30
0.38
0.54
0.49
0.47
0.44
0.39
0.38
0.43
0.36
0.30
0.41
0.45
power
3
0.01
-0.09
-0.11
-0.17
-0.17
-0.20
-0.23
-0.15
-0.17
-0.26
-0.24
-0.29
-0.34
-0.20
-0.17
-0.13
-0.16
-0.09
-0.08
-0.04
-0.10
-0.09
-0.13
-0.11
clear
0.06
-0.02
-0.01
0.00
-0.08
-0.08
-0.06
-0.02
0.00
-0.05
-0.07
-0.06
-0.01
-0.07
-0.10
-0.14
-0.21
-0.20
-0.24
-0.26
-0.25
-0.21
-0.25
-0.29
power
4
0.04
0.15
0.19
0.37
0.49
0.48
0.39
0.27
0.44
0.45
0.42
0.31
0.29
0.30
0.29
0.30
0.48
0.37
0.41
0.31
0.26
0.30
0.33
0.34
clear
0.32
0.48
0.45
0.45
0.52
0.55
0.53
0.61
0.63
0.63
0.63
0.59
0.51
0.41
0.43
0.38
0.34
0.34
0.33
0.36
0.35
0.30
0.32
0.33
power
5
0.04
0.03
0.02
0.02
0.07
0.09
0.13
0.13
0.29
0.32
0.24
0.24
0.15
0.21
0.19
0.08
0.20
0.23
0.13
0.17
0.19
0.06
0.01
-0.04
clear
-0.19
-0.28
-0.32
-0.38
-0.39
-0.46
-0.45
-0.52
-0.47
-0.40
-0.45
-0.46
-0.48
-0.56
-0.54
-0.55
-0.44
-0.41
-0.36
-0.31
-0.30
-0.34
-0.33
-0.42
power
6
0.00
-0.00
0.08
0.12
0.17
0.36
0.49
0.45
0.43
0.44
0.44
0.51
0.67
0.73
0.77
0.64
0.58
0.50
0.50
0.50
0.50
0.51
0.48
0.41
clear
0.39
0.39
0.40
0.34
0.32
0.26
0.30
0.29
0.26
0.24
0.27
0.25
0.23
0.17
0.30
0.41
0.34
0.26
0.28
0.21
0.16
0.17
0.09
0.09
power
7
0.02
-0.01
0.02
0.06
0.05
0.06
0.12
0.17
0.25
0.29
0.29
0.33
0.36
0.35
0.31
0.27
0.27
0.21
0.28
0.23
0.25
0.18
0.14
0.10
clear
0.26
0.23
0.26
0.21
0.27
0.26
0.35
0.38
0.45
0.39
0.46
0.50
0.54
0.67
0.61
0.58
0.56
0.52
0.49
0.55
0.59
0.61
0.63
0.57
power
8
0.10
0.10
0.43
0.67
0.63
-0.58
0.17
-0.79
-1.06
-1.07
0.12
-1.27
-1.28
-1.13
-2.55
-6.96
-7.08
-7.19
-7.22
-7.22
-7.02
-8.63
-8.93
-8.98
clear
-8.97
-8.90
-8.96
-8.88
-8.82
-8.79
-8.76
-8.80
-8.77
-8.69
-8.66
-8.65
-8.66
-8.57
-8.65
-8.55
-8.39
-8.34
-8.36
-8.38
-8.24
-8.26
-8.23
-8.12
power
9
0.24
0.22
0.20
0.05
-0.06
-0.04
-0.23
-0.37
-0.37
-0.50
-0.56
-0.50
-0.49
-0.58
-0.55
-0.47
-0.55
-0.67
-0.63
-0.71
-0.76
-0.67
-0.65
-0.82
clear
-0.73
-0.99
-0.97
-1.03
-0.99
-1.01
-1.04
-1.01
-0.95
-0.86
-0.90
-0.73
-0.73
-0.79
-0.79
-0.68
-0.66
-0.74
-0.76
-0.84
-0.80
-0.80
-0.81
-0.86
power
10
0.26
0.36
0.25
0.49
0.55
0.59
0.62
0.66
0.64
0.67
0.69
0.52
0.61
0.57
0.61
0.61
0.63
0.58
0.60
0.59
0.58
0.59
0.60
0.49
clear
0.19
-0.22
-0.19
-0.18
-0.23
-0.11
-0.15
-0.11
-0.02
-0.03
-0.03
0.04
0.07
0.07
0.14
0.22
0.16
0.17
0.11
0.06
0.12
0.21
0.18
0.26
power
11
0.24
0.40
0.19
0.08
0.06
0.01
-0.02
-0.07
-0.12
-0.11
-0.20
-0.22
-0.16
-0.12
-0.14
-0.24
-0.26
-0.33
-0.37
-0.30
-0.29
-0.36
-0.39
-0.36
clear
-0.39
-0.54
-0.53
-0.51
-0.56
-0.62
-0.66
-0.72
-0.79
-0.74
-0.72
-0.55
-0.48
-0.53
-0.40
-0.40
-0.42
-0.44
-0.53
-0.47
-0.32
-0.34
-0.31
-0.32
power
12
0.19
0.49
0.45
0.26
0.21
0.22
0.15
0.22
0.22
0.19
0.17
0.21
0.20
0.16
0.14
0.17
-0.03
-0.02
0.19
0.15
0.09
0.01
0.07
0.08
clear
-0.13
-0.44
-0.44
-0.51
-0.50
-0.52
-0.50
-0.48
-0.44
-0.33
-0.22
-0.23
-0.13
-0.04
-0.01
0.11
0.11
0.06
0.03
0.10
0.19
0.36
0.38
0.30
power
13
0.44
0.71
0.49
0.44
0.42
0.49
0.39
0.41
0.37
0.47
0.45
0.29
0.33
0.39
0.47
0.47
0.50
0.41
0.51
0.44
0.48
0.50
0.53
0.55
clear
0.13
-0.25
-0.25
-0.35
-0.34
-0.24
-0.31
-0.26
-0.26
-0.24
-0.23
-0.16
0.02
0.38
0.08
-0.02
0.02
-0.11
-0.13
-0.21
-0.18
-0.31
-0.31
-0.40
power
14
0.55
1.14
1.33
1.33
1.46
1.44
1.43
1.48
1.36
1.29
1.20
1.24
1.12
1.12
1.26
1.40
1.49
1.55
1.64
1.65
1.66
1.75
1.94
1.96
clear
1.44
0.75
0.78
0.64
0.85
0.90
0.89
0.73
0.76
0.94
1.00
1.00
0.92
0.81
0.75
0.80
0.78
0.76
0.77
0.74
0.86
0.83
0.93
1.06
power
15
0.48
1.42
1.59
1.57
1.68
1.88
1.68
1.62
1.43
1.39
1.61
1.84
1.84
1.77
1.60
1.79
1.98
2.02
2.03
1.92
1.78
1.70
1.51
1.44
clear
0.65
0.09
-0.06
-0.09
-0.18
-0.19
-0.20
-0.32
-0.31
-0.34
-0.38
-0.31
-0.37
-0.33
-0.23
-0.22
-0.14
-0.19
-0.12
-0.08
0.01
0.06
0.10
-0.02
power
16
0.72
2.10
2.24
2.20
2.14
2.09
1.89
1.91
1.92
1.87
1.73
1.78
1.83
1.62
1.63
1.47
1.60
1.60
1.51
1.38
1.25
1.30
1.36
1.41
clear
0.41
-0.57
-0.67
-0.71
-0.68
-0.77
-0.80
-0.80
-0.78
-0.67
-0.53
-0.43
-0.42
-0.47
-0.34
-0.32
-0.21
-0.18
-0.15
-0.17
-0.19
-0.17
-0.11
-0.10
power
17
1.01
2.24
2.11
2.16
2.38
2.46
2.42
2.28
2.02
1.61
1.46
1.29
1.14
1.17
1.29
1.29
1.40
1.45
1.49
1.59
1.60
1.43
1.32
1.29
clear
0.20
-0.90
-0.91
-0.97
-0.98
-0.97
-0.95
-0.93
-0.83
-0.84
-0.79
-0.67
-0.63
-0.57
-0.52
-0.43
-0.38
0.18
-0.04
-0.15
-0.14
-0.26
-0.31
-0.35
power
18
1.80
3.57
3.63
3.69
3.96
3.79
3.63
3.33
3.33
3.33
3.35
3.15
3.07
2.99
3.07
3.04
2.93
2.99
3.03
2.92
3.00
3.04
3.09
3.09
clear
0.58
-1.05
-1.19
-1.15
-1.29
-1.30
-1.32
-1.37
-1.44
-1.30
-1.19
-1.17
-1.16
-1.07
-1.10
-1.02
-0.97
-0.95
-0.84
-0.83
-0.66
-0.56
-0.48
-0.40
power
19
1.92
3.68
3.60
3.65
3.59
3.58
3.73
3.81
3.86
3.77
3.71
3.63
3.54
3.57
3.49
3.59
3.51
3.44
3.36
3.41
3.45
3.26
3.24
3.43
clear
1.25
-0.54
-0.59
-0.56
-0.40
-0.47
-0.55
-0.57
-0.63
-0.69
-0.77
-0.81
-0.74
-0.73
-0.55
-0.56
-0.51
-0.41
-0.40
-0.25
-0.13
-0.13
-0.07
0.01
power
20
2.16
4.13
4.24
4.23
4.30
4.25
4.30
4.18
4.20
4.05
4.01
4.00
4.14
4.25
4.08
3.87
4.07
4.06
3.89
3.74
3.59
3.29
3.20
3.22
clear
0.74
-1.12
-1.00
-1.05
-0.94
-0.90
-0.92
-0.85
-0.81
-0.79
-0.85
-0.75
-0.77
-0.79
-0.80
-0.75
-0.66
-0.69
-0.66
-0.72
-0.71
-0.75
-0.90
-0.88
power
21
2.00
4.28
4.65
4.64
4.71
4.66
4.78
4.83
4.58
4.64
4.58
4.53
4.56
4.56
4.23
4.07
4.02
3.80
3.74
3.67
3.74
3.87
3.74
3.69
clear
1.01
-0.77
-0.76
-0.76
-0.74
-0.66
-0.56
-0.35
-0.29
-0.17
-0.12
-0.10
-0.01
0.13
0.31
0.39
0.46
0.46
0.51
0.60
0.76
0.70
0.72
0.72
power
22
2.10
3.91
4.04
4.15
4.17
4.15
4.06
3.82
3.52
3.60
3.80
3.89
3.81
3.73
3.71
3.77
3.76
3.72
3.67
3.84
3.98
3.85
3.68
3.76
clear
0.78
-1.22
-1.28
-1.31
-1.25
-1.13
-1.08
-1.04
-1.00
-0.92
-0.89
-0.91
-0.91
-0.90
-0.79
-0.72
-0.62
-0.51
-0.42
-0.32
-0.23
-0.21
-0.22
-0.14
power
23
2.31
4.72
5.31
5.31
5.13
5.09
5.10
5.06
4.88
4.66
4.59
4.66
4.61
4.53
4.47
4.41
4.35
4.18
4.15
4.16
4.11
3.96
3.86
3.75
clear
0.44
-1.71
-1.79
-1.78
-1.71
-1.74
-1.65
-1.63
-1.51
-1.34
-1.26
-1.21
-1.12
-1.04
-0.91
-0.83
-0.83
-0.74
-0.67
-0.63
-0.55
-0.42
-0.36
-0.39
power
24
3.66
7.94
7.84
7.89
8.16
8.10
8.00
8.05
8.04
8.11
8.14
7.81
7.71
7.51
7.49
7.46
7.52
7.20
6.99
7.12
7.30
7.50
7.39
7.14
clear
2.03
-1.46
-1.51
-1.54
-1.51
-1.46
-1.43
-1.30
-1.22
-1.21
-1.10
-1.03
-0.97
-0.90
-0.84
-0.66
-0.46
-0.16
0.08
0.26
0.34
0.29
0.36
0.36
power
25
3.99
8.34
8.66
8.91
8.96
8.86
8.67
8.55
8.30
8.08
8.07
7.93
7.89
7.93
7.73
7.92
8.05
7.91
7.80
7.50
7.34
7.25
7.16
7.07
clear
1.55
-2.06
-2.22
-2.31
-2.28
-2.17
-2.09
-2.06
-2.02
-1.89
-1.89
-1.85
-1.84
-1.80
-1.83
-1.82
-1.65
-1.55
-1.49
-1.41
-1.34
-1.35
-1.23
-1.13
power
26
4.81
10.41
10.30
10.34
10.19
10.38
10.59
10.52
10.52
10.49
10.78
10.83
10.62
10.78
10.73
10.93
10.87
10.68
10.45
10.22
10.01
10.43
10.37
10.23
clear
4.06
0.25
0.34
0.37
0.48
0.40
0.42
0.32
0.36
0.44
0.58
0.64
0.78
0.85
0.88
0.88
1.03
1.09
1.04
1.03
1.09
1.15
1.23
1.29
power
27
1.81
6.11
6.10
6.23
6.36
6.45
6.50
6.65
6.59
6.57
6.53
6.30
6.31
6.52
6.41
6.17
6.27
6.23
5.98
5.94
5.94
5.86
5.86
5.97
clear
0.66
-2.69
-2.66
-2.59
-2.57
-2.44
-2.48
-2.54
-2.42
-2.35
-2.38
-2.39
-2.36
-2.29
-2.31
-2.19
-2.13
-1.98
-1.88
-1.77
-1.64
-1.68
-1.57
-1.53
power
28
4.98
11.62
11.68
11.77
11.56
11.60
11.57
11.65
11.63
11.86
12.08
12.09
11.88
12.00
11.95
11.92
12.11
11.96
11.78
11.68
11.50
11.22
11.10
11.10
clear
3.74
-1.55
-1.57
-1.53
-1.52
-1.46
-1.45
-1.52
-1.39
-1.43
-1.36
-1.45
-1.43
-1.44
-1.58
-1.51
-1.39
-1.35
-1.22
-1.10
-0.80
-0.68
-0.66
-0.53
power
29
3.76
10.27
10.27
10.30
10.46
10.35
10.34
10.12
10.08
10.30
9.98
10.21
10.53
10.64
10.85
10.64
10.22
10.50
10.91
10.93
10.74
10.58
10.33
10.20
clear
3.88
-0.96
-1.11
-1.13
-1.14
-1.15
-1.20
-1.08
-0.99
-1.13
-1.11
-1.01
-0.99
-0.95
-0.82
-0.88
-0.95
-0.98
-1.08
-1.01
-0.92
-0.79
-0.73
-0.71
power
30
3.81
11.49
11.23
11.40
11.71
11.88
11.86
11.68
11.65
11.33
11.13
10.96
10.90
11.13
11.19
11.09
11.05
11.18
11.36
11.26
11.08
11.31
11.32
11.22
clear
4.15
-0.71
-0.84
-0.79
-0.71
-0.72
-0.64
-0.72
-0.73
-0.73
-0.78
-0.80
-0.78
-0.81
-0.83
-0.82
-0.83
-0.85
-0.74
-0.79
-0.76
-0.69
-0.66
-0.72
power
31
3.76
14.97
15.12
15.08
14.88
14.97
15.05
15.05
14.98
14.65
14.63
15.03
15.13
14.80
14.68
14.78
14.84
14.73
14.60
14.48
14.49
14.42
14.44
14.60
clear
5.23
-0.74
-0.88
-0.96
-0.80
-0.71
-0.89
-0.74
-0.76
-0.58
-0.52
-0.42
-0.40
-0.38
-0.37
-0.28
-0.29
-0.19
-0.21
-0.16
0.00
0.06
0.13
0.27
power
32
6.69
16.34
16.20
16.01
15.80
15.69
15.75
15.77
16.00
16.23
15.84
16.19
16.38
16.39
16.40
16.26
16.34
16.43
16.21
16.21
15.81
15.34
15.30
15.31
clear
5.96
-0.05
-0.21
-0.22
-0.28
-0.13
-0.11
-0.03
0.02
0.06
0.13
0.11
0.14
0.14
0.23
0.30
0.38
0.51
0.57
0.57
0.67
0.78
0.83
0.76
power
33
6.83
17.52
17.41
18.03
17.95
17.92
17.71
17.65
17.47
17.72
17.50
17.23
16.97
17.00
16.96
17.10
17.05
16.42
16.68
16.31
16.36
16.33
16.68
16.80
clear
5.65
-1.14
-1.08
-1.09
-0.97
-0.84
-0.81
-0.79
-0.83
-0.71
-0.64
-0.54
-0.22
-0.11
-0.10
-0.08
-0.14
-0.13
-0.05
0.07
0.12
0.22
0.28
0.34
power
34
6.19
17.88
17.96
18.01
17.84
18.11
18.16
18.29
18.01
17.55
17.76
17.94
17.94
17.69
17.93
17.63
17.60
17.42
17.56
17.60
17.80
17.96
17.92
17.57
clear
6.34
-0.60
-0.99
-1.06
-1.05
-0.98
-1.01
-0.95
-0.92
-0.95
-0.90
-0.89
-0.87
-0.84
-0.91
-0.76
-0.66
-0.61
-0.55
-0.44
-0.27
-0.17
-0.14
-0.06
power
35
7.26
19.90
19.67
20.21
20.42
20.33
20.07
20.31
20.42
20.45
20.65
20.27
19.83
19.59
19.90
19.85
20.05
19.93
19.32
18.78
19.10
19.39
19.70
19.12
clear
7.26
-0.67
-1.04
-1.20
-1.20
-1.19
-1.08
-1.03
-0.99
-0.98
-0.87
-0.86
-0.83
-0.80
-0.82
-0.75
-0.67
-0.48
-0.32
-0.27
-0.10
0.02
0.12
0.08
power
36
5.47
17.36
16.95
17.67
17.73
17.62
17.55
17.67
17.75
17.60
17.63
17.70
17.77
17.56
17.31
17.51
17.58
17.36
16.98
17.01
17.00
17.17
16.70
16.54
clear
5.69
-0.90
-1.36
-1.48
-1.60
-1.55
-1.51
-1.49
-1.56
-1.57
-1.50
-1.42
-1.43
-1.38
-1.31
-1.30
-1.24
-1.12
-0.98
-0.91
-0.79
-0.73
-0.74
-0.64
power
37
7.46
21.05
20.91
20.93
20.66
20.67
20.97
20.80
20.51
20.93
20.93
20.72
20.60
20.56
20.55
20.52
20.08
20.47
20.44
20.57
20.53
20.27
20.23
20.55
clear
7.36
-0.37
-0.45
-0.55
-0.57
-0.54
-0.43
-0.38
-0.26
-0.21
-0.19
-0.09
0.04
0.11
0.08
0.12
0.18
0.18
0.28
0.44
0.43
0.48
0.54
0.60
power
38
8.33
22.96
22.86
22.20
22.07
22.29
22.62
23.26
22.72
22.64
22.76
22.74
23.20
23.33
22.64
22.65
22.56
22.49
22.72
22.38
22.08
21.71
21.56
22.19
clear
8.03
-0.72
-0.74
-0.56
-0.53
-0.50
-0.43
-0.39
-0.28
-0.31
-0.25
-0.24
-0.19
-0.14
0.01
0.08
0.19
0.26
0.33
0.48
0.44
0.53
0.65
0.67
power
39
5.04
22.50
23.30
23.61
23.16
23.57
23.30
23.25
22.86
22.80
22.84
22.70
22.52
22.41
22.21
22.29
22.06
22.33
22.97
22.60
22.28
22.86
22.62
22.63
clear
8.69
0.10
0.11
0.17
0.02
-0.28
-0.35
-0.31
-0.31
-0.24
-0.27
-0.19
-0.23
-0.17
-0.05
0.02
-0.00
0.14
0.28
0.27
0.28
0.48
0.59
0.66
power
40
5.83
22.68
22.92
23.17
23.34
23.34
23.80
24.13
24.06
23.67
23.23
23.05
22.75
22.89
22.70
22.99
22.63
22.82
23.14
23.01
23.01
23.08
23.09
22.98
clear
8.77
-0.94
-0.73
-0.83
-0.80
-0.74
-0.66
-0.61
-0.54
-0.49
-0.49
-0.48
-0.33
-0.14
-0.07
0.05
0.21
0.22
0.30
0.34
0.46
0.67
0.70
0.72
power
41
6.08
23.58
24.24
24.35
24.10
24.47
24.47
24.48
24.31
23.85
23.95
23.64
23.60
23.54
23.29
23.27
23.21
23.82
24.09
23.33
23.06
23.03
23.17
22.91
clear
8.58
-0.99
-0.86
-0.87
-0.90
-0.87
-0.81
-0.77
-0.72
-0.65
-0.60
-0.56
-0.51
-0.45
-0.28
-0.20
-0.14
0.02
0.05
0.12
0.13
0.18
0.29
0.33
power
42
8.84
27.09
27.63
27.20
27.17
26.88
26.72
26.62
27.11
26.66
26.33
26.31
26.60
26.69
26.52
26.77
26.33
26.18
26.13
26.40
26.90
26.82
26.66
26.36
clear
8.86
-1.07
-0.96
-1.01
-0.93
-0.96
-0.84
-0.83
-0.80
-0.63
-0.54
-0.39
-0.36
-0.24
-0.07
0.05
0.17
0.25
0.16
0.28
0.37
0.46
0.55
0.63
power
43
5.37
24.86
25.12
25.42
25.54
25.74
26.02
25.09
24.88
24.61
24.31
24.53
24.68
24.06
24.20
24.21
23.96
23.43
23.41
23.26
23.30
23.51
23.77
24.63
clear
8.49
-3.78
-3.97
-4.01
-3.96
-3.98
-3.99
-3.93
-3.97
-3.79
-3.83
-3.76
-3.67
-3.62
-3.46
-3.36
-3.12
-3.11
-3.00
-2.86
-2.81
-2.64
-2.56
-2.55
power
44
9.68
29.96
30.04
30.04
30.39
30.29
30.08
30.41
30.06
30.07
29.78
29.58
29.82
28.81
28.84
29.15
28.79
28.77
28.59
29.21
29.08
28.75
28.54
28.45
clear
10.79
-1.18
-1.33
-1.45
-1.60
-1.66
-1.63
-1.56
-1.50
-1.47
-1.53
-1.60
-1.55
-1.56
-1.53
-1.42
-1.33
-1.13
-1.02
-0.91
-0.82
-0.70
-0.56
-0.49
power
45
9.21
32.58
32.55
32.23
32.44
32.03
31.75
31.39
31.59
31.47
31.93
32.38
32.37
32.55
32.77
32.89
32.73
32.62
32.55
32.90
33.18
32.88
32.61
32.26
clear
12.20
-0.46
-0.70
-0.79
-0.82
-0.75
-0.73
-0.67
-0.53
-0.43
-0.46
-0.41
-0.34
-0.20
-0.29
-0.26
-0.17
-0.09
-0.04
0.08
0.12
0.32
0.48
0.51
power
46
7.48
32.28
32.23
32.14
32.21
31.36
32.01
32.07
31.58
31.45
31.65
31.39
31.29
31.78
31.73
31.32
31.26
30.92
31.18
31.06
30.85
31.13
31.41
31.91
clear
13.23
-1.41
-1.89
-1.96
-1.96
-1.98
-1.95
-1.84
-1.76
-1.74
-1.79
-1.62
-1.55
-1.47
-1.43
-1.31
-1.14
-1.03
-0.93
-0.91
-0.77
-0.75
-0.57
-0.47
power
47
10.92
35.27
35.86
35.68
35.47
35.17
35.06
35.10
35.24
35.01
35.13
34.46
34.37
34.08
34.46
34.61
34.36
34.17
33.67
33.64
33.55
34.03
34.87
34.64
clear
14.02
-2.61
-2.94
-3.34
-3.30
-3.33
-3.28
-3.28
-3.26
-3.24
-3.19
-3.11
-3.05
-3.01
-2.85
-2.85
-2.74
-2.66
-2.52
-2.43
-2.44
-2.32
-2.23
-2.04
power
48
8.99
37.14
37.45
37.32
37.44
37.21
37.34
37.87
37.04
36.53
36.93
36.96
36.94
37.10
36.33
37.24
37.14
36.97
37.07
37.41
37.47
37.20
37.24
37.42
clear
16.03
1.43
0.89
0.80
0.78
0.76
0.81
0.92
1.02
1.15
1.23
1.33
1.48
1.58
1.58
1.69
1.80
1.94
2.02
2.31
2.54
2.60
2.65
2.66
power
49
9.10
37.27
38.29
38.34
38.14
37.62
37.50
37.54
36.86
37.03
36.85
36.47
36.64
36.70
37.15
36.44
36.49
36.62
36.40
36.34
37.03
36.81
35.92
35.87
clear
14.77
-1.37
-1.77
-1.85
-1.85
-1.81
-1.76
-1.59
-1.56
-1.48
-1.32
-1.14
-0.81
-0.76
-0.76
-0.65
-0.67
-0.47
-0.24
-0.09
0.01
0.03
0.13
0.22
power
50
9.78
38.85
39.46
39.75
39.61
39.93
40.27
39.37
39.14
39.57
38.97
38.48
38.81
39.07
38.54
38.71
38.66
38.48
38.50
38.67
39.24
38.88
39.02
38.28
clear
15.57
-0.87
-1.34
-1.53
-1.48
-1.47
-1.40
-1.28
-1.21
-1.10
-0.96
-0.88
-0.88
-0.82
-0.81
-0.69
-0.56
-0.51
-0.39
-0.29
-0.29
-0.25
-0.17
-0.08
power
51
8.82
40.24
40.85
40.88
40.05
40.58
40.88
40.31
39.78
39.48
39.73
39.73
39.06
39.60
39.76
39.52
39.23
39.65
39.43
39.31
39.48
39.38
39.38
39.43
clear
15.81
-0.23
-0.88
-0.96
-0.92
-0.92
-0.86
-0.81
-0.82
-0.71
-0.62
-0.58
-0.58
-0.44
-0.31
-0.30
-0.25
-0.13
-0.02
0.15
0.11
0.17
0.20
0.15
power
52
11.44
42.05
42.34
42.07
42.18
42.21
42.42
41.46
41.56
41.91
41.63
41.87
41.92
41.88
42.20
41.76
41.81
42.49
42.53
42.74
42.31
42.52
42.46
42.50
clear
18.26
-0.20
-0.88
-1.00
-0.98
-0.91
-0.89
-0.88
-0.79
-0.67
-0.66
-0.61
-0.61
-0.65
-0.64
-0.56
-0.45
-0.43
-0.29
-0.11
-0.05
-0.09
-0.14
0.04
power
53
12.77
44.13
44.78
44.55
44.61
43.65
44.05
44.06
43.94
43.92
44.20
44.47
44.72
45.04
44.79
44.36
44.13
44.36
44.47
43.56
43.29
43.69
43.60
43.62
clear
18.00
0.35
-0.03
-0.14
-0.11
-0.13
-0.08
-0.09
0.02
0.09
0.14
0.15
0.15
0.16
0.27
0.37
0.42
0.49
0.59
0.74
0.84
1.00
1.15
1.19
power
54
11.52
44.98
45.01
45.08
44.62
44.96
44.08
44.19
44.26
44.31
43.99
44.83
45.42
45.20
43.91
43.79
44.16
44.83
44.33
45.11
45.01
45.51
45.20
45.02
clear
17.54
-1.19
-1.68
-1.84
-1.79
-1.73
-1.68
-1.66
-1.63
-1.58
-1.54
-1.44
-1.30
-1.27
-1.28
-1.38
-1.20
-1.19
-1.10
-0.92
-0.81
-0.76
-0.75
-0.68
power
55
12.95
47.39
47.11
47.04
46.67
46.25
46.75
46.49
46.21
46.66
46.56
47.60
46.90
46.77
45.45
45.32
45.69
45.91
45.52
45.68
45.90
46.09
45.88
46.10
clear
18.96
-0.31
-0.76
-0.91
-0.89
-0.84
-0.76
-0.73
-0.53
-0.50
-0.50
-0.44
-0.40
-0.40
-0.37
-0.30
-0.19
-0.12
0.07
0.19
0.28
0.45
0.59
0.69
power
56
13.56
49.18
49.74
50.06
49.65
49.25
49.53
49.37
47.67
48.37
47.96
47.80
47.68
48.42
48.71
49.14
48.44
48.67
49.08
49.35
49.18
49.16
48.63
48.37
clear
18.73
-1.93
-2.31
-2.32
-2.28
-2.23
-2.14
-2.12
-2.12
-2.10
-2.08
-2.08
-2.05
-2.03
-2.01
-1.97
-1.87
-1.84
-1.80
-1.66
-1.63
-1.51
-1.44
-1.38
power
57
10.45
50.31
50.83
51.01
51.66
51.82
51.54
52.32
52.03
52.04
51.34
50.78
50.94
50.25
51.00
50.90
50.54
51.52
50.96
50.31
51.12
51.40
51.47
51.67
clear
20.46
0.11
-0.35
-0.45
-0.47
-0.38
-0.25
-0.28
-0.18
-0.05
-0.01
0.04
0.14
0.23
0.25
0.37
0.42
0.55
0.69
0.76
0.97
1.04
1.21
1.30
power
58
9.84
51.99
52.89
52.41
52.47
52.52
52.33
53.07
52.50
52.21
51.73
51.75
52.09
52.33
52.81
53.46
53.80
52.56
52.40
51.87
52.17
52.29
52.60
52.20
clear
21.29
-0.89
-1.45
-1.54
-1.49
-1.40
-1.39
-1.27
-1.32
-1.26
-1.22
-1.14
-1.01
-0.91
-0.79
-0.73
-0.58
-0.54
-0.49
-0.40
-0.25
-0.11
0.06
0.16
power
59
11.74
51.84
53.22
53.46
52.68
52.43
51.18
51.99
51.77
51.65
51.60
51.82
51.22
51.49
51.98
52.57
52.57
52.62
51.88
51.55
51.35
51.36
51.67
51.64
clear
18.98
-3.25
-3.75
-3.82
-3.81
-3.77
-3.73
-3.64
-3.52
-3.48
-3.45
-3.43
-3.36
-3.25
-3.22
-3.10
-3.14
-3.12
-2.98
-2.77
-2.83
-2.71
-2.63
-2.62
power
60
12.60
55.12
56.82
56.47
56.47
56.52
56.37
55.83
56.16
56.06
56.31
55.59
55.53
55.92
55.54
55.43
55.85
55.55
55.14
56.13
56.58
56.23
56.14
56.24
clear
30.00
16.71
16.53
16.70
16.73
16.85
16.83
16.90
16.96
16.95
17.09
17.20
17.23
17.19
17.26
17.36
17.43
17.47
17.63
17.71
17.79
17.90
18.05
18.09
power
61
9.85
40.01
41.11
41.95
41.66
41.32
41.63
42.30
41.61
40.77
40.83
40.97
41.05
41.11
41.30
41.89
42.01
40.93
40.94
40.99
40.60
40.37
41.16
41.69
clear
15.62
-0.09
-0.06
0.04
0.17
0.30
0.29
0.33
0.47
0.48
0.54
0.60
0.71
0.74
0.82
0.87
0.87
0.99
1.02
1.12
1.18
1.26
1.35
1.49
power
62
9.78
40.18
41.68
41.68
41.49
41.42
41.79
41.47
40.93
41.32
40.79
40.18
40.48
40.59
41.13
40.73
40.27
39.94
40.19
40.53
41.16
41.23
40.78
40.75
clear
13.17
-1.49
-1.24
-1.24
-1.17
-1.07
-1.02
-0.93
-0.86
-0.81
-0.73
-0.69
-0.75
-0.59
-0.48
-0.43
-0.26
-0.21
-0.10
-0.01
-0.02
0.10
0.22
0.30
power
63
7.65
41.13
42.79
42.54
43.62
43.75
43.93
43.86
44.01
43.77
43.45
43.80
44.17
43.51
43.38
43.77
43.52
43.15
43.28
43.09
43.35
43.11
43.13
42.99
clear
13.54
-2.26
-2.20
-2.09
-1.96
-1.88
-1.79
-1.69
-1.59
-1.56
-1.51
-1.33
-1.33
-1.29
-1.14
-1.16
-1.13
-0.98
-0.90
-0.65
-0.57
-0.53
-0.63
-0.57
power
64
8.18
43.84
45.12
45.45
46.09
45.80
45.41
46.20
46.73
46.23
46.08
45.83
46.17
45.68
46.00
45.89
45.82
46.64
46.20
45.44
46.14
46.04
46.21
45.67
clear
17.07
0.24
0.24
0.38
0.43
0.48
0.52
0.61
0.71
0.82
0.76
0.92
0.96
0.96
0.94
1.03
1.10
1.28
1.42
1.56
1.57
1.60
1.73
1.81
power
65
10.31
44.75
45.43
45.51
45.93
46.44
46.21
46.53
46.30
45.69
45.49
46.49
45.78
45.65
45.12
45.31
44.91
45.79
46.02
46.52
46.66
46.20
46.08
46.16
clear
15.77
-3.16
-3.29
-3.20
-3.12
-3.07
-3.01
-2.84
-2.87
-2.78
-2.76
-2.65
-2.71
-2.73
-2.64
-2.54
-2.47
-2.44
-2.30
-2.16
-2.13
-1.97
-1.83
-1.71
power
66
10.69
48.39
50.28
50.04
50.37
50.17
49.79
50.14
49.41
49.77
49.85
50.22
50.00
49.96
49.77
49.54
49.08
48.86
48.42
48.46
48.65
48.76
48.65
48.84
clear
17.08
-2.34
-2.43
-2.23
-2.18
-2.10
-1.96
-1.97
-1.95
-1.86
-1.84
-1.79
-1.71
-1.55
-1.37
-1.32
-1.15
-1.17
-1.13
-1.02
-0.86
-0.77
-0.70
-0.56
power
67
11.23
51.09
52.50
52.02
52.14
52.25
51.82
52.25
52.19
52.45
52.54
52.24
53.02
52.57
52.63
52.64
51.98
51.60
52.78
52.91
51.83
52.41
52.41
52.42
clear
18.04
-0.69
-0.71
-0.76
-0.86
-0.85
-0.67
-0.61
-0.53
-0.56
-0.50
-0.36
-0.31
-0.22
-0.20
-0.15
-0.05
0.08
0.19
0.32
0.69
1.01
1.14
1.23
power
68
10.75
51.87
53.27
53.08
53.17
53.33
53.54
53.07
53.05
52.82
53.06
53.02
53.14
53.25
52.75
53.20
52.81
53.16
53.62
52.89
52.38
52.89
52.89
53.02
clear
19.59
-3.11
-3.52
-3.47
-3.31
-3.18
-3.15
-3.00
-2.93
-2.82
-2.81
-2.76
-2.69
-2.63
-2.69
-2.59
-2.44
-2.36
-2.22
-2.18
-2.14
-2.05
-2.02
-2.08
power
69
11.59
55.86
56.97
57.08
57.02
57.44
58.13
57.32
56.98
56.75
56.82
56.97
56.95
57.15
56.80
56.96
56.60
56.19
56.54
56.66
56.64
56.21
57.19
56.69
clear
24.67
4.38
4.57
4.67
4.74
4.83
4.82
4.94
5.00
5.02
5.16
5.08
5.23
5.13
5.17
5.24
5.28
5.23
5.32
5.18
5.43
5.60
5.80
5.92
power
70
