1.84
1.91
1.87
1.95
1.93
2.08
2.05
2.01
2.40
2.20
1.97
2.01
2.02
2.21
2.24
2.32
2.34
2.41
2.66
2.66
power
2
0.13
0.12
0.06
0.09
0.02
-0.09
-0.17
-0.23
-0.21
-0.21
-0.28
-0.25
-0.26
-0.25
-0.23
-0.23
-0.17
-0.29
-0.35
-0.44
-0.40
-0.27
-0.16
-0.18
clear
-0.21
-0.08
-0.15
-0.17
-0.24
-0.27
-0.41
-0.47
-0.51
-0.52
-0.51
-0.61
-0.63
-0.51
-0.31
-0.35
-0.30
-0.23
-0.13
-0.18
-0.24
-0.35
-0.42
-0.47
power
4
-0.04
-0.02
0.00
0.02
-0.01
-0.03
-0.04
-0.14
-0.19
-0.18
-0.28
-0.32
-0.34
-0.36
-0.34
-0.34
-0.35
-0.38
-0.36
-0.20
-0.17
-0.17
-0.18
-0.22
clear
-0.20
-0.31
-0.27
-0.32
-0.40
-0.38
-0.44
-0.45
-0.45
-0.52
-0.47
-0.40
-0.45
-0.49
-0.40
-0.33
-0.42
-0.42
-0.49
-0.40
-0.40
-0.34
-0.38
-0.36
power
6
0.08
0.07
0.15
0.23
0.32
0.40
0.42
0.35
0.36
0.34
0.30
0.34
0.32
0.33
0.39
0.31
0.23
0.19
0.12
0.12
0.06
0.01
0.04
0.07
clear
0.00
-0.04
-0.07
-0.11
-0.02
0.07
0.03
0.04
0.03
-0.04
-0.14
-0.04
-0.11
-0.14
0.02
-0.05
-0.11
-0.09
-0.10
-0.09
-0.14
-0.32
-0.22
-0.10
power
8
-0.02
0.17
0.77
0.66
0.77
0.54
0.29
0.85
0.61
0.54
0.92
1.00
0.77
0.64
0.69
1.23
0.61
0.63
0.70
0.74
0.85
1.38
0.70
0.60
clear
0.65
0.69
0.88
0.87
0.90
0.94
1.10
1.22
1.10
0.99
0.92
0.99
1.01
0.97
1.10
1.08
1.26
1.21
1.15
1.08
1.02
0.92
0.98
1.00
power
10
-0.07
0.10
-0.08
0.01
-0.04
-0.02
-0.12
-0.24
-0.24
-0.22
-0.25
-0.25
-0.34
-0.42
-0.48
-0.54
-0.68
-0.62
-0.57
-0.52
-0.56
-0.53
-0.44
-0.47
clear
-0.61
-0.70
-0.71
-0.71
-0.69
-0.76
-0.82
-0.96
-0.96
-1.05
-1.13
-1.24
-1.33
-1.45
-1.46
-1.49
-1.40
-1.52
-1.57
-1.57
-1.62
-1.56
-1.56
-1.55
power
12
-0.18
-0.15
-0.26
-0.16
-0.13
-0.00
0.10
0.23
0.24
0.25
0.22
0.31
0.31
0.25
0.41
0.39
0.30
0.42
0.43
0.41
0.63
0.59
0.56
0.52
clear
0.69
0.72
0.73
0.71
0.65
0.61
0.63
0.66
0.70
0.87
0.89
0.87
0.89
0.84
0.90
0.95
1.00
1.02
1.07
1.02
0.94
0.96
0.83
0.72
power
14
-0.04
-0.08
-0.26
-0.32
-0.42
-0.30
-0.21
-0.36
-0.40
-0.31
-0.23
-0.21
-0.07
0.02
0.02
-0.10
-0.09
0.05
-0.08
-0.06
-0.05
-0.17
0.02
0.07
clear
-0.34
-0.72
-0.70
-0.68
-0.83
-0.76
-0.63
-0.55
-0.49
-0.36
-0.34
-0.27
-0.14
-0.04
0.08
0.10
0.02
0.04
0.08
0.13
0.10
0.12
0.19
0.10
power
16
0.10
0.46
0.33
0.47
0.28
0.19
0.13
-0.00
-0.09
0.02
0.03
-0.15
-0.34
-0.53
-0.40
-0.35
-0.41
-0.44
-0.56
-0.44
-0.67
-0.83
-0.84
-0.86
clear
-0.86
-1.38
-1.33
-1.16
-1.00
-0.68
-0.48
-0.38
-0.25
-0.21
-0.06
-0.17
-0.27
-0.22
-0.35
-0.43
-0.38
-0.29
-0.17
-0.22
-0.06
0.03
0.00
-0.03
power
18
0.17
0.39
0.58
0.82
0.73
0.37
-0.03
-0.40
-0.67
-0.68
-0.83
-1.14
-1.40
-1.37
-1.36
-1.53
-1.60
-1.52
-1.70
-1.75
-1.77
-1.88
-1.82
-1.97
clear
-1.94
-2.50
-2.41
-2.28
-2.11
-1.95
-1.70
-1.52
-1.46
-1.45
-1.33
-1.17
-1.19
-1.09
-0.99
-0.91
-0.87
-0.96
-1.05
-1.05
-0.99
-0.98
-1.02
-0.94
power
20
0.41
0.54
0.42
0.59
0.77
0.79
0.47
0.37
0.09
0.08
0.06
-0.03
-0.24
-0.37
-0.42
-0.35
-0.45
-0.68
-0.77
-0.96
-0.96
-1.13
-1.02
-1.08
clear
-1.20
-1.95
-2.01
-2.09
-2.11
-2.03
-2.00
-1.94
-1.81
-1.43
-1.43
-1.28
-1.17
-1.14
-1.20
-1.12
-1.01
-1.00
-0.96
-0.83
-0.75
-0.74
-0.73
-0.65
power
22
0.71
1.12
0.99
1.01
0.97
0.73
0.61
0.49
0.26
0.21
-0.04
-0.14
0.04
-0.13
-0.16
-0.31
-0.21
-0.31
-0.45
-0.38
-0.23
-0.44
-0.49
-0.39
clear
-0.76
-1.76
-1.82
-1.73
-1.66
-1.62
-1.41
-1.15
-1.00
-0.89
-0.70
-0.65
-0.58
-0.57
-0.45
-0.42
-0.35
-0.33
-0.22
-0.13
-0.20
-0.33
-0.22
-0.14
power
24
0.57
0.99
0.80
1.01
1.10
0.76
0.78
0.74
0.73
0.82
0.76
0.79
0.43
0.52
0.78
0.67
0.56
0.77
0.83
0.82
0.81
0.53
0.48
0.47
clear
0.55
-0.08
-0.12
-0.06
0.10
0.20
0.30
0.44
0.51
0.65
0.87
1.02
1.14
1.15
1.18
1.17
1.20
1.16
1.12
1.07
0.96
1.14
1.20
1.34
power
26
0.24
1.07
0.92
1.09
1.04
0.70
0.48
0.41
0.45
0.34
0.37
0.29
0.35
0.51
0.62
0.48
0.58
0.69
0.64
0.53
0.46
0.85
1.14
1.24
clear
1.44
0.90
0.94
0.89
0.84
0.88
0.91
0.96
0.91
1.06
1.37
1.53
1.54
1.69
1.70
1.64
1.67
1.64
1.69
1.73
1.67
1.66
1.53
1.55
power
28
0.25
0.94
1.25
0.81
0.60
0.19
0.04
-0.05
-0.16
-0.08
-0.21
-0.46
-0.35
-0.23
-0.10
0.04
-0.05
-0.17
0.28
0.55
0.61
0.57
0.40
0.40
clear
1.16
0.96
0.87
0.84
0.89
0.93
0.85
0.74
0.71
0.71
0.65
0.55
0.41
0.37
0.38
0.38
0.42
0.45
0.56
0.69
0.71
0.66
0.71
0.81
power
30
-0.72
-0.56
-0.22
-0.60
-0.79
-0.70
-0.60
-0.96
-1.20
-1.55
-1.65
-1.96
-1.88
-1.64
-1.62
-1.77
-1.63
-1.75
-1.78
-1.95
-1.42
-1.09
-1.21
-1.14
clear
0.08
-0.38
-0.36
-0.44
-0.46
-0.52
-0.55
-0.56
-0.53
-0.55
-0.37
-0.35
-0.27
-0.25
-0.21
-0.10
-0.29
-0.40
-0.45
-0.43
-0.44
-0.56
-0.67
-0.66
power
32
0.30
1.70
1.78
2.01
1.91
1.80
1.55
1.85
1.94
1.71
1.76
1.78
1.94
2.00
2.05
1.89
1.77
1.83
1.92
2.02
2.06
2.13
2.27
2.19
clear
2.52
1.90
1.68
1.62
1.71
1.64
1.53
1.57
1.66
1.68
1.78
1.70
1.68
1.85
1.84
1.82
1.97
2.06
2.02
2.01
2.01
2.12
2.08
2.09
power
34
-1.06
-0.67
-0.31
-0.15
-0.04
-0.33
-0.53
-0.07
-0.16
-0.14
-0.25
-0.47
-0.72
-0.84
-0.97
-0.48
-0.35
-0.26
-0.19
-0.49
-0.26
-0.41
-0.65
-0.68
clear
1.78
2.11
1.88
1.64
1.63
1.53
1.57
1.54
1.39
1.47
1.47
1.42
1.43
1.47
1.52
1.48
1.48
1.71
2.18
2.05
1.90
1.90
1.91
1.98
power
36
-0.16
1.10
1.64
1.57
1.54
1.47
1.54
1.74
1.56
1.54
1.46
1.60
1.55
1.43
1.47
1.64
2.10
2.23
1.91
1.90
1.76
1.37
1.08
1.30
clear
1.35
0.39
0.35
0.30
0.24
0.24
0.23
0.33
0.39
0.42
0.49
0.57
0.61
0.54
0.58
0.60
0.57
0.55
0.52
0.60
0.49
0.48
0.54
0.49
power
38
-0.23
1.09
1.67
1.73
1.84
1.53
1.92
2.33
2.47
2.06
2.00
2.17
1.95
1.98
2.22
1.61
1.47
1.19
0.82
0.75
0.72
0.63
0.43
0.81
clear
2.89
2.87
2.91
3.08
3.13
3.18
3.09
3.01
3.01
3.02
3.09
3.06
3.05
3.13
3.17
3.33
3.48
3.49
3.55
3.63
3.72
3.89
3.91
3.98
power
40
-0.67
-0.15
0.12
0.20
0.42
0.35
0.54
0.90
0.94
0.97
1.04
0.83
1.06
0.95
0.62
0.52
0.05
-0.03
0.14
-0.32
-0.51
-0.38
-0.64
-0.91
clear
-0.38
-1.24
-1.02
-0.80
-0.84
-0.89
-0.82
-0.89
-0.90
-0.88
-0.84
-0.85
-0.75
-0.78
-0.72
-0.68
-0.54
-0.34
-0.33
-0.15
-0.08
-0.12
-0.14
-0.23
power
42
-3.51
-4.08
-3.37
-3.22
-3.35
-3.62
-3.37
-3.27
-2.86
-2.95
-2.60
-2.96
-3.29
-3.70
-3.15
-3.58
-3.77
-4.53
-4.66
-4.43
-4.41
-4.43
-4.38
-4.27
clear
-1.56
-0.97
-0.70
-0.05
0.03
0.06
0.03
0.09
0.06
0.05
0.12
0.15
0.23
0.24
0.33
0.55
0.61
0.73
1.15
1.60
1.62
1.50
1.52
1.48
power
44
-1.86
-2.67
-1.85
-1.67
-1.46
-1.64
-1.42
-1.18
-1.92
-2.28
-2.32
-1.89
-2.29
-2.52
-2.75
-2.72
-3.10
-3.06
-2.51
-2.42
-2.47
-2.29
-2.24
-2.75
clear
-1.44
-1.91
-1.68
-1.66
-1.69
-1.69
-1.65
-1.70
-1.69
-1.63
-1.71
-1.61
-1.56
-1.61
-1.56
-1.66
-1.76
-1.73
-1.67
-1.55
-1.41
-1.28
-1.19
-1.10
power
46
-1.49
-1.73
-0.78
-0.50
-0.66
-0.53
-0.52
-0.53
-0.33
-0.29
-0.29
-0.53
-1.01
-1.19
-1.32
-1.38
-1.66
-1.44
-2.12
-1.66
-1.76
-1.69
-2.03
-2.17
clear
-0.45
-0.65
-0.55
-0.08
-0.05
-0.08
-0.08
-0.04
-0.03
0.01
0.00
0.03
0.03
0.02
0.12
0.18
0.20
0.14
0.19
0.33
0.45
0.77
0.91
0.94
power
48
-2.15
-2.48
-2.15
-1.55
-1.50
-1.45
-1.69
-1.57
-1.54
-1.84
-1.78
-1.72
-2.26
-2.51
-3.20
-2.96
-3.29
-3.01
-3.13
-3.91
-3.59
-3.16
-3.51
-3.47
clear
-2.44
-2.68
-2.70
-2.75
-2.76
-2.53
-2.42
-2.36
-2.31
-2.30
-2.26
-2.24
-2.23
-2.31
-2.32
-2.20
-2.08
-2.13
-2.05
-1.96
-1.96
-1.87
-1.82
-1.87
power
50
-3.30
-0.87
0.04
0.15
0.68
0.96
0.95
0.43
0.38
0.92
0.93
0.51
0.43
-0.04
-0.15
-0.24
-0.64
-0.87
-0.48
-0.23
-0.55
-1.24
-1.24
-0.82
clear
1.29
1.36
1.58
1.52
1.59
1.59
1.62
1.55
1.62
1.64
1.70
1.62
1.60
1.64
1.59
1.71
1.82
1.95
2.04
2.05
2.14
2.35
2.52
2.47
power
52
-2.14
1.83
2.37
2.55
3.05
2.80
2.20
2.39
2.54
2.63
2.71
2.48
2.48
1.74
2.20
2.37
2.03
1.94
2.01
2.12
1.81
1.14
1.57
1.43
clear
1.01
-1.21
-1.34
-2.36
-2.79
-2.82
-2.79
-2.78
-2.85
-2.80
-2.78
-2.75
-2.78
-2.67
-2.55
-2.49
-2.43
-2.38
-2.21
-2.10
-2.03
-2.05
-2.00
-1.87
power
54
-2.34
6.87
7.44
7.42
8.00
8.39
8.41
8.19
7.62
7.75
7.28
7.15
6.64
6.61
6.51
6.33
6.87
6.71
6.33
6.14
6.27
6.37
6.27
6.54
clear
3.56
-0.28
-1.11
-1.69
-1.84
-1.78
-1.65
-1.65
-1.62
-1.57
-1.60
-1.57
-1.65
-1.63
-1.63
-1.35
-1.22
-1.19
-1.00
-0.79
-0.68
-0.59
-0.46
-0.34
power
56
0.15
12.55
13.25
13.04
13.90
13.95
14.12
13.81
13.13
13.70
13.89
13.84
13.53
13.16
13.30
13.01
13.12
13.49
13.69
13.23
12.34
12.54
12.75
13.03
clear
6.02
-0.93
-0.55
-1.58
-1.61
-1.41
-1.58
-1.63
-1.66
-1.56
-0.42
-1.25
-1.08
-1.23
-1.25
-1.60
-1.56
-1.58
-1.55
-1.52
-1.51
-1.47
-1.52
-1.48
power
58
0.80
18.79
18.47
18.47
18.87
18.37
18.57
20.01
20.44
19.63
19.00
16.83
16.73
17.32
17.68
18.32
20.36
18.82
19.37
20.14
19.49
20.57
20.84
20.36
clear
10.63
2.24
1.90
1.84
1.37
1.94
1.88
1.87
