-0.04
-0.00
-0.03
0.04
0.07
0.06
0.08
0.09
0.11
0.14
0.25
0.17
0.19
0.17
0.18
0.23
0.21
0.20
0.23
power
2
-0.52
-0.43
-0.45
-0.47
-0.50
-0.46
-0.42
-0.44
-0.13
1.96
4.45
5.96
7.32
10.40
10.90
10.83
10.84
10.83
10.75
10.72
10.71
10.66
10.66
10.63
clear
10.66
10.67
10.67
10.65
10.67
10.62
10.67
10.63
10.68
10.63
10.64
10.68
10.64
10.69
10.68
10.60
10.66
10.71
10.74
10.69
10.74
10.71
10.74
10.71
power
4
0.04
-0.06
-0.06
-0.03
0.02
0.01
-0.06
-0.01
0.03
-0.03
0.05
-0.02
-0.01
-0.04
0.00
0.01
0.03
0.03
0.05
0.02
0.03
0.09
0.05
0.08
clear
0.10
0.05
0.08
0.10
0.04
0.03
0.03
-0.03
0.03
-0.01
0.00
0.00
0.04
0.11
0.06
0.08
0.09
0.11
0.07
0.05
0.05
0.09
0.09
0.13
power
6
0.06
-0.02
-0.01
-0.02
0.01
-0.00
0.02
0.04
-0.01
0.01
-0.01
0.00
-0.04
0.01
0.08
0.11
0.14
0.08
0.08
0.08
0.08
0.08
0.08
0.13
clear
0.11
0.13
0.14
0.09
0.11
0.08
0.12
0.11
0.14
0.14
0.15
0.10
0.05
0.09
0.12
0.03
0.12
0.18
0.11
0.21
0.21
0.31
0.27
0.19
power
8
0.25
0.28
1.12
1.46
1.25
0.44
-0.11
1.95
-0.42
-0.33
2.37
-0.39
-0.41
-0.48
-0.26
2.28
-0.40
-0.47
-0.43
-0.40
2.40
-0.35
-0.37
-0.46
clear
-0.43
-0.42
-0.37
-0.43
-0.43
-0.42
-0.39
-0.41
-0.37
-0.36
-0.38
-0.40
-0.46
-0.36
-0.42
-0.42
-0.38
-0.34
-0.39
-0.35
-0.36
-0.36
-0.33
-0.40
power
10
0.32
0.57
0.39
0.28
0.27
0.31
0.32
0.32
0.37
0.39
0.32
0.35
0.31
0.29
0.35
0.32
0.38
0.38
0.32
0.33
0.37
0.31
0.31
0.33
clear
0.18
-0.01
-0.01
-0.05
0.04
0.07
0.07
0.16
0.12
0.14
0.18
0.16
0.16
0.22
0.22
0.24
0.26
0.31
0.24
0.26
0.24
0.19
0.22
0.17
power
12
0.59
1.35
1.29
1.26
1.39
1.43
1.38
1.38
1.32
1.31
1.33
1.42
1.36
1.36
1.42
1.46
1.42
1.51
1.45
1.35
1.46
1.52
1.57
1.59
clear
0.75
0.12
0.12
0.07
0.02
-0.00
0.06
0.05
-0.02
-0.03
-0.13
-0.08
-0.08
-0.13
-0.12
-0.15
-0.15
-0.11
-0.07
-0.07
-0.07
-0.07
-0.11
-0.08
power
14
1.19
2.80
2.94
3.05
3.02
3.15
3.14
3.01
2.96
3.03
3.02
3.05
2.97
3.23
3.03
2.99
2.97
3.07
3.07
3.00
3.09
3.33
3.20
2.96
clear
1.42
0.30
0.26
0.34
0.33
0.39
0.37
0.36
0.36
0.35
0.29
0.32
0.39
0.37
0.32
0.30
0.37
0.25
0.29
0.26
0.28
0.32
0.31
0.30
power
16
2.14
4.87
4.96
4.83
4.67
4.87
4.81
4.78
4.91
4.86
4.89
4.96
4.89
4.85
4.72
4.71
4.71
4.90
4.80
4.69
4.69
4.75
4.79
4.79
clear
2.14
0.04
0.13
0.12
0.06
0.12
0.12
0.10
0.13
0.16
0.18
0.15
0.10
0.13
0.07
0.14
0.18
0.13
0.17
0.17
0.23
0.20
0.19
0.23
power
18
3.09
7.26
7.23
7.21
6.93
6.91
6.79
6.89
7.06
7.23
7.15
7.00
6.90
7.03
7.12
7.27
7.22
7.23
7.17
7.14
7.19
7.20
7.06
6.98
clear
2.82
-0.02
-0.01
0.08
0.10
0.08
0.12
0.15
0.26
0.28
0.32
0.26
0.32
0.30
0.38
0.29
0.34
0.27
0.25
0.27
0.25
0.24
0.21
0.22
power
20
4.10
9.94
9.74
9.78
9.81
10.05
10.13
9.67
9.66
9.92
9.71
9.61
9.64
9.78
9.77
9.73
9.88
9.70
9.56
9.70
9.99
9.74
9.58
9.69
clear
3.74
-0.14
-0.11
-0.08
-0.04
-0.02
-0.06
0.04
0.03
0.05
0.04
0.08
0.09
0.06
0.08
0.11
0.08
0.17
0.10
0.10
0.02
-0.01
0.01
0.02
power
22
5.44
13.43
13.04
13.24
13.37
12.94
13.07
13.41
13.33
12.75
13.04
13.21
13.43
13.42
13.48
13.34
13.07
13.03
13.04
13.25
13.32
12.58
13.16
13.27
clear
5.48
-0.02
0.02
0.05
0.01
0.21
0.19
0.21
0.24
0.22
0.23
0.22
0.15
0.19
0.18
0.24
0.24
0.22
0.21
0.17
0.19
0.21
0.24
0.20
power
24
7.72
17.06
16.55
16.62
16.99
17.23
16.83
16.96
17.20
16.85
16.77
17.17
16.34
17.02
16.64
16.70
17.22
17.24
17.42
16.48
16.86
16.94
16.35
16.48
clear
6.66
0.09
0.20
0.17
0.20
0.23
0.26
0.21
0.21
0.26
0.24
0.25
0.24
0.26
0.11
0.19
0.12
0.17
0.18
0.21
0.23
0.23
0.25
0.25
power
26
8.99
21.46
20.82
20.62
21.30
21.32
20.91
21.24
20.59
20.99
20.88
20.76
20.44
20.80
20.52
20.89
20.97
20.96
20.29
21.17
21.26
21.38
21.70
21.30
clear
8.86
0.19
0.28
0.25
0.26
0.27
0.41
0.44
0.42
0.43
0.39
0.36
0.38
0.31
0.30
0.30
0.33
0.32
0.28
0.35
0.31
0.33
0.36
0.43
power
28
9.52
24.93
24.89
25.60
25.29
24.73
25.41
25.18
24.45
25.53
25.43
25.46
25.32
25.99
25.58
25.53
24.89
24.96
25.22
25.35
24.92
24.83
25.06
24.66
clear
9.43
-0.16
-0.19
-0.03
-0.01
0.01
0.04
0.02
0.10
0.07
0.15
0.08
0.09
0.11
0.10
-0.01
-0.00
-0.03
-0.00
-0.02
-0.04
-0.02
-0.03
0.00
power
30
11.16
30.51
29.02
30.49
30.27
29.37
29.59
29.03
29.51
29.49
29.18
29.43
29.44
29.76
30.35
29.72
29.99
29.87
30.06
29.79
29.98
30.64
29.57
30.30
clear
12.86
-0.11
-0.07
0.05
0.07
0.09
0.10
0.15
0.17
0.17
0.12
0.12
0.12
0.12
0.14
0.13
0.15
0.16
0.13
0.14
0.12
0.14
0.07
0.11
power
32
11.41
35.16
36.11
34.88
35.10
35.00
35.53
34.61
34.51
34.76
35.08
35.26
35.00
35.66
34.76
34.70
36.08
35.18
35.64
35.16
35.24
35.48
34.96
34.83
clear
13.64
-0.15
-0.12
-0.14
-0.11
-0.09
-0.06
-0.05
-0.07
0.03
-0.05
0.04
0.06
0.05
0.05
0.09
0.07
0.08
0.02
0.06
0.07
-0.01
0.00
0.11
power
34
11.88
40.91
41.32
41.21
41.73
40.13
40.99
40.55
41.38
40.98
41.02
41.11
40.64
41.43
39.96
41.36
40.47
40.32
39.99
41.07
40.57
39.83
40.67
41.15
clear
15.82
-0.18
-0.19
-0.23
-0.15
-0.17
-0.11
-0.07
-0.07
-0.05
-0.06
-0.04
0.01
-0.02
0.03
0.01
0.02
-0.01
0.00
-0.02
0.02
0.01
0.03
0.03
power
36
13.86
46.56
47.45
46.10
47.44
45.83
47.36
45.88
46.69
45.78
46.32
45.92
46.41
46.73
47.01
46.25
46.87
46.60
46.31
46.73
46.76
46.39
46.06
47.19
clear
18.68
-0.15
-0.11
-0.17
-0.15
-0.09
-0.09
-0.05
-0.02
0.02
0.00
0.01
0.06
0.02
-0.06
0.01
0.07
0.04
0.09
0.07
0.04
0.07
0.02
0.04
power
38
15.03
52.60
53.59
52.63
52.44
53.36
52.51
52.29
53.22
52.52
52.19
52.16
52.16
53.30
52.83
53.05
52.82
52.72
52.31
53.25
52.69
53.43
53.13
53.19
clear
20.32
-0.33
-0.28
-0.25
-0.28
-0.22
-0.24
-0.22
-0.16
-0.18
-0.11
-0.13
-0.15
-0.10
-0.14
-0.15
-0.15
-0.16
-0.13
-0.13
-0.11
-0.15
-0.09
-0.09
power
40
17.26
59.35
59.52
59.05
59.53
58.29
59.28
58.26
60.43
59.36
59.17
58.87
59.48
58.33
59.64
57.97
59.31
58.46
58.78
59.37
58.73
59.34
58.20
59.59
clear
24.82
0.00
0.00
-0.05
0.01
0.00
0.07
0.09
0.08
0.09
0.01
0.09
0.08
0.10
0.09
0.12
0.10
0.10
0.11
0.11
0.15
0.09
0.18
0.13
power
42
19.57
66.59
67.59
66.00
65.08
65.82
65.46
64.90
65.56
65.78
65.94
65.57
65.81
65.17
65.46
64.47
66.20
63.69
65.67
65.48
66.02
66.68
65.31
67.04
clear
27.21
-0.23
-0.21
-0.18
-0.14
-0.16
-0.10
-0.05
-0.08
-0.08
-0.09
0.01
0.03
0.00
0.02
0.10
0.02
0.04
0.07
0.12
0.07
0.14
0.13
0.16
power
44
19.08
73.77
73.72
73.82
74.17
74.29
73.87
73.51
73.50
72.66
73.54
73.29
73.09
72.46
72.87
72.85
72.73
71.26
70.92
71.50
72.17
71.67
73.10
72.21
clear
26.89
-0.50
-0.41
-0.40
-0.47
-0.43
-0.32
-0.32
-0.32
-0.29
-0.27
-0.26
-0.22
-0.20
-0.13
-0.05
-0.08
-0.04
0.02
0.00
-0.04
-0.03
-0.02
-0.02
power
46
19.56
81.07
82.44
81.89
81.26
80.86
81.18
80.83
80.51
79.80
78.91
80.72
81.18
78.95
80.32
80.18
80.78
80.31
80.32
79.58
79.52
79.36
80.22
81.38
clear
29.43
-0.64
-0.63
-0.59
-0.61
-0.50
-0.41
-0.40
-0.38
-0.39
-0.29
-0.28
-0.24
-0.09
-0.12
-0.08
-0.08
-0.08
-0.11
-0.06
-0.06
-0.08
-0.07
-0.05
power
48
24.50
88.69
88.98
88.80
88.21
88.41
89.20
89.93
90.74
90.10
88.39
88.14
87.85
89.11
89.42
89.41
88.67
88.65
88.71
87.44
87.58
87.49
88.21
88.36
clear
32.77
-0.57
-0.44
-0.43
-0.50
-0.38
-0.36
-0.30
-0.39
-0.28
-0.23
-0.24
-0.20
-0.14
-0.12
-0.09
-0.10
-0.10
-0.05
-0.07
0.01
0.04
0.05
0.01
power
50
22.45
97.03
98.07
97.01
96.86
96.55
95.71
94.90
95.50
96.83
94.69
94.85
94.43
95.49
95.54
96.17
96.30
96.66
96.54
95.97
96.16
94.43
95.37
94.92
clear
35.09
-0.61
-0.55
-0.51
-0.45
-0.39
-0.37
-0.30
-0.37
-0.33
-0.22
-0.19
-0.21
-0.16
-0.09
-0.13
-0.11
-0.07
-0.03
-0.02
-0.05
-0.03
-0.07
-0.03
power
52
28.34
105.84
106.55
105.37
103.50
102.41
103.66
102.01
104.57
102.92
103.87
104.58
102.13
103.03
101.79
103.11
102.28
102.66
102.33
103.72
101.33
101.92
101.66
102.36
clear
42.95
-0.44
-0.45
-0.46
-0.37
-0.34
-0.37
-0.35
-0.32
-0.20
-0.20
-0.18
-0.15
-0.13
-0.12
-0.00
-0.03
-0.04
0.02
0.01
0.02
0.04
0.09
0.04
power
54
25.49
113.27
112.93
111.66
112.62
110.96
111.34
112.77
110.45
110.40
111.09
112.03
111.25
111.14
110.21
111.25
111.15
111.93
111.36
110.98
110.96
110.42
110.10
112.02
clear
45.97
-0.48
-0.51
-0.39
-0.41
-0.42
-0.48
-0.41
-0.39
-0.34
-0.32
-0.30
-0.24
-0.17
-0.16
-0.16
-0.10
-0.05
-0.12
-0.06
-0.04
-0.06
-0.04
0.02
power
56
31.72
122.75
122.08
121.49
120.63
121.04
120.83
119.40
122.27
119.94
119.87
119.77
119.76
119.84
120.20
120.24
119.58
118.63
120.19
119.22
120.05
120.36
119.65
119.49
clear
49.57
-0.59
-0.53
-0.48
-0.49
-0.43
-0.40
-0.38
-0.33
-0.24
-0.29
-0.20
-0.17
-0.21
-0.15
-0.06
-0.07
-0.03
-0.03
0.04
0.02
0.03
0.04
0.09
power
58
29.23
131.45
131.39
130.34
129.84
129.92
130.21
130.06
129.50
129.11
129.39
128.70
128.96
129.39
129.74
129.59
128.24
129.34
128.83
129.86
129.81
129.04
127.80
130.23
clear
53.90
-0.68
-0.64
-0.69
-0.59
-0.55
-0.50
-0.44
-0.45
-0.47
-0.48
-0.38
-0.45
-0.35
-0.33
-0.35
-0.34
-0.28
-0.25
-0.25
-0.15
-0.14
-0.18
-0.19
power
60
36.52
141.00
141.81
139.55
137.70
140.18
139.78
138.46
139.45
139.80
140.02
138.52
138.16
137.60
137.26
138.31
136.47
138.00
138.39
138.08
137.55
136.76
137.41
137.80
clear
55.74
-0.32
-0.25
-0.28
-0.23
-0.21
-0.19
-0.10
-0.06
-0.14
-0.02
0.05
0.09
0.15
0.17
0.19
0.16
0.25
0.25
0.19
0.12
0.22
0.33
0.28
power
62
38.82
150.50
149.49
150.19
150.06
148.37
148.72
148.18
146.87
146.84
145.59
145.75
145.89
146.29
146.33
148.12
147.95
148.06
148.38
147.33
145.74
147.38
149.06
146.28
clear
58.71
-0.70
-0.57
-0.56
-0.52
-0.44
-0.49
-0.46
-0.39
-0.38
-0.29
-0.27
-0.28
-0.24
-0.27
-0.18
-0.13
-0.19
-0.18
-0.07
-0.07
-0.04
0.04
0.02
power
64
41.31
158.50
158.90
158.61
156.52
155.07
155.77
157.50
157.39
157.04
155.09
156.95
156.67
156.80
155.59
155.75
154.65
155.13
155.71
156.33
154.99
155.94
155.31
156.44
clear
61.97
-0.60
-0.55
-0.55
-0.49
-0.42
-0.51
-0.46
-0.42
-0.40
-0.41
-0.35
-0.27
-0.24
-0.19
-0.25
-0.19
-0.15
-0.10
-0.06
-0.02
-0.05
-0.05
0.00
power
66
34.96
167.14
168.15
167.75
167.15
167.33
165.49
165.30
165.49
163.42
163.86
162.49
162.54
163.16
164.75
166.23
164.82
164.62
163.08
165.62
165.12
165.40
165.07
165.87
clear
66.14
-0.76
-0.68
-0.65
-0.65
-0.61
-0.56
-0.51
-0.43
-0.40
-0.39
-0.36
-0.35
-0.31
-0.27
-0.21
-0.29
-0.19
-0.13
-0.18
-0.11
-0.13
-0.06
-0.07
power
68
34.46
179.36
179.83
178.84
179.26
177.65
176.65
176.56
174.16
173.90
175.59
176.63
177.03
177.18
175.90
174.73
175.15
174.59
175.51
174.37
174.76
174.82
175.26
174.97
clear
68.52
-0.81
-0.81
-0.80
-0.71
-0.66
-0.59
-0.55
-0.46
-0.50
-0.43
-0.47
-0.49
-0.43
-0.33
-0.40
-0.39
-0.33
-0.31
-0.37
-0.30
-0.26
-0.26
-0.25
power
70
32.70
185.76
186.04
186.49
187.69
184.31
184.35
184.98
183.95
184.03
183.63
181.80
183.64
183.51
183.56
183.73
182.47
182.00
183.54
182.89
183.78
183.70
184.53
184.72
clear
71.93
-0.53
-0.48
-0.52
-0.50
-0.43
-0.38
-0.38
-0.28
-0.24
-0.22
-0.20
-0.15
-0.10
-0.14
-0.10
-0.04
-0.01
0.02
0.08
0.11
0.13
0.17
0.14
power
72
41.49
195.68
196.18
196.84
195.76
194.61
193.87
193.28
193.97
193.38
194.57
193.93
192.12
192.12
192.04
193.59
192.18
193.10
192.53
192.21
191.83
191.13
191.58
192.53
clear
75.71
-0.47
