-0.02
0.01
0.02
0.07
0.11
0.14
0.15
0.23
0.16
0.15
0.22
0.27
0.32
0.25
0.31
0.34
0.34
0.31
0.34
0.31
0.39
0.42
clear
0.44
0.49
0.50
0.53
0.52
0.54
0.51
0.46
0.45
0.46
0.41
0.46
0.47
0.48
0.55
0.52
0.49
0.47
0.39
0.38
0.46
0.43
0.47
0.50
power
2
0.02
0.06
0.01
-0.03
0.00
0.02
0.05
0.07
0.02
0.04
0.08
0.07
0.07
0.11
0.12
0.02
0.05
-0.02
0.02
-0.08
-0.08
-0.15
-0.13
-0.19
clear
-0.15
-0.16
-0.11
-0.07
-0.02
-0.11
-0.15
-0.07
0.06
0.12
0.17
0.18
0.18
0.14
0.12
0.15
0.19
0.22
0.13
0.21
0.24
0.26
0.29
0.32
power
4
-0.04
-0.17
-0.16
-0.31
-0.33
-0.32
-0.32
-0.12
0.13
0.09
0.16
-0.02
-0.07
-0.11
-0.14
-0.07
0.09
0.31
0.32
0.27
0.21
0.20
0.14
0.18
clear
0.04
-0.03
-0.12
-0.21
-0.30
-0.34
-0.32
-0.20
-0.21
-0.18
-0.22
-0.42
-0.36
-0.45
-0.47
-0.62
-0.63
-0.69
-0.80
-0.87
-0.90
-1.02
-1.00
-1.05
power
6
0.01
0.09
0.08
0.14
0.26
0.24
0.17
0.14
0.16
0.19
0.18
0.18
0.17
0.18
0.18
0.14
0.22
0.22
0.29
0.32
0.32
0.28
0.27
0.28
clear
0.20
0.21
0.11
0.09
0.08
0.03
-0.00
-0.04
0.04
0.11
0.14
0.12
0.04
0.03
-0.04
-0.12
-0.13
-0.12
-0.25
-0.14
-0.14
-0.16
-0.21
-0.15
power
8
0.52
0.59
0.89
1.66
1.81
-0.14
0.47
1.72
-0.29
-0.26
2.87
-0.44
-0.35
-0.40
1.01
1.57
-0.39
-0.47
-0.46
-0.45
2.59
-0.25
-0.20
-0.22
clear
-0.19
-0.17
-0.08
-0.11
-0.05
0.08
0.12
0.16
-0.03
-0.08
-0.02
-0.02
0.03
-0.07
-0.04
-0.01
0.04
0.01
-0.05
-0.08
-0.06
0.00
0.01
0.05
power
10
0.42
0.82
0.58
0.62
0.49
0.45
0.48
0.46
0.47
0.56
0.51
0.46
0.57
0.51
0.47
0.38
0.31
0.23
0.29
0.22
0.21
0.12
0.18
0.12
clear
-0.04
-0.20
-0.06
-0.10
-0.11
-0.14
-0.03
-0.03
-0.02
-0.14
-0.10
-0.19
-0.16
-0.21
-0.20
-0.08
-0.04
0.08
-0.01
-0.05
-0.26
-0.31
-0.39
-0.34
power
12
0.70
1.85
1.93
1.95
1.96
1.90
1.85
1.99
1.82
1.82
1.83
1.75
1.83
1.79
1.82
1.85
1.70
1.68
1.69
1.73
1.82
1.96
1.99
2.04
clear
1.12
0.51
0.49
0.62
0.69
0.67
0.66
0.77
0.69
0.79
0.80
0.77
0.90
0.81
0.77
0.92
0.98
1.04
0.99
0.97
1.08
0.99
1.00
0.93
power
14
1.10
3.20
3.42
3.39
3.46
3.34
3.37
3.22
3.31
3.18
3.25
3.29
3.16
3.06
3.03
3.09
3.15
3.24
3.16
3.07
3.09
3.16
3.01
2.68
clear
1.16
-0.03
-0.01
-0.01
0.03
0.00
0.08
0.07
0.08
0.07
0.04
0.10
0.11
0.13
0.08
0.06
0.02
-0.00
-0.01
-0.09
-0.11
-0.07
-0.09
-0.23
power
16
1.85
5.17
5.14
5.17
5.28
5.43
5.56
5.45
5.37
5.09
5.23
5.12
5.33
5.42
5.49
5.51
5.32
5.41
5.36
5.55
5.32
5.24
5.40
5.59
clear
2.30
0.15
0.29
0.32
0.24
0.34
0.39
0.48
0.46
0.43
0.33
0.25
0.21
0.17
0.08
0.14
0.05
0.06
-0.06
-0.11
-0.14
-0.12
-0.12
-0.08
power
18
3.26
7.83
7.83
8.05
8.02
8.19
7.98
7.82
7.75
7.95
8.09
8.05
8.03
8.10
8.09
8.17
8.23
8.38
8.31
8.21
8.60
8.62
8.61
8.44
clear
3.62
0.45
0.74
0.87
0.88
0.98
0.96
0.96
0.92
0.83
0.69
0.52
0.48
0.48
0.54
0.48
0.39
0.30
0.18
0.12
0.10
0.10
-0.05
-0.11
power
20
4.70
10.91
10.99
10.97
11.18
11.24
11.31
11.09
11.32
11.49
11.42
11.09
10.96
11.27
11.36
11.42
10.92
11.19
11.42
11.26
11.35
11.22
11.26
11.56
clear
5.43
0.87
0.88
0.83
0.85
0.82
0.90
0.82
0.61
0.62
0.64
0.72
0.66
0.64
0.69
0.66
0.65
0.60
0.53
0.42
0.32
0.18
0.19
0.15
power
22
6.71
14.45
14.60
14.86
14.95
14.73
14.52
14.59
14.71
14.62
14.74
14.69
14.86
14.80
14.70
14.55
14.73
14.84
14.71
14.89
14.89
14.81
14.57
14.57
clear
6.43
0.31
0.25
0.24
0.14
0.05
0.16
0.19
0.23
0.26
0.28
0.25
0.30
0.32
0.37
0.47
0.46
0.40
0.35
0.32
0.36
0.35
0.34
0.28
power
24
8.45
18.12
18.48
18.60
18.38
18.26
17.24
17.72
17.79
17.98
17.51
17.55
17.59
17.76
17.72
17.43
17.77
17.70
17.70
18.03
18.16
18.01
17.96
17.94
clear
7.16
-0.66
-0.61
-0.49
-0.48
-0.37
-0.26
-0.29
-0.29
-0.33
-0.41
-0.46
-0.43
-0.37
-0.35
-0.38
-0.40
-0.41
-0.43
-0.40
-0.46
-0.59
-0.63
-0.65
power
26
8.81
22.87
22.65
22.74
22.74
22.42
21.90
22.52
22.90
22.72
22.82
22.59
22.73
23.17
22.63
22.73
22.86
23.14
23.19
22.94
22.79
22.51
22.61
22.57
clear
9.40
0.34
0.30
0.30
0.33
0.41
0.31
0.37
0.46
0.40
0.48
0.60
0.52
0.44
0.36
0.32
0.27
0.30
0.26
0.22
0.24
0.25
0.12
0.22
power
28
9.83
26.91
27.32
27.33
27.60
26.94
26.72
26.90
27.16
27.40
27.33
27.34
27.33
27.42
27.38
27.08
27.73
27.40
27.76
27.85
27.05
27.75
27.91
27.10
clear
11.95
-0.05
-0.01
-0.04
-0.00
-0.00
-0.02
0.10
0.08
0.17
0.21
0.19
0.23
0.26
0.29
0.37
0.53
0.48
0.37
0.22
0.15
0.15
0.11
0.20
power
30
10.60
31.81
31.62
31.73
32.17
32.44
32.19
31.85
31.80
31.75
31.97
32.87
31.59
31.74
32.41
32.43
32.95
32.62
32.36
32.74
32.38
32.29
31.93
32.01
clear
12.97
-0.37
-0.41
-0.36
-0.39
-0.46
-0.39
-0.25
-0.12
0.03
0.04
0.08
0.01
-0.05
-0.01
0.00
-0.10
-0.14
-0.23
-0.22
-0.28
-0.33
-0.38
-0.37
power
32
12.99
38.31
38.38
38.23
38.33
37.96
37.45
38.21
38.71
37.74
37.49
37.90
37.96
39.30
39.41
39.51
39.61
39.09
38.57
38.02
38.41
38.84
38.76
38.65
clear
15.34
0.17
0.16
0.20
0.18
0.25
0.23
0.38
0.45
0.52
0.53
0.58
0.59
0.57
0.45
0.45
0.42
0.37
0.35
0.43
0.44
0.36
0.31
0.32
power
34
13.57
43.93
44.38
44.82
44.46
44.12
43.87
43.56
44.87
44.43
43.88
44.08
44.90
46.26
46.50
45.50
44.34
45.06
45.21
45.23
44.90
44.81
44.92
44.55
clear
16.82
-0.08
-0.11
-0.15
-0.13
-0.13
-0.10
-0.06
-0.02
0.06
0.15
0.14
0.12
0.16
0.11
0.04
0.12
0.10
0.13
0.06
0.04
0.24
0.18
0.14
power
36
15.87
50.81
50.79
50.19
50.80
50.89
51.18
50.88
49.99
49.76
49.74
51.73
51.39
50.24
50.67
50.42
50.44
49.92
49.60
49.85
50.75
50.15
50.01
50.19
clear
21.06
-0.15
-0.17
-0.15
-0.12
-0.14
-0.13
-0.15
-0.06
-0.03
-0.06
-0.10
-0.07
-0.10
-0.05
-0.08
-0.03
-0.04
-0.07
-0.07
-0.04
-0.04
0.02
-0.09
power
38
16.11
56.68
57.10
56.82
56.67
56.32
56.55
57.19
56.48
56.36
56.69
57.01
56.81
57.36
57.13
56.99
57.27
57.45
57.85
57.58
57.99
58.19
57.72
57.11
clear
23.01
-0.09
-0.09
-0.01
-0.01
-0.01
-0.02
0.06
-0.04
0.01
-0.03
-0.04
-0.07
-0.11
-0.08
-0.08
-0.10
-0.05
-0.09
-0.02
0.03
0.10
0.22
0.14
power
40
16.09
63.47
64.06
63.16
62.46
63.77
64.34
64.13
63.50
63.45
63.16
63.17
63.07
62.85
63.07
64.01
64.44
64.18
64.14
64.44
64.03
64.43
64.47
64.42
clear
28.02
-0.34
-0.30
-0.29
-0.24
-0.28
-0.28
-0.35
-0.35
-0.27
-0.32
-0.18
-0.21
-0.17
-0.19
-0.13
-0.17
-0.12
-0.17
-0.10
-0.02
-0.04
0.06
0.06
power
42
21.12
71.86
73.03
72.16
72.04
72.32
71.48
70.93
70.68
70.78
70.86
70.51
70.85
71.86
71.45
71.28
71.38
71.19
71.89
71.47
70.74
70.00
70.96
70.56
clear
28.86
-0.30
-0.40
-0.42
-0.45
-0.46
-0.46
-0.44
-0.39
-0.37
-0.30
-0.20
-0.21
-0.27
-0.30
-0.34
-0.33
-0.30
-0.36
-0.35
-0.32
-0.31
-0.32
-0.31
power
44
20.83
79.97
79.98
80.18
80.20
80.39
79.56
79.25
78.80
78.77
78.31
78.97
80.82
78.66
80.14
79.30
78.59
79.09
78.94
78.31
78.44
78.74
78.76
79.03
clear
31.64
-1.08
-1.07
-1.09
-1.05
-1.01
-0.99
-0.90
-0.77
-0.80
-0.72
-0.61
-0.71
-0.67
-0.61
-0.70
-0.71
-0.67
-0.59
-0.60
-0.57
-0.52
-0.50
-0.60
power
46
22.00
88.88
87.84
87.55
87.43
87.10
87.00
87.41
87.61
87.76
87.55
87.77
87.13
86.73
87.59
88.48
88.25
87.88
88.29
87.47
86.74
85.89
86.38
86.94
clear
36.96
-0.50
-0.65
-0.67
-0.64
-0.65
-0.74
-0.73
-0.75
-0.76
-0.75
-0.80
-0.68
-0.67
-0.74
-0.75
-0.72
-0.70
-0.77
-0.77
-0.81
-0.79
-0.76
-0.75
power
48
20.37
94.18
95.06
94.51
94.43
95.07
95.77
95.32
94.95
95.34
95.93
95.63
95.56
94.77
95.15
95.08
94.74
95.15
95.20
94.39
94.43
94.19
95.46
95.07
clear
38.34
0.09
-0.11
-0.16
-0.17
-0.14
-0.13
-0.12
-0.17
-0.17
-0.12
-0.10
-0.14
-0.09
-0.12
-0.08
-0.14
-0.14
-0.15
-0.15
-0.15
-0.15
-0.18
-0.10
power
50
23.43
102.46
103.25
103.48
102.98
103.46
103.50
102.53
102.93
102.89
102.95
103.48
103.49
104.05
104.07
104.27
103.64
103.84
104.10
103.39
103.04
102.92
102.81
102.68
clear
43.23
-0.06
-0.12
-0.19
-0.29
-0.27
-0.24
-0.19
-0.28
-0.29
-0.24
-0.28
-0.27
-0.27
-0.40
-0.35
-0.35
-0.32
-0.27
-0.28
-0.17
-0.08
-0.17
-0.18
power
52
30.65
109.83
109.51
110.00
110.61
110.63
111.30
111.18
111.00
111.87
112.17
112.62
112.33
111.52
112.26
112.79
112.14
112.91
112.77
112.01
112.40
111.71
110.18
110.10
clear
44.99
0.16
0.03
-0.02
0.03
0.04
-0.05
-0.02
-0.05
-0.03
-0.02
-0.03
-0.04
-0.07
-0.11
-0.12
-0.09
-0.07
-0.07
-0.11
-0.08
-0.10
-0.02
0.06
power
54
29.99
120.61
119.97
120.08
120.80
120.13
120.33
121.36
121.11
121.87
121.75
121.29
121.14
121.39
122.63
122.28
121.13
121.24
120.51
120.72
120.93
120.78
120.40
120.31
clear
50.78
-0.04
-0.23
-0.14
-0.19
-0.15
-0.17
-0.13
-0.13
-0.13
-0.17
-0.18
-0.14
-0.16
-0.24
-0.20
-0.21
-0.22
-0.22
-0.22
-0.17
-0.15
-0.12
-0.19
power
56
33.81
128.50
129.25
130.09
131.00
130.88
130.10
129.97
130.79
130.83
131.20
130.95
130.59
130.71
131.07
129.71
129.48
129.60
130.14
130.23
129.22
128.80
128.58
128.60
clear
52.18
0.59
0.59
0.44
0.41
0.58
0.73
0.85
0.97
1.07
1.15
1.14
1.19
1.23
1.28
1.37
1.31
1.18
0.57
0.42
0.42
0.61
0.58
0.61
power
58
27.81
135.62
136.94
136.93
136.11
135.53
136.22
136.03
135.69
135.85
135.40
134.97
135.14
135.55
135.52
136.44
136.46
137.28
137.29
136.57
135.52
135.69
136.19
136.27
clear
57.96
0.42
0.40
0.52
0.80
0.95
1.09
1.24
1.33
1.34
1.39
1.47
1.59
1.56
1.77
1.81
1.74
1.73
1.58
1.32
-0.17
-0.23
-0.23
-0.22
power
60
31.39
146.02
147.18
147.51
148.79
149.07
149.47
148.52
148.94
148.39
148.69
149.13
149.70
148.73
148.51
146.60
146.60
146.81
146.19
144.90
145.41
144.99
144.88
146.18
clear
59.18
0.91
1.51
1.78
2.04
2.26
2.40
2.50
2.63
2.73
2.87
2.93
2.98
3.07
3.07
3.16
3.21
3.32
3.37
3.43
3.40
3.38
3.43
3.46
power
62
28.29
153.12
154.31
153.61
155.35
155.35
154.80
154.00
153.52
154.20
153.18
153.02
154.81
154.01
154.49
154.41
153.43
153.98
153.21
153.04
153.29
152.28
152.48
152.65
clear
62.74
-2.75
-2.63
-2.38
-2.13
-1.92
-1.72
-1.54
-1.45
-1.39
-1.25
-1.26
-1.39
-2.26
-2.22
-2.14
-2.09
-2.02
-1.95
-1.89
-1.92
-1.98
-3.07
-3.55
power
64
34.03
166.19
168.94
169.44
170.20
170.04
168.74
167.85
167.92
168.24
167.36
165.70
165.91
165.55
165.88
165.71
166.27
167.42
167.55
166.13
166.12
167.02
167.06
167.18
clear
67.46
0.42
0.28
0.15
0.15
0.23
0.17
0.16
0.22
0.14
0.17
0.12
0.12
0.12
0.21
0.24
0.21
0.23
0.21
0.23
0.26
0.14
0.25
0.22
power
66
32.12
177.10
177.62
177.45
177.30
177.65
177.98
178.52
177.80
177.50
178.11
178.33
177.15
176.53
176.13
175.57
175.99
176.00
176.09
175.37
175.95
176.41
175.85
175.34
clear
74.15
-0.30
-0.19
-0.18
-0.15
-0.16
-0.14
-0.13
-0.21
-0.21
-0.18
-0.22
-0.20
-0.22
-0.18
-0.17
-0.14
-0.14
-0.18
-0.22
-0.16
-0.19
-0.15
-0.16
power
68
43.38
187.40
188.76
190.78
190.97
189.29
188.18
188.05
189.09
187.73
188.43
188.35
187.05
187.13
186.60
187.33
187.45
185.41
185.31
186.38
185.07
183.50
182.93
183.77
clear
73.38
-0.11
-0.29
-0.29
-0.23
-0.24
-0.24
-0.17
-0.14
-0.17
-0.15
-0.14
-0.14
-0.15
-0.10
-0.19
-0.13
-0.13
-0.16
-0.16
-0.14
-0.16
-0.18
-0.15
power
70
40.62
198.26
198.86
198.38
196.61
196.60
197.47
199.41
198.99
196.66
197.79
198.28
197.36
198.58
198.78
198.77
198.15
196.53
196.18
196.52
196.66
196.59
195.79
194.98
clear
82.29
-0.00
-0.02
0.03
0.01
-0.02
-0.11
-0.03
0.10
-0.00
-0.01
-0.01
-0.03
0.01
-0.02
-0.02
-0.04
-0.03
-0.04
-0.09
-0.15
-0.10
-0.20
-0.15
power
72
44.44
206.91
208.43
208.32
208.48
206.06
205.38
206.24
206.86
204.60
204.24
205.21
206.70
207.19
208.35
209.53
209.11
207.29
204.06
204.83
205.20
205.20
205.16
204.64
clear
81.86
0.25
0.35
0.42
0.42
0.42
0.38
0.35
0.35
0.33
0.31
0.29
0.29
0.26
0.27
0.26
0.17
0.20
0.20
0.20
0.27
0.25
0.25
0.29
power
74
34.17
213.58
217.53
218.05
216.63
