power
0
-0.10
-0.19
0.01
-0.02
0.03
0.15
0.28
0.24
-0.71
2.38
2.71
2.38
1.85
2.10
2.36
2.48
2.44
2.48
2.45
2.40
2.36
2.23
1.64
1.46
clear
1.40
1.24
1.24
1.24
1.23
1.32
1.26
1.23
1.18
1.16
1.09
1.00
0.98
0.82
0.79
0.74
0.65
0.65
0.57
0.35
0.31
0.26
0.22
0.18
power
3
0.04
-0.01
0.06
-0.03
0.07
0.08
0.00
-0.00
-0.02
-0.02
-0.08
-0.11
-0.20
-0.27
-0.29
-0.28
-0.28
-0.26
-0.36
-0.27
-0.31
-0.35
-0.36
-0.37
clear
-0.39
-0.45
-0.46
-0.52
-0.61
-0.68
-0.66
-0.77
-0.83
-0.85
-0.99
-0.95
-1.01
-1.07
-1.14
-1.22
-1.17
-1.11
-1.17
-1.24
-1.23
-1.26
-1.18
-1.24
power
6
0.04
-0.00
0.01
-0.09
-0.16
-0.15
-0.09
-0.03
-0.07
-0.24
-0.33
-0.42
-0.44
-0.47
-0.52
-0.59
-0.64
-0.67
-0.70
-0.76
-0.76
-0.85
-0.94
-1.02
clear
-1.07
-1.17
-1.33
-1.41
-1.50
-1.68
-1.71
-1.79
-1.92
-1.95
-2.04
-2.13
-2.25
-2.40
-2.48
-2.45
-2.29
-2.45
-2.47
-2.50
-2.70
-2.89
-3.07
-3.43
power
9
-0.19
-0.44
-0.40
-0.84
-0.87
-0.54
-0.30
-0.24
0.24
0.43
0.67
1.02
1.05
0.93
1.16
1.25
1.16
1.48
1.54
1.41
1.55
1.74
1.61
1.64
clear
1.77
1.59
1.52
1.67
1.63
1.62
1.57
1.55
1.57
1.57
1.48
1.53
1.42
1.35
1.34
1.37
1.33
1.32
1.37
1.38
1.36
1.28
1.32
1.35
power
12
0.41
0.84
0.91
0.97
0.92
0.97
0.87
0.91
0.93
0.97
0.96
1.02
1.08
1.32
1.37
1.35
1.53
1.67
1.55
1.56
1.55
1.53
1.60
1.69
clear
1.18
0.85
0.89
0.83
0.91
0.89
0.89
0.92
0.95
1.00
0.98
0.94
0.99
0.92
0.89
0.92
0.89
0.85
0.78
0.77
0.73
0.73
0.77
0.77
power
15
1.05
2.77
2.80
2.87
3.03
3.11
3.02
3.01
3.00
2.96
3.03
3.17
3.06
3.07
3.07
3.21
3.39
3.46
3.46
3.37
3.45
3.46
3.43
3.26
clear
1.61
0.54
0.59
0.60
0.64
0.60
0.53
0.52
0.54
0.50
0.44
0.46
0.48
0.49
0.39
0.42
0.51
0.45
0.47
0.42
0.42
0.41
0.40
0.33
power
18
2.40
4.99
5.00
4.85
4.82
5.11
5.27
5.25
5.11
5.11
5.29
5.18
5.13
5.08
5.25
5.35
5.36
5.39
5.40
5.64
5.60
5.53
5.45
5.42
clear
2.36
0.49
0.50
0.50
0.57
0.59
0.49
0.42
0.52
0.50
0.53
0.54
0.49
0.53
0.53
0.49
0.57
0.54
0.59
0.63
0.61
0.62
0.61
0.57
power
21
4.15
8.56
8.65
8.84
9.15
9.52
9.62
9.60
10.01
9.95
9.95
9.80
9.81
9.93
10.13
10.20
10.12
9.95
9.95
10.00
9.94
9.67
10.07
10.05
clear
4.25
0.35
0.34
0.32
0.25
0.17
0.29
0.21
0.25
0.19
0.19
0.20
0.16
0.29
0.30
0.31
0.25
0.21
0.18
0.28
0.18
0.30
0.30
0.24
power
24
6.55
13.81
14.07
14.38
14.57
14.78
15.22
15.52
15.42
15.36
15.06
14.62
14.52
15.39
15.25
15.08
14.85
14.93
14.12
13.91
14.32
14.41
14.50
14.45
clear
5.83
0.31
0.31
0.23
0.14
0.14
0.03
-0.01
-0.09
-0.19
-0.24
-0.39
-0.40
-0.38
-0.51
-0.61
-0.68
-0.75
-0.72
-0.62
-0.51
-0.49
-0.49
-0.53
power
27
6.94
17.03
17.04
17.85
17.61
17.19
17.32
17.59
17.11
16.98
17.39
17.92
18.29
18.95
19.27
19.29
19.54
19.75
19.32
19.16
19.06
19.46
19.70
19.73
clear
8.37
0.37
0.28
0.18
0.08
-0.07
-0.17
-0.28
-0.38
-0.41
-0.37
-0.30
-0.22
-0.14
-0.26
-0.31
-0.36
-0.43
-0.38
-0.24
-0.13
-0.10
0.09
0.11
power
30
8.84
22.40
21.67
21.54
21.02
20.75
20.59
20.59
20.02
19.25
18.94
18.43
19.04
20.12
20.12
20.03
20.19
19.87
20.14
20.29
19.68
19.43
18.88
18.99
clear
5.01
-3.66
-3.79
-3.78
-3.72
-3.65
-3.47
-3.39
-3.20
-3.02
-2.88
-2.88
-2.87
-2.99
-3.06
-3.19
-3.32
-3.55
-3.68
-3.86
-4.05
-4.26
-4.50
-4.42
power
33
10.48
31.43
32.50
32.31
31.12
30.73
30.24
29.95
30.18
30.51
31.94
31.05
30.21
29.57
29.25
29.54
30.20
29.61
29.92
30.60
30.98
29.94
30.40
31.18
clear
12.52
1.31
1.28
1.22
1.21
1.12
1.07
1.13
1.06
1.09
1.01
1.03
1.05
1.01
0.94
0.97
0.99
0.96
0.84
0.91
0.88
0.89
0.83
0.86
power
36
12.06
37.86
38.00
37.29
37.13
38.27
34.64
33.08
32.21
31.59
30.81
32.13
36.76
36.39
33.17
31.89
33.69
36.89
40.92
41.89
43.12
43.64
43.88
42.88
clear
16.96
1.47
1.23
1.05
0.95
0.89
0.77
0.61
0.57
0.46
0.39
0.38
0.30
0.32
0.33
0.30
0.28
0.33
0.27
0.28
0.21
0.27
0.29
0.19
power
39
13.69
45.25
46.21
47.91
48.61
48.30
48.70
45.45
43.67
44.30
45.56
43.41
43.28
42.92
42.51
41.94
42.80
41.70
39.62
40.24
41.75
43.63
44.24
45.13
clear
16.23
-2.54
-2.97
-3.22
-3.29
-3.34
-3.48
-3.48
-3.51
-3.57
-3.55
-3.66
-3.74
-3.83
-3.85
-3.86
-3.90
-4.01
-3.98
-3.97
-4.01
-3.99
-4.02
-4.14
power
42
13.44
49.96
48.76
56.73
58.43
55.47
53.94
50.84
53.19
54.92
61.11
61.50
61.26
60.92
60.46
60.48
60.09
55.19
54.22
52.16
53.19
50.43
53.02
53.40
clear
19.52
-1.02
-1.35
-1.47
-1.64
-1.73
-1.84
-1.93
-1.90
-1.98
-2.05
-2.07
-2.17
-2.17
-2.24
-2.20
-2.26
-2.34
-2.38
-2.27
-2.39
-2.40
-2.37
-2.33
power
45
16.07
62.24
65.67
67.88
67.02
68.24
69.03
69.59
70.31
70.24
70.10
70.48
70.13
69.15
68.81
69.92
69.04
68.45
68.85
69.36
68.59
68.68
69.13
70.36
clear
30.38
2.60
2.38
2.15
1.96
1.94
1.96
1.81
1.80
1.81
1.84
1.79
1.76
1.77
1.74
1.70
1.68
1.70
1.67
1.65
1.65
1.63
1.62
1.64
power
48
19.81
76.05
77.49
77.71
78.84
78.59
78.28
78.25
77.84
77.93
77.86
78.36
79.60
78.87
77.98
77.54
77.79
77.58
77.87
77.48
77.37
77.51
78.08
77.69
clear
28.62
-1.27
-1.51
-1.59
-1.78
-1.82
-1.90
-1.91
-1.97
-2.00
-1.97
-1.99
-2.11
-2.07
-2.10
-2.10
-2.10
-2.10
-2.17
-2.13
-2.17
-2.20
-2.22
-2.25
power
51
23.92
85.44
86.42
87.42
87.69
86.28
86.13
86.35
86.13
85.73
87.08
87.25
86.68
87.96
88.23
87.90
87.22
87.01
87.17
88.43
88.17
86.94
87.33
87.20
clear
33.33
-1.55
-1.81
-1.89
-1.97
-2.03
-2.01
-2.07
-2.08
-2.13
-1.77
-1.47
-3.32
-3.49
-3.52
-3.53
-3.45
-3.47
-3.44
-3.48
-3.48
-3.40
-3.48
-3.39
power
54
22.49
98.81
98.94
97.61
98.32
98.83
99.84
100.01
99.17
97.80
98.68
100.26
98.65
99.85
98.31
97.83
97.14
97.32
98.96
98.68
99.79
97.50
99.05
99.03
clear
40.63
-0.83
-0.70
0.89
0.14
-0.28
-0.30
-0.34
-0.39
-0.48
-0.45
-0.43
-0.44
-0.45
-0.48
-0.57
-0.47
-0.47
-0.50
-0.48
-0.47
-0.44
-0.38
-0.39
power
57
25.91
109.99
111.25
111.18
111.40
109.92
109.33
108.31
108.56
109.75
110.21
110.08
110.05
110.85
111.17
111.45
111.03
109.87
109.72
110.26
110.99
111.60
112.44
111.80
clear
41.73
-0.69
-0.88
-0.98
-0.95
-1.02
-0.99
-1.03
-1.06
-0.99
-0.98
-0.91
-0.87
-0.80
-0.78
-0.81
-0.91
-0.95
-0.90
-0.87
-0.92
-1.11
-1.26
-1.22
power
60
27.85
117.58
118.76
119.28
119.39
122.30
123.98
124.52
124.93
123.94
124.70
124.72
123.18
122.49
120.70
119.85
121.32
120.83
119.89
120.01
120.32
121.63
121.34
120.13
clear
45.66
-2.66
-2.68
-2.65
-2.74
-2.75
-2.83
-2.85
-2.86
-2.83
-2.80
-2.75
-2.63
-2.70
-2.65
-2.66
-2.63
-2.57
-2.60
-2.61
-2.55
-2.53
-2.59
-2.80
power
63
31.12
131.75
135.07
135.17
133.78
134.55
133.91
133.90
134.56
134.23
132.72
132.09
132.62
133.67
132.90
130.33
130.85
133.94
136.13
134.23
132.88
132.86
132.73
131.32
clear
49.87
-5.00
-4.90
-4.89
-4.96
-4.96
-4.98
-4.98
-4.93
-4.84
-4.81
-4.81
-4.83
-4.82
-4.76
-4.74
-4.68
-4.65
-4.69
-4.69
-4.62
-4.63
-4.56
-4.51
power
66
31.51
141.05
142.46
140.52
141.37
142.07
141.78
142.32
144.37
144.32
145.53
146.96
147.81
147.76
146.11
145.96
144.79
145.48
145.89
147.06
146.24
146.19
144.64
144.32
clear
48.98
-7.91
-7.96
-7.94
-7.88
-7.87
-7.86
-7.80
-7.88
-7.86
-7.86
-7.84
-7.74
-7.79
-7.77
-7.75
-7.71
-7.67
-7.66
-7.63
-7.62
-7.62
-7.52
-7.57
power
69
33.12
157.08
157.07
155.97
157.23
158.59
160.43
160.01
163.06
163.46
163.21
161.55
162.88
162.75
160.05
159.08
158.12
155.92
155.79
157.44
157.85
158.42
159.23
159.56
clear
57.11
-6.03
-5.94
-6.09
-6.02
-5.97
-5.86
-5.75
-5.65
-5.55
-5.53
-5.55
-5.50
-5.43
-5.36
-5.28
-5.28
-5.33
-5.24
-5.27
-5.18
-5.25
-5.19
-5.15
power
72
38.05
172.25
175.50
175.07
174.88
174.46
174.39
173.65
175.67
175.77
175.65
174.75
175.45
175.99
176.53
176.03
177.01
174.21
174.54
170.27
173.06
172.35
175.85
173.27
clear
65.79
-4.90
-5.03
-5.07
-5.26
-5.52
-5.73
-5.68
-5.50
-5.44
-5.31
-5.38
-5.42
-5.51
-5.89
-6.94
-6.90
-6.85
-7.08
-6.81
-6.55
-6.49
-6.46
-6.45
power
75
40.89
202.88
