power
0
-0.32
-0.64
-0.87
-1.10
-1.23
-1.35
-1.53
-1.68
-1.70
-1.82
-1.87
-1.92
-2.10
-2.04
-2.06
-2.02
-2.11
-2.05
-2.11
-2.40
-2.58
-2.63
-2.63
-2.64
clear
-2.61
-2.63
-2.73
-2.80
-2.78
-2.92
-2.94
-2.97
-3.03
-2.95
-3.03
-3.07
-3.20
-3.31
-3.31
-3.45
-3.50
-3.54
-3.63
-3.70
-3.73
-3.60
-3.50
-3.34
power
3
0.10
0.16
0.17
-0.02
-0.20
-0.25
-0.41
-0.50
-0.60
-0.76
-0.84
-0.93
-1.02
-1.01
-1.16
-1.07
-0.97
-0.72
-0.61
-0.50
-0.46
-0.34
-0.15
-0.18
clear
-0.12
-0.00
-0.06
-0.06
-0.22
-0.38
-0.49
-0.67
-0.78
-0.96
-1.13
-1.38
-1.48
-1.64
-1.69
-1.82
-1.89
-1.91
-1.91
-2.07
-2.14
-2.20
-2.07
-1.73
power
6
0.07
0.10
-0.03
-0.03
0.09
0.20
0.08
0.07
0.05
0.13
0.11
0.09
0.05
0.01
0.12
0.28
0.21
0.19
0.07
0.32
0.47
0.39
0.36
0.48
clear
0.57
0.62
0.48
0.43
0.47
0.65
0.86
1.01
1.04
1.04
1.09
1.27
1.42
1.46
1.37
1.25
1.12
1.07
0.97
1.06
1.02
0.88
0.92
0.93
power
9
0.08
0.02
0.07
-0.01
-0.25
-0.15
-0.20
-0.49
-0.51
-0.52
-0.67
-0.77
-0.78
-0.89
-0.98
-0.77
-0.89
-1.08
-0.79
-0.50
-0.49
-0.51
-0.61
-0.90
clear
-0.85
-1.09
-1.12
-1.05
-1.23
-1.31
-1.27
-1.31
-1.36
-1.36
-1.33
-1.22
-1.20
-1.39
-1.48
-1.44
-1.35
-1.52
-1.70
-1.91
-1.99
-2.09
-2.17
-2.28
power
12
0.20
0.58
0.54
0.57
0.68
0.66
0.54
0.85
0.78
0.53
0.45
0.53
0.52
0.61
0.54
0.44
0.55
0.44
0.64
0.62
0.65
0.68
0.70
0.65
clear
0.15
-0.08
-0.10
-0.12
-0.17
-0.15
-0.23
-0.18
-0.27
-0.31
-0.26
-0.25
-0.27
-0.16
0.25
0.37
0.45
0.56
0.85
1.00
1.10
1.09
1.05
0.92
power
15
0.94
2.30
2.13
2.19
2.12
2.00
1.99
1.93
1.95
1.91
1.82
1.85
1.73
1.60
1.44
1.34
1.34
1.42
1.32
1.29
1.26
1.31
1.37
1.31
clear
0.24
-0.50
-0.52
-0.53
-0.50
-0.40
-0.34
-0.08
0.12
0.18
0.20
0.18
0.04
-0.13
-0.25
-0.33
-0.39
-0.34
-0.42
-0.46
-0.46
-0.55
-0.63
-0.78
power
18
1.61
3.45
3.59
3.58
3.47
3.62
3.43
3.44
3.22
3.26
3.33
3.47
3.48
3.44
3.26
3.12
3.11
2.81
2.78
2.69
2.65
2.49
2.74
2.67
clear
0.55
-0.71
-0.65
-0.67
-0.59
-0.51
-0.54
-0.38
-0.49
-0.35
-0.27
-0.24
-0.31
-0.34
-0.25
-0.15
-0.09
-0.16
-0.22
-0.24
-0.20
-0.21
-0.23
-0.21
power
21
2.79
5.87
5.44
5.37
5.60
5.75
5.49
5.43
5.49
5.61
5.88
5.60
5.26
5.12
5.00
4.78
4.69
4.68
4.62
4.67
4.71
4.69
4.44
4.46
clear
1.54
-0.40
-0.33
-0.26
-0.32
-0.30
-0.09
-0.05
0.03
0.09
0.24
0.43
0.88
0.85
0.72
0.63
0.46
0.33
0.31
0.51
0.46
0.35
0.34
0.25
power
24
3.11
6.86
6.84
6.75
6.72
6.75
6.78
6.78
6.74
6.80
6.46
6.76
6.87
6.69
6.54
6.73
6.61
6.84
6.88
6.65
6.55
6.54
6.73
6.93
clear
2.38
-0.70
-0.59
-0.44
-0.38
-0.40
-0.44
-0.41
-0.48
-0.46
-0.51
-0.63
-0.74
-0.69
-0.72
-0.73
-0.67
-0.69
-0.81
-0.89
-0.55
-0.36
-0.32
-0.37
power
27
4.07
11.81
11.86
11.82
11.51
11.09
11.10
11.12
11.00
11.05
10.96
10.99
11.01
10.88
11.01
10.98
10.85
10.88
11.01
10.84
10.92
10.97
11.00
11.04
clear
5.69
1.55
1.59
1.62
1.64
1.67
1.84
2.18
2.46
2.54
2.62
2.66
3.14
3.28
3.36
3.45
3.42
3.47
3.41
3.47
3.99
4.12
4.43
4.63
power
30
5.28
13.93
13.29
13.17
12.64
12.42
12.39
12.33
12.21
12.22
12.20
11.84
11.89
11.74
11.71
11.72
11.77
12.03
12.00
11.60
11.92
11.79
11.72
11.43
clear
3.25
-2.30
-2.26
-2.24
-2.24
-2.14
-2.15
-2.12
-2.14
-2.16
-2.04
-2.06
-1.88
-1.74
-1.60
-1.15
-0.86
-1.05
-1.06
-1.18
-1.30
-1.26
-1.11
-1.17
power
33
4.42
17.11
17.76
18.29
17.42
16.67
16.53
16.40
16.41
16.41
16.30
16.83
16.36
16.28
16.42
16.77
16.65
16.44
16.36
16.52
16.78
16.62
16.84
16.89
clear
7.44
-0.06
-0.14
-0.10
-0.10
-0.08
0.02
0.07
-0.04
0.05
0.06
0.15
0.15
0.42
0.55
0.46
0.48
0.44
0.39
0.45
0.33
0.23
0.15
0.21
power
36
7.86
23.73
24.01
24.23
23.87
24.50
24.18
23.97
24.18
23.68
23.46
22.66
22.87
23.29
23.47
23.08
22.87
23.21
23.29
23.35
24.00
23.77
23.28
23.14
clear
9.50
0.28
0.20
0.14
0.13
0.18
0.15
0.10
0.18
0.22
0.21
0.17
0.19
0.15
0.17
0.12
0.16
0.42
0.49
0.49
0.47
0.41
0.33
0.34
power
39
6.17
27.62
27.99
27.59
27.34
27.10
27.03
27.63
28.09
27.43
27.35
27.35
27.42
27.87
27.50
27.33
27.17
27.87
27.73
27.16
27.52
27.67
27.67
27.96
clear
12.97
0.52
0.37
0.31
0.28
0.34
0.23
0.31
0.36
0.32
0.32
0.29
0.35
0.32
0.35
0.72
1.15
1.55
1.78
1.80
1.76
1.73
1.74
2.01
power
42
8.44
33.55
33.80
33.77
32.98
31.76
31.19
31.29
31.34
32.05
32.46
32.19
32.70
31.66
31.54
31.31
32.50
31.77
31.58
31.75
31.89
31.21
30.97
31.98
clear
12.72
-1.47
-1.51
-1.53
-1.53
-1.49
-1.53
-1.48
-1.34
-1.34
-1.39
-1.41
-1.45
-1.46
-1.50
-1.45
-1.42
-1.47
-1.51
-1.57
-1.53
-1.53
-1.59
-1.68
power
45
9.38
39.47
40.50
40.05
39.51
40.44
39.00
38.72
38.54
38.89
39.08
39.30
39.31
39.55
40.27
40.73
40.94
38.78
39.85
40.52
39.89
39.60
39.05
38.13
clear
18.32
0.89
0.72
0.72
0.74
0.71
0.67
0.77
0.65
0.65
0.74
0.67
0.75
0.75
0.71
0.73
0.82
1.31
1.76
2.12
2.07
1.91
1.79
1.80
power
48
11.17
45.70
46.71
46.22
45.85
45.49
45.40
44.92
44.57
44.62
44.26
44.29
44.37
43.54
43.62
43.98
43.78
44.28
43.44
41.81
41.94
42.51
41.69
42.20
clear
16.85
-0.57
-0.60
-0.60
-0.74
-0.73
-0.73
-0.72
-0.68
-0.74
-0.82
-0.89
-0.87
-0.92
-0.86
-0.99
-0.99
-1.01
-1.05
-1.04
-1.11
-1.06
-1.08
-1.19
power
51
12.51
50.58
51.32
50.12
48.52
49.66
51.14
51.76
52.40
52.30
53.62
52.91
52.05
51.21
50.36
49.79
50.47
50.21
48.42
48.02
48.16
48.56
50.09
50.19
clear
22.19
1.07
1.00
0.98
0.93
0.93
0.89
0.91
0.83
0.82
0.77
0.76
0.66
0.64
0.62
0.64
0.61
0.59
0.60
0.53
0.52
0.57
0.61
0.61
power
54
10.67
56.95
57.29
56.72
56.43
55.38
57.49
56.56
56.74
56.02
55.36
56.89
57.89
57.76
56.69
57.37
56.85
55.76
55.27
55.12
55.75
55.16
55.25
54.67
clear
24.87
0.49
0.36
0.27
0.23
0.18
0.17
0.14
0.18
0.14
0.15
0.14
0.21
0.26
0.17
0.16
0.11
0.11
0.07
0.14
0.11
0.13
0.06
-0.01
power
57
13.77
63.40
63.52
63.02
61.75
62.96
61.29
62.45
62.14
61.14
62.98
64.10
62.50
64.29
62.99
63.55
63.45
62.96
63.95
64.37
62.28
61.30
62.44
60.80
clear
26.97
0.39
0.24
0.21
0.26
0.29
0.24
0.28
0.27
0.27
0.22
0.28
0.09
0.12
0.08
0.15
0.17
0.06
0.01
-0.05
-0.07
-0.14
-0.12
-0.19
power
60
12.83
67.91
69.70
72.44
73.67
75.63
74.87
71.50
72.60
72.71
73.48
72.97
74.03
74.85
72.49
72.94
73.85
71.17
71.68
71.94
72.19
70.96
70.64
71.80
clear
31.27
1.35
1.11
1.05
1.03
0.96
0.92
0.96
0.95
0.98
0.91
0.95
0.92
0.90
0.86
0.74
0.74
0.74
0.73
0.76
0.79
0.82
0.90
0.85
power
63
12.64
78.94
80.62
82.37
80.43
78.81
80.28
80.10
78.48
78.28
79.22
77.12
78.34
78.56
79.53
79.52
76.28
77.28
75.05
76.26
76.74
74.70
74.60
73.92
clear
34.92
0.61
0.34
0.29
0.33
0.28
0.23
0.21
0.29
0.26
0.33
0.34
0.32
0.29
0.21
0.26
0.22
0.16
0.08
0.12
0.06
0.07
-0.03
0.13
power
66
20.48
85.53
89.06
89.20
88.21
86.23
83.55
83.90
82.53
82.20
85.80
89.62
87.99
86.49
85.60
84.55
87.60
85.83
81.97
81.30
81.39
81.81
80.98
83.58
clear
37.21
-0.37
-0.68
-0.81
-0.80
-0.84
-0.89
-0.88
-0.89
-0.86
-0.90
-0.91
-0.89
-0.90
-0.98
-1.00
-1.01
-1.08
-1.09
-1.13
-1.17
-1.18
-1.13
-1.14
power
69
15.34
90.05
92.03
93.18
93.89
94.48
94.47
94.78
95.33
94.29
96.18
96.74
96.09
93.59
93.12
92.84
91.22
90.37
90.39
91.63
92.91
89.46
90.61
93.83
clear
38.58
0.52
0.30
0.20
0.20
0.16
0.14
0.16
0.07
0.10
0.12
0.08
0.09
0.12
0.05
0.12
0.12
0.05
0.01
-0.08
0.00
-0.05
-0.01
-0.05
power
72
22.15
101.10
100.35
100.10
100.57
101.73
100.92
99.92
99.80
100.34
100.59
99.23
101.40
101.43
102.23
103.88
100.88
100.96
99.86
98.97
101.09
102.27
99.90
101.05
clear
46.33
2.34
2.11
2.02
1.99
1.87
1.83
1.89
1.87
1.91
1.91
1.95
1.91
1.98
2.01
2.01
1.89
1.92
1.83
1.92
1.98
1.93
1.93
1.89
power
75
