power
0
0.07
0.03
-0.02
0.71
-0.02
-0.15
-0.28
-0.30
-0.27
-0.26
-0.17
-0.11
-0.01
0.03
0.10
0.26
0.36
0.44
0.39
0.33
0.34
0.29
0.25
0.16
clear
0.15
0.16
0.11
0.04
-0.02
-0.05
-0.10
-0.16
-0.21
-0.18
-0.16
-0.08
-0.13
-0.18
-0.25
-0.26
-0.29
-0.15
-0.03
0.03
-0.00
-0.09
-0.13
-0.02
power
2
0.06
0.13
0.10
0.10
0.16
0.28
0.27
0.22
0.21
0.20
0.13
0.14
0.24
0.36
0.42
0.39
0.41
0.37
0.25
0.18
0.14
0.01
-0.05
-0.11
clear
-0.20
-0.09
-0.03
0.01
-0.08
-0.11
-0.11
-0.21
-0.20
-0.10
-0.17
-0.26
-0.27
-0.32
-0.43
-0.42
-0.44
-0.46
-0.42
-0.43
-0.20
-0.15
-0.17
-0.29
power
4
0.04
0.09
0.20
0.20
0.13
0.12
0.13
0.27
0.29
0.26
0.22
0.21
0.16
0.34
0.41
0.49
0.70
0.60
0.49
0.51
0.53
0.58
0.69
0.62
clear
0.67
0.67
0.70
0.65
0.61
0.59
0.50
0.47
0.35
0.37
0.37
0.37
0.39
0.32
0.31
0.31
0.35
0.33
0.27
0.19
0.19
0.25
0.20
0.17
power
6
-0.04
-0.17
-0.15
-0.10
-0.11
-0.09
0.01
-0.01
0.06
0.11
0.06
-0.06
0.01
-0.05
-0.11
-0.09
-0.10
-0.07
0.08
0.19
0.19
0.17
0.24
0.45
clear
0.45
0.44
0.41
0.37
0.33
0.46
0.53
0.46
0.36
0.37
0.43
0.55
0.74
0.85
1.01
0.99
0.92
0.93
0.85
0.86
0.82
0.82
0.87
0.99
power
8
0.22
0.26
0.43
0.85
1.15
0.03
-0.01
1.12
-0.11
-0.14
1.80
0.12
-0.08
-0.03
1.18
0.72
-0.07
-0.12
-0.24
-0.26
1.48
-0.18
-0.52
-0.60
clear
-0.65
-0.67
-0.74
-0.83
-0.84
-0.86
-0.92
-1.04
-1.07
-1.10
-1.03
-1.13
-1.24
-1.16
-1.13
-1.03
-0.89
-0.79
-0.65
-0.69
-0.76
-0.83
-0.77
-0.72
power
10
0.27
0.37
0.18
0.14
0.22
0.26
0.24
0.21
0.19
0.11
0.04
-0.00
0.06
0.03
0.09
0.09
0.07
0.11
0.10
0.16
0.11
0.10
0.21
0.09
clear
0.13
-0.01
-0.15
-0.26
-0.36
-0.29
-0.28
-0.33
-0.40
-0.41
-0.35
-0.39
-0.47
-0.49
-0.61
-0.61
-0.61
-0.58
-0.53
-0.52
-0.44
-0.40
-0.41
-0.38
power
12
0.24
0.58
0.57
0.61
0.70
0.73
0.91
0.96
1.15
1.20
1.33
1.35
1.30
1.42
1.59
1.62
1.65
1.75
1.69
1.85
1.81
1.84
1.84
1.94
clear
1.88
1.56
1.53
1.57
1.43
1.38
1.38
1.36
1.31
1.36
1.38
1.37
1.52
1.53
1.49
1.42
1.56
1.63
1.43
1.33
1.26
1.16
1.09
1.04
power
14
0.51
0.84
0.78
0.67
0.76
0.76
0.79
0.92
1.00
0.98
1.11
1.11
1.18
1.16
1.20
1.26
1.25
1.38
1.51
1.53
1.70
1.71
1.72
1.75
clear
1.41
0.92
0.97
0.99
1.08
0.93
0.75
0.58
0.51
0.60
0.59
0.56
0.56
0.52
0.44
0.36
0.33
0.41
0.45
0.35
0.30
0.26
0.15
0.20
power
16
0.88
1.61
1.67
1.71
1.72
1.81
1.80
1.77
1.91
2.10
2.20
2.19
2.24
2.10
2.07
2.06
2.15
2.30
2.42
2.40
2.48
2.49
2.67
2.59
clear
1.84
1.00
0.88
0.87
0.90
0.99
1.02
0.99
1.29
1.44
1.34
1.27
1.19
1.16
1.06
1.06
1.00
0.91
0.81
0.73
0.69
0.74
0.63
0.55
power
18
1.11
2.67
2.69
2.62
2.71
2.67
2.73
2.78
2.89
2.85
2.87
2.80
2.83
2.79
2.83
2.97
2.90
2.87
2.77
2.78
2.85
2.97
3.09
3.39
clear
1.99
0.55
0.56
0.58
0.57
0.53
0.59
0.56
0.53
0.50
0.44
0.39
0.37
0.37
0.35
0.22
0.19
0.16
0.14
0.19
0.42
0.54
0.60
1.03
power
20
2.03
4.08
3.91
3.93
3.97
3.78
3.84
3.87
3.83
3.80
3.73
3.67
3.74
3.65
3.79
3.64
3.55
3.52
3.48
3.47
3.57
3.63
3.58
3.68
clear
1.74
-0.41
-0.47
-0.45
-0.40
-0.49
-0.47
-0.53
-0.38
-0.19
1.37
8.90
0.71
-0.43
-0.34
-0.41
-0.47
-0.58
-0.69
-0.67
-0.66
-0.52
-0.58
-0.50
power
22
1.87
3.85
3.93
4.09
4.09
4.06
4.10
4.15
4.07
4.08
4.25
4.54
4.60
4.63
4.65
4.72
4.74
4.69
4.57
4.59
4.68
4.82
4.86
4.82
clear
3.39
1.43
1.53
2.48
7.71
2.86
1.67
1.67
1.75
1.72
1.52
1.33
1.32
1.18
1.14
1.10
0.97
0.97
0.95
0.94
0.88
0.79
0.79
0.80
power
24
2.49
6.20
6.16
6.16
6.20
6.23
6.38
6.59
6.56
6.63
6.75
6.90
6.94
6.86
6.99
7.07
6.88
6.83
6.87
6.87
7.02
7.11
6.84
6.78
clear
3.91
0.92
0.77
0.89
0.93
0.89
0.90
0.93
0.90
0.89
0.90
0.78
0.80
0.73
0.80
0.71
0.65
0.76
0.65
0.59
0.70
0.67
0.69
0.66
power
26
2.68
7.16
7.24
7.31
7.41
7.55
7.50
7.35
7.57
7.41
7.31
7.36
7.41
7.45
7.44
7.46
7.54
7.46
7.47
7.30
7.39
7.59
7.43
7.27
clear
3.87
0.51
0.45
0.54
0.55
0.55
0.58
0.71
0.65
0.48
0.38
0.29
0.23
0.14
0.15
0.16
0.19
0.14
0.18
0.28
0.39
0.39
0.46
0.36
power
28
3.46
9.96
10.26
10.33
10.39
10.19
10.14
10.12
9.77
9.55
9.98
10.23
10.33
10.09
10.14
9.82
9.85
10.09
10.48
10.67
10.68
10.52
10.31
10.08
clear
5.18
1.10
1.12
1.08
1.26
1.34
1.47
1.37
1.31
1.21
1.22
1.32
1.29
1.29
1.34
1.33
1.29
1.30
1.27
1.37
1.30
1.23
1.02
0.86
power
30
3.22
11.12
11.42
11.53
11.35
11.22
11.13
11.21
11.09
11.04
11.29
11.26
11.52
11.52
11.28
11.24
11.51
11.59
11.27
11.44
11.25
11.27
11.35
11.16
clear
5.49
0.39
0.28
0.27
0.29
0.36
0.42
0.46
0.62
0.64
0.77
0.74
0.80
0.79
0.76
0.82
0.79
0.78
0.72
0.66
0.75
0.73
0.67
0.56
power
32
3.59
13.23
13.04
13.06
13.17
13.05
12.80
13.20
12.87
12.62
12.55
12.98
12.98
13.07
12.75
12.76
13.02
12.96
12.69
12.77
13.13
13.19
13.02
13.00
clear
6.45
0.21
0.16
0.15
0.17
0.22
0.25
0.24
0.42
0.49
0.49
0.40
0.35
0.33
0.32
0.33
0.30
0.34
0.30
0.32
0.27
0.27
0.29
0.36
power
34
4.41
15.83
15.56
15.44
15.26
15.32
15.23
15.18
14.99
15.10
14.96
15.13
15.37
14.94
14.81
15.29
15.01
15.38
15.47
15.57
15.60
15.37
15.55
15.49
clear
7.14
-0.08
-0.28
-0.40
-0.28
-0.13
-0.23
-0.23
-0.25
-0.23
-0.29
-0.37
-0.46
-0.54
-0.61
-0.50
-0.55
-0.56
-0.56
-0.54
-0.52
-0.49
-0.47
-0.44
power
36
5.12
18.90
18.68
19.00
19.32
19.18
19.09
18.95
18.74
18.97
18.88
18.57
18.44
18.51
18.62
18.59
18.29
18.40
18.50
19.00
19.33
18.99
18.91
19.10
clear
8.89
0.85
0.69
0.79
0.90
0.93
1.02
1.02
1.01
1.09
1.06
1.13
1.15
1.17
1.16
1.04
0.97
0.88
0.88
0.80
0.77
0.79
0.89
0.80
power
38
4.96
20.97
20.66
20.72
20.64
20.43
20.37
20.27
20.46
20.43
20.64
20.36
20.36
20.18
20.32
20.38
20.54
20.35
20.46
20.51
20.74
20.90
20.79
20.93
clear
10.35
-0.28
-0.76
-0.78
-0.49
-0.64
-0.56
-0.46
-0.39
-0.37
-0.32
-0.32
-0.31
-0.32
-0.40
-0.44
-0.62
-0.77
-0.83
-0.87
-0.78
-0.66
-0.63
-0.54
power
40
5.66
23.38
23.70
24.02
24.04
24.02
24.17
24.19
24.02
24.52
24.69
25.23
24.80
24.25
24.19
24.32
24.45
24.49
23.93
23.92
23.91
23.97
24.76
25.62
clear
13.26
1.52
1.06
1.12
1.08
1.07
1.22
1.42
1.37
1.19
1.13
1.01
0.91
0.99
0.93
1.07
1.10
1.21
1.10
0.94
1.07
1.15
1.05
1.10
power
42
3.63
24.30
25.01
24.99
24.86
24.72
24.70
24.74
24.71
25.10
25.06
24.81
25.09
25.50
24.67
25.32
25.71
25.88
25.37
25.70
25.78
25.86
25.17
25.63
clear
12.55
0.28
-0.38
-0.48
-0.28
-0.09
-0.09
-0.07
-0.08
-0.09
-0.11
-0.19
-0.24
-0.27
-0.04
-0.04
-0.02
-0.06
-0.06
-0.06
0.01
0.02
0.03
0.05
power
44
6.04
29.01
29.34
29.44
29.22
29.48
29.58
29.53
29.71
30.09
30.66
31.08
31.08
30.69
30.54
31.01
30.22
30.31
29.84
30.23
30.94
30.79
31.00
30.50
clear
15.88
1.44
0.65
0.62
0.75
0.73
0.81
0.83
0.85
0.88
0.84
0.78
0.80
0.85
0.93
0.93
0.97
0.95
0.96
0.86
0.88
0.97
0.84
0.75
power
46
4.86
31.66
31.87
31.10
31.27
31.31
31.54
31.57
31.45
32.43
32.24
32.45
32.51
32.14
32.27
31.60
32.78
33.00
33.11
33.28
32.96
33.23
32.84
32.70
clear
16.77
0.88
-0.00
-0.10
-0.09
-0.13
0.07
0.27
0.27
0.28
0.12
0.12
0.16
0.24
0.33
0.41
0.03
-0.03
-0.05
-0.06
-0.11
-0.14
-0.10
-0.14
power
48
7.66
36.53
36.98
37.45
37.17
37.43
37.29
36.96
36.90
36.96
37.24
37.74
37.35
37.33
37.94
38.59
38.03
37.76
37.90
38.38
38.41
37.70
38.02
38.30
clear
19.23
3.26
2.95
2.97
3.01
2.82
2.82
2.88
2.92
2.89
2.81
2.69
2.86
2.93
2.96
2.97
3.00
3.01
3.12
3.09
3.05
3.02
3.05
3.07
power
50
6.80
37.24
37.63
36.95
37.52
37.34
37.11
37.01
36.70
37.33
37.21
36.83
37.10
36.91
38.33
37.98
38.18
38.22
38.38
37.59
37.96
38.16
38.96
39.73
clear
18.79
0.62
0.16
0.22
0.25
0.23
0.14
0.13
0.26
0.33
0.27
0.35
0.39
0.31
0.32
0.44
0.38
0.37
0.37
0.40
0.33
0.30
0.22
0.27
power
52
4.64
39.27
40.28
40.57
40.45
40.56
40.33
40.13
39.95
40.59
40.67
40.18
39.84
40.54
40.43
40.66
40.93
41.48
40.26
41.25
41.10
40.94
41.30
41.26
clear
20.65
-0.11
-1.79
-1.85
-1.86
-1.79
-1.88
-1.91
-1.86
-1.94
-2.07
-2.13
-2.19
-2.12
-2.02
-2.04
-2.03
-1.89
-1.87
-1.76
-1.79
-1.88
-1.86
-1.87
power
54
10.63
48.00
48.16
47.92
47.76
48.05
47.75
47.90
48.20
48.09
48.05
48.46
48.80
48.79
48.25
48.86
48.95
48.55
48.62
49.62
49.66
49.32
49.60
49.62
clear
25.53
1.28
-0.94
-1.13
-1.12
-1.13
-1.15
-1.16
-1.21
-1.20
-1.19
-1.34
-1.47
-1.41
-1.32
-1.35
-1.32
-1.39
-1.38
-1.33
-1.34
-1.33
-1.38
-1.47
power
56
8.46
52.04
52.45
52.19
52.11
52.14
52.66
52.54
53.27
52.90
53.13
52.95
52.28
52.51
52.29
52.25
53.89
53.30
53.71
53.10
53.11
53.84
54.28
54.27
clear
27.88
3.95
2.72
2.55
2.49
2.39
2.42
2.43
2.43
2.38
2.40
2.46
2.44
2.43
2.38
2.43
2.38
2.37
2.46
2.51
2.40
2.34
2.28
2.19
power
58
8.46
53.11
53.84
54.56
54.11
54.52
54.54
54.93
54.65
53.57
54.18
54.84
54.54
55.53
55.68
55.18
55.08
55.22
54.48
54.46
54.46
54.56
54.68
54.51
clear
28.46
1.67
0.21
0.09
-0.03
-0.06
-0.08
0.01
0.10
0.23
0.22
0.27
0.23
0.25
0.19
0.28
0.17
0.21
0.14
0.04
0.02
0.17
0.07
0.03
power
60
7.88
57.80
59.04
58.14
58.50
57.81
58.13
58.04
58.38
58.50
58.75
59.38
59.29
58.93
58.44
58.88
59.53
59.25
58.57
58.72
59.26
59.49
58.86
59.02
clear
29.07
1.90
0.56
0.46
0.26
0.51
0.37
0.26
0.24
0.19
0.20
0.15
0.28
0.42
0.43
0.44
0.51
0.44
0.52
0.52
0.54
0.53
0.49
0.56
power
62
11.71
62.64
63.55
63.29
62.98
63.99
63.68
63.58
63.33
63.10
62.96
63.81
63.00
62.61
63.08
63.76
63.67
62.61
62.66
62.54
61.79
61.19
61.42
62.07
clear
31.35
2.62
0.49
0.38
0.16
0.23
0.24
0.27
-0.00
0.06
0.07
0.18
0.22
0.13
0.13
0.20
0.21
0.31
0.38
0.43
0.44
0.50
0.40
0.48
power
64
8.72
63.91
66.16
66.44
66.64
66.21
67.38
67.32
66.01
65.96
65.58
66.33
65.34
67.65
67.79
67.33
67.26
67.90
66.80
66.56
65.53
66.11
66.36
65.56
clear
31.95
0.47
-0.99
-1.11
-1.22
-1.35
-1.36
-1.39
-1.52
-1.43
-1.51
-1.56
-1.54
-1.56
-1.57
-1.52
-1.66
-1.64
-1.69
-1.61
-1.72
-1.75
-1.50
-1.60
power
66
11.50
70.89
72.78
73.49
73.01
72.03
71.84
72.25
71.79
72.97
73.46
73.01
74.21
74.89
74.37
74.72
73.91
73.40
74.48
73.92
73.49
72.59
73.06
73.10
clear
35.51
2.60
0.27
0.15
0.03
-0.03
-0.12
-0.14
-0.27
-0.30
-0.36
-0.43
-0.54
-0.46
-0.47
-0.53
-0.51
-0.31
-0.26
-0.21
-0.22
-0.15
-0.15
-0.13
power
68
10.77
74.99
76.12
76.56
77.24
77.15
77.54
77.44
77.87
78.54
77.86
77.69
79.23
77.23
76.83
77.47
77.80
77.77
77.75
77.05
76.77
77.01
77.15
76.95
clear
39.50
1.94
-1.19
-1.39
-1.49
-1.52
-1.54
-1.64
-1.65
-1.62
-1.60
-1.64
-1.61
-1.61
-1.56
-1.63
-1.59
-1.58
-1.68
-1.66
-1.82
-1.86
-1.77
-1.79
power
70
8.84
80.49
84.09
84.02
84.15
83.92
83.76
83.61
83.53
82.87
83.66
83.74
82.57
82.28
84.50
84.99
84.29
85.25
84.68
84.72
84.08
84.16
83.78
83.98
clear
41.90
4.20
1.64
1.52
1.47
1.43
1.38
1.29
1.29
1.21
1.22
1.27
1.37
1.36
1.34
1.36
1.37
1.31
1.36
1.37
1.30
1.35
1.36
1.43
power
72
14.97
85.41
87.69
88.32
88.29
88.03
87.35
87.31
87.11
88.04
87.87
89.33
87.98
87.66
88.79
89.30
89.38
89.02
89.84
89.74
89.68
87.51
89.64
89.01
clear
