0.17
0.22
0.24
0.23
0.21
0.25
0.37
0.28
0.28
0.32
clear
0.45
0.48
0.47
0.39
0.35
0.37
0.39
0.30
0.32
0.38
0.38
0.53
0.36
0.30
0.36
0.36
0.23
0.06
0.18
-0.05
-0.12
-0.18
-0.20
-0.12
power
2
0.04
0.09
0.05
0.04
0.09
-0.03
-0.06
-0.08
-0.03
0.08
0.00
0.04
0.05
0.04
0.03
0.05
0.09
0.04
0.16
0.25
0.23
0.26
0.25
0.28
clear
0.36
0.29
0.34
0.34
0.25
0.35
0.37
0.41
0.55
0.51
0.49
0.61
0.64
0.75
0.70
0.72
0.80
1.14
1.19
1.09
1.06
0.99
0.93
0.81
power
4
-0.06
-0.05
-0.07
-0.15
-0.24
-0.18
-0.18
-0.14
-0.22
-0.20
-0.21
-0.19
-0.23
-0.22
-0.18
-0.33
-0.46
-0.44
-0.45
-0.62
-0.62
-0.66
-0.63
-0.67
clear
-0.65
-0.65
-0.72
-0.56
-0.39
-0.29
-0.28
-0.35
-0.34
-0.27
-0.25
-0.23
-0.12
-0.15
-0.12
-0.00
-0.01
-0.11
-0.25
-0.28
-0.33
-0.43
-0.26
-0.23
power
6
0.01
-0.10
-0.16
-0.27
-0.21
-0.27
-0.24
-0.34
-0.40
-0.41
-0.39
-0.22
-0.38
-0.28
0.08
0.14
0.31
0.27
0.32
0.18
0.18
0.37
0.46
0.49
clear
0.57
0.54
0.58
0.57
0.45
0.54
0.58
0.56
0.60
0.66
0.60
0.52
0.46
0.42
0.41
0.52
0.51
0.37
0.37
0.25
0.21
0.21
0.21
0.34
power
8
0.41
0.81
1.49
1.51
1.34
0.35
-0.56
2.24
-0.72
-0.73
2.16
-0.67
-0.84
-0.86
-0.88
2.54
-0.86
-0.96
-0.95
-0.98
0.91
0.16
-0.98
-0.98
clear
-0.73
-0.56
-0.44
-0.46
-0.47
-0.40
-0.46
-0.39
-0.48
-0.45
-0.50
-0.53
-0.46
-0.60
-0.55
-0.68
-0.68
-0.72
-0.69
-0.54
-0.58
-0.47
-0.27
-0.30
power
10
0.33
0.91
0.59
0.53
0.55
0.64
0.66
0.81
0.89
0.94
0.94
0.81
0.79
0.80
0.85
0.75
0.68
0.63
0.51
0.47
0.43
0.36
0.34
0.33
clear
0.26
0.30
0.23
0.40
0.33
0.26
0.27
0.39
0.41
0.36
0.29
0.33
0.20
0.27
0.34
0.35
0.32
0.30
0.28
0.35
0.56
0.65
0.59
0.56
power
12
0.57
1.29
1.33
1.25
1.19
1.17
1.07
1.08
0.99
0.96
0.93
0.79
0.89
0.94
0.83
0.79
0.76
0.83
0.81
0.83
0.85
0.84
0.90
0.80
clear
0.18
-0.28
-0.24
-0.42
-0.29
-0.40
-0.38
-0.13
-0.16
-0.11
-0.05
-0.12
-0.11
-0.04
-0.00
0.04
0.24
0.20
0.25
0.38
0.33
0.31
0.23
0.24
power
14
0.95
2.49
2.42
2.44
2.37
2.19
2.07
2.21
2.23
2.19
2.15
2.08
2.01
2.03
2.04
1.93
1.91
1.72
1.69
1.77
1.76
1.74
1.62
1.70
clear
-0.04
-1.11
-1.07
-1.08
-1.07
-1.05
-1.12
-1.21
-1.16
-1.11
-0.97
-0.82
-0.66
-0.48
-0.44
-0.53
-0.48
-0.52
-0.60
-0.65
-0.70
-0.66
-0.62
-0.60
power
16
1.84
4.38
4.42
4.21
4.21
4.28
4.14
4.39
4.18
4.14
4.09
3.90
3.76
3.70
3.79
3.77
3.71
3.74
3.94
3.79
3.72
3.68
3.58
3.54
clear
0.55
-1.32
-1.33
-1.26
-1.27
-1.31
-1.23
-1.14
-1.10
-0.90
-0.93
-0.90
-0.80
-0.78
-0.72
-0.63
-0.57
-0.55
-0.55
-0.56
-0.61
-0.65
-0.64
-0.62
power
18
3.05
6.79
6.70
6.64
6.78
6.71
6.61
6.54
6.37
6.32
6.39
6.33
6.33
6.30
6.52
6.63
6.66
6.56
6.45
6.46
6.53
6.49
6.56
6.50
clear
2.20
-0.62
-0.46
-0.51
-0.51
-0.57
-0.47
-0.18
-0.07
-0.03
-0.07
-0.10
0.09
0.14
0.19
0.24
0.21
0.23
0.22
0.12
0.06
0.10
0.12
0.09
power
20
4.31
9.01
9.00
9.02
8.88
8.72
9.09
8.98
8.77
8.88
8.58
8.50
8.67
8.67
8.62
8.52
7.88
8.32
8.34
8.49
8.39
8.47
8.43
8.18
clear
2.84
-0.69
-0.52
-0.56
-0.57
-0.51
-0.43
-0.47
-0.47
-0.45
-0.42
-0.34
-0.26
-0.28
-0.34
-0.41
-0.42
-0.39
-0.46
-0.44
-0.39
-0.19
-0.26
-0.35
power
22
5.73
11.85
11.60
11.51
11.57
11.49
11.59
11.35
11.39
11.42
11.62
11.64
11.39
11.50
11.47
11.42
11.82
11.56
11.51
11.23
11.20
11.24
11.49
11.84
clear
4.63
-0.39
-0.28
-0.22
-0.26
-0.29
-0.30
-0.25
-0.19
-0.17
-0.12
-0.12
-0.00
-0.03
-0.16
-0.14
-0.04
-0.03
0.06
0.05
0.06
-0.05
-0.11
0.01
power
24
6.65
14.77
14.58
14.38
14.56
14.51
14.68
14.75
14.82
14.61
14.62
14.94
14.77
14.63
14.52
14.72
14.63
14.38
14.71
14.49
14.61
14.92
14.55
14.04
clear
5.46
-0.54
-0.51
-0.51
-0.43
-0.39
-0.43
-0.39
-0.43
-0.42
-0.41
-0.36
-0.37
-0.38
-0.41
-0.29
-0.30
-0.25
-0.18
-0.19
-0.12
-0.06
-0.06
0.06
power
26
7.87
18.00
17.71
18.07
18.01
17.81
17.61
17.79
17.81
17.84
17.84
18.00
17.86
17.72
18.33
18.29
18.54
18.09
17.66
17.29
17.89
17.35
17.55
18.12
clear
6.94
-0.27
-0.27
-0.32
-0.37
-0.41
-0.62
-0.55
-0.54
-0.58
-0.51
-0.45
-0.46
-0.42
-0.32
-0.28
-0.21
-0.23
-0.18
-0.24
-0.07
0.12
0.14
0.20
power
28
7.50
21.70
21.55
21.43
21.25
21.12
21.08
21.52
21.40
21.42
21.53
21.33
21.75
21.11
20.95
21.15
21.94
21.95
21.43
20.84
21.25
21.16
21.39
21.33
clear
8.74
-0.62
-0.57
-0.56
-0.58
-0.62
-0.63
-0.60
-0.61
-0.65
-0.74
-0.67
-0.72
-0.72
-0.66
-0.57
-0.58
-0.57
-0.54
-0.55
-0.37
-0.36
-0.49
-0.49
power
30
9.39
25.85
25.41
24.95
24.81
25.00
25.20
25.54
26.27
26.35
25.96
26.34
26.45
26.45
26.53
26.41
26.50
26.12
26.32
26.47
26.49
26.70
26.88
25.88
clear
10.37
-0.11
-0.15
-0.15
-0.12
-0.15
-0.15
-0.05
0.30
0.36
0.38
0.42
0.37
0.34
0.35
0.39
0.39
0.38
0.55
0.64
0.68
0.72
0.67
0.80
power
32
10.53
29.93
29.48
29.18
28.97
29.25
29.21
29.30
29.10
29.06
28.74
28.79
28.68
29.58
29.27
28.82
29.03
28.96
29.30
29.05
29.33
28.83
28.70
29.38
clear
12.29
-0.96
-0.93
-1.01
-1.01
-0.98
-0.94
-0.95
-0.97
-0.97
-1.08
-1.15
-1.20
-1.23
-1.24
-1.22
-1.19
-1.14
-1.01
-1.02
-0.97
-0.95
-0.93
-0.92
power
34
10.97
34.78
34.15
33.84
33.66
33.96
33.88
34.01
33.89
33.73
34.41
34.00
33.99
33.82
33.75
34.34
34.66
34.00
33.26
33.07
33.18
32.97
33.43
33.09
clear
13.14
-0.15
-0.16
-0.13
-0.11
-0.11
-0.17
-0.14
-0.18
-0.13
-0.09
-0.11
-0.25
-0.25
-0.21
-0.19
-0.13
-0.09
0.01
-0.03
0.02
0.06
0.03
-0.01
power
36
7.90
39.48
39.48
39.42
39.23
39.50
39.04
38.55
39.09
39.20
39.82
39.64
39.53
39.25
39.20
39.38
39.26
38.28
38.58
38.93
38.66
38.90
39.42
39.60
clear
16.82
-0.02
0.06
-0.03
0.03
-0.03
-0.10
-0.14
-0.15
-0.19
-0.04
0.17
0.33
0.39
0.57
0.60
0.71
0.68
0.62
0.53
0.47
0.49
0.48
0.47
power
38
13.01
45.05
43.45
43.82
43.67
43.77
43.98
43.83
43.16
43.33
43.12
43.43
43.28
43.75
43.42
43.16
43.26
43.23
42.95
42.77
43.00
42.55
42.59
42.16
clear
16.56
-0.50
-0.53
-0.47
-0.41
-0.38
-0.44
-0.37
-0.42
-0.40
-0.40
-0.36
-0.39
-0.42
-0.46
-0.37
-0.33
-0.22
-0.22
-0.26
-0.26
-0.14
-0.16
-0.18
power
40
12.81
50.53
49.99
50.18
50.43
50.19
49.86
50.01
50.30
50.14
50.41
49.71
49.21
49.15
48.94
48.83
49.34
49.00
49.05
49.40
48.70
49.02
49.34
49.02
clear
20.53
-0.46
-0.47
-0.41
-0.38
-0.37
-0.46
-0.44
-0.44
-0.39
-0.45
-0.43
-0.44
-0.41
-0.46
-0.45
-0.50
-0.21
-0.09
0.00
0.04
0.04
0.12
0.19
power
42
12.21
55.26
55.33
55.15
55.01
54.97
54.93
54.53
55.32
55.14
55.10
54.94
53.62
53.27
53.41
54.16
55.10
54.85
54.97
55.23
54.68
54.51
54.35
54.27
clear
23.31
-0.53
-0.49
-0.52
-0.50
-0.53
-0.52
-0.55
-0.57
-0.56
-0.56
-0.51
-0.44
-0.50
-0.49
-0.49
-0.47
-0.50
-0.48
-0.40
-0.35
-0.36
-0.20
-0.24
power
44
17.29
61.94
61.41
61.28
60.98
60.51
60.97
60.32
61.04
60.24
60.38
60.47
60.64
60.53
60.21
59.80
60.55
61.40
61.47
61.04
60.22
60.19
59.95
60.42
clear
24.18
0.07
0.10
0.12
0.06
0.17
0.22
0.15
0.16
0.12
0.12
0.03
0.25
0.28
0.32
0.26
0.26
0.19
0.18
0.19
0.25
0.22
0.24
0.22
power
46
7.55
66.73
67.93
68.55
68.42
68.10
69.47
68.92
68.29
68.54
68.64
68.10
67.75
67.03
67.40
67.25
66.62
67.11
67.89
67.61
68.06
67.90
67.45
67.65
clear
28.32
-0.06
0.04
0.01
-0.03
0.02
-0.02
-0.01
0.12
0.12
0.13
0.04
0.09
0.04
-0.01
-0.00
-0.19
-0.14
-0.15
-0.16
-0.15
-0.07
-0.05
-0.02
power
48
19.74
74.68
74.43
74.41
74.12
74.18
73.83
74.08
74.23
74.49
73.90
73.85
73.72
73.59
73.59
73.68
74.16
74.68
74.40
74.39
73.98
73.98
73.20
73.57
clear
32.45
0.00
0.03
-0.03
-0.03
-0.00
-0.02
0.04
0.10
0.05
0.05
0.05
0.08
0.04
0.14
0.12
0.14
0.12
0.15
0.30
0.36
0.30
0.35
0.30
power
50
16.62
81.08
80.83
80.39
80.41
80.52
80.73
80.37
79.64
79.15
79.12
78.98
79.99
78.94
79.10
79.63
80.00
79.88
80.27
80.29
79.64
79.18
80.31
81.86
clear
33.70
0.42
0.54
0.50
0.52
0.49
0.49
0.57
0.55
0.52
0.53
0.50
0.51
0.54
0.58
0.52
0.57
0.52
0.51
0.48
0.61
0.67
0.69
0.68
power
52
19.98
86.58
86.46
86.12
85.77
85.62
86.61
86.00
86.62
86.20
85.58
85.46
85.61
85.27
85.34
85.91
86.03
85.61
85.95
84.86
85.54
85.09
85.35
85.63
clear
35.52
-1.07
-0.97
-1.01
-1.03
-1.05
-1.03
-1.06
-1.03
-1.02
-1.05
-1.02
-1.00
-1.02
-1.00
-0.99
-0.97
-0.98
-0.93
-0.92
-1.01
-1.07
-1.09
-1.10
power
54
19.37
93.33
94.47
94.52
94.60
93.71
94.30
94.52
93.95
93.28
93.25
93.41
93.47
93.23
93.21
92.88
92.67
92.02
91.67
92.96
92.68
92.79
93.08
92.69
clear
36.17
-0.27
-0.33
-0.32
-0.33
-0.21
-0.07
-0.03
-0.02
-0.06
0.01
0.03
0.02
-0.00
-0.02
-0.05
-0.07
-0.08
-0.08
-0.19
-0.22
-0.25
-0.27
-0.36
power
56
22.00
100.85
101.85
102.13
102.45
103.08
104.42
104.21
101.80
101.68
101.76
100.97
100.40
101.60
101.39
102.55
103.15
102.87
102.03
102.05
101.88
101.65
101.43
101.69
clear
41.83
0.65
0.85
0.82
0.72
0.84
0.78
0.73
0.74
0.69
0.72
0.75
0.89
0.79
0.76
0.78
0.82
0.73
0.77
0.85
0.67
0.58
0.62
0.63
power
58
25.00
108.37
108.40
109.02
108.08
107.84
108.77
108.85
108.04
107.96
109.16
108.83
109.41
108.99
108.59
108.52
108.53
108.49
108.33
108.24
107.98
107.83
109.61
110.14
clear
45.75
-0.15
-0.11
-0.11
-0.12
-0.04
-0.07
-0.14
-0.07
-0.00
-0.03
-0.02
0.01
0.05
0.05
0.11
0.05
0.06
0.04
0.01
0.01
-0.03
-0.03
0.04
power
60
24.92
117.29
117.28
117.02
117.04
117.80
116.88
116.40
117.06
117.07
115.79
115.59
115.92
115.94
115.16
115.95
116.70
117.28
116.49
116.23
114.92
114.29
115.73
116.52
clear
45.42
0.03
0.07
0.08
0.06
0.06
-0.02
0.08
0.02
0.06
0.13
0.14
0.10
0.12
0.17
0.13
0.10
0.04
0.08
-0.00
-0.06
-0.10
-0.27
-0.33
power
62
17.35
123.74
126.50
126.09
126.74
127.55
125.98
126.50
125.06
123.77
123.77
125.54
125.91
126.14
125.89
125.54
125.40
125.25
123.42
125.25
126.39
125.43
125.41
125.84
clear
50.40
0.38
0.45
0.39
0.42
0.40
0.40
0.44
0.59
0.64
0.71
0.69
0.72
0.77
0.76
0.77
0.67
0.64
0.70
0.69
0.64
0.70
0.65
0.70
power
64
28.46
133.70
135.28
134.70
135.19
134.33
132.88
132.87
132.93
133.11
133.44
133.53
133.13
133.20
131.25
131.64
131.69
133.60
134.76
134.95
133.33
132.93
132.22
131.98
clear
55.12
-0.19
-0.18
-0.24
-0.27
-0.23
-0.27
-0.20
-0.25
-0.17
-0.15
-0.15
-0.18
-0.16
-0.18
-0.15
-0.21
-0.20
-0.18
-0.07
0.01
0.04
0.05
0.10
power
66
28.15
143.58
144.14
142.24
141.88
142.96
141.83
141.50
140.57
140.92
140.85
141.30
141.60
141.14
141.07
140.84
140.47
140.24
140.02
140.40
140.19
140.43
140.26
139.87
clear
59.72
-0.11
-0.03
0.01
0.02
-0.00
0.03
-0.01
-0.06
-0.08
0.03
0.00
0.02
0.04
0.00
0.13
0.10
0.12
0.13
0.10
0.12
0.09
0.08
0.05
power
68
27.85
147.50
147.19
147.41
147.55
147.89
146.16
145.80
145.88
145.13
144.12
144.71
145.36
145.18
145.01
146.64
145.14
145.58
146.64
146.41
145.55
146.55
146.81
146.45
clear
57.63
-0.25
-0.18
-0.14
-0.11
-0.14
-0.14
-0.13
-0.15
-0.14
-0.14
-0.05
-0.11
-0.04
0.23
0.54
0.56
0.50
0.54
0.50
0.53
0.53
0.46
0.53
power
70
26.70
152.84
154.11
153.85
153.01
152.81
152.48
151.92
152.36
151.70
151.12
150.61
151.36
151.87
151.81
151.51
151.76
151.90
151.32
151.37
151.10
150.44
151.41
151.17
clear
60.71
-0.26
-0.19
-0.22
-0.21
-0.20
-0.19
-0.23
-0.17
-0.14
-0.05
-0.00
0.04
-0.01
0.03
0.01
-0.03
0.03
-0.00
0.05
0.07
0.01
-0.03
0.04
power
72
33.21
164.19
166.58
164.97
165.44
163.15
162.81
163.29
163.07
162.44
161.00
161.21
162.93
161.59
162.59
162.76
163.49
163.38
163.22
163.90
163.35
163.09
162.37
163.82
clear
66.61
0.15
0.12
0.12
0.14
0.14
0.13
0.13
0.17
0.17
0.18
0.14
0.18
0.19
0.16
0.16
0.20
0.28
0.18
0.21
0.21
0.13
0.02
0.03
power
74
32.04
