-0.07
0.08
0.02
0.03
0.06
0.06
0.02
0.06
0.01
-0.01
-0.03
-0.05
-0.10
-0.13
-0.09
-0.06
-0.07
-0.18
0.04
clear
0.67
0.76
0.76
0.75
0.74
0.82
0.83
0.81
0.90
0.91
0.96
1.03
1.04
0.99
0.96
1.08
1.14
1.16
1.26
1.24
1.37
1.36
1.36
1.41
power
2
0.06
0.09
0.19
0.26
0.27
0.32
0.31
0.23
0.34
0.33
0.33
0.36
0.29
0.36
0.45
0.49
0.50
0.62
0.55
0.63
0.67
0.69
0.74
0.68
clear
0.70
0.69
0.80
0.70
0.61
0.59
0.61
0.54
0.63
0.55
0.47
0.45
0.40
0.31
0.24
0.22
0.22
0.26
0.09
0.13
0.28
0.26
0.21
0.24
power
4
-0.01
0.03
0.05
0.10
0.02
-0.02
-0.11
-0.06
-0.09
-0.21
-0.12
-0.12
-0.16
-0.22
-0.31
-0.25
-0.28
-0.32
-0.30
-0.22
-0.24
-0.23
-0.24
-0.17
clear
-0.23
-0.26
-0.23
-0.20
-0.20
-0.20
-0.31
-0.25
-0.18
-0.17
-0.18
-0.22
-0.26
-0.25
-0.21
-0.18
0.04
0.05
0.00
0.07
0.12
0.17
0.22
0.32
power
6
0.05
-0.04
-0.09
-0.01
-0.08
-0.16
-0.18
-0.18
-0.19
-0.27
-0.29
-0.33
-0.26
-0.16
-0.14
-0.11
0.02
0.11
0.14
0.08
0.02
-0.07
-0.01
-0.07
clear
-0.19
-0.20
-0.22
0.07
-0.42
0.09
0.31
0.40
0.51
0.64
0.59
0.47
0.39
0.36
0.45
0.46
0.46
0.59
0.67
0.63
0.64
0.68
0.65
0.57
power
8
0.34
0.18
0.90
1.41
1.29
0.22
-0.10
1.84
-0.32
-0.23
2.90
-0.03
-0.04
-0.01
0.27
2.34
0.04
-0.03
0.12
0.07
2.80
0.66
0.38
0.42
clear
0.41
0.48
0.44
0.53
0.52
0.57
0.60
0.47
0.39
0.30
0.37
0.41
0.37
0.42
0.36
0.31
0.30
0.27
0.32
0.28
0.22
0.17
0.20
0.29
power
10
0.36
0.54
0.17
0.19
0.22
0.10
0.14
0.05
0.01
-0.07
-0.85
-0.80
-0.35
-0.03
0.06
0.03
0.07
0.14
0.11
0.18
0.14
0.08
0.14
0.10
clear
-0.05
-0.05
0.03
0.11
0.10
0.11
0.08
0.03
-0.06
-0.13
-0.06
-0.03
-0.09
-0.02
-0.11
-0.10
-0.11
-0.10
-0.04
-0.14
-0.25
-0.23
-0.11
-0.15
power
12
0.32
1.20
1.31
1.29
1.32
1.42
1.36
1.42
1.58
1.64
1.64
1.49
1.41
1.33
1.58
1.60
1.52
1.41
1.43
1.45
1.63
1.64
1.57
1.50
clear
0.80
0.19
0.25
0.40
0.50
0.57
0.68
0.64
0.57
0.48
0.46
0.47
0.38
0.32
0.21
0.24
0.21
0.24
0.17
0.23
0.21
0.29
0.22
0.16
power
14
1.05
2.93
3.00
3.05
3.15
3.39
3.30
3.18
3.29
3.40
3.36
3.23
3.16
3.15
3.07
3.16
3.10
3.15
2.92
2.90
2.98
2.70
3.03
3.13
clear
1.66
0.42
0.34
0.34
0.46
0.50
0.58
0.60
0.50
0.49
0.49
0.62
0.55
0.43
0.45
0.47
0.51
0.40
0.34
0.33
0.37
0.51
0.54
0.59
power
16
2.31
4.81
4.73
4.80
4.57
4.46
4.67
4.32
4.45
4.53
4.71
4.72
4.70
4.81
4.53
4.49
4.55
4.81
4.75
4.71
4.55
4.74
4.70
4.77
clear
1.89
-0.14
-0.02
-0.04
-0.02
0.06
-0.00
0.07
-0.00
-0.09
-0.17
-0.23
-0.28
-0.35
-0.45
-0.44
-0.48
-0.48
-0.51
-0.56
-0.63
-0.68
-0.62
-0.70
power
18
2.02
6.86
7.02
7.26
7.47
7.52
7.06
7.36
7.54
7.45
7.39
7.01
7.41
7.59
7.53
7.61
7.43
7.43
7.51
7.77
8.04
7.83
7.83
7.88
clear
3.64
0.68
0.63
0.66
0.32
0.58
0.65
0.68
0.80
0.75
0.69
0.54
0.52
0.39
0.39
0.42
0.33
0.36
0.35
0.30
0.25
0.27
0.22
0.29
power
20
4.38
9.65
9.81
10.10
10.01
10.03
9.88
9.56
9.35
9.59
9.71
10.03
9.80
9.51
9.25
9.39
9.50
9.65
9.33
9.28
9.43
9.35
9.26
9.01
clear
3.78
-0.16
-0.15
-0.16
-0.15
-0.07
0.08
0.16
0.09
-0.03
-0.09
-0.06
-0.14
-0.23
-0.30
-0.30
-0.29
-0.35
-0.41
-0.39
-0.29
-0.39
-0.30
-0.31
power
22
5.26
12.75
12.98
12.97
13.22
13.21
12.84
12.99
12.64
12.58
12.63
12.85
11.88
12.26
12.39
12.49
12.72
12.94
12.90
12.64
12.22
12.28
12.56
12.87
clear
5.53
0.23
0.26
0.46
0.58
0.85
0.74
0.55
0.64
0.65
0.73
0.61
0.64
0.52
0.43
0.39
0.52
0.57
0.60
0.71
0.61
0.58
0.46
0.44
power
24
7.29
16.01
16.25
16.29
15.95
16.23
16.16
16.10
16.34
15.41
15.25
15.48
15.82
15.98
15.70
15.31
15.32
15.29
15.60
16.03
16.30
16.10
15.92
15.38
clear
6.18
-0.19
-0.21
-0.13
-0.13
-0.07
-0.23
-0.26
-0.27
-0.17
-0.09
0.02
0.01
0.06
0.09
0.08
0.10
0.11
0.10
0.19
0.17
0.19
0.16
0.16
power
26
7.61
19.88
19.90
20.00
19.84
19.46
19.38
19.69
19.47
19.43
19.58
19.51
19.33
19.11
19.03
19.08
19.74
20.05
19.93
19.65
19.43
19.07
19.11
19.42
clear
7.47
-0.66
-0.51
-0.56
-0.58
-0.68
-0.36
-0.30
-0.68
-0.69
-0.56
-0.40
-0.20
-0.15
-0.10
-0.10
-0.12
-0.14
-0.03
-0.17
-0.32
-0.23
-0.28
-0.29
power
28
8.87
23.98
24.55
25.05
24.96
24.62
23.56
23.58
24.00
24.11
24.21
24.03
23.87
24.06
23.81
23.72
23.74
23.96
24.23
24.10
24.61
24.58
24.02
24.29
clear
10.33
-0.14
-0.06
-0.12
-0.01
-0.01
-0.16
-0.24
-0.15
-0.08
-0.04
-0.13
-0.00
-0.02
0.09
0.16
0.10
0.12
0.19
0.18
0.31
0.26
0.08
-0.00
power
30
10.39
28.57
28.32
28.03
27.84
27.54
27.70
28.19
28.62
28.92
28.92
28.79
28.88
28.57
28.19
27.92
27.84
28.07
28.55
28.84
28.96
29.37
29.46
29.03
clear
11.93
0.10
0.02
0.06
0.04
-0.01
-0.10
-0.03
-0.04
-0.01
-0.01
0.02
-0.00
0.06
-0.35
-0.34
-0.18
-0.15
0.04
0.00
0.03
0.10
0.03
0.04
power
32
10.76
34.11
33.65
33.36
33.36
33.35
33.16
32.69
32.37
32.41
32.92
33.30
33.98
33.92
34.39
33.68
33.45
33.61
34.20
34.42
34.00
34.34
34.53
34.36
clear
15.02
-0.06
0.03
-0.10
-0.05
-0.04
0.01
-0.03
-0.06
-0.07
-0.06
-0.12
-0.08
-0.02
-0.03
-0.09
-0.00
0.02
0.05
0.04
-0.03
-0.02
-0.12
-0.02
power
34
11.37
39.11
39.16
38.55
38.24
38.34
38.71
38.76
38.37
38.15
39.18
38.54
39.35
39.13
39.51
39.05
38.49
39.01
39.78
39.50
38.71
38.93
38.84
38.79
clear
16.35
-0.31
-0.23
-0.28
-0.40
-0.35
-0.27
-0.27
-0.20
-0.23
-0.27
-0.22
-0.19
-0.35
-0.26
-0.22
-0.45
-0.32
-0.11
-0.15
-0.16
-0.13
-0.25
-0.17
power
36
14.49
44.75
44.65
44.76
44.25
45.18
44.73
45.76
44.38
44.88
44.89
45.27
46.01
45.26
45.63
44.48
44.28
44.26
44.68
45.18
45.25
45.24
45.25
45.75
clear
19.22
-0.10
-0.08
-0.02
0.05
0.04
0.03
0.06
0.09
0.09
0.11
0.23
0.29
0.38
0.29
0.32
0.21
0.13
0.09
0.09
0.10
0.09
0.12
0.17
power
38
14.48
50.80
50.53
49.93
49.04
49.36
49.44
49.54
49.49
50.50
50.02
50.05
51.14
51.21
51.33
51.25
51.16
50.71
50.50
51.19
50.45
50.68
51.21
49.88
clear
20.27
-0.20
-0.28
-0.26
-0.25
-0.14
-0.21
-0.17
-0.14
-0.14
-0.17
-0.26
-0.60
-0.74
-0.56
-0.27
-0.32
-0.34
-0.29
-0.11
-0.00
0.08
0.03
0.03
power
40
14.44
56.68
56.40
56.41
56.40
56.34
55.91
57.24
56.62
57.11
55.55
57.27
58.11
57.40
56.99
56.95
56.73
55.97
54.66
55.53
56.18
56.41
55.58
55.85
clear
23.95
-0.18
-0.16
-0.12
-0.15
-0.17
-0.17
-0.17
-0.21
-0.21
-0.17
-0.14
-0.20
-0.24
-0.29
-0.41
-0.26
-0.32
-0.44
-0.51
-0.41
-0.35
-0.30
-0.21
power
42
16.81
63.37
63.80
63.65
62.98
63.71
64.65
65.25
64.70
65.13
64.93
64.44
65.05
64.77
64.03
64.02
64.10
63.73
64.25
63.26
63.07
62.48
62.16
63.02
clear
25.77
-1.06
-1.26
-0.89
-0.77
-0.58
-0.42
-0.27
-0.20
-0.16
-0.06
0.13
0.28
0.30
0.26
-0.54
-0.66
-0.86
-5.81
-8.55
-11.77
-1.16
-2.32
1.39
power
44
27.24
82.41
81.51
81.62
81.80
83.01
82.50
81.81
81.90
81.81
81.02
80.79
80.62
79.81
79.87
79.43
80.18
78.96
79.51
79.30
78.62
78.79
78.98
79.74
clear
38.38
10.47
10.52
10.44
10.46
10.50
10.49
10.56
10.59
10.56
10.65
10.58
10.60
10.49
10.54
10.62
10.63
10.64
10.63
10.67
10.63
10.67
10.72
10.71
power
46
21.18
78.58
78.12
77.84
77.42
77.79
77.29
77.23
77.49
77.80
77.06
76.65
76.66
77.67
77.27
76.68
76.77
75.65
76.49
76.92
77.93
78.48
77.53
78.34
clear
33.12
-0.33
-0.27
-0.29
-0.27
-0.21
-0.20
-0.10
-0.12
-0.10
-0.06
-0.15
-0.18
-0.20
-0.54
-0.57
-0.67
-0.48
-0.63
-0.30
-0.08
0.05
0.22
0.18
power
48
23.87
85.85
85.16
86.01
86.26
85.38
84.99
84.67
85.06
85.20
84.88
83.13
82.23
82.98
83.30
83.11
83.83
84.34
83.45
83.10
82.85
83.01
82.91
83.77
clear
33.16
-2.04
-2.02
-1.94
-2.07
-2.10
-2.10
-2.12
-2.05
-2.01
-1.98
-1.96
-1.95
-2.06
-2.11
-1.99
-1.95
-1.91
-1.90
-1.85
-1.83
-1.81
-1.82
-1.75
power
50
23.27
94.19
95.50
93.94
93.35
93.47
93.74
94.25
93.98
93.62
93.67
92.61
90.12
90.36
89.24
88.45
87.83
87.75
88.02
87.87
87.76
87.54
87.93
88.13
clear
36.23
-4.17
-4.16
-4.14
-4.12
-4.04
-4.02
-4.01
-4.01
-3.94
-3.89
-3.85
-3.90
-4.00
-3.88
-3.83
-3.77
-3.61
-3.58
-3.55
-3.54
-3.50
-3.39
-3.38
power
52
26.76
98.97
98.28
97.16
96.99
97.15
98.95
99.34
99.12
98.48
98.28
97.05
96.13
94.48
96.80
97.79
97.19
95.53
95.67
95.27
95.14
95.99
95.93
94.89
clear
35.62
-5.59
-5.55
-5.49
-5.52
-5.44
-5.43
-5.40
-5.34
-5.30
-5.26
-5.30
-5.35
-5.41
-5.46
-5.61
-5.66
-5.48
-5.44
-5.37
-5.34
-5.20
-5.10
-5.07
power
54
25.52
109.99
109.33
107.68
107.88
107.98
107.14
106.54
106.28
105.81
105.86
104.96
104.26
105.28
104.95
104.60
103.76
103.43
102.81
101.74
102.40
102.95
103.80
104.06
clear
42.68
-4.93
-4.94
-4.89
-4.89
-4.85
-4.88
-4.83
-4.84
-4.75
-4.68
-4.69
-4.62
-4.62
-4.63
-4.57
-4.64
-4.61
-4.56
-4.58
-4.58
-4.56
-4.56
-4.58
power
56
29.43
117.24
116.19
115.35
115.07
115.27
116.08
115.64
115.85
116.14
115.57
115.04
115.50
115.26
115.32
116.34
115.84
114.77
114.13
115.45
115.35
115.45
115.98
115.20
clear
46.74
-0.93
-0.56
-0.29
0.01
0.23
0.31
0.55
0.63
0.78
0.82
0.91
0.97
0.96
1.07
1.05
1.09
1.10
1.06
0.32
-0.07
-0.12
-0.51
-0.32
power
58
24.46
125.36
125.91
125.30
126.51
125.89
124.21
124.14
123.17
123.12
122.37
121.41
120.96
121.57
120.97
120.17
119.75
121.12
124.89
124.67
123.57
122.37
123.62
123.80
clear
53.59
-1.52
-1.22
-0.87
-0.79
-0.71
-0.55
-0.35
-0.28
-0.16
-0.07
-0.00
-0.01
-0.09
-0.48
-0.48
-0.40
-0.45
-0.41
-0.51
-0.50
-0.51
-0.41
-0.31
power
60
32.24
132.90
134.72
134.06
133.83
133.95
133.94
132.78
132.46
129.84
128.59
129.48
129.01
129.24
129.75
128.88
130.45
130.33
130.88
131.33
132.36
133.55
132.56
130.78
clear
53.75
-0.03
0.57
0.86
1.09
1.24
1.44
1.61
1.78
1.86
1.98
2.12
2.22
2.27
2.25
1.70
1.66
1.68
1.68
1.72
1.73
1.91
2.10
2.25
power
62
28.29
139.12
139.56
139.94
138.94
138.10
139.47
138.19
137.19
138.66
138.57
137.59
138.17
138.23
137.05
137.40
138.13
138.18
138.11
138.17
137.27
136.11
134.32
134.13
clear
56.87
-3.87
-3.17
-2.84
-2.55
-2.27
-2.05
-1.86
-1.67
-1.49
-1.36
-1.30
-1.24
-1.20
-1.14
-1.20
-1.10
-1.12
-0.98
-0.98
-0.93
-0.82
-0.72
-0.53
power
64
27.79
148.64
149.53
149.50
148.30
147.76
147.20
147.45
147.32
148.06
147.96
148.17
149.00
148.14
146.92
146.13
147.58
148.52
148.84
149.07
147.62
145.69
145.64
145.67
clear
57.62
-3.80
-3.58
-3.37
-3.32
-3.12
-2.92
-2.74
-2.61
-2.78
-2.95
-2.96
-2.79
-2.78
-2.64
-2.60
-2.43
-2.38
-2.34
-2.26
-2.09
-2.05
-1.96
-1.98
power
66
31.83
158.25
157.90
157.33
157.10
157.85
157.66
156.97
157.32
156.99
157.26
158.14
159.08
157.53
158.57
158.55
158.97
160.26
158.81
158.69
158.47
158.12
157.31
157.72
clear
67.71
-1.33
-1.22
-1.00
-0.99
-0.73
-0.56
-0.44
-0.27
-0.25
-0.26
-0.21
-0.13
-0.10
-0.09
-0.33
-0.42
-0.37
-0.43
-0.40
-0.35
-0.27
-0.39
-0.67
power
68
30.95
168.55
169.74
169.62
169.77
169.40
168.13
167.24
167.05
168.17
169.65
170.64
171.73
169.84
169.91
170.79
169.74
169.05
170.23
169.04
169.88
170.78
169.70
170.28
clear
70.29
-0.34
-0.31
-0.37
-0.35
-0.35
-0.37
-0.37
-0.33
-0.38
-0.28
-0.32
-0.31
-0.35
-0.34
-0.37
-0.34
-0.33
-0.37
-0.35
-0.31
-0.30
-0.25
-0.18
power
70
28.06
178.77
179.65
176.78
176.77
177.48
176.30
175.54
175.57
175.02
174.06
174.87
176.08
178.31
179.83
179.67
178.51
178.06
178.58
178.71
178.93
179.28
178.00
179.51
clear
70.24
-0.08
-0.12
-0.07
-0.05
-0.08
0.00
-0.04
0.03
0.06
-0.07
-0.07
-0.03
-0.06
-0.11
-0.08
-0.02
-0.03
-0.17
-0.19
-0.10
-0.13
-0.14
-0.03
power
72
32.62
189.64
191.32
189.47
188.83
187.68
186.91
186.86
186.04
186.72
186.65
186.96
187.16
187.79
186.49
186.70
187.65
188.49
188.86
188.17
188.06
188.31
187.52
189.54
clear
78.70
0.77
0.82
0.82
0.86
0.82
0.82
0.76
0.83
0.78
0.79
0.83
0.76
0.79
0.76
0.83
0.94
1.06
1.03
1.11
